sysbench 1.0.20 (using bundled LuaJIT 2.1.0-beta2)

Running the test with following options:
Number of threads: 32
Report intermediate results every 10 second(s)
Initializing random number generator from current time


Initializing worker threads...

Threads started!

[ 10s ] thds: 32 tps: 1372.38 qps: 21985.52 (r/w/o: 19237.56/0.00/2747.95) lat (ms,95%): 33.12 err/s: 0.00 reconn/s: 0.00
[ 20s ] thds: 32 tps: 1377.45 qps: 22040.75 (r/w/o: 19285.86/0.00/2754.89) lat (ms,95%): 33.72 err/s: 0.00 reconn/s: 0.00
[ 30s ] thds: 32 tps: 1432.60 qps: 22915.90 (r/w/o: 20050.70/0.00/2865.20) lat (ms,95%): 31.37 err/s: 0.00 reconn/s: 0.00
[ 40s ] thds: 32 tps: 1425.80 qps: 22815.86 (r/w/o: 19964.27/0.00/2851.60) lat (ms,95%): 33.12 err/s: 0.00 reconn/s: 0.00
[ 50s ] thds: 32 tps: 1422.50 qps: 22762.45 (r/w/o: 19917.55/0.00/2844.91) lat (ms,95%): 31.94 err/s: 0.00 reconn/s: 0.00
[ 60s ] thds: 32 tps: 1420.30 qps: 22723.62 (r/w/o: 19882.92/0.00/2840.70) lat (ms,95%): 33.12 err/s: 0.00 reconn/s: 0.00
[ 70s ] thds: 32 tps: 1437.90 qps: 23009.47 (r/w/o: 20133.87/0.00/2875.60) lat (ms,95%): 31.94 err/s: 0.00 reconn/s: 0.00
[ 80s ] thds: 32 tps: 1430.10 qps: 22880.50 (r/w/o: 20020.10/0.00/2860.40) lat (ms,95%): 31.37 err/s: 0.00 reconn/s: 0.00
[ 90s ] thds: 32 tps: 1408.20 qps: 22534.93 (r/w/o: 19718.63/0.00/2816.30) lat (ms,95%): 33.72 err/s: 0.00 reconn/s: 0.00
[ 100s ] thds: 32 tps: 1444.41 qps: 23105.84 (r/w/o: 20217.12/0.00/2888.72) lat (ms,95%): 31.37 err/s: 0.00 reconn/s: 0.00
[ 110s ] thds: 32 tps: 1428.89 qps: 22857.38 (r/w/o: 19999.49/0.00/2857.88) lat (ms,95%): 31.37 err/s: 0.00 reconn/s: 0.00
[ 120s ] thds: 32 tps: 1424.00 qps: 22785.31 (r/w/o: 19937.21/0.00/2848.10) lat (ms,95%): 33.12 err/s: 0.00 reconn/s: 0.00
[ 130s ] thds: 32 tps: 1450.19 qps: 23203.02 (r/w/o: 20302.73/0.00/2900.29) lat (ms,95%): 31.37 err/s: 0.00 reconn/s: 0.00
[ 140s ] thds: 32 tps: 1534.00 qps: 24547.94 (r/w/o: 21479.84/0.00/3068.11) lat (ms,95%): 28.67 err/s: 0.00 reconn/s: 0.00
[ 150s ] thds: 32 tps: 1564.99 qps: 25035.19 (r/w/o: 21905.31/0.00/3129.89) lat (ms,95%): 27.17 err/s: 0.00 reconn/s: 0.00
[ 160s ] thds: 32 tps: 1562.39 qps: 25000.88 (r/w/o: 21876.00/0.00/3124.89) lat (ms,95%): 26.68 err/s: 0.00 reconn/s: 0.00
[ 170s ] thds: 32 tps: 1563.51 qps: 25012.80 (r/w/o: 21885.77/0.00/3127.02) lat (ms,95%): 28.16 err/s: 0.00 reconn/s: 0.00
[ 180s ] thds: 32 tps: 1574.40 qps: 25197.33 (r/w/o: 22048.62/0.00/3148.70) lat (ms,95%): 27.66 err/s: 0.00 reconn/s: 0.00
[ 190s ] thds: 32 tps: 1570.00 qps: 25118.70 (r/w/o: 21978.90/0.00/3139.80) lat (ms,95%): 27.17 err/s: 0.00 reconn/s: 0.00
[ 200s ] thds: 32 tps: 1565.50 qps: 25048.84 (r/w/o: 21917.54/0.00/3131.31) lat (ms,95%): 27.66 err/s: 0.00 reconn/s: 0.00
[ 210s ] thds: 32 tps: 1575.40 qps: 25204.77 (r/w/o: 22053.98/0.00/3150.80) lat (ms,95%): 27.66 err/s: 0.00 reconn/s: 0.00
[ 220s ] thds: 32 tps: 1576.60 qps: 25222.21 (r/w/o: 22069.31/0.00/3152.90) lat (ms,95%): 27.66 err/s: 0.00 reconn/s: 0.00
[ 230s ] thds: 32 tps: 1568.50 qps: 25095.69 (r/w/o: 21958.39/0.00/3137.30) lat (ms,95%): 27.66 err/s: 0.00 reconn/s: 0.00
[ 240s ] thds: 32 tps: 1583.00 qps: 25333.16 (r/w/o: 22167.26/0.00/3165.89) lat (ms,95%): 26.68 err/s: 0.00 reconn/s: 0.00
[ 250s ] thds: 32 tps: 1577.00 qps: 25229.97 (r/w/o: 22076.06/0.00/3153.91) lat (ms,95%): 27.66 err/s: 0.00 reconn/s: 0.00
[ 260s ] thds: 32 tps: 1572.10 qps: 25151.67 (r/w/o: 22007.37/0.00/3144.30) lat (ms,95%): 27.17 err/s: 0.00 reconn/s: 0.00
[ 270s ] thds: 32 tps: 1584.50 qps: 25357.87 (r/w/o: 22188.76/0.00/3169.11) lat (ms,95%): 26.20 err/s: 0.00 reconn/s: 0.00
[ 280s ] thds: 32 tps: 1572.70 qps: 25158.78 (r/w/o: 22013.48/0.00/3145.30) lat (ms,95%): 27.66 err/s: 0.00 reconn/s: 0.00
[ 290s ] thds: 32 tps: 1577.20 qps: 25235.86 (r/w/o: 22081.36/0.00/3154.49) lat (ms,95%): 27.66 err/s: 0.00 reconn/s: 0.00
[ 300s ] thds: 32 tps: 1575.60 qps: 25210.61 (r/w/o: 22059.41/0.00/3151.20) lat (ms,95%): 27.17 err/s: 0.00 reconn/s: 0.00
[ 310s ] thds: 32 tps: 1578.10 qps: 25248.70 (r/w/o: 22092.50/0.00/3156.20) lat (ms,95%): 26.68 err/s: 0.00 reconn/s: 0.00
[ 320s ] thds: 32 tps: 1571.60 qps: 25148.62 (r/w/o: 22005.42/0.00/3143.20) lat (ms,95%): 26.68 err/s: 0.00 reconn/s: 0.00
[ 330s ] thds: 32 tps: 1577.11 qps: 25233.09 (r/w/o: 22078.88/0.00/3154.21) lat (ms,95%): 27.17 err/s: 0.00 reconn/s: 0.00
[ 340s ] thds: 32 tps: 1581.69 qps: 25301.81 (r/w/o: 22138.42/0.00/3163.39) lat (ms,95%): 27.17 err/s: 0.00 reconn/s: 0.00
[ 350s ] thds: 32 tps: 1576.80 qps: 25229.10 (r/w/o: 22075.50/0.00/3153.60) lat (ms,95%): 26.68 err/s: 0.00 reconn/s: 0.00
[ 360s ] thds: 32 tps: 1573.80 qps: 25180.26 (r/w/o: 22032.97/0.00/3147.30) lat (ms,95%): 27.66 err/s: 0.00 reconn/s: 0.00
[ 370s ] thds: 32 tps: 1575.50 qps: 25214.70 (r/w/o: 22063.40/0.00/3151.30) lat (ms,95%): 27.17 err/s: 0.00 reconn/s: 0.00
[ 380s ] thds: 32 tps: 1573.40 qps: 25167.31 (r/w/o: 22020.51/0.00/3146.80) lat (ms,95%): 27.17 err/s: 0.00 reconn/s: 0.00
[ 390s ] thds: 32 tps: 1578.31 qps: 25255.53 (r/w/o: 22098.91/0.00/3156.62) lat (ms,95%): 27.17 err/s: 0.00 reconn/s: 0.00
[ 400s ] thds: 32 tps: 1581.19 qps: 25302.45 (r/w/o: 22140.17/0.00/3162.28) lat (ms,95%): 27.66 err/s: 0.00 reconn/s: 0.00
[ 410s ] thds: 32 tps: 1575.10 qps: 25197.77 (r/w/o: 22047.47/0.00/3150.30) lat (ms,95%): 26.68 err/s: 0.00 reconn/s: 0.00
[ 420s ] thds: 32 tps: 1578.50 qps: 25256.43 (r/w/o: 22099.43/0.00/3157.00) lat (ms,95%): 27.17 err/s: 0.00 reconn/s: 0.00
[ 430s ] thds: 32 tps: 1577.80 qps: 25245.79 (r/w/o: 22090.19/0.00/3155.60) lat (ms,95%): 26.68 err/s: 0.00 reconn/s: 0.00
[ 440s ] thds: 32 tps: 1574.91 qps: 25194.71 (r/w/o: 22044.99/0.00/3149.71) lat (ms,95%): 27.66 err/s: 0.00 reconn/s: 0.00
[ 450s ] thds: 32 tps: 1574.00 qps: 25190.43 (r/w/o: 22042.34/0.00/3148.09) lat (ms,95%): 27.66 err/s: 0.00 reconn/s: 0.00
[ 460s ] thds: 32 tps: 1575.90 qps: 25206.68 (r/w/o: 22054.98/0.00/3151.70) lat (ms,95%): 27.17 err/s: 0.00 reconn/s: 0.00
[ 470s ] thds: 32 tps: 1576.80 qps: 25235.17 (r/w/o: 22081.48/0.00/3153.70) lat (ms,95%): 27.17 err/s: 0.00 reconn/s: 0.00
[ 480s ] thds: 32 tps: 1579.70 qps: 25275.67 (r/w/o: 22116.26/0.00/3159.41) lat (ms,95%): 27.17 err/s: 0.00 reconn/s: 0.00
[ 490s ] thds: 32 tps: 1582.50 qps: 25317.28 (r/w/o: 22152.48/0.00/3164.80) lat (ms,95%): 26.68 err/s: 0.00 reconn/s: 0.00
[ 500s ] thds: 32 tps: 1573.50 qps: 25180.69 (r/w/o: 22033.60/0.00/3147.10) lat (ms,95%): 26.68 err/s: 0.00 reconn/s: 0.00
[ 510s ] thds: 32 tps: 1577.00 qps: 25225.08 (r/w/o: 22071.07/0.00/3154.01) lat (ms,95%): 27.17 err/s: 0.00 reconn/s: 0.00
[ 520s ] thds: 32 tps: 1573.00 qps: 25170.13 (r/w/o: 22024.03/0.00/3146.09) lat (ms,95%): 27.17 err/s: 0.00 reconn/s: 0.00
[ 530s ] thds: 32 tps: 1574.90 qps: 25193.18 (r/w/o: 22043.68/0.00/3149.50) lat (ms,95%): 27.17 err/s: 0.00 reconn/s: 0.00
[ 540s ] thds: 32 tps: 1582.00 qps: 25318.25 (r/w/o: 22153.95/0.00/3164.31) lat (ms,95%): 26.68 err/s: 0.00 reconn/s: 0.00
[ 550s ] thds: 32 tps: 1570.20 qps: 25120.78 (r/w/o: 21980.68/0.00/3140.10) lat (ms,95%): 27.66 err/s: 0.00 reconn/s: 0.00
[ 560s ] thds: 32 tps: 1571.00 qps: 25141.99 (r/w/o: 21999.69/0.00/3142.30) lat (ms,95%): 27.17 err/s: 0.00 reconn/s: 0.00
[ 570s ] thds: 32 tps: 1581.90 qps: 25304.31 (r/w/o: 22140.61/0.00/3163.70) lat (ms,95%): 27.17 err/s: 0.00 reconn/s: 0.00
[ 580s ] thds: 32 tps: 1573.40 qps: 25173.02 (r/w/o: 22026.32/0.00/3146.70) lat (ms,95%): 27.17 err/s: 0.00 reconn/s: 0.00
[ 590s ] thds: 32 tps: 1572.39 qps: 25162.22 (r/w/o: 22017.43/0.00/3144.79) lat (ms,95%): 27.17 err/s: 0.00 reconn/s: 0.00
[ 600s ] thds: 32 tps: 1580.91 qps: 25292.00 (r/w/o: 22130.08/0.00/3161.91) lat (ms,95%): 27.17 err/s: 0.00 reconn/s: 0.00
SQL statistics:
    queries performed:
        read:                            12945590
        write:                           0
        other:                           1849370
        total:                           14794960
    transactions:                        924685 (1541.01 per sec.)
    queries:                             14794960 (24656.17 per sec.)
    ignored errors:                      0      (0.00 per sec.)
    reconnects:                          0      (0.00 per sec.)

General statistics:
    total time:                          600.0484s
    total number of events:              924685

Latency (ms):
         min:                                    8.24
         avg:                                   20.76
         max:                                  124.44
         95th percentile:                       29.19
         sum:                             19198310.98

Threads fairness:
    events (avg/stddev):           28896.4062/22.10
    execution time (avg/stddev):   599.9472/0.01

