sysbench 1.0.20 (using bundled LuaJIT 2.1.0-beta2)

Running the test with following options:
Number of threads: 32
Report intermediate results every 10 second(s)
Initializing random number generator from current time


Initializing worker threads...

Threads started!

[ 10s ] thds: 32 tps: 1370.88 qps: 21962.27 (r/w/o: 19217.31/0.00/2744.96) lat (ms,95%): 33.72 err/s: 0.00 reconn/s: 0.00
[ 20s ] thds: 32 tps: 1401.78 qps: 22427.64 (r/w/o: 19624.18/0.00/2803.45) lat (ms,95%): 33.12 err/s: 0.00 reconn/s: 0.00
[ 30s ] thds: 32 tps: 1418.78 qps: 22698.14 (r/w/o: 19860.68/0.00/2837.45) lat (ms,95%): 31.37 err/s: 0.00 reconn/s: 0.00
[ 40s ] thds: 32 tps: 1385.50 qps: 22172.97 (r/w/o: 19401.88/0.00/2771.10) lat (ms,95%): 33.12 err/s: 0.00 reconn/s: 0.00
[ 50s ] thds: 32 tps: 1407.38 qps: 22512.02 (r/w/o: 19697.15/0.00/2814.86) lat (ms,95%): 31.37 err/s: 0.00 reconn/s: 0.00
[ 60s ] thds: 32 tps: 1405.83 qps: 22499.01 (r/w/o: 19687.36/0.00/2811.65) lat (ms,95%): 32.53 err/s: 0.00 reconn/s: 0.00
[ 70s ] thds: 32 tps: 1393.09 qps: 22287.80 (r/w/o: 19501.61/0.00/2786.19) lat (ms,95%): 32.53 err/s: 0.00 reconn/s: 0.00
[ 80s ] thds: 32 tps: 1415.80 qps: 22650.83 (r/w/o: 19819.53/0.00/2831.30) lat (ms,95%): 31.94 err/s: 0.00 reconn/s: 0.00
[ 90s ] thds: 32 tps: 1406.69 qps: 22506.54 (r/w/o: 19692.96/0.00/2813.58) lat (ms,95%): 31.94 err/s: 0.00 reconn/s: 0.00
[ 100s ] thds: 32 tps: 1422.61 qps: 22763.33 (r/w/o: 19918.01/0.00/2845.32) lat (ms,95%): 31.94 err/s: 0.00 reconn/s: 0.00
[ 110s ] thds: 32 tps: 1420.70 qps: 22729.24 (r/w/o: 19888.14/0.00/2841.11) lat (ms,95%): 31.94 err/s: 0.00 reconn/s: 0.00
[ 120s ] thds: 32 tps: 1397.00 qps: 22358.16 (r/w/o: 19563.87/0.00/2794.30) lat (ms,95%): 33.12 err/s: 0.00 reconn/s: 0.00
[ 130s ] thds: 32 tps: 1412.90 qps: 22601.24 (r/w/o: 19775.53/0.00/2825.70) lat (ms,95%): 32.53 err/s: 0.00 reconn/s: 0.00
[ 140s ] thds: 32 tps: 1425.70 qps: 22812.25 (r/w/o: 19960.86/0.00/2851.39) lat (ms,95%): 31.94 err/s: 0.00 reconn/s: 0.00
[ 150s ] thds: 32 tps: 1387.40 qps: 22199.23 (r/w/o: 19424.33/0.00/2774.90) lat (ms,95%): 33.72 err/s: 0.00 reconn/s: 0.00
[ 160s ] thds: 32 tps: 1416.60 qps: 22666.70 (r/w/o: 19833.50/0.00/2833.20) lat (ms,95%): 31.94 err/s: 0.00 reconn/s: 0.00
[ 170s ] thds: 32 tps: 1428.20 qps: 22849.16 (r/w/o: 19992.87/0.00/2856.30) lat (ms,95%): 31.37 err/s: 0.00 reconn/s: 0.00
[ 180s ] thds: 32 tps: 1400.11 qps: 22393.41 (r/w/o: 19593.20/0.00/2800.21) lat (ms,95%): 32.53 err/s: 0.00 reconn/s: 0.00
[ 190s ] thds: 32 tps: 1412.80 qps: 22612.97 (r/w/o: 19787.27/0.00/2825.70) lat (ms,95%): 32.53 err/s: 0.00 reconn/s: 0.00
[ 200s ] thds: 32 tps: 1499.10 qps: 23990.33 (r/w/o: 20992.24/0.00/2998.09) lat (ms,95%): 28.16 err/s: 0.00 reconn/s: 0.00
[ 210s ] thds: 32 tps: 1545.90 qps: 24728.94 (r/w/o: 21637.24/0.00/3091.69) lat (ms,95%): 27.17 err/s: 0.00 reconn/s: 0.00
[ 220s ] thds: 32 tps: 1541.11 qps: 24658.40 (r/w/o: 21576.07/0.00/3082.32) lat (ms,95%): 27.66 err/s: 0.00 reconn/s: 0.00
[ 230s ] thds: 32 tps: 1542.70 qps: 24679.32 (r/w/o: 21593.93/0.00/3085.39) lat (ms,95%): 28.16 err/s: 0.00 reconn/s: 0.00
[ 240s ] thds: 32 tps: 1542.80 qps: 24686.15 (r/w/o: 21600.56/0.00/3085.59) lat (ms,95%): 27.17 err/s: 0.00 reconn/s: 0.00
[ 250s ] thds: 32 tps: 1533.30 qps: 24531.60 (r/w/o: 21465.00/0.00/3066.60) lat (ms,95%): 28.16 err/s: 0.00 reconn/s: 0.00
[ 260s ] thds: 32 tps: 1545.06 qps: 24722.74 (r/w/o: 21632.73/0.00/3090.02) lat (ms,95%): 27.66 err/s: 0.00 reconn/s: 0.00
[ 270s ] thds: 32 tps: 1547.04 qps: 24757.39 (r/w/o: 21663.10/0.00/3094.29) lat (ms,95%): 27.66 err/s: 0.00 reconn/s: 0.00
[ 280s ] thds: 32 tps: 1544.09 qps: 24702.10 (r/w/o: 21614.12/0.00/3087.99) lat (ms,95%): 27.66 err/s: 0.00 reconn/s: 0.00
[ 290s ] thds: 32 tps: 1546.68 qps: 24752.86 (r/w/o: 21659.29/0.00/3093.57) lat (ms,95%): 27.17 err/s: 0.00 reconn/s: 0.00
[ 300s ] thds: 32 tps: 1550.02 qps: 24798.84 (r/w/o: 21698.79/0.00/3100.04) lat (ms,95%): 27.17 err/s: 0.00 reconn/s: 0.00
[ 310s ] thds: 32 tps: 1542.60 qps: 24678.14 (r/w/o: 21593.05/0.00/3085.09) lat (ms,95%): 27.17 err/s: 0.00 reconn/s: 0.00
[ 320s ] thds: 32 tps: 1545.90 qps: 24730.27 (r/w/o: 21638.36/0.00/3091.91) lat (ms,95%): 28.16 err/s: 0.00 reconn/s: 0.00
[ 330s ] thds: 32 tps: 1544.80 qps: 24719.90 (r/w/o: 21630.30/0.00/3089.60) lat (ms,95%): 27.17 err/s: 0.00 reconn/s: 0.00
[ 340s ] thds: 32 tps: 1544.90 qps: 24719.99 (r/w/o: 21630.29/0.00/3089.70) lat (ms,95%): 26.68 err/s: 0.00 reconn/s: 0.00
[ 350s ] thds: 32 tps: 1541.60 qps: 24667.19 (r/w/o: 21583.89/0.00/3083.30) lat (ms,95%): 27.66 err/s: 0.00 reconn/s: 0.00
[ 360s ] thds: 32 tps: 1550.50 qps: 24803.25 (r/w/o: 21702.56/0.00/3100.69) lat (ms,95%): 27.66 err/s: 0.00 reconn/s: 0.00
[ 370s ] thds: 32 tps: 1543.87 qps: 24700.58 (r/w/o: 21613.15/0.00/3087.44) lat (ms,95%): 27.17 err/s: 0.00 reconn/s: 0.00
[ 380s ] thds: 32 tps: 1543.83 qps: 24702.90 (r/w/o: 21614.73/0.00/3088.16) lat (ms,95%): 28.16 err/s: 0.00 reconn/s: 0.00
[ 390s ] thds: 32 tps: 1548.67 qps: 24781.90 (r/w/o: 21684.76/0.00/3097.14) lat (ms,95%): 27.17 err/s: 0.00 reconn/s: 0.00
[ 400s ] thds: 32 tps: 1540.51 qps: 24649.57 (r/w/o: 21568.25/0.00/3081.32) lat (ms,95%): 27.66 err/s: 0.00 reconn/s: 0.00
[ 410s ] thds: 32 tps: 1549.10 qps: 24784.47 (r/w/o: 21686.27/0.00/3098.20) lat (ms,95%): 27.17 err/s: 0.00 reconn/s: 0.00
[ 420s ] thds: 32 tps: 1551.89 qps: 24830.47 (r/w/o: 21726.90/0.00/3103.57) lat (ms,95%): 26.68 err/s: 0.00 reconn/s: 0.00
[ 430s ] thds: 32 tps: 1545.51 qps: 24728.43 (r/w/o: 21637.30/0.00/3091.13) lat (ms,95%): 27.17 err/s: 0.00 reconn/s: 0.00
[ 440s ] thds: 32 tps: 1544.00 qps: 24701.52 (r/w/o: 21613.43/0.00/3088.09) lat (ms,95%): 27.66 err/s: 0.00 reconn/s: 0.00
[ 450s ] thds: 32 tps: 1545.70 qps: 24725.53 (r/w/o: 21634.13/0.00/3091.40) lat (ms,95%): 27.17 err/s: 0.00 reconn/s: 0.00
[ 460s ] thds: 32 tps: 1538.30 qps: 24615.47 (r/w/o: 21538.87/0.00/3076.60) lat (ms,95%): 28.16 err/s: 0.00 reconn/s: 0.00
[ 470s ] thds: 32 tps: 1549.30 qps: 24793.74 (r/w/o: 21695.24/0.00/3098.51) lat (ms,95%): 27.17 err/s: 0.00 reconn/s: 0.00
[ 480s ] thds: 32 tps: 1543.60 qps: 24692.60 (r/w/o: 21605.40/0.00/3087.20) lat (ms,95%): 27.17 err/s: 0.00 reconn/s: 0.00
[ 490s ] thds: 32 tps: 1538.03 qps: 24612.70 (r/w/o: 21536.64/0.00/3076.06) lat (ms,95%): 27.66 err/s: 0.00 reconn/s: 0.00
[ 500s ] thds: 32 tps: 1547.40 qps: 24759.59 (r/w/o: 21664.69/0.00/3094.90) lat (ms,95%): 26.68 err/s: 0.00 reconn/s: 0.00
[ 510s ] thds: 32 tps: 1546.17 qps: 24732.99 (r/w/o: 21640.74/0.00/3092.25) lat (ms,95%): 27.17 err/s: 0.00 reconn/s: 0.00
[ 520s ] thds: 32 tps: 1544.92 qps: 24723.38 (r/w/o: 21633.53/0.00/3089.85) lat (ms,95%): 27.17 err/s: 0.00 reconn/s: 0.00
[ 530s ] thds: 32 tps: 1540.40 qps: 24647.24 (r/w/o: 21566.54/0.00/3080.71) lat (ms,95%): 27.66 err/s: 0.00 reconn/s: 0.00
[ 540s ] thds: 32 tps: 1544.20 qps: 24702.22 (r/w/o: 21613.73/0.00/3088.49) lat (ms,95%): 27.66 err/s: 0.00 reconn/s: 0.00
[ 550s ] thds: 32 tps: 1539.28 qps: 24633.56 (r/w/o: 21554.89/0.00/3078.67) lat (ms,95%): 27.66 err/s: 0.00 reconn/s: 0.00
[ 560s ] thds: 32 tps: 1549.22 qps: 24782.77 (r/w/o: 21684.44/0.00/3098.33) lat (ms,95%): 27.17 err/s: 0.00 reconn/s: 0.00
[ 570s ] thds: 32 tps: 1545.14 qps: 24727.04 (r/w/o: 21636.76/0.00/3090.28) lat (ms,95%): 27.17 err/s: 0.00 reconn/s: 0.00
[ 580s ] thds: 32 tps: 1538.83 qps: 24614.09 (r/w/o: 21536.43/0.00/3077.66) lat (ms,95%): 28.16 err/s: 0.00 reconn/s: 0.00
[ 590s ] thds: 32 tps: 1547.03 qps: 24760.31 (r/w/o: 21666.15/0.00/3094.16) lat (ms,95%): 27.66 err/s: 0.00 reconn/s: 0.00
[ 600s ] thds: 32 tps: 1547.09 qps: 24747.89 (r/w/o: 21653.70/0.00/3094.19) lat (ms,95%): 27.17 err/s: 0.00 reconn/s: 0.00
SQL statistics:
    queries performed:
        read:                            12601862
        write:                           0
        other:                           1800266
        total:                           14402128
    transactions:                        900133 (1500.09 per sec.)
    queries:                             14402128 (24001.48 per sec.)
    ignored errors:                      0      (0.00 per sec.)
    reconnects:                          0      (0.00 per sec.)

General statistics:
    total time:                          600.0497s
    total number of events:              900133

Latency (ms):
         min:                                    7.81
         avg:                                   21.33
         max:                                   88.04
         95th percentile:                       29.72
         sum:                             19198388.68

Threads fairness:
    events (avg/stddev):           28129.1562/16.22
    execution time (avg/stddev):   599.9496/0.01

