sysbench 1.0.20 (using bundled LuaJIT 2.1.0-beta2)

Running the test with following options:
Number of threads: 32
Report intermediate results every 10 second(s)
Initializing random number generator from current time


Initializing worker threads...

Threads started!

[ 10s ] thds: 32 tps: 1382.76 qps: 22150.30 (r/w/o: 19381.68/0.00/2768.63) lat (ms,95%): 33.12 err/s: 0.00 reconn/s: 0.00
[ 20s ] thds: 32 tps: 1406.07 qps: 22496.70 (r/w/o: 19684.45/0.00/2812.25) lat (ms,95%): 31.94 err/s: 0.00 reconn/s: 0.00
[ 30s ] thds: 32 tps: 1406.09 qps: 22495.72 (r/w/o: 19683.74/0.00/2811.98) lat (ms,95%): 32.53 err/s: 0.00 reconn/s: 0.00
[ 40s ] thds: 32 tps: 1403.56 qps: 22458.42 (r/w/o: 19651.20/0.00/2807.21) lat (ms,95%): 32.53 err/s: 0.00 reconn/s: 0.00
[ 50s ] thds: 32 tps: 1394.11 qps: 22304.22 (r/w/o: 19516.10/0.00/2788.11) lat (ms,95%): 33.12 err/s: 0.00 reconn/s: 0.00
[ 60s ] thds: 32 tps: 1424.90 qps: 22801.93 (r/w/o: 19952.14/0.00/2849.79) lat (ms,95%): 30.26 err/s: 0.00 reconn/s: 0.00
[ 70s ] thds: 32 tps: 1403.14 qps: 22451.48 (r/w/o: 19645.21/0.00/2806.27) lat (ms,95%): 33.12 err/s: 0.00 reconn/s: 0.00
[ 80s ] thds: 32 tps: 1402.90 qps: 22445.75 (r/w/o: 19639.76/0.00/2805.99) lat (ms,95%): 32.53 err/s: 0.00 reconn/s: 0.00
[ 90s ] thds: 32 tps: 1422.69 qps: 22762.08 (r/w/o: 19916.79/0.00/2845.28) lat (ms,95%): 31.94 err/s: 0.00 reconn/s: 0.00
[ 100s ] thds: 32 tps: 1399.41 qps: 22387.96 (r/w/o: 19589.34/0.00/2798.62) lat (ms,95%): 33.12 err/s: 0.00 reconn/s: 0.00
[ 110s ] thds: 32 tps: 1418.01 qps: 22685.40 (r/w/o: 19849.09/0.00/2836.31) lat (ms,95%): 31.94 err/s: 0.00 reconn/s: 0.00
[ 120s ] thds: 32 tps: 1417.30 qps: 22682.71 (r/w/o: 19848.11/0.00/2834.60) lat (ms,95%): 32.53 err/s: 0.00 reconn/s: 0.00
[ 130s ] thds: 32 tps: 1438.79 qps: 23021.86 (r/w/o: 20144.37/0.00/2877.48) lat (ms,95%): 31.94 err/s: 0.00 reconn/s: 0.00
[ 140s ] thds: 32 tps: 1532.41 qps: 24516.01 (r/w/o: 21451.10/0.00/3064.91) lat (ms,95%): 28.16 err/s: 0.00 reconn/s: 0.00
[ 150s ] thds: 32 tps: 1540.80 qps: 24648.95 (r/w/o: 21567.46/0.00/3081.49) lat (ms,95%): 27.66 err/s: 0.00 reconn/s: 0.00
[ 160s ] thds: 32 tps: 1543.20 qps: 24688.47 (r/w/o: 21602.27/0.00/3086.20) lat (ms,95%): 27.17 err/s: 0.00 reconn/s: 0.00
[ 170s ] thds: 32 tps: 1532.96 qps: 24535.69 (r/w/o: 21469.46/0.00/3066.22) lat (ms,95%): 27.66 err/s: 0.00 reconn/s: 0.00
[ 180s ] thds: 32 tps: 1543.04 qps: 24686.45 (r/w/o: 21600.37/0.00/3086.08) lat (ms,95%): 27.66 err/s: 0.00 reconn/s: 0.00
[ 190s ] thds: 32 tps: 1550.60 qps: 24812.16 (r/w/o: 21710.96/0.00/3101.19) lat (ms,95%): 26.68 err/s: 0.00 reconn/s: 0.00
[ 200s ] thds: 32 tps: 1539.90 qps: 24636.73 (r/w/o: 21557.24/0.00/3079.49) lat (ms,95%): 27.17 err/s: 0.00 reconn/s: 0.00
[ 210s ] thds: 32 tps: 1548.20 qps: 24774.77 (r/w/o: 21678.06/0.00/3096.71) lat (ms,95%): 27.17 err/s: 0.00 reconn/s: 0.00
[ 220s ] thds: 32 tps: 1547.64 qps: 24761.41 (r/w/o: 21666.22/0.00/3095.19) lat (ms,95%): 28.16 err/s: 0.00 reconn/s: 0.00
[ 230s ] thds: 32 tps: 1537.55 qps: 24602.95 (r/w/o: 21527.84/0.00/3075.11) lat (ms,95%): 27.66 err/s: 0.00 reconn/s: 0.00
[ 240s ] thds: 32 tps: 1550.40 qps: 24807.60 (r/w/o: 21706.70/0.00/3100.90) lat (ms,95%): 26.68 err/s: 0.00 reconn/s: 0.00
[ 250s ] thds: 32 tps: 1547.01 qps: 24747.89 (r/w/o: 21653.98/0.00/3093.91) lat (ms,95%): 27.66 err/s: 0.00 reconn/s: 0.00
[ 260s ] thds: 32 tps: 1545.06 qps: 24717.97 (r/w/o: 21628.35/0.00/3089.62) lat (ms,95%): 27.66 err/s: 0.00 reconn/s: 0.00
[ 270s ] thds: 32 tps: 1546.89 qps: 24751.16 (r/w/o: 21656.78/0.00/3094.38) lat (ms,95%): 26.68 err/s: 0.00 reconn/s: 0.00
[ 280s ] thds: 32 tps: 1547.75 qps: 24764.13 (r/w/o: 21668.74/0.00/3095.39) lat (ms,95%): 27.66 err/s: 0.00 reconn/s: 0.00
[ 290s ] thds: 32 tps: 1543.70 qps: 24698.59 (r/w/o: 21611.29/0.00/3087.30) lat (ms,95%): 27.17 err/s: 0.00 reconn/s: 0.00
[ 300s ] thds: 32 tps: 1547.23 qps: 24756.97 (r/w/o: 21662.51/0.00/3094.46) lat (ms,95%): 27.17 err/s: 0.00 reconn/s: 0.00
[ 310s ] thds: 32 tps: 1548.77 qps: 24781.95 (r/w/o: 21684.30/0.00/3097.64) lat (ms,95%): 27.17 err/s: 0.00 reconn/s: 0.00
[ 320s ] thds: 32 tps: 1538.31 qps: 24616.89 (r/w/o: 21540.17/0.00/3076.71) lat (ms,95%): 27.66 err/s: 0.00 reconn/s: 0.00
[ 330s ] thds: 32 tps: 1546.60 qps: 24741.03 (r/w/o: 21647.84/0.00/3093.19) lat (ms,95%): 26.68 err/s: 0.00 reconn/s: 0.00
[ 340s ] thds: 32 tps: 1554.45 qps: 24870.33 (r/w/o: 21761.44/0.00/3108.89) lat (ms,95%): 27.17 err/s: 0.00 reconn/s: 0.00
[ 350s ] thds: 32 tps: 1534.15 qps: 24549.06 (r/w/o: 21480.86/0.00/3068.19) lat (ms,95%): 27.66 err/s: 0.00 reconn/s: 0.00
[ 360s ] thds: 32 tps: 1550.30 qps: 24805.15 (r/w/o: 21704.45/0.00/3100.71) lat (ms,95%): 27.66 err/s: 0.00 reconn/s: 0.00
[ 370s ] thds: 32 tps: 1550.80 qps: 24808.36 (r/w/o: 21706.96/0.00/3101.39) lat (ms,95%): 26.68 err/s: 0.00 reconn/s: 0.00
[ 380s ] thds: 32 tps: 1544.97 qps: 24721.28 (r/w/o: 21631.15/0.00/3090.14) lat (ms,95%): 27.17 err/s: 0.00 reconn/s: 0.00
[ 390s ] thds: 32 tps: 1550.84 qps: 24811.47 (r/w/o: 21709.80/0.00/3101.67) lat (ms,95%): 26.68 err/s: 0.00 reconn/s: 0.00
[ 400s ] thds: 32 tps: 1545.50 qps: 24724.68 (r/w/o: 21634.08/0.00/3090.60) lat (ms,95%): 27.66 err/s: 0.00 reconn/s: 0.00
[ 410s ] thds: 32 tps: 1538.08 qps: 24612.95 (r/w/o: 21536.58/0.00/3076.37) lat (ms,95%): 27.17 err/s: 0.00 reconn/s: 0.00
[ 420s ] thds: 32 tps: 1551.61 qps: 24829.41 (r/w/o: 21725.98/0.00/3103.43) lat (ms,95%): 27.17 err/s: 0.00 reconn/s: 0.00
[ 430s ] thds: 32 tps: 1545.93 qps: 24735.00 (r/w/o: 21643.14/0.00/3091.86) lat (ms,95%): 27.17 err/s: 0.00 reconn/s: 0.00
[ 440s ] thds: 32 tps: 1547.66 qps: 24762.50 (r/w/o: 21667.19/0.00/3095.31) lat (ms,95%): 27.17 err/s: 0.00 reconn/s: 0.00
[ 450s ] thds: 32 tps: 1540.72 qps: 24648.19 (r/w/o: 21566.86/0.00/3081.34) lat (ms,95%): 28.16 err/s: 0.00 reconn/s: 0.00
[ 460s ] thds: 32 tps: 1549.90 qps: 24793.18 (r/w/o: 21693.29/0.00/3099.90) lat (ms,95%): 27.17 err/s: 0.00 reconn/s: 0.00
[ 470s ] thds: 32 tps: 1523.70 qps: 24382.54 (r/w/o: 21335.35/0.00/3047.19) lat (ms,95%): 28.67 err/s: 0.00 reconn/s: 0.00
[ 480s ] thds: 32 tps: 1545.98 qps: 24739.35 (r/w/o: 21647.18/0.00/3092.17) lat (ms,95%): 27.17 err/s: 0.00 reconn/s: 0.00
[ 490s ] thds: 32 tps: 1551.02 qps: 24812.43 (r/w/o: 21710.39/0.00/3102.04) lat (ms,95%): 27.17 err/s: 0.00 reconn/s: 0.00
[ 500s ] thds: 32 tps: 1542.19 qps: 24678.43 (r/w/o: 21594.15/0.00/3084.28) lat (ms,95%): 27.66 err/s: 0.00 reconn/s: 0.00
[ 510s ] thds: 32 tps: 1545.05 qps: 24718.56 (r/w/o: 21628.45/0.00/3090.11) lat (ms,95%): 27.17 err/s: 0.00 reconn/s: 0.00
[ 520s ] thds: 32 tps: 1547.16 qps: 24756.41 (r/w/o: 21662.20/0.00/3094.21) lat (ms,95%): 27.66 err/s: 0.00 reconn/s: 0.00
[ 530s ] thds: 32 tps: 1538.70 qps: 24612.93 (r/w/o: 21535.74/0.00/3077.19) lat (ms,95%): 27.66 err/s: 0.00 reconn/s: 0.00
[ 540s ] thds: 32 tps: 1542.90 qps: 24690.79 (r/w/o: 21604.59/0.00/3086.20) lat (ms,95%): 27.17 err/s: 0.00 reconn/s: 0.00
[ 550s ] thds: 32 tps: 1554.40 qps: 24872.88 (r/w/o: 21764.27/0.00/3108.61) lat (ms,95%): 26.68 err/s: 0.00 reconn/s: 0.00
[ 560s ] thds: 32 tps: 1541.72 qps: 24665.56 (r/w/o: 21582.03/0.00/3083.53) lat (ms,95%): 28.16 err/s: 0.00 reconn/s: 0.00
[ 570s ] thds: 32 tps: 1535.35 qps: 24567.82 (r/w/o: 21497.01/0.00/3070.80) lat (ms,95%): 28.16 err/s: 0.00 reconn/s: 0.00
[ 580s ] thds: 32 tps: 1552.23 qps: 24831.78 (r/w/o: 21727.52/0.00/3104.26) lat (ms,95%): 27.17 err/s: 0.00 reconn/s: 0.00
[ 590s ] thds: 32 tps: 1544.20 qps: 24706.40 (r/w/o: 21617.80/0.00/3088.60) lat (ms,95%): 27.17 err/s: 0.00 reconn/s: 0.00
[ 600s ] thds: 32 tps: 1546.53 qps: 24746.82 (r/w/o: 21653.97/0.00/3092.85) lat (ms,95%): 27.66 err/s: 0.00 reconn/s: 0.00
SQL statistics:
    queries performed:
        read:                            12728408
        write:                           0
        other:                           1818344
        total:                           14546752
    transactions:                        909172 (1515.17 per sec.)
    queries:                             14546752 (24242.66 per sec.)
    ignored errors:                      0      (0.00 per sec.)
    reconnects:                          0      (0.00 per sec.)

General statistics:
    total time:                          600.0454s
    total number of events:              909172

Latency (ms):
         min:                                    8.48
         avg:                                   21.12
         max:                                   85.05
         95th percentile:                       29.19
         sum:                             19198315.46

Threads fairness:
    events (avg/stddev):           28411.6250/25.13
    execution time (avg/stddev):   599.9474/0.01

