sysbench 1.0.20 (using bundled LuaJIT 2.1.0-beta2)

Running the test with following options:
Number of threads: 32
Report intermediate results every 10 second(s)
Initializing random number generator from current time


Initializing worker threads...

Threads started!

[ 10s ] thds: 32 tps: 1392.28 qps: 22297.43 (r/w/o: 19509.87/0.00/2787.55) lat (ms,95%): 33.12 err/s: 0.00 reconn/s: 0.00
[ 20s ] thds: 32 tps: 1405.93 qps: 22492.24 (r/w/o: 19680.17/0.00/2812.07) lat (ms,95%): 32.53 err/s: 0.00 reconn/s: 0.00
[ 30s ] thds: 32 tps: 1419.11 qps: 22708.49 (r/w/o: 19870.37/0.00/2838.12) lat (ms,95%): 31.94 err/s: 0.00 reconn/s: 0.00
[ 40s ] thds: 32 tps: 1396.10 qps: 22343.09 (r/w/o: 19550.79/0.00/2792.30) lat (ms,95%): 33.72 err/s: 0.00 reconn/s: 0.00
[ 50s ] thds: 32 tps: 1423.80 qps: 22781.36 (r/w/o: 19933.86/0.00/2847.49) lat (ms,95%): 31.94 err/s: 0.00 reconn/s: 0.00
[ 60s ] thds: 32 tps: 1425.10 qps: 22800.52 (r/w/o: 19950.21/0.00/2850.30) lat (ms,95%): 31.37 err/s: 0.00 reconn/s: 0.00
[ 70s ] thds: 32 tps: 1404.30 qps: 22468.47 (r/w/o: 19659.96/0.00/2808.51) lat (ms,95%): 32.53 err/s: 0.00 reconn/s: 0.00
[ 80s ] thds: 32 tps: 1421.00 qps: 22730.45 (r/w/o: 19888.45/0.00/2841.99) lat (ms,95%): 33.12 err/s: 0.00 reconn/s: 0.00
[ 90s ] thds: 32 tps: 1410.00 qps: 22566.53 (r/w/o: 19746.62/0.00/2819.90) lat (ms,95%): 33.12 err/s: 0.00 reconn/s: 0.00
[ 100s ] thds: 32 tps: 1413.00 qps: 22606.68 (r/w/o: 19780.68/0.00/2826.00) lat (ms,95%): 32.53 err/s: 0.00 reconn/s: 0.00
[ 110s ] thds: 32 tps: 1409.70 qps: 22556.42 (r/w/o: 19736.91/0.00/2819.50) lat (ms,95%): 32.53 err/s: 0.00 reconn/s: 0.00
[ 120s ] thds: 32 tps: 1499.69 qps: 23997.20 (r/w/o: 20997.73/0.00/2999.48) lat (ms,95%): 28.67 err/s: 0.00 reconn/s: 0.00
[ 130s ] thds: 32 tps: 1546.21 qps: 24736.49 (r/w/o: 21644.16/0.00/3092.32) lat (ms,95%): 27.66 err/s: 0.00 reconn/s: 0.00
[ 140s ] thds: 32 tps: 1549.40 qps: 24785.73 (r/w/o: 21687.14/0.00/3098.59) lat (ms,95%): 27.17 err/s: 0.00 reconn/s: 0.00
[ 150s ] thds: 32 tps: 1552.20 qps: 24838.01 (r/w/o: 21733.51/0.00/3104.50) lat (ms,95%): 26.68 err/s: 0.00 reconn/s: 0.00
[ 160s ] thds: 32 tps: 1548.71 qps: 24786.19 (r/w/o: 21688.66/0.00/3097.52) lat (ms,95%): 27.17 err/s: 0.00 reconn/s: 0.00
[ 170s ] thds: 32 tps: 1557.28 qps: 24914.82 (r/w/o: 21800.27/0.00/3114.55) lat (ms,95%): 26.68 err/s: 0.00 reconn/s: 0.00
[ 180s ] thds: 32 tps: 1554.38 qps: 24867.52 (r/w/o: 21758.65/0.00/3108.86) lat (ms,95%): 26.68 err/s: 0.00 reconn/s: 0.00
[ 190s ] thds: 32 tps: 1543.13 qps: 24688.33 (r/w/o: 21602.26/0.00/3086.07) lat (ms,95%): 28.16 err/s: 0.00 reconn/s: 0.00
[ 200s ] thds: 32 tps: 1555.40 qps: 24892.44 (r/w/o: 21781.43/0.00/3111.00) lat (ms,95%): 27.17 err/s: 0.00 reconn/s: 0.00
[ 210s ] thds: 32 tps: 1549.67 qps: 24791.62 (r/w/o: 21692.48/0.00/3099.14) lat (ms,95%): 27.66 err/s: 0.00 reconn/s: 0.00
[ 220s ] thds: 32 tps: 1550.52 qps: 24805.47 (r/w/o: 21704.34/0.00/3101.13) lat (ms,95%): 27.17 err/s: 0.00 reconn/s: 0.00
[ 230s ] thds: 32 tps: 1556.81 qps: 24909.99 (r/w/o: 21796.47/0.00/3113.52) lat (ms,95%): 27.17 err/s: 0.00 reconn/s: 0.00
[ 240s ] thds: 32 tps: 1552.99 qps: 24848.81 (r/w/o: 21742.84/0.00/3105.98) lat (ms,95%): 27.17 err/s: 0.00 reconn/s: 0.00
[ 250s ] thds: 32 tps: 1550.18 qps: 24801.95 (r/w/o: 21701.40/0.00/3100.56) lat (ms,95%): 27.66 err/s: 0.00 reconn/s: 0.00
[ 260s ] thds: 32 tps: 1549.54 qps: 24791.97 (r/w/o: 21692.90/0.00/3099.07) lat (ms,95%): 27.17 err/s: 0.00 reconn/s: 0.00
[ 270s ] thds: 32 tps: 1551.48 qps: 24821.80 (r/w/o: 21718.93/0.00/3102.86) lat (ms,95%): 28.16 err/s: 0.00 reconn/s: 0.00
[ 280s ] thds: 32 tps: 1552.51 qps: 24843.25 (r/w/o: 21738.23/0.00/3105.02) lat (ms,95%): 27.66 err/s: 0.00 reconn/s: 0.00
[ 290s ] thds: 32 tps: 1548.97 qps: 24781.66 (r/w/o: 21683.82/0.00/3097.85) lat (ms,95%): 27.17 err/s: 0.00 reconn/s: 0.00
[ 300s ] thds: 32 tps: 1553.43 qps: 24854.72 (r/w/o: 21747.65/0.00/3107.06) lat (ms,95%): 27.66 err/s: 0.00 reconn/s: 0.00
[ 310s ] thds: 32 tps: 1554.68 qps: 24875.64 (r/w/o: 21766.48/0.00/3109.15) lat (ms,95%): 27.17 err/s: 0.00 reconn/s: 0.00
[ 320s ] thds: 32 tps: 1552.29 qps: 24838.14 (r/w/o: 21733.36/0.00/3104.78) lat (ms,95%): 27.66 err/s: 0.00 reconn/s: 0.00
[ 330s ] thds: 32 tps: 1552.81 qps: 24842.50 (r/w/o: 21736.89/0.00/3105.61) lat (ms,95%): 27.66 err/s: 0.00 reconn/s: 0.00
[ 340s ] thds: 32 tps: 1557.01 qps: 24912.58 (r/w/o: 21798.97/0.00/3113.61) lat (ms,95%): 27.17 err/s: 0.00 reconn/s: 0.00
[ 350s ] thds: 32 tps: 1544.42 qps: 24710.99 (r/w/o: 21621.84/0.00/3089.15) lat (ms,95%): 27.17 err/s: 0.00 reconn/s: 0.00
[ 360s ] thds: 32 tps: 1555.79 qps: 24890.75 (r/w/o: 21779.27/0.00/3111.48) lat (ms,95%): 26.68 err/s: 0.00 reconn/s: 0.00
[ 370s ] thds: 32 tps: 1556.70 qps: 24908.57 (r/w/o: 21794.96/0.00/3113.61) lat (ms,95%): 26.68 err/s: 0.00 reconn/s: 0.00
[ 380s ] thds: 32 tps: 1552.50 qps: 24839.67 (r/w/o: 21734.87/0.00/3104.80) lat (ms,95%): 27.66 err/s: 0.00 reconn/s: 0.00
[ 390s ] thds: 32 tps: 1553.11 qps: 24849.89 (r/w/o: 21743.58/0.00/3106.31) lat (ms,95%): 27.17 err/s: 0.00 reconn/s: 0.00
[ 400s ] thds: 32 tps: 1547.90 qps: 24767.96 (r/w/o: 21672.05/0.00/3095.91) lat (ms,95%): 27.66 err/s: 0.00 reconn/s: 0.00
[ 410s ] thds: 32 tps: 1551.62 qps: 24823.57 (r/w/o: 21720.74/0.00/3102.83) lat (ms,95%): 27.66 err/s: 0.00 reconn/s: 0.00
[ 420s ] thds: 32 tps: 1554.58 qps: 24872.81 (r/w/o: 21763.46/0.00/3109.35) lat (ms,95%): 27.17 err/s: 0.00 reconn/s: 0.00
[ 430s ] thds: 32 tps: 1548.10 qps: 24771.95 (r/w/o: 21675.76/0.00/3096.19) lat (ms,95%): 27.17 err/s: 0.00 reconn/s: 0.00
[ 440s ] thds: 32 tps: 1552.91 qps: 24845.91 (r/w/o: 21740.00/0.00/3105.91) lat (ms,95%): 27.17 err/s: 0.00 reconn/s: 0.00
[ 450s ] thds: 32 tps: 1551.78 qps: 24834.08 (r/w/o: 21730.62/0.00/3103.46) lat (ms,95%): 27.66 err/s: 0.00 reconn/s: 0.00
[ 460s ] thds: 32 tps: 1547.32 qps: 24748.64 (r/w/o: 21653.79/0.00/3094.84) lat (ms,95%): 27.17 err/s: 0.00 reconn/s: 0.00
[ 470s ] thds: 32 tps: 1552.10 qps: 24842.34 (r/w/o: 21738.35/0.00/3103.99) lat (ms,95%): 27.66 err/s: 0.00 reconn/s: 0.00
[ 480s ] thds: 32 tps: 1553.00 qps: 24841.03 (r/w/o: 21734.93/0.00/3106.10) lat (ms,95%): 27.66 err/s: 0.00 reconn/s: 0.00
[ 490s ] thds: 32 tps: 1546.47 qps: 24742.57 (r/w/o: 21649.62/0.00/3092.95) lat (ms,95%): 27.17 err/s: 0.00 reconn/s: 0.00
[ 500s ] thds: 32 tps: 1553.82 qps: 24863.62 (r/w/o: 21755.98/0.00/3107.64) lat (ms,95%): 27.17 err/s: 0.00 reconn/s: 0.00
[ 510s ] thds: 32 tps: 1546.71 qps: 24750.73 (r/w/o: 21657.22/0.00/3093.52) lat (ms,95%): 28.16 err/s: 0.00 reconn/s: 0.00
[ 520s ] thds: 32 tps: 1538.20 qps: 24612.39 (r/w/o: 21536.09/0.00/3076.30) lat (ms,95%): 28.67 err/s: 0.00 reconn/s: 0.00
[ 530s ] thds: 32 tps: 1554.40 qps: 24865.21 (r/w/o: 21756.51/0.00/3108.70) lat (ms,95%): 27.17 err/s: 0.00 reconn/s: 0.00
[ 540s ] thds: 32 tps: 1550.19 qps: 24801.29 (r/w/o: 21700.91/0.00/3100.39) lat (ms,95%): 27.17 err/s: 0.00 reconn/s: 0.00
[ 550s ] thds: 32 tps: 1543.80 qps: 24703.15 (r/w/o: 21615.34/0.00/3087.81) lat (ms,95%): 27.66 err/s: 0.00 reconn/s: 0.00
[ 560s ] thds: 32 tps: 1546.40 qps: 24744.21 (r/w/o: 21651.61/0.00/3092.60) lat (ms,95%): 27.66 err/s: 0.00 reconn/s: 0.00
[ 570s ] thds: 32 tps: 1551.30 qps: 24817.95 (r/w/o: 21715.34/0.00/3102.61) lat (ms,95%): 27.66 err/s: 0.00 reconn/s: 0.00
[ 580s ] thds: 32 tps: 1552.50 qps: 24845.06 (r/w/o: 21739.86/0.00/3105.19) lat (ms,95%): 27.66 err/s: 0.00 reconn/s: 0.00
[ 590s ] thds: 32 tps: 1557.11 qps: 24909.28 (r/w/o: 21795.17/0.00/3114.11) lat (ms,95%): 26.68 err/s: 0.00 reconn/s: 0.00
[ 600s ] thds: 32 tps: 1554.06 qps: 24866.54 (r/w/o: 21758.32/0.00/3108.22) lat (ms,95%): 27.17 err/s: 0.00 reconn/s: 0.00
SQL statistics:
    queries performed:
        read:                            12807186
        write:                           0
        other:                           1829598
        total:                           14636784
    transactions:                        914799 (1524.51 per sec.)
    queries:                             14636784 (24392.13 per sec.)
    ignored errors:                      0      (0.00 per sec.)
    reconnects:                          0      (0.00 per sec.)

General statistics:
    total time:                          600.0600s
    total number of events:              914799

Latency (ms):
         min:                                    8.00
         avg:                                   20.99
         max:                                   75.40
         95th percentile:                       28.67
         sum:                             19198337.73

Threads fairness:
    events (avg/stddev):           28587.4688/19.79
    execution time (avg/stddev):   599.9481/0.01

