sysbench 1.0.20 (using bundled LuaJIT 2.1.0-beta2)

Running the test with following options:
Number of threads: 32
Report intermediate results every 10 second(s)
Initializing random number generator from current time


Initializing worker threads...

Threads started!

[ 10s ] thds: 32 tps: 1399.94 qps: 22425.52 (r/w/o: 19622.44/0.00/2803.08) lat (ms,95%): 33.12 err/s: 0.00 reconn/s: 0.00
[ 20s ] thds: 32 tps: 1428.93 qps: 22864.70 (r/w/o: 20007.24/0.00/2857.46) lat (ms,95%): 31.37 err/s: 0.00 reconn/s: 0.00
[ 30s ] thds: 32 tps: 1416.15 qps: 22655.10 (r/w/o: 19822.50/0.00/2832.60) lat (ms,95%): 31.94 err/s: 0.00 reconn/s: 0.00
[ 40s ] thds: 32 tps: 1410.40 qps: 22567.46 (r/w/o: 19746.56/0.00/2820.89) lat (ms,95%): 32.53 err/s: 0.00 reconn/s: 0.00
[ 50s ] thds: 32 tps: 1435.50 qps: 22966.61 (r/w/o: 20095.61/0.00/2871.00) lat (ms,95%): 31.94 err/s: 0.00 reconn/s: 0.00
[ 60s ] thds: 32 tps: 1419.80 qps: 22721.07 (r/w/o: 19881.56/0.00/2839.51) lat (ms,95%): 31.37 err/s: 0.00 reconn/s: 0.00
[ 70s ] thds: 32 tps: 1386.03 qps: 22178.63 (r/w/o: 19406.78/0.00/2771.85) lat (ms,95%): 34.33 err/s: 0.00 reconn/s: 0.00
[ 80s ] thds: 32 tps: 1427.47 qps: 22834.18 (r/w/o: 19979.04/0.00/2855.15) lat (ms,95%): 31.94 err/s: 0.00 reconn/s: 0.00
[ 90s ] thds: 32 tps: 1433.66 qps: 22937.92 (r/w/o: 20070.51/0.00/2867.42) lat (ms,95%): 31.37 err/s: 0.00 reconn/s: 0.00
[ 100s ] thds: 32 tps: 1405.64 qps: 22494.89 (r/w/o: 19683.62/0.00/2811.27) lat (ms,95%): 33.12 err/s: 0.00 reconn/s: 0.00
[ 110s ] thds: 32 tps: 1428.33 qps: 22851.43 (r/w/o: 19995.07/0.00/2856.37) lat (ms,95%): 31.94 err/s: 0.00 reconn/s: 0.00
[ 120s ] thds: 32 tps: 1433.76 qps: 22935.60 (r/w/o: 20068.19/0.00/2867.41) lat (ms,95%): 32.53 err/s: 0.00 reconn/s: 0.00
[ 130s ] thds: 32 tps: 1420.47 qps: 22732.83 (r/w/o: 19891.49/0.00/2841.34) lat (ms,95%): 31.37 err/s: 0.00 reconn/s: 0.00
[ 140s ] thds: 32 tps: 1414.34 qps: 22627.87 (r/w/o: 19799.29/0.00/2828.58) lat (ms,95%): 33.12 err/s: 0.00 reconn/s: 0.00
[ 150s ] thds: 32 tps: 1451.60 qps: 23227.33 (r/w/o: 20324.14/0.00/2903.19) lat (ms,95%): 30.26 err/s: 0.00 reconn/s: 0.00
[ 160s ] thds: 32 tps: 1409.40 qps: 22549.23 (r/w/o: 19730.42/0.00/2818.80) lat (ms,95%): 32.53 err/s: 0.00 reconn/s: 0.00
[ 170s ] thds: 32 tps: 1410.90 qps: 22571.12 (r/w/o: 19749.32/0.00/2821.80) lat (ms,95%): 33.12 err/s: 0.00 reconn/s: 0.00
[ 180s ] thds: 32 tps: 1446.30 qps: 23143.01 (r/w/o: 20250.41/0.00/2892.60) lat (ms,95%): 30.81 err/s: 0.00 reconn/s: 0.00
[ 190s ] thds: 32 tps: 1423.00 qps: 22768.24 (r/w/o: 19922.35/0.00/2845.89) lat (ms,95%): 31.94 err/s: 0.00 reconn/s: 0.00
[ 200s ] thds: 32 tps: 1429.27 qps: 22872.61 (r/w/o: 20013.97/0.00/2858.64) lat (ms,95%): 31.94 err/s: 0.00 reconn/s: 0.00
[ 210s ] thds: 32 tps: 1442.13 qps: 23070.15 (r/w/o: 20185.88/0.00/2884.27) lat (ms,95%): 31.37 err/s: 0.00 reconn/s: 0.00
[ 220s ] thds: 32 tps: 1408.85 qps: 22538.83 (r/w/o: 19721.22/0.00/2817.60) lat (ms,95%): 33.12 err/s: 0.00 reconn/s: 0.00
[ 230s ] thds: 32 tps: 1500.35 qps: 24008.50 (r/w/o: 21007.60/0.00/3000.90) lat (ms,95%): 28.67 err/s: 0.00 reconn/s: 0.00
[ 240s ] thds: 32 tps: 1552.51 qps: 24841.29 (r/w/o: 21736.48/0.00/3104.81) lat (ms,95%): 27.17 err/s: 0.00 reconn/s: 0.00
[ 250s ] thds: 32 tps: 1553.42 qps: 24855.82 (r/w/o: 21748.88/0.00/3106.94) lat (ms,95%): 27.17 err/s: 0.00 reconn/s: 0.00
[ 260s ] thds: 32 tps: 1552.53 qps: 24836.68 (r/w/o: 21731.52/0.00/3105.16) lat (ms,95%): 27.17 err/s: 0.00 reconn/s: 0.00
[ 270s ] thds: 32 tps: 1561.75 qps: 24989.13 (r/w/o: 21865.64/0.00/3123.49) lat (ms,95%): 27.17 err/s: 0.00 reconn/s: 0.00
[ 280s ] thds: 32 tps: 1551.10 qps: 24815.67 (r/w/o: 21713.87/0.00/3101.81) lat (ms,95%): 27.66 err/s: 0.00 reconn/s: 0.00
[ 290s ] thds: 32 tps: 1550.00 qps: 24805.20 (r/w/o: 21704.80/0.00/3100.40) lat (ms,95%): 27.17 err/s: 0.00 reconn/s: 0.00
[ 300s ] thds: 32 tps: 1557.87 qps: 24922.34 (r/w/o: 21806.59/0.00/3115.74) lat (ms,95%): 27.17 err/s: 0.00 reconn/s: 0.00
[ 310s ] thds: 32 tps: 1556.83 qps: 24914.21 (r/w/o: 21800.56/0.00/3113.65) lat (ms,95%): 26.68 err/s: 0.00 reconn/s: 0.00
[ 320s ] thds: 32 tps: 1550.10 qps: 24789.05 (r/w/o: 21689.44/0.00/3099.61) lat (ms,95%): 27.17 err/s: 0.00 reconn/s: 0.00
[ 330s ] thds: 32 tps: 1555.70 qps: 24898.06 (r/w/o: 21786.17/0.00/3111.90) lat (ms,95%): 27.17 err/s: 0.00 reconn/s: 0.00
[ 340s ] thds: 32 tps: 1550.38 qps: 24806.93 (r/w/o: 21706.06/0.00/3100.87) lat (ms,95%): 27.17 err/s: 0.00 reconn/s: 0.00
[ 350s ] thds: 32 tps: 1557.72 qps: 24921.96 (r/w/o: 21806.62/0.00/3115.33) lat (ms,95%): 27.17 err/s: 0.00 reconn/s: 0.00
[ 360s ] thds: 32 tps: 1558.54 qps: 24939.22 (r/w/o: 21822.05/0.00/3117.18) lat (ms,95%): 27.17 err/s: 0.00 reconn/s: 0.00
[ 370s ] thds: 32 tps: 1554.16 qps: 24863.91 (r/w/o: 21755.69/0.00/3108.23) lat (ms,95%): 26.68 err/s: 0.00 reconn/s: 0.00
[ 380s ] thds: 32 tps: 1558.92 qps: 24950.27 (r/w/o: 21832.34/0.00/3117.93) lat (ms,95%): 26.68 err/s: 0.00 reconn/s: 0.00
[ 390s ] thds: 32 tps: 1563.13 qps: 25008.92 (r/w/o: 21882.76/0.00/3126.17) lat (ms,95%): 26.68 err/s: 0.00 reconn/s: 0.00
[ 400s ] thds: 32 tps: 1550.64 qps: 24804.71 (r/w/o: 21703.52/0.00/3101.19) lat (ms,95%): 27.17 err/s: 0.00 reconn/s: 0.00
[ 410s ] thds: 32 tps: 1558.98 qps: 24944.55 (r/w/o: 21826.38/0.00/3118.17) lat (ms,95%): 26.68 err/s: 0.00 reconn/s: 0.00
[ 420s ] thds: 32 tps: 1556.02 qps: 24898.38 (r/w/o: 21786.53/0.00/3111.85) lat (ms,95%): 27.17 err/s: 0.00 reconn/s: 0.00
[ 430s ] thds: 32 tps: 1558.20 qps: 24926.36 (r/w/o: 21809.87/0.00/3116.50) lat (ms,95%): 26.68 err/s: 0.00 reconn/s: 0.00
[ 440s ] thds: 32 tps: 1553.20 qps: 24857.45 (r/w/o: 21751.05/0.00/3106.39) lat (ms,95%): 27.17 err/s: 0.00 reconn/s: 0.00
[ 450s ] thds: 32 tps: 1563.31 qps: 25010.01 (r/w/o: 21883.49/0.00/3126.51) lat (ms,95%): 27.17 err/s: 0.00 reconn/s: 0.00
[ 460s ] thds: 32 tps: 1556.30 qps: 24903.06 (r/w/o: 21790.36/0.00/3112.69) lat (ms,95%): 26.68 err/s: 0.00 reconn/s: 0.00
[ 470s ] thds: 32 tps: 1555.96 qps: 24893.89 (r/w/o: 21781.88/0.00/3112.01) lat (ms,95%): 27.66 err/s: 0.00 reconn/s: 0.00
[ 480s ] thds: 32 tps: 1550.16 qps: 24801.11 (r/w/o: 21700.89/0.00/3100.23) lat (ms,95%): 27.66 err/s: 0.00 reconn/s: 0.00
[ 490s ] thds: 32 tps: 1552.68 qps: 24842.87 (r/w/o: 21737.41/0.00/3105.46) lat (ms,95%): 27.17 err/s: 0.00 reconn/s: 0.00
[ 500s ] thds: 32 tps: 1558.27 qps: 24931.84 (r/w/o: 21815.30/0.00/3116.54) lat (ms,95%): 26.68 err/s: 0.00 reconn/s: 0.00
[ 510s ] thds: 32 tps: 1560.41 qps: 24962.54 (r/w/o: 21841.91/0.00/3120.63) lat (ms,95%): 27.17 err/s: 0.00 reconn/s: 0.00
[ 520s ] thds: 32 tps: 1550.57 qps: 24811.09 (r/w/o: 21709.84/0.00/3101.25) lat (ms,95%): 27.17 err/s: 0.00 reconn/s: 0.00
[ 530s ] thds: 32 tps: 1549.34 qps: 24794.39 (r/w/o: 21695.71/0.00/3098.69) lat (ms,95%): 27.66 err/s: 0.00 reconn/s: 0.00
[ 540s ] thds: 32 tps: 1555.84 qps: 24894.97 (r/w/o: 21783.29/0.00/3111.68) lat (ms,95%): 27.17 err/s: 0.00 reconn/s: 0.00
[ 550s ] thds: 32 tps: 1553.45 qps: 24848.13 (r/w/o: 21741.22/0.00/3106.90) lat (ms,95%): 27.17 err/s: 0.00 reconn/s: 0.00
[ 560s ] thds: 32 tps: 1553.30 qps: 24852.71 (r/w/o: 21746.21/0.00/3106.50) lat (ms,95%): 27.17 err/s: 0.00 reconn/s: 0.00
[ 570s ] thds: 32 tps: 1559.50 qps: 24954.86 (r/w/o: 21835.75/0.00/3119.11) lat (ms,95%): 27.17 err/s: 0.00 reconn/s: 0.00
[ 580s ] thds: 32 tps: 1545.59 qps: 24730.68 (r/w/o: 21639.40/0.00/3091.29) lat (ms,95%): 28.16 err/s: 0.00 reconn/s: 0.00
[ 590s ] thds: 32 tps: 1549.91 qps: 24794.70 (r/w/o: 21694.88/0.00/3099.83) lat (ms,95%): 27.66 err/s: 0.00 reconn/s: 0.00
[ 600s ] thds: 32 tps: 1558.00 qps: 24928.84 (r/w/o: 21812.94/0.00/3115.89) lat (ms,95%): 27.17 err/s: 0.00 reconn/s: 0.00
SQL statistics:
    queries performed:
        read:                            12644800
        write:                           0
        other:                           1806400
        total:                           14451200
    transactions:                        903200 (1505.20 per sec.)
    queries:                             14451200 (24083.25 per sec.)
    ignored errors:                      0      (0.00 per sec.)
    reconnects:                          0      (0.00 per sec.)

General statistics:
    total time:                          600.0493s
    total number of events:              903200

Latency (ms):
         min:                                    7.80
         avg:                                   21.26
         max:                                   92.29
         95th percentile:                       29.72
         sum:                             19198467.16

Threads fairness:
    events (avg/stddev):           28225.0000/21.00
    execution time (avg/stddev):   599.9521/0.01

