sysbench 1.0.20 (using bundled LuaJIT 2.1.0-beta2)

Running the test with following options:
Number of threads: 32
Report intermediate results every 10 second(s)
Initializing random number generator from current time


Initializing worker threads...

Threads started!

[ 10s ] thds: 32 tps: 1403.38 qps: 22481.30 (r/w/o: 19671.43/0.00/2809.86) lat (ms,95%): 31.94 err/s: 0.00 reconn/s: 0.00
[ 20s ] thds: 32 tps: 1421.32 qps: 22742.07 (r/w/o: 19899.32/0.00/2842.75) lat (ms,95%): 31.37 err/s: 0.00 reconn/s: 0.00
[ 30s ] thds: 32 tps: 1407.52 qps: 22520.85 (r/w/o: 19705.82/0.00/2815.03) lat (ms,95%): 32.53 err/s: 0.00 reconn/s: 0.00
[ 40s ] thds: 32 tps: 1410.50 qps: 22570.33 (r/w/o: 19749.54/0.00/2820.79) lat (ms,95%): 33.12 err/s: 0.00 reconn/s: 0.00
[ 50s ] thds: 32 tps: 1432.28 qps: 22913.85 (r/w/o: 20049.30/0.00/2864.56) lat (ms,95%): 31.37 err/s: 0.00 reconn/s: 0.00
[ 60s ] thds: 32 tps: 1400.83 qps: 22408.91 (r/w/o: 19607.06/0.00/2801.85) lat (ms,95%): 31.94 err/s: 0.00 reconn/s: 0.00
[ 70s ] thds: 32 tps: 1415.60 qps: 22648.62 (r/w/o: 19817.41/0.00/2831.20) lat (ms,95%): 31.94 err/s: 0.00 reconn/s: 0.00
[ 80s ] thds: 32 tps: 1434.40 qps: 22953.68 (r/w/o: 20085.39/0.00/2868.30) lat (ms,95%): 31.94 err/s: 0.00 reconn/s: 0.00
[ 90s ] thds: 32 tps: 1403.95 qps: 22463.57 (r/w/o: 19655.28/0.00/2808.30) lat (ms,95%): 32.53 err/s: 0.00 reconn/s: 0.00
[ 100s ] thds: 32 tps: 1417.25 qps: 22673.97 (r/w/o: 19839.56/0.00/2834.41) lat (ms,95%): 31.94 err/s: 0.00 reconn/s: 0.00
[ 110s ] thds: 32 tps: 1432.10 qps: 22916.27 (r/w/o: 20051.87/0.00/2864.40) lat (ms,95%): 31.37 err/s: 0.00 reconn/s: 0.00
[ 120s ] thds: 32 tps: 1424.10 qps: 22778.08 (r/w/o: 19929.99/0.00/2848.10) lat (ms,95%): 31.94 err/s: 0.00 reconn/s: 0.00
[ 130s ] thds: 32 tps: 1401.19 qps: 22424.61 (r/w/o: 19622.23/0.00/2802.38) lat (ms,95%): 32.53 err/s: 0.00 reconn/s: 0.00
[ 140s ] thds: 32 tps: 1427.81 qps: 22848.71 (r/w/o: 19992.99/0.00/2855.73) lat (ms,95%): 31.94 err/s: 0.00 reconn/s: 0.00
[ 150s ] thds: 32 tps: 1426.30 qps: 22817.24 (r/w/o: 19964.63/0.00/2852.60) lat (ms,95%): 30.81 err/s: 0.00 reconn/s: 0.00
[ 160s ] thds: 32 tps: 1402.67 qps: 22450.39 (r/w/o: 19645.15/0.00/2805.25) lat (ms,95%): 32.53 err/s: 0.00 reconn/s: 0.00
[ 170s ] thds: 32 tps: 1479.93 qps: 23670.83 (r/w/o: 20710.87/0.00/2959.95) lat (ms,95%): 29.72 err/s: 0.00 reconn/s: 0.00
[ 180s ] thds: 32 tps: 1543.09 qps: 24687.13 (r/w/o: 21600.95/0.00/3086.18) lat (ms,95%): 27.17 err/s: 0.00 reconn/s: 0.00
[ 190s ] thds: 32 tps: 1545.60 qps: 24735.23 (r/w/o: 21644.13/0.00/3091.10) lat (ms,95%): 27.17 err/s: 0.00 reconn/s: 0.00
[ 200s ] thds: 32 tps: 1546.31 qps: 24740.48 (r/w/o: 21647.96/0.00/3092.52) lat (ms,95%): 27.17 err/s: 0.00 reconn/s: 0.00
[ 210s ] thds: 32 tps: 1542.42 qps: 24680.80 (r/w/o: 21595.85/0.00/3084.95) lat (ms,95%): 27.66 err/s: 0.00 reconn/s: 0.00
[ 220s ] thds: 32 tps: 1549.58 qps: 24788.62 (r/w/o: 21689.46/0.00/3099.17) lat (ms,95%): 27.17 err/s: 0.00 reconn/s: 0.00
[ 230s ] thds: 32 tps: 1554.60 qps: 24875.63 (r/w/o: 21766.44/0.00/3109.19) lat (ms,95%): 27.17 err/s: 0.00 reconn/s: 0.00
[ 240s ] thds: 32 tps: 1541.80 qps: 24669.38 (r/w/o: 21585.89/0.00/3083.50) lat (ms,95%): 28.16 err/s: 0.00 reconn/s: 0.00
[ 250s ] thds: 32 tps: 1550.00 qps: 24796.80 (r/w/o: 21696.70/0.00/3100.10) lat (ms,95%): 27.17 err/s: 0.00 reconn/s: 0.00
[ 260s ] thds: 32 tps: 1548.70 qps: 24781.68 (r/w/o: 21684.18/0.00/3097.50) lat (ms,95%): 27.17 err/s: 0.00 reconn/s: 0.00
[ 270s ] thds: 32 tps: 1540.23 qps: 24642.05 (r/w/o: 21561.60/0.00/3080.46) lat (ms,95%): 27.66 err/s: 0.00 reconn/s: 0.00
[ 280s ] thds: 32 tps: 1550.58 qps: 24809.51 (r/w/o: 21708.35/0.00/3101.15) lat (ms,95%): 26.68 err/s: 0.00 reconn/s: 0.00
[ 290s ] thds: 32 tps: 1551.50 qps: 24825.37 (r/w/o: 21722.58/0.00/3102.80) lat (ms,95%): 27.17 err/s: 0.00 reconn/s: 0.00
[ 300s ] thds: 32 tps: 1541.10 qps: 24654.03 (r/w/o: 21571.72/0.00/3082.30) lat (ms,95%): 28.16 err/s: 0.00 reconn/s: 0.00
[ 310s ] thds: 32 tps: 1553.10 qps: 24852.16 (r/w/o: 21746.06/0.00/3106.09) lat (ms,95%): 27.17 err/s: 0.00 reconn/s: 0.00
[ 320s ] thds: 32 tps: 1551.10 qps: 24816.53 (r/w/o: 21714.23/0.00/3102.30) lat (ms,95%): 27.17 err/s: 0.00 reconn/s: 0.00
[ 330s ] thds: 32 tps: 1541.09 qps: 24656.99 (r/w/o: 21574.81/0.00/3082.17) lat (ms,95%): 27.66 err/s: 0.00 reconn/s: 0.00
[ 340s ] thds: 32 tps: 1551.01 qps: 24815.91 (r/w/o: 21713.78/0.00/3102.13) lat (ms,95%): 27.17 err/s: 0.00 reconn/s: 0.00
[ 350s ] thds: 32 tps: 1550.60 qps: 24811.58 (r/w/o: 21710.78/0.00/3100.80) lat (ms,95%): 27.17 err/s: 0.00 reconn/s: 0.00
[ 360s ] thds: 32 tps: 1542.30 qps: 24672.06 (r/w/o: 21587.16/0.00/3084.89) lat (ms,95%): 27.17 err/s: 0.00 reconn/s: 0.00
[ 370s ] thds: 32 tps: 1552.30 qps: 24840.63 (r/w/o: 21735.92/0.00/3104.70) lat (ms,95%): 27.17 err/s: 0.00 reconn/s: 0.00
[ 380s ] thds: 32 tps: 1554.70 qps: 24876.42 (r/w/o: 21767.02/0.00/3109.40) lat (ms,95%): 26.68 err/s: 0.00 reconn/s: 0.00
[ 390s ] thds: 32 tps: 1547.70 qps: 24765.71 (r/w/o: 21670.41/0.00/3095.30) lat (ms,95%): 27.66 err/s: 0.00 reconn/s: 0.00
[ 400s ] thds: 32 tps: 1554.60 qps: 24871.74 (r/w/o: 21762.53/0.00/3109.20) lat (ms,95%): 27.17 err/s: 0.00 reconn/s: 0.00
[ 410s ] thds: 32 tps: 1547.90 qps: 24768.23 (r/w/o: 21672.44/0.00/3095.79) lat (ms,95%): 27.66 err/s: 0.00 reconn/s: 0.00
[ 420s ] thds: 32 tps: 1547.50 qps: 24759.11 (r/w/o: 21664.41/0.00/3094.70) lat (ms,95%): 27.66 err/s: 0.00 reconn/s: 0.00
[ 430s ] thds: 32 tps: 1550.33 qps: 24802.25 (r/w/o: 21701.29/0.00/3100.96) lat (ms,95%): 26.68 err/s: 0.00 reconn/s: 0.00
[ 440s ] thds: 32 tps: 1549.67 qps: 24798.57 (r/w/o: 21699.42/0.00/3099.15) lat (ms,95%): 27.66 err/s: 0.00 reconn/s: 0.00
[ 450s ] thds: 32 tps: 1546.20 qps: 24738.37 (r/w/o: 21645.87/0.00/3092.50) lat (ms,95%): 27.66 err/s: 0.00 reconn/s: 0.00
[ 460s ] thds: 32 tps: 1543.35 qps: 24688.98 (r/w/o: 21602.09/0.00/3086.90) lat (ms,95%): 27.17 err/s: 0.00 reconn/s: 0.00
[ 470s ] thds: 32 tps: 1550.65 qps: 24817.86 (r/w/o: 21716.55/0.00/3101.31) lat (ms,95%): 27.17 err/s: 0.00 reconn/s: 0.00
[ 480s ] thds: 32 tps: 1550.93 qps: 24812.10 (r/w/o: 21710.45/0.00/3101.65) lat (ms,95%): 27.66 err/s: 0.00 reconn/s: 0.00
[ 490s ] thds: 32 tps: 1548.07 qps: 24764.28 (r/w/o: 21668.13/0.00/3096.15) lat (ms,95%): 27.66 err/s: 0.00 reconn/s: 0.00
[ 500s ] thds: 32 tps: 1553.60 qps: 24862.54 (r/w/o: 21755.13/0.00/3107.40) lat (ms,95%): 27.17 err/s: 0.00 reconn/s: 0.00
[ 510s ] thds: 32 tps: 1542.75 qps: 24680.38 (r/w/o: 21594.88/0.00/3085.50) lat (ms,95%): 27.17 err/s: 0.00 reconn/s: 0.00
[ 520s ] thds: 32 tps: 1542.84 qps: 24684.09 (r/w/o: 21598.50/0.00/3085.59) lat (ms,95%): 28.16 err/s: 0.00 reconn/s: 0.00
[ 530s ] thds: 32 tps: 1545.91 qps: 24738.10 (r/w/o: 21646.19/0.00/3091.91) lat (ms,95%): 28.16 err/s: 0.00 reconn/s: 0.00
[ 540s ] thds: 32 tps: 1547.10 qps: 24743.17 (r/w/o: 21649.17/0.00/3094.00) lat (ms,95%): 27.17 err/s: 0.00 reconn/s: 0.00
[ 550s ] thds: 32 tps: 1543.71 qps: 24714.39 (r/w/o: 21626.78/0.00/3087.61) lat (ms,95%): 27.66 err/s: 0.00 reconn/s: 0.00
[ 560s ] thds: 32 tps: 1548.50 qps: 24768.47 (r/w/o: 21671.47/0.00/3097.00) lat (ms,95%): 27.17 err/s: 0.00 reconn/s: 0.00
[ 570s ] thds: 32 tps: 1526.78 qps: 24431.60 (r/w/o: 21378.14/0.00/3053.46) lat (ms,95%): 28.67 err/s: 0.00 reconn/s: 0.00
[ 580s ] thds: 32 tps: 1545.62 qps: 24729.58 (r/w/o: 21638.34/0.00/3091.23) lat (ms,95%): 27.17 err/s: 0.00 reconn/s: 0.00
[ 590s ] thds: 32 tps: 1548.10 qps: 24770.11 (r/w/o: 21673.81/0.00/3096.30) lat (ms,95%): 27.66 err/s: 0.00 reconn/s: 0.00
[ 600s ] thds: 32 tps: 1538.80 qps: 24624.24 (r/w/o: 21546.64/0.00/3077.61) lat (ms,95%): 27.66 err/s: 0.00 reconn/s: 0.00
SQL statistics:
    queries performed:
        read:                            12693366
        write:                           0
        other:                           1813338
        total:                           14506704
    transactions:                        906669 (1510.99 per sec.)
    queries:                             14506704 (24175.87 per sec.)
    ignored errors:                      0      (0.00 per sec.)
    reconnects:                          0      (0.00 per sec.)

General statistics:
    total time:                          600.0472s
    total number of events:              906669

Latency (ms):
         min:                                    7.58
         avg:                                   21.17
         max:                                   85.97
         95th percentile:                       29.19
         sum:                             19198215.45

Threads fairness:
    events (avg/stddev):           28333.4062/30.39
    execution time (avg/stddev):   599.9442/0.01

