sysbench 1.0.20 (using bundled LuaJIT 2.1.0-beta2)

Running the test with following options:
Number of threads: 32
Report intermediate results every 10 second(s)
Initializing random number generator from current time


Initializing worker threads...

Threads started!

[ 10s ] thds: 32 tps: 1353.37 qps: 21681.48 (r/w/o: 18971.53/0.00/2709.95) lat (ms,95%): 34.95 err/s: 0.00 reconn/s: 0.00
[ 20s ] thds: 32 tps: 1415.66 qps: 22646.42 (r/w/o: 19816.00/0.00/2830.43) lat (ms,95%): 31.94 err/s: 0.00 reconn/s: 0.00
[ 30s ] thds: 32 tps: 1413.80 qps: 22626.83 (r/w/o: 19798.33/0.00/2828.49) lat (ms,95%): 31.94 err/s: 0.00 reconn/s: 0.00
[ 40s ] thds: 32 tps: 1393.70 qps: 22300.06 (r/w/o: 19513.07/0.00/2787.00) lat (ms,95%): 33.12 err/s: 0.00 reconn/s: 0.00
[ 50s ] thds: 32 tps: 1403.30 qps: 22450.68 (r/w/o: 19643.77/0.00/2806.91) lat (ms,95%): 31.94 err/s: 0.00 reconn/s: 0.00
[ 60s ] thds: 32 tps: 1415.75 qps: 22647.53 (r/w/o: 19815.94/0.00/2831.59) lat (ms,95%): 31.37 err/s: 0.00 reconn/s: 0.00
[ 70s ] thds: 32 tps: 1384.61 qps: 22158.47 (r/w/o: 19389.45/0.00/2769.02) lat (ms,95%): 33.12 err/s: 0.00 reconn/s: 0.00
[ 80s ] thds: 32 tps: 1411.64 qps: 22581.24 (r/w/o: 19758.06/0.00/2823.18) lat (ms,95%): 32.53 err/s: 0.00 reconn/s: 0.00
[ 90s ] thds: 32 tps: 1428.90 qps: 22864.05 (r/w/o: 20006.04/0.00/2858.01) lat (ms,95%): 31.37 err/s: 0.00 reconn/s: 0.00
[ 100s ] thds: 32 tps: 1404.10 qps: 22469.52 (r/w/o: 19661.21/0.00/2808.30) lat (ms,95%): 31.94 err/s: 0.00 reconn/s: 0.00
[ 110s ] thds: 32 tps: 1414.60 qps: 22632.54 (r/w/o: 19803.34/0.00/2829.21) lat (ms,95%): 33.12 err/s: 0.00 reconn/s: 0.00
[ 120s ] thds: 32 tps: 1425.50 qps: 22806.80 (r/w/o: 19955.90/0.00/2850.90) lat (ms,95%): 31.94 err/s: 0.00 reconn/s: 0.00
[ 130s ] thds: 32 tps: 1400.40 qps: 22406.25 (r/w/o: 19605.36/0.00/2800.89) lat (ms,95%): 33.72 err/s: 0.00 reconn/s: 0.00
[ 140s ] thds: 32 tps: 1414.60 qps: 22634.63 (r/w/o: 19805.42/0.00/2829.20) lat (ms,95%): 32.53 err/s: 0.00 reconn/s: 0.00
[ 150s ] thds: 32 tps: 1413.79 qps: 22617.31 (r/w/o: 19790.02/0.00/2827.29) lat (ms,95%): 33.12 err/s: 0.00 reconn/s: 0.00
[ 160s ] thds: 32 tps: 1420.21 qps: 22722.40 (r/w/o: 19881.79/0.00/2840.61) lat (ms,95%): 32.53 err/s: 0.00 reconn/s: 0.00
[ 170s ] thds: 32 tps: 1438.80 qps: 23025.13 (r/w/o: 20147.44/0.00/2877.69) lat (ms,95%): 31.37 err/s: 0.00 reconn/s: 0.00
[ 180s ] thds: 32 tps: 1543.81 qps: 24700.79 (r/w/o: 21613.18/0.00/3087.61) lat (ms,95%): 27.17 err/s: 0.00 reconn/s: 0.00
[ 190s ] thds: 32 tps: 1541.10 qps: 24655.17 (r/w/o: 21572.97/0.00/3082.20) lat (ms,95%): 27.17 err/s: 0.00 reconn/s: 0.00
[ 200s ] thds: 32 tps: 1544.30 qps: 24710.23 (r/w/o: 21621.64/0.00/3088.59) lat (ms,95%): 27.17 err/s: 0.00 reconn/s: 0.00
[ 210s ] thds: 32 tps: 1548.81 qps: 24783.95 (r/w/o: 21686.33/0.00/3097.62) lat (ms,95%): 27.17 err/s: 0.00 reconn/s: 0.00
[ 220s ] thds: 32 tps: 1546.66 qps: 24739.40 (r/w/o: 21646.09/0.00/3093.31) lat (ms,95%): 27.17 err/s: 0.00 reconn/s: 0.00
[ 230s ] thds: 32 tps: 1547.73 qps: 24772.42 (r/w/o: 21677.06/0.00/3095.35) lat (ms,95%): 26.68 err/s: 0.00 reconn/s: 0.00
[ 240s ] thds: 32 tps: 1547.78 qps: 24758.05 (r/w/o: 21662.39/0.00/3095.67) lat (ms,95%): 27.66 err/s: 0.00 reconn/s: 0.00
[ 250s ] thds: 32 tps: 1544.67 qps: 24717.77 (r/w/o: 21628.63/0.00/3089.15) lat (ms,95%): 27.17 err/s: 0.00 reconn/s: 0.00
[ 260s ] thds: 32 tps: 1543.75 qps: 24700.45 (r/w/o: 21612.84/0.00/3087.61) lat (ms,95%): 27.66 err/s: 0.00 reconn/s: 0.00
[ 270s ] thds: 32 tps: 1542.90 qps: 24683.32 (r/w/o: 21597.53/0.00/3085.79) lat (ms,95%): 27.17 err/s: 0.00 reconn/s: 0.00
[ 280s ] thds: 32 tps: 1541.91 qps: 24670.32 (r/w/o: 21586.40/0.00/3083.91) lat (ms,95%): 27.66 err/s: 0.00 reconn/s: 0.00
[ 290s ] thds: 32 tps: 1546.10 qps: 24749.74 (r/w/o: 21657.55/0.00/3092.19) lat (ms,95%): 27.17 err/s: 0.00 reconn/s: 0.00
[ 300s ] thds: 32 tps: 1545.00 qps: 24710.76 (r/w/o: 21621.05/0.00/3089.71) lat (ms,95%): 27.17 err/s: 0.00 reconn/s: 0.00
[ 310s ] thds: 32 tps: 1546.70 qps: 24744.75 (r/w/o: 21651.06/0.00/3093.69) lat (ms,95%): 27.17 err/s: 0.00 reconn/s: 0.00
[ 320s ] thds: 32 tps: 1542.70 qps: 24678.85 (r/w/o: 21593.45/0.00/3085.41) lat (ms,95%): 27.17 err/s: 0.00 reconn/s: 0.00
[ 330s ] thds: 32 tps: 1544.69 qps: 24723.41 (r/w/o: 21634.23/0.00/3089.19) lat (ms,95%): 27.66 err/s: 0.00 reconn/s: 0.00
[ 340s ] thds: 32 tps: 1543.38 qps: 24687.91 (r/w/o: 21600.94/0.00/3086.96) lat (ms,95%): 27.66 err/s: 0.00 reconn/s: 0.00
[ 350s ] thds: 32 tps: 1536.92 qps: 24592.26 (r/w/o: 21518.51/0.00/3073.74) lat (ms,95%): 27.17 err/s: 0.00 reconn/s: 0.00
[ 360s ] thds: 32 tps: 1544.10 qps: 24709.74 (r/w/o: 21621.54/0.00/3088.21) lat (ms,95%): 27.17 err/s: 0.00 reconn/s: 0.00
[ 370s ] thds: 32 tps: 1544.60 qps: 24710.13 (r/w/o: 21620.94/0.00/3089.19) lat (ms,95%): 27.66 err/s: 0.00 reconn/s: 0.00
[ 380s ] thds: 32 tps: 1548.03 qps: 24769.32 (r/w/o: 21673.16/0.00/3096.17) lat (ms,95%): 27.17 err/s: 0.00 reconn/s: 0.00
[ 390s ] thds: 32 tps: 1551.17 qps: 24811.34 (r/w/o: 21709.00/0.00/3102.34) lat (ms,95%): 27.17 err/s: 0.00 reconn/s: 0.00
[ 400s ] thds: 32 tps: 1544.59 qps: 24720.38 (r/w/o: 21631.30/0.00/3089.09) lat (ms,95%): 27.66 err/s: 0.00 reconn/s: 0.00
[ 410s ] thds: 32 tps: 1548.80 qps: 24777.73 (r/w/o: 21680.02/0.00/3097.70) lat (ms,95%): 27.17 err/s: 0.00 reconn/s: 0.00
[ 420s ] thds: 32 tps: 1540.30 qps: 24648.80 (r/w/o: 21568.40/0.00/3080.40) lat (ms,95%): 28.67 err/s: 0.00 reconn/s: 0.00
[ 430s ] thds: 32 tps: 1541.10 qps: 24654.72 (r/w/o: 21572.32/0.00/3082.40) lat (ms,95%): 27.17 err/s: 0.00 reconn/s: 0.00
[ 440s ] thds: 32 tps: 1543.80 qps: 24699.08 (r/w/o: 21611.78/0.00/3087.30) lat (ms,95%): 27.66 err/s: 0.00 reconn/s: 0.00
[ 450s ] thds: 32 tps: 1547.04 qps: 24759.17 (r/w/o: 21664.88/0.00/3094.28) lat (ms,95%): 27.17 err/s: 0.00 reconn/s: 0.00
[ 460s ] thds: 32 tps: 1541.96 qps: 24667.77 (r/w/o: 21583.95/0.00/3083.82) lat (ms,95%): 27.66 err/s: 0.00 reconn/s: 0.00
[ 470s ] thds: 32 tps: 1543.31 qps: 24695.51 (r/w/o: 21608.80/0.00/3086.71) lat (ms,95%): 27.17 err/s: 0.00 reconn/s: 0.00
[ 480s ] thds: 32 tps: 1544.68 qps: 24713.81 (r/w/o: 21624.36/0.00/3089.45) lat (ms,95%): 27.17 err/s: 0.00 reconn/s: 0.00
[ 490s ] thds: 32 tps: 1542.61 qps: 24679.09 (r/w/o: 21594.26/0.00/3084.82) lat (ms,95%): 27.17 err/s: 0.00 reconn/s: 0.00
[ 500s ] thds: 32 tps: 1548.11 qps: 24770.28 (r/w/o: 21673.67/0.00/3096.61) lat (ms,95%): 27.17 err/s: 0.00 reconn/s: 0.00
[ 510s ] thds: 32 tps: 1539.70 qps: 24642.51 (r/w/o: 21563.11/0.00/3079.40) lat (ms,95%): 27.66 err/s: 0.00 reconn/s: 0.00
[ 520s ] thds: 32 tps: 1541.08 qps: 24658.45 (r/w/o: 21576.29/0.00/3082.16) lat (ms,95%): 27.66 err/s: 0.00 reconn/s: 0.00
[ 530s ] thds: 32 tps: 1539.02 qps: 24620.48 (r/w/o: 21542.63/0.00/3077.85) lat (ms,95%): 27.66 err/s: 0.00 reconn/s: 0.00
[ 540s ] thds: 32 tps: 1543.06 qps: 24686.79 (r/w/o: 21600.56/0.00/3086.22) lat (ms,95%): 27.17 err/s: 0.00 reconn/s: 0.00
[ 550s ] thds: 32 tps: 1539.01 qps: 24626.27 (r/w/o: 21548.15/0.00/3078.12) lat (ms,95%): 27.66 err/s: 0.00 reconn/s: 0.00
[ 560s ] thds: 32 tps: 1545.42 qps: 24725.41 (r/w/o: 21634.87/0.00/3090.54) lat (ms,95%): 27.66 err/s: 0.00 reconn/s: 0.00
[ 570s ] thds: 32 tps: 1542.11 qps: 24675.90 (r/w/o: 21591.39/0.00/3084.51) lat (ms,95%): 27.66 err/s: 0.00 reconn/s: 0.00
[ 580s ] thds: 32 tps: 1541.50 qps: 24660.90 (r/w/o: 21578.00/0.00/3082.90) lat (ms,95%): 28.16 err/s: 0.00 reconn/s: 0.00
[ 590s ] thds: 32 tps: 1543.55 qps: 24695.85 (r/w/o: 21608.66/0.00/3087.19) lat (ms,95%): 27.17 err/s: 0.00 reconn/s: 0.00
[ 600s ] thds: 32 tps: 1552.15 qps: 24836.20 (r/w/o: 21731.90/0.00/3104.30) lat (ms,95%): 27.17 err/s: 0.00 reconn/s: 0.00
SQL statistics:
    queries performed:
        read:                            12649826
        write:                           0
        other:                           1807118
        total:                           14456944
    transactions:                        903559 (1505.81 per sec.)
    queries:                             14456944 (24093.00 per sec.)
    ignored errors:                      0      (0.00 per sec.)
    reconnects:                          0      (0.00 per sec.)

General statistics:
    total time:                          600.0452s
    total number of events:              903559

Latency (ms):
         min:                                    8.04
         avg:                                   21.25
         max:                                   78.49
         95th percentile:                       29.19
         sum:                             19198326.77

Threads fairness:
    events (avg/stddev):           28236.2188/23.40
    execution time (avg/stddev):   599.9477/0.01

