sysbench 1.0.20 (using bundled LuaJIT 2.1.0-beta2)

Running the test with following options:
Number of threads: 48
Report intermediate results every 10 second(s)
Initializing random number generator from current time


Initializing worker threads...

Threads started!

[ 10s ] thds: 48 tps: 1589.93 qps: 25478.85 (r/w/o: 22294.39/0.00/3184.46) lat (ms,95%): 38.25 err/s: 0.00 reconn/s: 0.00
[ 20s ] thds: 48 tps: 1653.15 qps: 26444.95 (r/w/o: 23138.45/0.00/3306.51) lat (ms,95%): 36.24 err/s: 0.00 reconn/s: 0.00
[ 30s ] thds: 48 tps: 1634.70 qps: 26153.29 (r/w/o: 22883.99/0.00/3269.30) lat (ms,95%): 37.56 err/s: 0.00 reconn/s: 0.00
[ 40s ] thds: 48 tps: 1635.55 qps: 26180.68 (r/w/o: 22909.48/0.00/3271.20) lat (ms,95%): 37.56 err/s: 0.00 reconn/s: 0.00
[ 50s ] thds: 48 tps: 1649.35 qps: 26384.37 (r/w/o: 23085.87/0.00/3298.51) lat (ms,95%): 36.89 err/s: 0.00 reconn/s: 0.00
[ 60s ] thds: 48 tps: 1638.67 qps: 26218.46 (r/w/o: 22941.02/0.00/3277.43) lat (ms,95%): 36.89 err/s: 0.00 reconn/s: 0.00
[ 70s ] thds: 48 tps: 1615.13 qps: 25845.58 (r/w/o: 22615.72/0.00/3229.86) lat (ms,95%): 38.25 err/s: 0.00 reconn/s: 0.00
[ 80s ] thds: 48 tps: 1600.26 qps: 25597.32 (r/w/o: 22396.91/0.00/3200.42) lat (ms,95%): 38.94 err/s: 0.00 reconn/s: 0.00
[ 90s ] thds: 48 tps: 1593.44 qps: 25506.75 (r/w/o: 22319.27/0.00/3187.48) lat (ms,95%): 38.94 err/s: 0.00 reconn/s: 0.00
[ 100s ] thds: 48 tps: 1594.79 qps: 25506.69 (r/w/o: 22317.62/0.00/3189.07) lat (ms,95%): 38.25 err/s: 0.00 reconn/s: 0.00
[ 110s ] thds: 48 tps: 1574.31 qps: 25191.12 (r/w/o: 22042.19/0.00/3148.93) lat (ms,95%): 38.94 err/s: 0.00 reconn/s: 0.00
[ 120s ] thds: 48 tps: 1584.41 qps: 25350.59 (r/w/o: 22181.78/0.00/3168.81) lat (ms,95%): 38.25 err/s: 0.00 reconn/s: 0.00
[ 130s ] thds: 48 tps: 1559.00 qps: 24944.94 (r/w/o: 21826.75/0.00/3118.19) lat (ms,95%): 39.65 err/s: 0.00 reconn/s: 0.00
[ 140s ] thds: 48 tps: 1584.39 qps: 25342.60 (r/w/o: 22174.01/0.00/3168.59) lat (ms,95%): 37.56 err/s: 0.00 reconn/s: 0.00
[ 150s ] thds: 48 tps: 1571.50 qps: 25153.77 (r/w/o: 22010.67/0.00/3143.10) lat (ms,95%): 38.25 err/s: 0.00 reconn/s: 0.00
[ 160s ] thds: 48 tps: 1576.68 qps: 25228.39 (r/w/o: 22075.03/0.00/3153.36) lat (ms,95%): 38.25 err/s: 0.00 reconn/s: 0.00
[ 170s ] thds: 48 tps: 1567.49 qps: 25076.13 (r/w/o: 21941.25/0.00/3134.88) lat (ms,95%): 38.94 err/s: 0.00 reconn/s: 0.00
[ 180s ] thds: 48 tps: 1587.14 qps: 25390.80 (r/w/o: 22216.32/0.00/3174.49) lat (ms,95%): 38.25 err/s: 0.00 reconn/s: 0.00
[ 190s ] thds: 48 tps: 1554.88 qps: 24876.30 (r/w/o: 21766.54/0.00/3109.76) lat (ms,95%): 39.65 err/s: 0.00 reconn/s: 0.00
[ 200s ] thds: 48 tps: 1582.24 qps: 25324.36 (r/w/o: 22160.28/0.00/3164.08) lat (ms,95%): 38.25 err/s: 0.00 reconn/s: 0.00
[ 210s ] thds: 48 tps: 1566.57 qps: 25059.68 (r/w/o: 21926.14/0.00/3133.54) lat (ms,95%): 38.94 err/s: 0.00 reconn/s: 0.00
[ 220s ] thds: 48 tps: 1575.78 qps: 25209.57 (r/w/o: 22058.11/0.00/3151.46) lat (ms,95%): 38.94 err/s: 0.00 reconn/s: 0.00
[ 230s ] thds: 48 tps: 1573.92 qps: 25189.66 (r/w/o: 22041.82/0.00/3147.85) lat (ms,95%): 38.94 err/s: 0.00 reconn/s: 0.00
[ 240s ] thds: 48 tps: 1639.02 qps: 26224.19 (r/w/o: 22946.16/0.00/3278.04) lat (ms,95%): 36.89 err/s: 0.00 reconn/s: 0.00
[ 250s ] thds: 48 tps: 1659.01 qps: 26540.53 (r/w/o: 23222.42/0.00/3318.12) lat (ms,95%): 36.89 err/s: 0.00 reconn/s: 0.00
[ 260s ] thds: 48 tps: 1661.17 qps: 26580.87 (r/w/o: 23258.52/0.00/3322.35) lat (ms,95%): 36.89 err/s: 0.00 reconn/s: 0.00
[ 270s ] thds: 48 tps: 1675.11 qps: 26801.21 (r/w/o: 23451.20/0.00/3350.01) lat (ms,95%): 36.24 err/s: 0.00 reconn/s: 0.00
[ 280s ] thds: 48 tps: 1655.90 qps: 26489.97 (r/w/o: 23178.07/0.00/3311.90) lat (ms,95%): 37.56 err/s: 0.00 reconn/s: 0.00
[ 290s ] thds: 48 tps: 1665.99 qps: 26661.92 (r/w/o: 23329.83/0.00/3332.09) lat (ms,95%): 36.24 err/s: 0.00 reconn/s: 0.00
[ 300s ] thds: 48 tps: 1677.30 qps: 26829.86 (r/w/o: 23475.55/0.00/3354.31) lat (ms,95%): 36.24 err/s: 0.00 reconn/s: 0.00
[ 310s ] thds: 48 tps: 1657.79 qps: 26530.49 (r/w/o: 23214.61/0.00/3315.89) lat (ms,95%): 36.89 err/s: 0.00 reconn/s: 0.00
[ 320s ] thds: 48 tps: 1662.48 qps: 26579.44 (r/w/o: 23254.97/0.00/3324.47) lat (ms,95%): 36.24 err/s: 0.00 reconn/s: 0.00
[ 330s ] thds: 48 tps: 1677.96 qps: 26866.40 (r/w/o: 23510.19/0.00/3356.21) lat (ms,95%): 36.24 err/s: 0.00 reconn/s: 0.00
[ 340s ] thds: 48 tps: 1654.28 qps: 26466.49 (r/w/o: 23158.23/0.00/3308.26) lat (ms,95%): 37.56 err/s: 0.00 reconn/s: 0.00
[ 350s ] thds: 48 tps: 1664.39 qps: 26632.39 (r/w/o: 23303.20/0.00/3329.19) lat (ms,95%): 36.24 err/s: 0.00 reconn/s: 0.00
[ 360s ] thds: 48 tps: 1678.62 qps: 26860.77 (r/w/o: 23503.53/0.00/3357.23) lat (ms,95%): 35.59 err/s: 0.00 reconn/s: 0.00
[ 370s ] thds: 48 tps: 1603.66 qps: 25655.22 (r/w/o: 22447.79/0.00/3207.43) lat (ms,95%): 38.94 err/s: 0.00 reconn/s: 0.00
[ 380s ] thds: 48 tps: 1583.59 qps: 25339.46 (r/w/o: 22172.39/0.00/3167.07) lat (ms,95%): 38.94 err/s: 0.00 reconn/s: 0.00
[ 390s ] thds: 48 tps: 1586.59 qps: 25384.71 (r/w/o: 22211.42/0.00/3173.29) lat (ms,95%): 38.25 err/s: 0.00 reconn/s: 0.00
[ 400s ] thds: 48 tps: 1545.91 qps: 24733.53 (r/w/o: 21641.70/0.00/3091.83) lat (ms,95%): 39.65 err/s: 0.00 reconn/s: 0.00
[ 410s ] thds: 48 tps: 1573.99 qps: 25181.88 (r/w/o: 22035.00/0.00/3146.87) lat (ms,95%): 38.94 err/s: 0.00 reconn/s: 0.00
[ 420s ] thds: 48 tps: 1566.92 qps: 25075.06 (r/w/o: 21940.12/0.00/3134.93) lat (ms,95%): 39.65 err/s: 0.00 reconn/s: 0.00
[ 430s ] thds: 48 tps: 1578.58 qps: 25255.39 (r/w/o: 22098.73/0.00/3156.66) lat (ms,95%): 38.94 err/s: 0.00 reconn/s: 0.00
[ 440s ] thds: 48 tps: 1574.41 qps: 25189.14 (r/w/o: 22039.92/0.00/3149.22) lat (ms,95%): 39.65 err/s: 0.00 reconn/s: 0.00
[ 450s ] thds: 48 tps: 1580.27 qps: 25280.32 (r/w/o: 22119.78/0.00/3160.54) lat (ms,95%): 38.25 err/s: 0.00 reconn/s: 0.00
[ 460s ] thds: 48 tps: 1573.52 qps: 25176.35 (r/w/o: 22029.41/0.00/3146.93) lat (ms,95%): 39.65 err/s: 0.00 reconn/s: 0.00
[ 470s ] thds: 48 tps: 1623.20 qps: 25972.54 (r/w/o: 22726.24/0.00/3246.31) lat (ms,95%): 37.56 err/s: 0.00 reconn/s: 0.00
[ 480s ] thds: 48 tps: 1669.51 qps: 26719.21 (r/w/o: 23379.88/0.00/3339.33) lat (ms,95%): 36.24 err/s: 0.00 reconn/s: 0.00
[ 490s ] thds: 48 tps: 1644.72 qps: 26313.69 (r/w/o: 23024.44/0.00/3289.25) lat (ms,95%): 37.56 err/s: 0.00 reconn/s: 0.00
[ 500s ] thds: 48 tps: 1662.35 qps: 26598.36 (r/w/o: 23273.55/0.00/3324.81) lat (ms,95%): 36.24 err/s: 0.00 reconn/s: 0.00
[ 510s ] thds: 48 tps: 1644.91 qps: 26318.22 (r/w/o: 23028.71/0.00/3289.52) lat (ms,95%): 37.56 err/s: 0.00 reconn/s: 0.00
[ 520s ] thds: 48 tps: 1655.51 qps: 26486.59 (r/w/o: 23175.36/0.00/3311.22) lat (ms,95%): 36.89 err/s: 0.00 reconn/s: 0.00
[ 530s ] thds: 48 tps: 1650.92 qps: 26413.50 (r/w/o: 23111.46/0.00/3302.04) lat (ms,95%): 37.56 err/s: 0.00 reconn/s: 0.00
[ 540s ] thds: 48 tps: 1663.77 qps: 26623.30 (r/w/o: 23295.87/0.00/3327.44) lat (ms,95%): 36.89 err/s: 0.00 reconn/s: 0.00
[ 550s ] thds: 48 tps: 1683.33 qps: 26929.10 (r/w/o: 23562.53/0.00/3366.56) lat (ms,95%): 35.59 err/s: 0.00 reconn/s: 0.00
[ 560s ] thds: 48 tps: 1666.83 qps: 26675.70 (r/w/o: 23341.84/0.00/3333.86) lat (ms,95%): 36.89 err/s: 0.00 reconn/s: 0.00
[ 570s ] thds: 48 tps: 1671.37 qps: 26739.14 (r/w/o: 23396.60/0.00/3342.54) lat (ms,95%): 36.89 err/s: 0.00 reconn/s: 0.00
[ 580s ] thds: 48 tps: 1683.78 qps: 26940.22 (r/w/o: 23572.46/0.00/3367.77) lat (ms,95%): 35.59 err/s: 0.00 reconn/s: 0.00
[ 590s ] thds: 48 tps: 1667.81 qps: 26682.59 (r/w/o: 23347.16/0.00/3335.42) lat (ms,95%): 36.89 err/s: 0.00 reconn/s: 0.00
[ 600s ] thds: 48 tps: 1662.90 qps: 26606.14 (r/w/o: 23280.33/0.00/3325.80) lat (ms,95%): 36.89 err/s: 0.00 reconn/s: 0.00
SQL statistics:
    queries performed:
        read:                            13624212
        write:                           0
        other:                           1946316
        total:                           15570528
    transactions:                        973158 (1621.69 per sec.)
    queries:                             15570528 (25947.08 per sec.)
    ignored errors:                      0      (0.00 per sec.)
    reconnects:                          0      (0.00 per sec.)

General statistics:
    total time:                          600.0849s
    total number of events:              973158

Latency (ms):
         min:                                    8.74
         avg:                                   29.59
         max:                                  117.22
         95th percentile:                       37.56
         sum:                             28799059.38

Threads fairness:
    events (avg/stddev):           20274.1250/17.17
    execution time (avg/stddev):   599.9804/0.02

