sysbench 1.0.20 (using bundled LuaJIT 2.1.0-beta2)

Running the test with following options:
Number of threads: 48
Report intermediate results every 10 second(s)
Initializing random number generator from current time


Initializing worker threads...

Threads started!

[ 10s ] thds: 48 tps: 736.93 qps: 14794.27 (r/w/o: 10365.39/2893.33/1535.54) lat (ms,95%): 118.92 err/s: 0.00 reconn/s: 0.00
[ 20s ] thds: 48 tps: 808.12 qps: 16173.61 (r/w/o: 11314.99/3188.88/1669.74) lat (ms,95%): 106.75 err/s: 0.00 reconn/s: 0.00
[ 30s ] thds: 48 tps: 898.20 qps: 17980.23 (r/w/o: 12589.92/3531.01/1859.30) lat (ms,95%): 89.16 err/s: 0.00 reconn/s: 0.00
[ 40s ] thds: 48 tps: 975.00 qps: 19465.46 (r/w/o: 13625.74/3821.51/2018.21) lat (ms,95%): 74.46 err/s: 0.00 reconn/s: 0.00
[ 50s ] thds: 48 tps: 1059.40 qps: 21200.81 (r/w/o: 14843.10/4166.20/2191.50) lat (ms,95%): 55.82 err/s: 0.00 reconn/s: 0.00
[ 60s ] thds: 48 tps: 1058.90 qps: 21176.55 (r/w/o: 14823.13/4161.21/2192.21) lat (ms,95%): 56.84 err/s: 0.00 reconn/s: 0.00
[ 70s ] thds: 48 tps: 1042.20 qps: 20830.65 (r/w/o: 14578.56/4101.39/2150.69) lat (ms,95%): 57.87 err/s: 0.00 reconn/s: 0.00
[ 80s ] thds: 48 tps: 1054.80 qps: 21103.30 (r/w/o: 14774.70/4145.70/2182.90) lat (ms,95%): 56.84 err/s: 0.00 reconn/s: 0.00
[ 90s ] thds: 48 tps: 1050.80 qps: 21017.90 (r/w/o: 14713.20/4127.80/2176.90) lat (ms,95%): 55.82 err/s: 0.00 reconn/s: 0.00
[ 100s ] thds: 48 tps: 1048.10 qps: 20956.17 (r/w/o: 14667.18/4118.49/2170.50) lat (ms,95%): 56.84 err/s: 0.00 reconn/s: 0.00
[ 110s ] thds: 48 tps: 1045.70 qps: 20916.03 (r/w/o: 14642.32/4110.51/2163.20) lat (ms,95%): 56.84 err/s: 0.00 reconn/s: 0.00
[ 120s ] thds: 48 tps: 1056.80 qps: 21137.76 (r/w/o: 14797.24/4153.21/2187.31) lat (ms,95%): 55.82 err/s: 0.00 reconn/s: 0.00
[ 130s ] thds: 48 tps: 1044.60 qps: 20898.10 (r/w/o: 14626.83/4112.68/2158.59) lat (ms,95%): 56.84 err/s: 0.00 reconn/s: 0.00
[ 140s ] thds: 48 tps: 1048.60 qps: 20954.35 (r/w/o: 14666.53/4115.71/2172.10) lat (ms,95%): 56.84 err/s: 0.00 reconn/s: 0.00
[ 150s ] thds: 48 tps: 1051.00 qps: 21029.00 (r/w/o: 14723.30/4131.90/2173.80) lat (ms,95%): 55.82 err/s: 0.00 reconn/s: 0.00
[ 160s ] thds: 48 tps: 1051.10 qps: 21024.10 (r/w/o: 14717.00/4130.10/2177.00) lat (ms,95%): 55.82 err/s: 0.00 reconn/s: 0.00
[ 170s ] thds: 48 tps: 1042.40 qps: 20848.44 (r/w/o: 14592.92/4099.81/2155.70) lat (ms,95%): 56.84 err/s: 0.00 reconn/s: 0.00
[ 180s ] thds: 48 tps: 1046.10 qps: 20923.37 (r/w/o: 14647.08/4115.09/2161.20) lat (ms,95%): 55.82 err/s: 0.00 reconn/s: 0.00
[ 190s ] thds: 48 tps: 1036.00 qps: 20729.22 (r/w/o: 14508.34/4078.98/2141.89) lat (ms,95%): 57.87 err/s: 0.00 reconn/s: 0.00
[ 200s ] thds: 48 tps: 1045.50 qps: 20894.37 (r/w/o: 14627.35/4105.71/2161.31) lat (ms,95%): 56.84 err/s: 0.00 reconn/s: 0.00
[ 210s ] thds: 48 tps: 1051.40 qps: 21033.72 (r/w/o: 14724.61/4136.50/2172.60) lat (ms,95%): 56.84 err/s: 0.00 reconn/s: 0.00
[ 220s ] thds: 48 tps: 1041.70 qps: 20837.27 (r/w/o: 14586.98/4094.39/2155.90) lat (ms,95%): 57.87 err/s: 0.00 reconn/s: 0.00
[ 230s ] thds: 48 tps: 1042.90 qps: 20854.65 (r/w/o: 14596.04/4102.91/2155.71) lat (ms,95%): 56.84 err/s: 0.00 reconn/s: 0.00
[ 240s ] thds: 48 tps: 1047.60 qps: 20943.07 (r/w/o: 14658.38/4117.89/2166.80) lat (ms,95%): 56.84 err/s: 0.00 reconn/s: 0.00
[ 250s ] thds: 48 tps: 1034.70 qps: 20702.84 (r/w/o: 14494.43/4067.41/2141.00) lat (ms,95%): 57.87 err/s: 0.00 reconn/s: 0.00
[ 260s ] thds: 48 tps: 1045.80 qps: 20927.03 (r/w/o: 14651.35/4116.79/2158.89) lat (ms,95%): 57.87 err/s: 0.00 reconn/s: 0.00
[ 270s ] thds: 48 tps: 1042.70 qps: 20837.84 (r/w/o: 14582.43/4103.41/2152.00) lat (ms,95%): 56.84 err/s: 0.00 reconn/s: 0.00
[ 280s ] thds: 48 tps: 1040.20 qps: 20809.40 (r/w/o: 14568.00/4095.90/2145.50) lat (ms,95%): 57.87 err/s: 0.00 reconn/s: 0.00
[ 290s ] thds: 48 tps: 1043.30 qps: 20857.18 (r/w/o: 14599.16/4108.02/2150.01) lat (ms,95%): 57.87 err/s: 0.00 reconn/s: 0.00
[ 300s ] thds: 48 tps: 1035.09 qps: 20720.95 (r/w/o: 14506.49/4080.87/2133.58) lat (ms,95%): 56.84 err/s: 0.00 reconn/s: 0.00
[ 310s ] thds: 48 tps: 1026.20 qps: 20513.79 (r/w/o: 14360.17/4033.62/2120.01) lat (ms,95%): 57.87 err/s: 0.00 reconn/s: 0.00
[ 320s ] thds: 48 tps: 1036.50 qps: 20729.00 (r/w/o: 14509.90/4078.40/2140.70) lat (ms,95%): 57.87 err/s: 0.00 reconn/s: 0.00
[ 330s ] thds: 48 tps: 1037.80 qps: 20755.24 (r/w/o: 14528.46/4086.09/2140.69) lat (ms,95%): 56.84 err/s: 0.00 reconn/s: 0.00
[ 340s ] thds: 48 tps: 1035.70 qps: 20714.55 (r/w/o: 14500.56/4078.69/2135.29) lat (ms,95%): 56.84 err/s: 0.00 reconn/s: 0.00
[ 350s ] thds: 48 tps: 1036.90 qps: 20746.88 (r/w/o: 14524.66/4081.12/2141.11) lat (ms,95%): 57.87 err/s: 0.00 reconn/s: 0.00
[ 360s ] thds: 48 tps: 1031.30 qps: 20621.36 (r/w/o: 14433.87/4058.29/2129.20) lat (ms,95%): 57.87 err/s: 0.00 reconn/s: 0.00
[ 370s ] thds: 48 tps: 1024.10 qps: 20466.41 (r/w/o: 14324.51/4027.70/2114.20) lat (ms,95%): 57.87 err/s: 0.00 reconn/s: 0.00
[ 380s ] thds: 48 tps: 1033.80 qps: 20684.21 (r/w/o: 14479.21/4072.10/2132.90) lat (ms,95%): 57.87 err/s: 0.00 reconn/s: 0.00
[ 390s ] thds: 48 tps: 915.90 qps: 18300.41 (r/w/o: 12807.51/3605.00/1887.90) lat (ms,95%): 75.82 err/s: 0.00 reconn/s: 0.00
[ 400s ] thds: 48 tps: 988.79 qps: 19785.87 (r/w/o: 13852.01/3899.87/2033.99) lat (ms,95%): 63.32 err/s: 0.00 reconn/s: 0.00
[ 410s ] thds: 48 tps: 993.11 qps: 19871.96 (r/w/o: 13909.71/3912.83/2049.42) lat (ms,95%): 65.65 err/s: 0.00 reconn/s: 0.00
[ 420s ] thds: 48 tps: 978.49 qps: 19580.57 (r/w/o: 13708.01/3854.77/2017.79) lat (ms,95%): 69.29 err/s: 0.00 reconn/s: 0.00
[ 430s ] thds: 48 tps: 981.50 qps: 19641.35 (r/w/o: 13753.54/3864.71/2023.11) lat (ms,95%): 64.47 err/s: 0.00 reconn/s: 0.00
[ 440s ] thds: 48 tps: 980.00 qps: 19564.64 (r/w/o: 13687.73/3858.81/2018.10) lat (ms,95%): 68.05 err/s: 0.00 reconn/s: 0.00
[ 450s ] thds: 48 tps: 992.16 qps: 19862.07 (r/w/o: 13906.89/3911.28/2043.91) lat (ms,95%): 63.32 err/s: 0.00 reconn/s: 0.00
[ 460s ] thds: 48 tps: 996.94 qps: 19929.49 (r/w/o: 13950.15/3923.14/2056.20) lat (ms,95%): 63.32 err/s: 0.00 reconn/s: 0.00
[ 470s ] thds: 48 tps: 981.30 qps: 19640.06 (r/w/o: 13750.17/3867.09/2022.80) lat (ms,95%): 66.84 err/s: 0.00 reconn/s: 0.00
[ 480s ] thds: 48 tps: 987.10 qps: 19730.93 (r/w/o: 13811.92/3881.21/2037.80) lat (ms,95%): 65.65 err/s: 0.00 reconn/s: 0.00
[ 490s ] thds: 48 tps: 907.20 qps: 18140.27 (r/w/o: 12694.38/3577.69/1868.20) lat (ms,95%): 73.13 err/s: 0.00 reconn/s: 0.00
[ 500s ] thds: 48 tps: 987.00 qps: 19734.02 (r/w/o: 13813.31/3890.10/2030.60) lat (ms,95%): 65.65 err/s: 0.00 reconn/s: 0.00
[ 510s ] thds: 48 tps: 960.10 qps: 19220.61 (r/w/o: 13456.44/3783.98/1980.19) lat (ms,95%): 73.13 err/s: 0.00 reconn/s: 0.00
[ 520s ] thds: 48 tps: 1032.60 qps: 20647.27 (r/w/o: 14451.55/4068.51/2127.21) lat (ms,95%): 57.87 err/s: 0.00 reconn/s: 0.00
[ 530s ] thds: 48 tps: 1042.70 qps: 20867.79 (r/w/o: 14608.39/4111.00/2148.40) lat (ms,95%): 56.84 err/s: 0.00 reconn/s: 0.00
[ 540s ] thds: 48 tps: 1050.50 qps: 20993.20 (r/w/o: 14694.80/4130.60/2167.80) lat (ms,95%): 56.84 err/s: 0.00 reconn/s: 0.00
[ 550s ] thds: 48 tps: 1034.70 qps: 20703.26 (r/w/o: 14494.17/4078.89/2130.20) lat (ms,95%): 57.87 err/s: 0.00 reconn/s: 0.00
[ 560s ] thds: 48 tps: 1040.40 qps: 20802.55 (r/w/o: 14562.74/4100.41/2139.41) lat (ms,95%): 57.87 err/s: 0.00 reconn/s: 0.00
[ 570s ] thds: 48 tps: 1035.30 qps: 20706.21 (r/w/o: 14492.21/4079.50/2134.50) lat (ms,95%): 57.87 err/s: 0.00 reconn/s: 0.00
[ 580s ] thds: 48 tps: 1041.80 qps: 20827.09 (r/w/o: 14579.10/4100.10/2147.90) lat (ms,95%): 56.84 err/s: 0.00 reconn/s: 0.00
[ 590s ] thds: 48 tps: 1039.10 qps: 20780.35 (r/w/o: 14547.54/4094.41/2138.41) lat (ms,95%): 58.92 err/s: 0.00 reconn/s: 0.00
[ 600s ] thds: 48 tps: 1041.90 qps: 20858.37 (r/w/o: 14599.88/4113.49/2145.00) lat (ms,95%): 56.84 err/s: 0.00 reconn/s: 0.00
SQL statistics:
    queries performed:
        read:                            8526196
        write:                           2396685
        other:                           1257399
        total:                           12180280
    transactions:                        609014 (1014.84 per sec.)
    queries:                             12180280 (20296.72 per sec.)
    ignored errors:                      0      (0.00 per sec.)
    reconnects:                          0      (0.00 per sec.)

General statistics:
    total time:                          600.1081s
    total number of events:              609014

Latency (ms):
         min:                                   14.89
         avg:                                   47.29
         max:                                  407.14
         95th percentile:                       62.19
         sum:                             28799944.30

Threads fairness:
    events (avg/stddev):           12687.7917/14.96
    execution time (avg/stddev):   599.9988/0.02

