sysbench 1.0.20 (using bundled LuaJIT 2.1.0-beta2)

Running the test with following options:
Number of threads: 48
Report intermediate results every 10 second(s)
Initializing random number generator from current time


Initializing worker threads...

Threads started!

[ 10s ] thds: 48 tps: 1574.80 qps: 25237.05 (r/w/o: 22082.94/0.00/3154.11) lat (ms,95%): 39.65 err/s: 0.00 reconn/s: 0.00
[ 20s ] thds: 48 tps: 1567.28 qps: 25075.05 (r/w/o: 21940.39/0.00/3134.66) lat (ms,95%): 38.94 err/s: 0.00 reconn/s: 0.00
[ 30s ] thds: 48 tps: 1586.20 qps: 25378.38 (r/w/o: 22205.98/0.00/3172.40) lat (ms,95%): 37.56 err/s: 0.00 reconn/s: 0.00
[ 40s ] thds: 48 tps: 1581.07 qps: 25292.22 (r/w/o: 22129.98/0.00/3162.24) lat (ms,95%): 38.94 err/s: 0.00 reconn/s: 0.00
[ 50s ] thds: 48 tps: 1591.94 qps: 25475.07 (r/w/o: 22291.30/0.00/3183.77) lat (ms,95%): 38.25 err/s: 0.00 reconn/s: 0.00
[ 60s ] thds: 48 tps: 1563.46 qps: 25020.61 (r/w/o: 21893.70/0.00/3126.91) lat (ms,95%): 38.94 err/s: 0.00 reconn/s: 0.00
[ 70s ] thds: 48 tps: 1566.53 qps: 25060.01 (r/w/o: 21926.74/0.00/3133.26) lat (ms,95%): 38.94 err/s: 0.00 reconn/s: 0.00
[ 80s ] thds: 48 tps: 1565.21 qps: 25045.73 (r/w/o: 21915.32/0.00/3130.42) lat (ms,95%): 38.94 err/s: 0.00 reconn/s: 0.00
[ 90s ] thds: 48 tps: 1567.91 qps: 25082.86 (r/w/o: 21947.24/0.00/3135.62) lat (ms,95%): 38.94 err/s: 0.00 reconn/s: 0.00
[ 100s ] thds: 48 tps: 1573.53 qps: 25176.89 (r/w/o: 22029.73/0.00/3147.16) lat (ms,95%): 38.94 err/s: 0.00 reconn/s: 0.00
[ 110s ] thds: 48 tps: 1560.56 qps: 24970.48 (r/w/o: 21849.27/0.00/3121.21) lat (ms,95%): 38.94 err/s: 0.00 reconn/s: 0.00
[ 120s ] thds: 48 tps: 1563.27 qps: 25010.12 (r/w/o: 21883.78/0.00/3126.34) lat (ms,95%): 38.94 err/s: 0.00 reconn/s: 0.00
[ 130s ] thds: 48 tps: 1572.13 qps: 25151.89 (r/w/o: 22007.53/0.00/3144.36) lat (ms,95%): 39.65 err/s: 0.00 reconn/s: 0.00
[ 140s ] thds: 48 tps: 1647.90 qps: 26368.75 (r/w/o: 23073.14/0.00/3295.61) lat (ms,95%): 36.89 err/s: 0.00 reconn/s: 0.00
[ 150s ] thds: 48 tps: 1650.40 qps: 26413.99 (r/w/o: 23112.99/0.00/3301.00) lat (ms,95%): 37.56 err/s: 0.00 reconn/s: 0.00
[ 160s ] thds: 48 tps: 1657.00 qps: 26506.82 (r/w/o: 23192.72/0.00/3314.10) lat (ms,95%): 36.89 err/s: 0.00 reconn/s: 0.00
[ 170s ] thds: 48 tps: 1660.61 qps: 26561.44 (r/w/o: 23240.32/0.00/3321.12) lat (ms,95%): 36.89 err/s: 0.00 reconn/s: 0.00
[ 180s ] thds: 48 tps: 1656.30 qps: 26507.54 (r/w/o: 23195.04/0.00/3312.49) lat (ms,95%): 36.89 err/s: 0.00 reconn/s: 0.00
[ 190s ] thds: 48 tps: 1661.58 qps: 26591.10 (r/w/o: 23267.75/0.00/3323.35) lat (ms,95%): 36.89 err/s: 0.00 reconn/s: 0.00
[ 200s ] thds: 48 tps: 1621.32 qps: 25943.26 (r/w/o: 22700.61/0.00/3242.64) lat (ms,95%): 38.25 err/s: 0.00 reconn/s: 0.00
[ 210s ] thds: 48 tps: 1618.89 qps: 25902.11 (r/w/o: 22664.53/0.00/3237.59) lat (ms,95%): 38.25 err/s: 0.00 reconn/s: 0.00
[ 220s ] thds: 48 tps: 1622.80 qps: 25958.05 (r/w/o: 22712.34/0.00/3245.71) lat (ms,95%): 38.25 err/s: 0.00 reconn/s: 0.00
[ 230s ] thds: 48 tps: 1559.69 qps: 24959.22 (r/w/o: 21839.75/0.00/3119.48) lat (ms,95%): 39.65 err/s: 0.00 reconn/s: 0.00
[ 240s ] thds: 48 tps: 1546.01 qps: 24735.36 (r/w/o: 21643.34/0.00/3092.02) lat (ms,95%): 40.37 err/s: 0.00 reconn/s: 0.00
[ 250s ] thds: 48 tps: 1554.18 qps: 24863.05 (r/w/o: 21755.10/0.00/3107.96) lat (ms,95%): 39.65 err/s: 0.00 reconn/s: 0.00
[ 260s ] thds: 48 tps: 1571.23 qps: 25148.13 (r/w/o: 22005.28/0.00/3142.85) lat (ms,95%): 38.25 err/s: 0.00 reconn/s: 0.00
[ 270s ] thds: 48 tps: 1566.70 qps: 25056.57 (r/w/o: 21923.47/0.00/3133.10) lat (ms,95%): 39.65 err/s: 0.00 reconn/s: 0.00
[ 280s ] thds: 48 tps: 1600.70 qps: 25616.06 (r/w/o: 22414.37/0.00/3201.70) lat (ms,95%): 37.56 err/s: 0.00 reconn/s: 0.00
[ 290s ] thds: 48 tps: 1662.20 qps: 26595.18 (r/w/o: 23270.77/0.00/3324.41) lat (ms,95%): 36.89 err/s: 0.00 reconn/s: 0.00
[ 300s ] thds: 48 tps: 1668.00 qps: 26689.12 (r/w/o: 23353.11/0.00/3336.00) lat (ms,95%): 36.89 err/s: 0.00 reconn/s: 0.00
[ 310s ] thds: 48 tps: 1682.05 qps: 26905.86 (r/w/o: 23541.96/0.00/3363.91) lat (ms,95%): 35.59 err/s: 0.00 reconn/s: 0.00
[ 320s ] thds: 48 tps: 1663.18 qps: 26612.19 (r/w/o: 23285.73/0.00/3326.46) lat (ms,95%): 36.89 err/s: 0.00 reconn/s: 0.00
[ 330s ] thds: 48 tps: 1666.80 qps: 26669.66 (r/w/o: 23336.05/0.00/3333.61) lat (ms,95%): 36.24 err/s: 0.00 reconn/s: 0.00
[ 340s ] thds: 48 tps: 1685.16 qps: 26962.52 (r/w/o: 23592.11/0.00/3370.42) lat (ms,95%): 35.59 err/s: 0.00 reconn/s: 0.00
[ 350s ] thds: 48 tps: 1658.36 qps: 26533.63 (r/w/o: 23217.10/0.00/3316.53) lat (ms,95%): 36.89 err/s: 0.00 reconn/s: 0.00
[ 360s ] thds: 48 tps: 1666.73 qps: 26670.85 (r/w/o: 23337.18/0.00/3333.67) lat (ms,95%): 36.89 err/s: 0.00 reconn/s: 0.00
[ 370s ] thds: 48 tps: 1680.90 qps: 26895.87 (r/w/o: 23534.16/0.00/3361.71) lat (ms,95%): 36.24 err/s: 0.00 reconn/s: 0.00
[ 380s ] thds: 48 tps: 1663.20 qps: 26609.56 (r/w/o: 23283.26/0.00/3326.29) lat (ms,95%): 37.56 err/s: 0.00 reconn/s: 0.00
[ 390s ] thds: 48 tps: 1674.10 qps: 26784.42 (r/w/o: 23436.12/0.00/3348.30) lat (ms,95%): 36.24 err/s: 0.00 reconn/s: 0.00
[ 400s ] thds: 48 tps: 1680.90 qps: 26893.75 (r/w/o: 23532.04/0.00/3361.71) lat (ms,95%): 36.24 err/s: 0.00 reconn/s: 0.00
[ 410s ] thds: 48 tps: 1660.39 qps: 26574.28 (r/w/o: 23253.30/0.00/3320.99) lat (ms,95%): 37.56 err/s: 0.00 reconn/s: 0.00
[ 420s ] thds: 48 tps: 1670.50 qps: 26717.05 (r/w/o: 23376.04/0.00/3341.01) lat (ms,95%): 36.89 err/s: 0.00 reconn/s: 0.00
[ 430s ] thds: 48 tps: 1677.05 qps: 26838.72 (r/w/o: 23484.62/0.00/3354.10) lat (ms,95%): 36.24 err/s: 0.00 reconn/s: 0.00
[ 440s ] thds: 48 tps: 1674.84 qps: 26792.89 (r/w/o: 23443.32/0.00/3349.57) lat (ms,95%): 36.24 err/s: 0.00 reconn/s: 0.00
[ 450s ] thds: 48 tps: 1671.14 qps: 26740.32 (r/w/o: 23398.03/0.00/3342.29) lat (ms,95%): 36.24 err/s: 0.00 reconn/s: 0.00
[ 460s ] thds: 48 tps: 1671.27 qps: 26742.15 (r/w/o: 23399.72/0.00/3342.43) lat (ms,95%): 36.89 err/s: 0.00 reconn/s: 0.00
[ 470s ] thds: 48 tps: 1678.97 qps: 26864.69 (r/w/o: 23506.64/0.00/3358.05) lat (ms,95%): 35.59 err/s: 0.00 reconn/s: 0.00
[ 480s ] thds: 48 tps: 1668.73 qps: 26693.51 (r/w/o: 23356.24/0.00/3337.26) lat (ms,95%): 36.89 err/s: 0.00 reconn/s: 0.00
[ 490s ] thds: 48 tps: 1666.63 qps: 26673.54 (r/w/o: 23339.97/0.00/3333.57) lat (ms,95%): 36.89 err/s: 0.00 reconn/s: 0.00
[ 500s ] thds: 48 tps: 1601.25 qps: 25617.16 (r/w/o: 22414.85/0.00/3202.31) lat (ms,95%): 37.56 err/s: 0.00 reconn/s: 0.00
[ 510s ] thds: 48 tps: 1574.80 qps: 25195.24 (r/w/o: 22045.64/0.00/3149.61) lat (ms,95%): 38.94 err/s: 0.00 reconn/s: 0.00
[ 520s ] thds: 48 tps: 1586.60 qps: 25389.61 (r/w/o: 22216.41/0.00/3173.20) lat (ms,95%): 38.25 err/s: 0.00 reconn/s: 0.00
[ 530s ] thds: 48 tps: 1541.70 qps: 24662.05 (r/w/o: 21578.45/0.00/3083.61) lat (ms,95%): 40.37 err/s: 0.00 reconn/s: 0.00
[ 540s ] thds: 48 tps: 1555.57 qps: 24889.00 (r/w/o: 21779.16/0.00/3109.84) lat (ms,95%): 39.65 err/s: 0.00 reconn/s: 0.00
[ 550s ] thds: 48 tps: 1568.53 qps: 25096.99 (r/w/o: 21958.63/0.00/3138.36) lat (ms,95%): 38.94 err/s: 0.00 reconn/s: 0.00
[ 560s ] thds: 48 tps: 1575.43 qps: 25205.57 (r/w/o: 22055.11/0.00/3150.46) lat (ms,95%): 38.94 err/s: 0.00 reconn/s: 0.00
[ 570s ] thds: 48 tps: 1527.07 qps: 24434.75 (r/w/o: 21380.32/0.00/3054.43) lat (ms,95%): 41.10 err/s: 0.00 reconn/s: 0.00
[ 580s ] thds: 48 tps: 1664.97 qps: 26644.18 (r/w/o: 23314.23/0.00/3329.95) lat (ms,95%): 36.24 err/s: 0.00 reconn/s: 0.00
[ 590s ] thds: 48 tps: 1661.63 qps: 26588.28 (r/w/o: 23265.02/0.00/3323.26) lat (ms,95%): 36.89 err/s: 0.00 reconn/s: 0.00
[ 600s ] thds: 48 tps: 1677.37 qps: 26825.51 (r/w/o: 23471.67/0.00/3353.84) lat (ms,95%): 36.24 err/s: 0.00 reconn/s: 0.00
SQL statistics:
    queries performed:
        read:                            13616442
        write:                           0
        other:                           1945206
        total:                           15561648
    transactions:                        972603 (1620.79 per sec.)
    queries:                             15561648 (25932.70 per sec.)
    ignored errors:                      0      (0.00 per sec.)
    reconnects:                          0      (0.00 per sec.)

General statistics:
    total time:                          600.0753s
    total number of events:              972603

Latency (ms):
         min:                                    8.60
         avg:                                   29.61
         max:                                  123.12
         95th percentile:                       38.25
         sum:                             28798933.25

Threads fairness:
    events (avg/stddev):           20262.5625/17.81
    execution time (avg/stddev):   599.9778/0.02

