sysbench 1.0.20 (using bundled LuaJIT 2.1.0-beta2)

Running the test with following options:
Number of threads: 48
Report intermediate results every 10 second(s)
Initializing random number generator from current time


Initializing worker threads...

Threads started!

[ 10s ] thds: 48 tps: 952.66 qps: 19107.77 (r/w/o: 13383.99/3750.77/1973.01) lat (ms,95%): 69.29 err/s: 0.00 reconn/s: 0.00
[ 20s ] thds: 48 tps: 1035.03 qps: 20702.98 (r/w/o: 14492.37/4073.83/2136.77) lat (ms,95%): 57.87 err/s: 0.00 reconn/s: 0.00
[ 30s ] thds: 48 tps: 1054.60 qps: 21091.91 (r/w/o: 14761.31/4154.10/2176.50) lat (ms,95%): 56.84 err/s: 0.00 reconn/s: 0.00
[ 40s ] thds: 48 tps: 1055.80 qps: 21109.12 (r/w/o: 14776.61/4154.60/2177.90) lat (ms,95%): 55.82 err/s: 0.00 reconn/s: 0.00
[ 50s ] thds: 48 tps: 1049.20 qps: 20978.97 (r/w/o: 14684.48/4129.69/2164.80) lat (ms,95%): 55.82 err/s: 0.00 reconn/s: 0.00
[ 60s ] thds: 48 tps: 1053.50 qps: 21069.46 (r/w/o: 14749.84/4144.41/2175.21) lat (ms,95%): 56.84 err/s: 0.00 reconn/s: 0.00
[ 70s ] thds: 48 tps: 965.90 qps: 19322.36 (r/w/o: 13525.77/3798.49/1998.10) lat (ms,95%): 61.08 err/s: 0.00 reconn/s: 0.00
[ 80s ] thds: 48 tps: 1037.50 qps: 20751.92 (r/w/o: 14528.11/4084.60/2139.20) lat (ms,95%): 57.87 err/s: 0.00 reconn/s: 0.00
[ 90s ] thds: 48 tps: 1048.90 qps: 20977.56 (r/w/o: 14681.67/4131.29/2164.60) lat (ms,95%): 55.82 err/s: 0.00 reconn/s: 0.00
[ 100s ] thds: 48 tps: 1047.20 qps: 20948.68 (r/w/o: 14668.99/4118.40/2161.30) lat (ms,95%): 56.84 err/s: 0.00 reconn/s: 0.00
[ 110s ] thds: 48 tps: 1041.70 qps: 20825.08 (r/w/o: 14573.25/4105.72/2146.11) lat (ms,95%): 57.87 err/s: 0.00 reconn/s: 0.00
[ 120s ] thds: 48 tps: 1045.70 qps: 20932.18 (r/w/o: 14654.59/4117.90/2159.70) lat (ms,95%): 56.84 err/s: 0.00 reconn/s: 0.00
[ 130s ] thds: 48 tps: 1051.30 qps: 21013.99 (r/w/o: 14707.90/4132.70/2173.40) lat (ms,95%): 55.82 err/s: 0.00 reconn/s: 0.00
[ 140s ] thds: 48 tps: 1032.40 qps: 20654.92 (r/w/o: 14460.61/4063.70/2130.60) lat (ms,95%): 57.87 err/s: 0.00 reconn/s: 0.00
[ 150s ] thds: 48 tps: 1050.80 qps: 21005.74 (r/w/o: 14703.43/4131.31/2171.00) lat (ms,95%): 56.84 err/s: 0.00 reconn/s: 0.00
[ 160s ] thds: 48 tps: 1048.30 qps: 20975.84 (r/w/o: 14683.46/4126.69/2165.69) lat (ms,95%): 57.87 err/s: 0.00 reconn/s: 0.00
[ 170s ] thds: 48 tps: 1043.00 qps: 20861.07 (r/w/o: 14603.38/4103.69/2154.00) lat (ms,95%): 57.87 err/s: 0.00 reconn/s: 0.00
[ 180s ] thds: 48 tps: 1051.16 qps: 21026.87 (r/w/o: 14717.69/4142.06/2167.12) lat (ms,95%): 55.82 err/s: 0.00 reconn/s: 0.00
[ 190s ] thds: 48 tps: 1049.44 qps: 20967.01 (r/w/o: 14674.70/4131.54/2160.77) lat (ms,95%): 56.84 err/s: 0.00 reconn/s: 0.00
[ 200s ] thds: 48 tps: 1011.50 qps: 20249.12 (r/w/o: 14176.72/3986.70/2085.70) lat (ms,95%): 59.99 err/s: 0.00 reconn/s: 0.00
[ 210s ] thds: 48 tps: 1012.90 qps: 20247.68 (r/w/o: 14171.98/3990.70/2085.00) lat (ms,95%): 61.08 err/s: 0.00 reconn/s: 0.00
[ 220s ] thds: 48 tps: 1024.30 qps: 20487.34 (r/w/o: 14342.43/4032.51/2112.40) lat (ms,95%): 58.92 err/s: 0.00 reconn/s: 0.00
[ 230s ] thds: 48 tps: 999.30 qps: 19984.08 (r/w/o: 13990.09/3933.30/2060.70) lat (ms,95%): 68.05 err/s: 0.00 reconn/s: 0.00
[ 240s ] thds: 48 tps: 978.30 qps: 19559.52 (r/w/o: 13689.52/3851.30/2018.70) lat (ms,95%): 66.84 err/s: 0.00 reconn/s: 0.00
[ 250s ] thds: 48 tps: 951.10 qps: 19045.96 (r/w/o: 13332.87/3758.09/1955.00) lat (ms,95%): 71.83 err/s: 0.00 reconn/s: 0.00
[ 260s ] thds: 48 tps: 950.90 qps: 19012.72 (r/w/o: 13311.11/3739.10/1962.50) lat (ms,95%): 73.13 err/s: 0.00 reconn/s: 0.00
[ 270s ] thds: 48 tps: 998.10 qps: 19946.36 (r/w/o: 13959.87/3930.99/2055.50) lat (ms,95%): 65.65 err/s: 0.00 reconn/s: 0.00
[ 280s ] thds: 48 tps: 997.50 qps: 19964.23 (r/w/o: 13974.32/3934.71/2055.20) lat (ms,95%): 63.32 err/s: 0.00 reconn/s: 0.00
[ 290s ] thds: 48 tps: 1047.10 qps: 20927.59 (r/w/o: 14647.09/4126.60/2153.90) lat (ms,95%): 56.84 err/s: 0.00 reconn/s: 0.00
[ 300s ] thds: 48 tps: 1014.60 qps: 20301.35 (r/w/o: 14213.64/3996.51/2091.21) lat (ms,95%): 59.99 err/s: 0.00 reconn/s: 0.00
[ 310s ] thds: 48 tps: 1045.60 qps: 20908.88 (r/w/o: 14637.09/4122.40/2149.40) lat (ms,95%): 56.84 err/s: 0.00 reconn/s: 0.00
[ 320s ] thds: 48 tps: 1031.40 qps: 20626.29 (r/w/o: 14435.90/4065.80/2124.60) lat (ms,95%): 57.87 err/s: 0.00 reconn/s: 0.00
[ 330s ] thds: 48 tps: 1048.30 qps: 20967.66 (r/w/o: 14679.17/4128.99/2159.50) lat (ms,95%): 56.84 err/s: 0.00 reconn/s: 0.00
[ 340s ] thds: 48 tps: 1050.40 qps: 21010.42 (r/w/o: 14706.12/4134.80/2169.50) lat (ms,95%): 56.84 err/s: 0.00 reconn/s: 0.00
[ 350s ] thds: 48 tps: 1038.60 qps: 20766.49 (r/w/o: 14536.89/4093.40/2136.20) lat (ms,95%): 57.87 err/s: 0.00 reconn/s: 0.00
[ 360s ] thds: 48 tps: 1046.40 qps: 20932.07 (r/w/o: 14653.68/4124.09/2154.30) lat (ms,95%): 56.84 err/s: 0.00 reconn/s: 0.00
[ 370s ] thds: 48 tps: 1043.81 qps: 20872.80 (r/w/o: 14611.47/4112.32/2149.01) lat (ms,95%): 55.82 err/s: 0.00 reconn/s: 0.00
[ 380s ] thds: 48 tps: 1032.50 qps: 20647.57 (r/w/o: 14452.38/4065.29/2129.90) lat (ms,95%): 57.87 err/s: 0.00 reconn/s: 0.00
[ 390s ] thds: 48 tps: 1041.30 qps: 20836.48 (r/w/o: 14586.48/4106.90/2143.10) lat (ms,95%): 56.84 err/s: 0.00 reconn/s: 0.00
[ 400s ] thds: 48 tps: 1042.10 qps: 20841.31 (r/w/o: 14588.20/4105.40/2147.70) lat (ms,95%): 56.84 err/s: 0.00 reconn/s: 0.00
[ 410s ] thds: 48 tps: 1038.30 qps: 20767.28 (r/w/o: 14536.19/4094.60/2136.50) lat (ms,95%): 57.87 err/s: 0.00 reconn/s: 0.00
[ 420s ] thds: 48 tps: 1036.30 qps: 20734.06 (r/w/o: 14515.57/4085.69/2132.80) lat (ms,95%): 57.87 err/s: 0.00 reconn/s: 0.00
[ 430s ] thds: 48 tps: 1038.10 qps: 20749.05 (r/w/o: 14522.33/4090.81/2135.91) lat (ms,95%): 57.87 err/s: 0.00 reconn/s: 0.00
[ 440s ] thds: 48 tps: 1025.80 qps: 20507.05 (r/w/o: 14355.94/4039.51/2111.61) lat (ms,95%): 57.87 err/s: 0.00 reconn/s: 0.00
[ 450s ] thds: 48 tps: 1034.90 qps: 20702.69 (r/w/o: 14490.79/4084.10/2127.80) lat (ms,95%): 57.87 err/s: 0.00 reconn/s: 0.00
[ 460s ] thds: 48 tps: 1039.90 qps: 20799.44 (r/w/o: 14560.16/4099.79/2139.49) lat (ms,95%): 56.84 err/s: 0.00 reconn/s: 0.00
[ 470s ] thds: 48 tps: 1030.60 qps: 20597.88 (r/w/o: 14415.78/4064.30/2117.80) lat (ms,95%): 57.87 err/s: 0.00 reconn/s: 0.00
[ 480s ] thds: 48 tps: 1034.10 qps: 20703.06 (r/w/o: 14496.64/4079.11/2127.31) lat (ms,95%): 57.87 err/s: 0.00 reconn/s: 0.00
[ 490s ] thds: 48 tps: 1023.40 qps: 20458.88 (r/w/o: 14319.68/4038.00/2101.20) lat (ms,95%): 58.92 err/s: 0.00 reconn/s: 0.00
[ 500s ] thds: 48 tps: 1022.40 qps: 20453.72 (r/w/o: 14318.11/4033.40/2102.20) lat (ms,95%): 57.87 err/s: 0.00 reconn/s: 0.00
[ 510s ] thds: 48 tps: 1033.40 qps: 20660.91 (r/w/o: 14463.81/4070.70/2126.40) lat (ms,95%): 56.84 err/s: 0.00 reconn/s: 0.00
[ 520s ] thds: 48 tps: 1029.80 qps: 20595.77 (r/w/o: 14414.08/4062.69/2119.00) lat (ms,95%): 58.92 err/s: 0.00 reconn/s: 0.00
[ 530s ] thds: 48 tps: 1036.20 qps: 20742.86 (r/w/o: 14522.67/4086.59/2133.60) lat (ms,95%): 56.84 err/s: 0.00 reconn/s: 0.00
[ 540s ] thds: 48 tps: 1038.20 qps: 20747.60 (r/w/o: 14522.60/4088.40/2136.60) lat (ms,95%): 57.87 err/s: 0.00 reconn/s: 0.00
[ 550s ] thds: 48 tps: 1026.11 qps: 20533.35 (r/w/o: 14373.71/4051.53/2108.12) lat (ms,95%): 57.87 err/s: 0.00 reconn/s: 0.00
[ 560s ] thds: 48 tps: 1014.30 qps: 20275.72 (r/w/o: 14193.04/3999.38/2083.29) lat (ms,95%): 58.92 err/s: 0.00 reconn/s: 0.00
[ 570s ] thds: 48 tps: 1034.90 qps: 20687.42 (r/w/o: 14477.95/4079.49/2129.99) lat (ms,95%): 56.84 err/s: 0.00 reconn/s: 0.00
[ 580s ] thds: 48 tps: 1017.60 qps: 20369.01 (r/w/o: 14260.61/4018.00/2090.40) lat (ms,95%): 58.92 err/s: 0.00 reconn/s: 0.00
[ 590s ] thds: 48 tps: 982.01 qps: 19642.01 (r/w/o: 13748.08/3878.12/2015.81) lat (ms,95%): 65.65 err/s: 0.00 reconn/s: 0.00
[ 600s ] thds: 48 tps: 997.10 qps: 19932.75 (r/w/o: 13954.06/3928.89/2049.79) lat (ms,95%): 62.19 err/s: 0.00 reconn/s: 0.00
SQL statistics:
    queries performed:
        read:                            8632190
        write:                           2429250
        other:                           1270260
        total:                           12331700
    transactions:                        616585 (1027.43 per sec.)
    queries:                             12331700 (20548.55 per sec.)
    ignored errors:                      0      (0.00 per sec.)
    reconnects:                          0      (0.00 per sec.)

General statistics:
    total time:                          600.1224s
    total number of events:              616585

Latency (ms):
         min:                                   16.47
         avg:                                   46.71
         max:                                  816.07
         95th percentile:                       58.92
         sum:                             28800727.69

Threads fairness:
    events (avg/stddev):           12845.5208/13.64
    execution time (avg/stddev):   600.0152/0.03

