sysbench 1.0.20 (using bundled LuaJIT 2.1.0-beta2)

Running the test with following options:
Number of threads: 48
Report intermediate results every 10 second(s)
Initializing random number generator from current time


Initializing worker threads...

Threads started!

[ 10s ] thds: 48 tps: 993.66 qps: 19925.15 (r/w/o: 13953.07/3923.27/2048.81) lat (ms,95%): 61.08 err/s: 0.00 reconn/s: 0.00
[ 20s ] thds: 48 tps: 1039.33 qps: 20791.29 (r/w/o: 14556.39/4097.43/2137.48) lat (ms,95%): 57.87 err/s: 0.00 reconn/s: 0.00
[ 30s ] thds: 48 tps: 1041.98 qps: 20831.34 (r/w/o: 14581.25/4109.53/2140.56) lat (ms,95%): 56.84 err/s: 0.00 reconn/s: 0.00
[ 40s ] thds: 48 tps: 1043.35 qps: 20875.08 (r/w/o: 14613.66/4115.72/2145.71) lat (ms,95%): 56.84 err/s: 0.00 reconn/s: 0.00
[ 50s ] thds: 48 tps: 1040.73 qps: 20810.72 (r/w/o: 14567.13/4101.62/2141.96) lat (ms,95%): 56.84 err/s: 0.00 reconn/s: 0.00
[ 60s ] thds: 48 tps: 1042.12 qps: 20839.78 (r/w/o: 14587.16/4106.37/2146.24) lat (ms,95%): 57.87 err/s: 0.00 reconn/s: 0.00
[ 70s ] thds: 48 tps: 1037.30 qps: 20747.48 (r/w/o: 14524.48/4087.10/2135.90) lat (ms,95%): 58.92 err/s: 0.00 reconn/s: 0.00
[ 80s ] thds: 48 tps: 1046.20 qps: 20911.05 (r/w/o: 14633.87/4126.79/2150.40) lat (ms,95%): 56.84 err/s: 0.00 reconn/s: 0.00
[ 90s ] thds: 48 tps: 1042.99 qps: 20879.61 (r/w/o: 14618.46/4112.86/2148.28) lat (ms,95%): 56.84 err/s: 0.00 reconn/s: 0.00
[ 100s ] thds: 48 tps: 1010.71 qps: 20206.00 (r/w/o: 14144.04/3984.44/2077.52) lat (ms,95%): 61.08 err/s: 0.00 reconn/s: 0.00
[ 110s ] thds: 48 tps: 1044.00 qps: 20884.12 (r/w/o: 14619.62/4117.20/2147.30) lat (ms,95%): 56.84 err/s: 0.00 reconn/s: 0.00
[ 120s ] thds: 48 tps: 1045.21 qps: 20903.70 (r/w/o: 14632.71/4122.96/2148.03) lat (ms,95%): 56.84 err/s: 0.00 reconn/s: 0.00
[ 130s ] thds: 48 tps: 1035.40 qps: 20699.14 (r/w/o: 14488.13/4076.91/2134.10) lat (ms,95%): 57.87 err/s: 0.00 reconn/s: 0.00
[ 140s ] thds: 48 tps: 1041.80 qps: 20844.65 (r/w/o: 14593.93/4106.41/2144.30) lat (ms,95%): 56.84 err/s: 0.00 reconn/s: 0.00
[ 150s ] thds: 48 tps: 1036.00 qps: 20720.87 (r/w/o: 14502.68/4087.39/2130.80) lat (ms,95%): 56.84 err/s: 0.00 reconn/s: 0.00
[ 160s ] thds: 48 tps: 1039.10 qps: 20780.53 (r/w/o: 14546.52/4097.41/2136.60) lat (ms,95%): 56.84 err/s: 0.00 reconn/s: 0.00
[ 170s ] thds: 48 tps: 1043.00 qps: 20864.89 (r/w/o: 14605.39/4116.80/2142.70) lat (ms,95%): 56.84 err/s: 0.00 reconn/s: 0.00
[ 180s ] thds: 48 tps: 1045.40 qps: 20890.07 (r/w/o: 14620.78/4120.60/2148.70) lat (ms,95%): 56.84 err/s: 0.00 reconn/s: 0.00
[ 190s ] thds: 48 tps: 1031.40 qps: 20634.32 (r/w/o: 14443.61/4074.90/2115.80) lat (ms,95%): 56.84 err/s: 0.00 reconn/s: 0.00
[ 200s ] thds: 48 tps: 996.30 qps: 19933.29 (r/w/o: 13957.99/3925.50/2049.80) lat (ms,95%): 63.32 err/s: 0.00 reconn/s: 0.00
[ 210s ] thds: 48 tps: 972.10 qps: 19419.90 (r/w/o: 13586.60/3835.80/1997.50) lat (ms,95%): 71.83 err/s: 0.00 reconn/s: 0.00
[ 220s ] thds: 48 tps: 951.10 qps: 19041.60 (r/w/o: 13333.10/3755.60/1952.90) lat (ms,95%): 74.46 err/s: 0.00 reconn/s: 0.00
[ 230s ] thds: 48 tps: 988.20 qps: 19780.80 (r/w/o: 13851.20/3900.40/2029.20) lat (ms,95%): 61.08 err/s: 0.00 reconn/s: 0.00
[ 240s ] thds: 48 tps: 987.20 qps: 19720.40 (r/w/o: 13799.30/3896.90/2024.20) lat (ms,95%): 66.84 err/s: 0.00 reconn/s: 0.00
[ 250s ] thds: 48 tps: 983.50 qps: 19671.04 (r/w/o: 13769.83/3876.61/2024.60) lat (ms,95%): 63.32 err/s: 0.00 reconn/s: 0.00
[ 260s ] thds: 48 tps: 989.40 qps: 19810.68 (r/w/o: 13868.89/3909.10/2032.70) lat (ms,95%): 64.47 err/s: 0.00 reconn/s: 0.00
[ 270s ] thds: 48 tps: 1027.00 qps: 20523.56 (r/w/o: 14365.27/4051.09/2107.20) lat (ms,95%): 59.99 err/s: 0.00 reconn/s: 0.00
[ 280s ] thds: 48 tps: 1041.40 qps: 20832.26 (r/w/o: 14585.34/4107.71/2139.21) lat (ms,95%): 57.87 err/s: 0.00 reconn/s: 0.00
[ 290s ] thds: 48 tps: 1060.50 qps: 21205.99 (r/w/o: 14841.89/4184.20/2179.90) lat (ms,95%): 55.82 err/s: 0.00 reconn/s: 0.00
[ 300s ] thds: 48 tps: 953.00 qps: 19059.57 (r/w/o: 13342.75/3759.21/1957.61) lat (ms,95%): 61.08 err/s: 0.00 reconn/s: 0.00
[ 310s ] thds: 48 tps: 1032.19 qps: 20644.97 (r/w/o: 14450.61/4077.37/2116.99) lat (ms,95%): 57.87 err/s: 0.00 reconn/s: 0.00
[ 320s ] thds: 48 tps: 1036.00 qps: 20722.14 (r/w/o: 14506.83/4087.21/2128.10) lat (ms,95%): 56.84 err/s: 0.00 reconn/s: 0.00
[ 330s ] thds: 48 tps: 1041.40 qps: 20829.85 (r/w/o: 14579.77/4114.99/2135.10) lat (ms,95%): 56.84 err/s: 0.00 reconn/s: 0.00
[ 340s ] thds: 48 tps: 1032.60 qps: 20653.60 (r/w/o: 14457.70/4073.70/2122.20) lat (ms,95%): 58.92 err/s: 0.00 reconn/s: 0.00
[ 350s ] thds: 48 tps: 1040.81 qps: 20819.39 (r/w/o: 14573.03/4114.24/2132.12) lat (ms,95%): 56.84 err/s: 0.00 reconn/s: 0.00
[ 360s ] thds: 48 tps: 1035.09 qps: 20700.86 (r/w/o: 14490.60/4085.27/2124.99) lat (ms,95%): 56.84 err/s: 0.00 reconn/s: 0.00
[ 370s ] thds: 48 tps: 1031.10 qps: 20608.63 (r/w/o: 14426.65/4065.69/2116.29) lat (ms,95%): 56.84 err/s: 0.00 reconn/s: 0.00
[ 380s ] thds: 48 tps: 1034.00 qps: 20696.46 (r/w/o: 14488.34/4087.01/2121.11) lat (ms,95%): 57.87 err/s: 0.00 reconn/s: 0.00
[ 390s ] thds: 48 tps: 941.90 qps: 18823.38 (r/w/o: 13175.08/3713.60/1934.70) lat (ms,95%): 58.92 err/s: 0.00 reconn/s: 0.00
[ 400s ] thds: 48 tps: 1029.20 qps: 20584.46 (r/w/o: 14410.74/4061.91/2111.81) lat (ms,95%): 57.87 err/s: 0.00 reconn/s: 0.00
[ 410s ] thds: 48 tps: 1035.10 qps: 20704.74 (r/w/o: 14492.66/4085.89/2126.19) lat (ms,95%): 56.84 err/s: 0.00 reconn/s: 0.00
[ 420s ] thds: 48 tps: 1040.10 qps: 20804.03 (r/w/o: 14562.92/4109.51/2131.60) lat (ms,95%): 57.87 err/s: 0.00 reconn/s: 0.00
[ 430s ] thds: 48 tps: 1020.70 qps: 20408.55 (r/w/o: 14285.96/4029.19/2093.39) lat (ms,95%): 58.92 err/s: 0.00 reconn/s: 0.00
[ 440s ] thds: 48 tps: 1043.60 qps: 20864.58 (r/w/o: 14604.26/4123.72/2136.61) lat (ms,95%): 55.82 err/s: 0.00 reconn/s: 0.00
[ 450s ] thds: 48 tps: 1037.80 qps: 20760.32 (r/w/o: 14530.75/4094.68/2134.89) lat (ms,95%): 56.84 err/s: 0.00 reconn/s: 0.00
[ 460s ] thds: 48 tps: 1027.90 qps: 20565.65 (r/w/o: 14398.33/4056.41/2110.90) lat (ms,95%): 56.84 err/s: 0.00 reconn/s: 0.00
[ 470s ] thds: 48 tps: 1029.40 qps: 20586.31 (r/w/o: 14409.70/4068.40/2108.20) lat (ms,95%): 57.87 err/s: 0.00 reconn/s: 0.00
[ 480s ] thds: 48 tps: 1036.40 qps: 20726.73 (r/w/o: 14509.12/4088.91/2128.70) lat (ms,95%): 56.84 err/s: 0.00 reconn/s: 0.00
[ 490s ] thds: 48 tps: 997.80 qps: 19959.65 (r/w/o: 13970.47/3941.09/2048.10) lat (ms,95%): 59.99 err/s: 0.00 reconn/s: 0.00
[ 500s ] thds: 48 tps: 1026.10 qps: 20523.95 (r/w/o: 14367.37/4050.89/2105.70) lat (ms,95%): 56.84 err/s: 0.00 reconn/s: 0.00
[ 510s ] thds: 48 tps: 1029.90 qps: 20595.05 (r/w/o: 14416.93/4065.81/2112.30) lat (ms,95%): 57.87 err/s: 0.00 reconn/s: 0.00
[ 520s ] thds: 48 tps: 1024.50 qps: 20488.80 (r/w/o: 14343.40/4046.70/2098.70) lat (ms,95%): 57.87 err/s: 0.00 reconn/s: 0.00
[ 530s ] thds: 48 tps: 1028.00 qps: 20567.48 (r/w/o: 14396.59/4063.20/2107.70) lat (ms,95%): 57.87 err/s: 0.00 reconn/s: 0.00
[ 540s ] thds: 48 tps: 1027.30 qps: 20540.73 (r/w/o: 14377.75/4059.39/2103.59) lat (ms,95%): 57.87 err/s: 0.00 reconn/s: 0.00
[ 550s ] thds: 48 tps: 1022.11 qps: 20449.49 (r/w/o: 14316.53/4037.54/2095.42) lat (ms,95%): 57.87 err/s: 0.00 reconn/s: 0.00
[ 560s ] thds: 48 tps: 1025.30 qps: 20499.82 (r/w/o: 14349.24/4047.88/2102.69) lat (ms,95%): 58.92 err/s: 0.00 reconn/s: 0.00
[ 570s ] thds: 48 tps: 1033.50 qps: 20661.65 (r/w/o: 14461.47/4085.69/2114.50) lat (ms,95%): 56.84 err/s: 0.00 reconn/s: 0.00
[ 580s ] thds: 48 tps: 1014.80 qps: 20296.78 (r/w/o: 14205.26/4015.72/2075.81) lat (ms,95%): 59.99 err/s: 0.00 reconn/s: 0.00
[ 590s ] thds: 48 tps: 930.70 qps: 18599.31 (r/w/o: 13020.13/3670.18/1908.99) lat (ms,95%): 81.48 err/s: 0.00 reconn/s: 0.00
[ 600s ] thds: 48 tps: 913.54 qps: 18329.78 (r/w/o: 12829.31/3630.08/1870.39) lat (ms,95%): 86.00 err/s: 0.00 reconn/s: 0.00
SQL statistics:
    queries performed:
        read:                            8575462
        write:                           2417407
        other:                           1257791
        total:                           12250660
    transactions:                        612533 (1020.73 per sec.)
    queries:                             12250660 (20414.57 per sec.)
    ignored errors:                      0      (0.00 per sec.)
    reconnects:                          0      (0.00 per sec.)

General statistics:
    total time:                          600.0908s
    total number of events:              612533

Latency (ms):
         min:                                   15.95
         avg:                                   47.02
         max:                                  761.14
         95th percentile:                       59.99
         sum:                             28799061.36

Threads fairness:
    events (avg/stddev):           12761.1042/11.11
    execution time (avg/stddev):   599.9804/0.01

