sysbench 1.0.20 (using bundled LuaJIT 2.1.0-beta2)

Running the test with following options:
Number of threads: 48
Report intermediate results every 10 second(s)
Initializing random number generator from current time


Initializing worker threads...

Threads started!

[ 10s ] thds: 48 tps: 1528.75 qps: 24497.05 (r/w/o: 21435.14/0.00/3061.91) lat (ms,95%): 41.10 err/s: 0.00 reconn/s: 0.00
[ 20s ] thds: 48 tps: 1551.24 qps: 24828.79 (r/w/o: 21726.10/0.00/3102.69) lat (ms,95%): 39.65 err/s: 0.00 reconn/s: 0.00
[ 30s ] thds: 48 tps: 1576.19 qps: 25210.31 (r/w/o: 22058.12/0.00/3152.19) lat (ms,95%): 38.94 err/s: 0.00 reconn/s: 0.00
[ 40s ] thds: 48 tps: 1559.64 qps: 24959.38 (r/w/o: 21839.70/0.00/3119.69) lat (ms,95%): 38.94 err/s: 0.00 reconn/s: 0.00
[ 50s ] thds: 48 tps: 1558.36 qps: 24931.77 (r/w/o: 21815.15/0.00/3116.62) lat (ms,95%): 39.65 err/s: 0.00 reconn/s: 0.00
[ 60s ] thds: 48 tps: 1559.60 qps: 24958.92 (r/w/o: 21839.62/0.00/3119.30) lat (ms,95%): 38.94 err/s: 0.00 reconn/s: 0.00
[ 70s ] thds: 48 tps: 1557.09 qps: 24906.92 (r/w/o: 21792.93/0.00/3113.99) lat (ms,95%): 39.65 err/s: 0.00 reconn/s: 0.00
[ 80s ] thds: 48 tps: 1613.71 qps: 25822.01 (r/w/o: 22594.39/0.00/3227.61) lat (ms,95%): 38.25 err/s: 0.00 reconn/s: 0.00
[ 90s ] thds: 48 tps: 1601.70 qps: 25620.45 (r/w/o: 22417.26/0.00/3203.19) lat (ms,95%): 38.94 err/s: 0.00 reconn/s: 0.00
[ 100s ] thds: 48 tps: 1578.60 qps: 25262.28 (r/w/o: 22105.08/0.00/3157.20) lat (ms,95%): 38.94 err/s: 0.00 reconn/s: 0.00
[ 110s ] thds: 48 tps: 1554.77 qps: 24874.52 (r/w/o: 21765.28/0.00/3109.24) lat (ms,95%): 39.65 err/s: 0.00 reconn/s: 0.00
[ 120s ] thds: 48 tps: 1559.66 qps: 24953.72 (r/w/o: 21833.99/0.00/3119.73) lat (ms,95%): 38.94 err/s: 0.00 reconn/s: 0.00
[ 130s ] thds: 48 tps: 1545.96 qps: 24740.24 (r/w/o: 21648.41/0.00/3091.83) lat (ms,95%): 40.37 err/s: 0.00 reconn/s: 0.00
[ 140s ] thds: 48 tps: 1528.28 qps: 24451.42 (r/w/o: 21394.57/0.00/3056.85) lat (ms,95%): 41.10 err/s: 0.00 reconn/s: 0.00
[ 150s ] thds: 48 tps: 1534.24 qps: 24547.63 (r/w/o: 21479.45/0.00/3068.18) lat (ms,95%): 40.37 err/s: 0.00 reconn/s: 0.00
[ 160s ] thds: 48 tps: 1535.97 qps: 24576.86 (r/w/o: 21504.71/0.00/3072.14) lat (ms,95%): 40.37 err/s: 0.00 reconn/s: 0.00
[ 170s ] thds: 48 tps: 1550.31 qps: 24806.37 (r/w/o: 21705.85/0.00/3100.52) lat (ms,95%): 39.65 err/s: 0.00 reconn/s: 0.00
[ 180s ] thds: 48 tps: 1559.77 qps: 24955.56 (r/w/o: 21836.23/0.00/3119.33) lat (ms,95%): 38.94 err/s: 0.00 reconn/s: 0.00
[ 190s ] thds: 48 tps: 1564.13 qps: 25019.55 (r/w/o: 21891.18/0.00/3128.37) lat (ms,95%): 38.25 err/s: 0.00 reconn/s: 0.00
[ 200s ] thds: 48 tps: 1586.43 qps: 25391.52 (r/w/o: 22218.65/0.00/3172.86) lat (ms,95%): 38.94 err/s: 0.00 reconn/s: 0.00
[ 210s ] thds: 48 tps: 1652.53 qps: 26432.61 (r/w/o: 23127.45/0.00/3305.16) lat (ms,95%): 36.89 err/s: 0.00 reconn/s: 0.00
[ 220s ] thds: 48 tps: 1652.34 qps: 26438.97 (r/w/o: 23134.48/0.00/3304.48) lat (ms,95%): 36.89 err/s: 0.00 reconn/s: 0.00
[ 230s ] thds: 48 tps: 1655.80 qps: 26491.86 (r/w/o: 23179.95/0.00/3311.91) lat (ms,95%): 36.24 err/s: 0.00 reconn/s: 0.00
[ 240s ] thds: 48 tps: 1650.60 qps: 26417.00 (r/w/o: 23115.90/0.00/3301.10) lat (ms,95%): 36.89 err/s: 0.00 reconn/s: 0.00
[ 250s ] thds: 48 tps: 1655.20 qps: 26479.31 (r/w/o: 23169.11/0.00/3310.20) lat (ms,95%): 36.89 err/s: 0.00 reconn/s: 0.00
[ 260s ] thds: 48 tps: 1655.80 qps: 26494.30 (r/w/o: 23182.70/0.00/3311.60) lat (ms,95%): 36.24 err/s: 0.00 reconn/s: 0.00
[ 270s ] thds: 48 tps: 1657.40 qps: 26514.23 (r/w/o: 23199.34/0.00/3314.89) lat (ms,95%): 36.89 err/s: 0.00 reconn/s: 0.00
[ 280s ] thds: 48 tps: 1657.27 qps: 26515.52 (r/w/o: 23200.78/0.00/3314.74) lat (ms,95%): 36.89 err/s: 0.00 reconn/s: 0.00
[ 290s ] thds: 48 tps: 1652.73 qps: 26444.62 (r/w/o: 23139.16/0.00/3305.47) lat (ms,95%): 36.89 err/s: 0.00 reconn/s: 0.00
[ 300s ] thds: 48 tps: 1667.70 qps: 26685.47 (r/w/o: 23350.17/0.00/3335.30) lat (ms,95%): 36.24 err/s: 0.00 reconn/s: 0.00
[ 310s ] thds: 48 tps: 1648.45 qps: 26376.26 (r/w/o: 23079.35/0.00/3296.91) lat (ms,95%): 36.89 err/s: 0.00 reconn/s: 0.00
[ 320s ] thds: 48 tps: 1648.57 qps: 26384.32 (r/w/o: 23087.08/0.00/3297.24) lat (ms,95%): 38.25 err/s: 0.00 reconn/s: 0.00
[ 330s ] thds: 48 tps: 1669.98 qps: 26707.07 (r/w/o: 23367.41/0.00/3339.66) lat (ms,95%): 36.24 err/s: 0.00 reconn/s: 0.00
[ 340s ] thds: 48 tps: 1645.51 qps: 26329.48 (r/w/o: 23038.27/0.00/3291.21) lat (ms,95%): 37.56 err/s: 0.00 reconn/s: 0.00
[ 350s ] thds: 48 tps: 1650.58 qps: 26415.15 (r/w/o: 23114.20/0.00/3300.96) lat (ms,95%): 36.89 err/s: 0.00 reconn/s: 0.00
[ 360s ] thds: 48 tps: 1671.91 qps: 26746.72 (r/w/o: 23402.69/0.00/3344.03) lat (ms,95%): 35.59 err/s: 0.00 reconn/s: 0.00
[ 370s ] thds: 48 tps: 1598.81 qps: 25586.34 (r/w/o: 22388.71/0.00/3197.63) lat (ms,95%): 39.65 err/s: 0.00 reconn/s: 0.00
[ 380s ] thds: 48 tps: 1578.99 qps: 25258.38 (r/w/o: 22100.41/0.00/3157.97) lat (ms,95%): 38.94 err/s: 0.00 reconn/s: 0.00
[ 390s ] thds: 48 tps: 1564.60 qps: 25037.50 (r/w/o: 21908.20/0.00/3129.30) lat (ms,95%): 38.94 err/s: 0.00 reconn/s: 0.00
[ 400s ] thds: 48 tps: 1580.39 qps: 25280.06 (r/w/o: 22119.47/0.00/3160.58) lat (ms,95%): 38.25 err/s: 0.00 reconn/s: 0.00
[ 410s ] thds: 48 tps: 1654.87 qps: 26476.47 (r/w/o: 23166.84/0.00/3309.63) lat (ms,95%): 36.89 err/s: 0.00 reconn/s: 0.00
[ 420s ] thds: 48 tps: 1661.84 qps: 26598.17 (r/w/o: 23274.19/0.00/3323.98) lat (ms,95%): 36.89 err/s: 0.00 reconn/s: 0.00
[ 430s ] thds: 48 tps: 1667.48 qps: 26675.79 (r/w/o: 23340.93/0.00/3334.86) lat (ms,95%): 36.24 err/s: 0.00 reconn/s: 0.00
[ 440s ] thds: 48 tps: 1660.65 qps: 26569.05 (r/w/o: 23247.96/0.00/3321.09) lat (ms,95%): 36.89 err/s: 0.00 reconn/s: 0.00
[ 450s ] thds: 48 tps: 1658.07 qps: 26531.29 (r/w/o: 23214.84/0.00/3316.45) lat (ms,95%): 37.56 err/s: 0.00 reconn/s: 0.00
[ 460s ] thds: 48 tps: 1673.20 qps: 26770.60 (r/w/o: 23424.20/0.00/3346.40) lat (ms,95%): 36.24 err/s: 0.00 reconn/s: 0.00
[ 470s ] thds: 48 tps: 1662.49 qps: 26601.14 (r/w/o: 23276.06/0.00/3325.08) lat (ms,95%): 36.24 err/s: 0.00 reconn/s: 0.00
[ 480s ] thds: 48 tps: 1664.11 qps: 26624.50 (r/w/o: 23296.49/0.00/3328.01) lat (ms,95%): 36.89 err/s: 0.00 reconn/s: 0.00
[ 490s ] thds: 48 tps: 1671.71 qps: 26739.19 (r/w/o: 23395.78/0.00/3343.41) lat (ms,95%): 36.24 err/s: 0.00 reconn/s: 0.00
[ 500s ] thds: 48 tps: 1665.70 qps: 26654.90 (r/w/o: 23323.40/0.00/3331.50) lat (ms,95%): 36.24 err/s: 0.00 reconn/s: 0.00
[ 510s ] thds: 48 tps: 1662.16 qps: 26593.42 (r/w/o: 23269.20/0.00/3324.21) lat (ms,95%): 36.89 err/s: 0.00 reconn/s: 0.00
[ 520s ] thds: 48 tps: 1667.45 qps: 26676.73 (r/w/o: 23341.83/0.00/3334.89) lat (ms,95%): 36.89 err/s: 0.00 reconn/s: 0.00
[ 530s ] thds: 48 tps: 1662.90 qps: 26610.13 (r/w/o: 23284.64/0.00/3325.49) lat (ms,95%): 36.89 err/s: 0.00 reconn/s: 0.00
[ 540s ] thds: 48 tps: 1661.41 qps: 26587.64 (r/w/o: 23264.53/0.00/3323.12) lat (ms,95%): 36.89 err/s: 0.00 reconn/s: 0.00
[ 550s ] thds: 48 tps: 1674.41 qps: 26786.09 (r/w/o: 23437.88/0.00/3348.21) lat (ms,95%): 35.59 err/s: 0.00 reconn/s: 0.00
[ 560s ] thds: 48 tps: 1663.93 qps: 26624.05 (r/w/o: 23295.69/0.00/3328.36) lat (ms,95%): 36.24 err/s: 0.00 reconn/s: 0.00
[ 570s ] thds: 48 tps: 1662.54 qps: 26594.89 (r/w/o: 23269.61/0.00/3325.27) lat (ms,95%): 36.89 err/s: 0.00 reconn/s: 0.00
[ 580s ] thds: 48 tps: 1671.43 qps: 26752.45 (r/w/o: 23409.58/0.00/3342.87) lat (ms,95%): 36.24 err/s: 0.00 reconn/s: 0.00
[ 590s ] thds: 48 tps: 1656.37 qps: 26501.03 (r/w/o: 23188.39/0.00/3312.64) lat (ms,95%): 37.56 err/s: 0.00 reconn/s: 0.00
[ 600s ] thds: 48 tps: 1669.47 qps: 26705.45 (r/w/o: 23366.82/0.00/3338.63) lat (ms,95%): 36.24 err/s: 0.00 reconn/s: 0.00
SQL statistics:
    queries performed:
        read:                            13624352
        write:                           0
        other:                           1946336
        total:                           15570688
    transactions:                        973168 (1621.73 per sec.)
    queries:                             15570688 (25947.65 per sec.)
    ignored errors:                      0      (0.00 per sec.)
    reconnects:                          0      (0.00 per sec.)

General statistics:
    total time:                          600.0783s
    total number of events:              973168

Latency (ms):
         min:                                    9.61
         avg:                                   29.59
         max:                                  110.70
         95th percentile:                       38.25
         sum:                             28799000.50

Threads fairness:
    events (avg/stddev):           20274.3333/19.01
    execution time (avg/stddev):   599.9792/0.02

