sysbench 1.0.20 (using bundled LuaJIT 2.1.0-beta2)

Running the test with following options:
Number of threads: 48
Report intermediate results every 10 second(s)
Initializing random number generator from current time


Initializing worker threads...

Threads started!

[ 10s ] thds: 48 tps: 1581.53 qps: 25342.71 (r/w/o: 22175.15/0.00/3167.56) lat (ms,95%): 38.25 err/s: 0.00 reconn/s: 0.00
[ 20s ] thds: 48 tps: 1590.30 qps: 25445.57 (r/w/o: 22264.77/0.00/3180.80) lat (ms,95%): 38.25 err/s: 0.00 reconn/s: 0.00
[ 30s ] thds: 48 tps: 1616.55 qps: 25863.32 (r/w/o: 22630.22/0.00/3233.10) lat (ms,95%): 36.89 err/s: 0.00 reconn/s: 0.00
[ 40s ] thds: 48 tps: 1578.20 qps: 25253.74 (r/w/o: 22097.53/0.00/3156.20) lat (ms,95%): 38.25 err/s: 0.00 reconn/s: 0.00
[ 50s ] thds: 48 tps: 1603.00 qps: 25649.29 (r/w/o: 22443.09/0.00/3206.20) lat (ms,95%): 37.56 err/s: 0.00 reconn/s: 0.00
[ 60s ] thds: 48 tps: 1596.30 qps: 25537.72 (r/w/o: 22345.32/0.00/3192.40) lat (ms,95%): 38.25 err/s: 0.00 reconn/s: 0.00
[ 70s ] thds: 48 tps: 1602.97 qps: 25644.97 (r/w/o: 22439.02/0.00/3205.95) lat (ms,95%): 37.56 err/s: 0.00 reconn/s: 0.00
[ 80s ] thds: 48 tps: 1590.82 qps: 25456.06 (r/w/o: 22274.32/0.00/3181.75) lat (ms,95%): 38.25 err/s: 0.00 reconn/s: 0.00
[ 90s ] thds: 48 tps: 1595.69 qps: 25532.91 (r/w/o: 22341.43/0.00/3191.49) lat (ms,95%): 37.56 err/s: 0.00 reconn/s: 0.00
[ 100s ] thds: 48 tps: 1618.76 qps: 25897.43 (r/w/o: 22659.90/0.00/3237.53) lat (ms,95%): 36.89 err/s: 0.00 reconn/s: 0.00
[ 110s ] thds: 48 tps: 1611.14 qps: 25780.16 (r/w/o: 22557.97/0.00/3222.18) lat (ms,95%): 38.25 err/s: 0.00 reconn/s: 0.00
[ 120s ] thds: 48 tps: 1634.95 qps: 26163.93 (r/w/o: 22893.93/0.00/3270.00) lat (ms,95%): 36.89 err/s: 0.00 reconn/s: 0.00
[ 130s ] thds: 48 tps: 1610.93 qps: 25770.69 (r/w/o: 22548.93/0.00/3221.76) lat (ms,95%): 37.56 err/s: 0.00 reconn/s: 0.00
[ 140s ] thds: 48 tps: 1633.05 qps: 26127.69 (r/w/o: 22861.69/0.00/3266.00) lat (ms,95%): 36.89 err/s: 0.00 reconn/s: 0.00
[ 150s ] thds: 48 tps: 1616.07 qps: 25852.76 (r/w/o: 22620.43/0.00/3232.33) lat (ms,95%): 37.56 err/s: 0.00 reconn/s: 0.00
[ 160s ] thds: 48 tps: 1612.61 qps: 25805.50 (r/w/o: 22580.28/0.00/3225.21) lat (ms,95%): 37.56 err/s: 0.00 reconn/s: 0.00
[ 170s ] thds: 48 tps: 1638.20 qps: 26212.61 (r/w/o: 22936.11/0.00/3276.50) lat (ms,95%): 36.24 err/s: 0.00 reconn/s: 0.00
[ 180s ] thds: 48 tps: 1616.63 qps: 25867.08 (r/w/o: 22634.02/0.00/3233.06) lat (ms,95%): 37.56 err/s: 0.00 reconn/s: 0.00
[ 190s ] thds: 48 tps: 1624.76 qps: 25995.29 (r/w/o: 22745.86/0.00/3249.42) lat (ms,95%): 37.56 err/s: 0.00 reconn/s: 0.00
[ 200s ] thds: 48 tps: 1622.90 qps: 25967.23 (r/w/o: 22721.02/0.00/3246.20) lat (ms,95%): 36.89 err/s: 0.00 reconn/s: 0.00
[ 210s ] thds: 48 tps: 1619.78 qps: 25913.04 (r/w/o: 22673.77/0.00/3239.27) lat (ms,95%): 37.56 err/s: 0.00 reconn/s: 0.00
[ 220s ] thds: 48 tps: 1621.63 qps: 25946.73 (r/w/o: 22703.28/0.00/3243.45) lat (ms,95%): 36.89 err/s: 0.00 reconn/s: 0.00
[ 230s ] thds: 48 tps: 1615.47 qps: 25852.55 (r/w/o: 22621.82/0.00/3230.73) lat (ms,95%): 37.56 err/s: 0.00 reconn/s: 0.00
[ 240s ] thds: 48 tps: 1633.98 qps: 26143.54 (r/w/o: 22875.47/0.00/3268.07) lat (ms,95%): 36.89 err/s: 0.00 reconn/s: 0.00
[ 250s ] thds: 48 tps: 1608.95 qps: 25742.95 (r/w/o: 22524.96/0.00/3217.99) lat (ms,95%): 38.25 err/s: 0.00 reconn/s: 0.00
[ 260s ] thds: 48 tps: 1619.55 qps: 25908.98 (r/w/o: 22669.88/0.00/3239.10) lat (ms,95%): 37.56 err/s: 0.00 reconn/s: 0.00
[ 270s ] thds: 48 tps: 1627.85 qps: 26046.43 (r/w/o: 22790.72/0.00/3255.70) lat (ms,95%): 37.56 err/s: 0.00 reconn/s: 0.00
[ 280s ] thds: 48 tps: 1616.10 qps: 25859.52 (r/w/o: 22627.72/0.00/3231.80) lat (ms,95%): 37.56 err/s: 0.00 reconn/s: 0.00
[ 290s ] thds: 48 tps: 1632.20 qps: 26117.54 (r/w/o: 22852.74/0.00/3264.79) lat (ms,95%): 36.89 err/s: 0.00 reconn/s: 0.00
[ 300s ] thds: 48 tps: 1617.60 qps: 25876.81 (r/w/o: 22641.81/0.00/3235.00) lat (ms,95%): 37.56 err/s: 0.00 reconn/s: 0.00
[ 310s ] thds: 48 tps: 1623.70 qps: 25982.60 (r/w/o: 22735.20/0.00/3247.40) lat (ms,95%): 36.89 err/s: 0.00 reconn/s: 0.00
[ 320s ] thds: 48 tps: 1618.38 qps: 25887.63 (r/w/o: 22650.97/0.00/3236.65) lat (ms,95%): 37.56 err/s: 0.00 reconn/s: 0.00
[ 330s ] thds: 48 tps: 1623.02 qps: 25971.21 (r/w/o: 22724.97/0.00/3246.24) lat (ms,95%): 37.56 err/s: 0.00 reconn/s: 0.00
[ 340s ] thds: 48 tps: 1623.20 qps: 25976.12 (r/w/o: 22729.62/0.00/3246.50) lat (ms,95%): 36.89 err/s: 0.00 reconn/s: 0.00
[ 350s ] thds: 48 tps: 1612.45 qps: 25789.16 (r/w/o: 22564.27/0.00/3224.90) lat (ms,95%): 37.56 err/s: 0.00 reconn/s: 0.00
[ 360s ] thds: 48 tps: 1633.26 qps: 26136.62 (r/w/o: 22870.20/0.00/3266.41) lat (ms,95%): 36.89 err/s: 0.00 reconn/s: 0.00
[ 370s ] thds: 48 tps: 1603.31 qps: 25658.23 (r/w/o: 22451.60/0.00/3206.63) lat (ms,95%): 38.25 err/s: 0.00 reconn/s: 0.00
[ 380s ] thds: 48 tps: 1616.54 qps: 25864.40 (r/w/o: 22631.41/0.00/3232.99) lat (ms,95%): 37.56 err/s: 0.00 reconn/s: 0.00
[ 390s ] thds: 48 tps: 1632.91 qps: 26123.12 (r/w/o: 22857.39/0.00/3265.73) lat (ms,95%): 36.89 err/s: 0.00 reconn/s: 0.00
[ 400s ] thds: 48 tps: 1613.43 qps: 25812.30 (r/w/o: 22585.64/0.00/3226.66) lat (ms,95%): 37.56 err/s: 0.00 reconn/s: 0.00
[ 410s ] thds: 48 tps: 1631.80 qps: 26108.65 (r/w/o: 22844.55/0.00/3264.09) lat (ms,95%): 36.89 err/s: 0.00 reconn/s: 0.00
[ 420s ] thds: 48 tps: 1619.10 qps: 25911.39 (r/w/o: 22673.49/0.00/3237.90) lat (ms,95%): 37.56 err/s: 0.00 reconn/s: 0.00
[ 430s ] thds: 48 tps: 1619.18 qps: 25904.72 (r/w/o: 22666.07/0.00/3238.65) lat (ms,95%): 37.56 err/s: 0.00 reconn/s: 0.00
[ 440s ] thds: 48 tps: 1621.42 qps: 25943.69 (r/w/o: 22700.84/0.00/3242.85) lat (ms,95%): 36.89 err/s: 0.00 reconn/s: 0.00
[ 450s ] thds: 48 tps: 1617.44 qps: 25878.27 (r/w/o: 22643.39/0.00/3234.88) lat (ms,95%): 37.56 err/s: 0.00 reconn/s: 0.00
[ 460s ] thds: 48 tps: 1628.36 qps: 26050.08 (r/w/o: 22793.46/0.00/3256.62) lat (ms,95%): 36.89 err/s: 0.00 reconn/s: 0.00
[ 470s ] thds: 48 tps: 1617.11 qps: 25879.98 (r/w/o: 22645.66/0.00/3234.32) lat (ms,95%): 37.56 err/s: 0.00 reconn/s: 0.00
[ 480s ] thds: 48 tps: 1635.89 qps: 26168.55 (r/w/o: 22896.97/0.00/3271.58) lat (ms,95%): 36.24 err/s: 0.00 reconn/s: 0.00
[ 490s ] thds: 48 tps: 1604.39 qps: 25667.92 (r/w/o: 22459.23/0.00/3208.69) lat (ms,95%): 38.25 err/s: 0.00 reconn/s: 0.00
[ 500s ] thds: 48 tps: 1616.41 qps: 25870.08 (r/w/o: 22637.26/0.00/3232.82) lat (ms,95%): 38.25 err/s: 0.00 reconn/s: 0.00
[ 510s ] thds: 48 tps: 1633.71 qps: 26130.55 (r/w/o: 22863.33/0.00/3267.22) lat (ms,95%): 36.24 err/s: 0.00 reconn/s: 0.00
[ 520s ] thds: 48 tps: 1609.77 qps: 25759.20 (r/w/o: 22539.35/0.00/3219.85) lat (ms,95%): 38.25 err/s: 0.00 reconn/s: 0.00
[ 530s ] thds: 48 tps: 1629.56 qps: 26071.52 (r/w/o: 22812.31/0.00/3259.22) lat (ms,95%): 36.89 err/s: 0.00 reconn/s: 0.00
[ 540s ] thds: 48 tps: 1621.38 qps: 25944.63 (r/w/o: 22701.97/0.00/3242.67) lat (ms,95%): 36.89 err/s: 0.00 reconn/s: 0.00
[ 550s ] thds: 48 tps: 1628.14 qps: 26047.32 (r/w/o: 22791.14/0.00/3256.18) lat (ms,95%): 36.89 err/s: 0.00 reconn/s: 0.00
[ 560s ] thds: 48 tps: 1613.32 qps: 25811.05 (r/w/o: 22584.30/0.00/3226.74) lat (ms,95%): 38.25 err/s: 0.00 reconn/s: 0.00
[ 570s ] thds: 48 tps: 1620.10 qps: 25923.53 (r/w/o: 22683.13/0.00/3240.40) lat (ms,95%): 37.56 err/s: 0.00 reconn/s: 0.00
[ 580s ] thds: 48 tps: 1630.60 qps: 26094.22 (r/w/o: 22833.13/0.00/3261.09) lat (ms,95%): 36.89 err/s: 0.00 reconn/s: 0.00
[ 590s ] thds: 48 tps: 1616.20 qps: 25860.96 (r/w/o: 22628.55/0.00/3232.41) lat (ms,95%): 37.56 err/s: 0.00 reconn/s: 0.00
[ 600s ] thds: 48 tps: 1632.20 qps: 26111.01 (r/w/o: 22846.51/0.00/3264.50) lat (ms,95%): 36.89 err/s: 0.00 reconn/s: 0.00
SQL statistics:
    queries performed:
        read:                            13588386
        write:                           0
        other:                           1941198
        total:                           15529584
    transactions:                        970599 (1617.45 per sec.)
    queries:                             15529584 (25879.23 per sec.)
    ignored errors:                      0      (0.00 per sec.)
    reconnects:                          0      (0.00 per sec.)

General statistics:
    total time:                          600.0766s
    total number of events:              970599

Latency (ms):
         min:                                    9.07
         avg:                                   29.67
         max:                                  100.41
         95th percentile:                       37.56
         sum:                             28798804.57

Threads fairness:
    events (avg/stddev):           20220.8125/16.67
    execution time (avg/stddev):   599.9751/0.02

