sysbench 1.0.20 (using bundled LuaJIT 2.1.0-beta2)

Running the test with following options:
Number of threads: 48
Report intermediate results every 10 second(s)
Initializing random number generator from current time


Initializing worker threads...

Threads started!

[ 10s ] thds: 48 tps: 982.94 qps: 19712.41 (r/w/o: 13806.40/3868.26/2037.75) lat (ms,95%): 62.19 err/s: 0.00 reconn/s: 0.00
[ 20s ] thds: 48 tps: 1034.45 qps: 20674.13 (r/w/o: 14468.02/4063.60/2142.51) lat (ms,95%): 57.87 err/s: 0.00 reconn/s: 0.00
[ 30s ] thds: 48 tps: 1044.52 qps: 20901.65 (r/w/o: 14634.65/4102.77/2164.24) lat (ms,95%): 56.84 err/s: 0.00 reconn/s: 0.00
[ 40s ] thds: 48 tps: 1032.10 qps: 20655.20 (r/w/o: 14460.20/4058.00/2137.00) lat (ms,95%): 56.84 err/s: 0.00 reconn/s: 0.00
[ 50s ] thds: 48 tps: 1043.20 qps: 20845.91 (r/w/o: 14589.21/4094.70/2162.00) lat (ms,95%): 56.84 err/s: 0.00 reconn/s: 0.00
[ 60s ] thds: 48 tps: 999.50 qps: 19997.32 (r/w/o: 14000.45/3926.38/2070.49) lat (ms,95%): 58.92 err/s: 0.00 reconn/s: 0.00
[ 70s ] thds: 48 tps: 1032.30 qps: 20641.32 (r/w/o: 14447.52/4058.70/2135.10) lat (ms,95%): 56.84 err/s: 0.00 reconn/s: 0.00
[ 80s ] thds: 48 tps: 1046.30 qps: 20928.09 (r/w/o: 14651.17/4108.32/2168.61) lat (ms,95%): 56.84 err/s: 0.00 reconn/s: 0.00
[ 90s ] thds: 48 tps: 1035.60 qps: 20721.96 (r/w/o: 14504.87/4078.99/2138.10) lat (ms,95%): 56.84 err/s: 0.00 reconn/s: 0.00
[ 100s ] thds: 48 tps: 1030.60 qps: 20608.34 (r/w/o: 14426.65/4046.49/2135.19) lat (ms,95%): 57.87 err/s: 0.00 reconn/s: 0.00
[ 110s ] thds: 48 tps: 1040.80 qps: 20813.95 (r/w/o: 14567.94/4089.81/2156.21) lat (ms,95%): 56.84 err/s: 0.00 reconn/s: 0.00
[ 120s ] thds: 48 tps: 1031.80 qps: 20658.20 (r/w/o: 14461.70/4064.50/2132.00) lat (ms,95%): 57.87 err/s: 0.00 reconn/s: 0.00
[ 130s ] thds: 48 tps: 1030.20 qps: 20575.35 (r/w/o: 14401.37/4042.79/2131.20) lat (ms,95%): 58.92 err/s: 0.00 reconn/s: 0.00
[ 140s ] thds: 48 tps: 1035.80 qps: 20718.94 (r/w/o: 14505.03/4076.71/2137.20) lat (ms,95%): 56.84 err/s: 0.00 reconn/s: 0.00
[ 150s ] thds: 48 tps: 1030.70 qps: 20611.15 (r/w/o: 14426.47/4051.09/2133.59) lat (ms,95%): 57.87 err/s: 0.00 reconn/s: 0.00
[ 160s ] thds: 48 tps: 986.50 qps: 19735.16 (r/w/o: 13817.64/3875.11/2042.41) lat (ms,95%): 63.32 err/s: 0.00 reconn/s: 0.00
[ 170s ] thds: 48 tps: 996.40 qps: 19920.42 (r/w/o: 13941.81/3917.00/2061.60) lat (ms,95%): 61.08 err/s: 0.00 reconn/s: 0.00
[ 180s ] thds: 48 tps: 976.89 qps: 19560.74 (r/w/o: 13694.02/3847.55/2019.17) lat (ms,95%): 71.83 err/s: 0.00 reconn/s: 0.00
[ 190s ] thds: 48 tps: 998.11 qps: 19961.35 (r/w/o: 13972.18/3929.95/2059.23) lat (ms,95%): 63.32 err/s: 0.00 reconn/s: 0.00
[ 200s ] thds: 48 tps: 1011.69 qps: 20237.41 (r/w/o: 14166.67/3977.76/2092.98) lat (ms,95%): 62.19 err/s: 0.00 reconn/s: 0.00
[ 210s ] thds: 48 tps: 998.61 qps: 19943.54 (r/w/o: 13956.60/3922.23/2064.71) lat (ms,95%): 64.47 err/s: 0.00 reconn/s: 0.00
[ 220s ] thds: 48 tps: 956.90 qps: 19149.75 (r/w/o: 13406.54/3765.11/1978.11) lat (ms,95%): 73.13 err/s: 0.00 reconn/s: 0.00
[ 230s ] thds: 48 tps: 1014.70 qps: 20303.58 (r/w/o: 14217.58/3990.40/2095.60) lat (ms,95%): 65.65 err/s: 0.00 reconn/s: 0.00
[ 240s ] thds: 48 tps: 976.90 qps: 19547.39 (r/w/o: 13683.19/3845.60/2018.60) lat (ms,95%): 69.29 err/s: 0.00 reconn/s: 0.00
[ 250s ] thds: 48 tps: 1001.40 qps: 19988.96 (r/w/o: 13983.54/3938.21/2067.21) lat (ms,95%): 66.84 err/s: 0.00 reconn/s: 0.00
[ 260s ] thds: 48 tps: 1001.60 qps: 20054.38 (r/w/o: 14043.28/3944.50/2066.60) lat (ms,95%): 63.32 err/s: 0.00 reconn/s: 0.00
[ 270s ] thds: 48 tps: 995.70 qps: 19918.90 (r/w/o: 13942.00/3923.30/2053.60) lat (ms,95%): 65.65 err/s: 0.00 reconn/s: 0.00
[ 280s ] thds: 48 tps: 965.20 qps: 19274.88 (r/w/o: 13488.88/3796.60/1989.40) lat (ms,95%): 65.65 err/s: 0.00 reconn/s: 0.00
[ 290s ] thds: 48 tps: 998.00 qps: 19968.30 (r/w/o: 13980.20/3929.90/2058.20) lat (ms,95%): 63.32 err/s: 0.00 reconn/s: 0.00
[ 300s ] thds: 48 tps: 983.80 qps: 19677.13 (r/w/o: 13776.12/3866.81/2034.20) lat (ms,95%): 66.84 err/s: 0.00 reconn/s: 0.00
[ 310s ] thds: 48 tps: 1041.00 qps: 20826.26 (r/w/o: 14575.77/4100.29/2150.20) lat (ms,95%): 58.92 err/s: 0.00 reconn/s: 0.00
[ 320s ] thds: 48 tps: 959.80 qps: 19198.97 (r/w/o: 13440.35/3781.01/1977.61) lat (ms,95%): 59.99 err/s: 0.00 reconn/s: 0.00
[ 330s ] thds: 48 tps: 1039.90 qps: 20791.20 (r/w/o: 14554.10/4091.50/2145.60) lat (ms,95%): 56.84 err/s: 0.00 reconn/s: 0.00
[ 340s ] thds: 48 tps: 1032.10 qps: 20653.88 (r/w/o: 14457.48/4070.20/2126.20) lat (ms,95%): 57.87 err/s: 0.00 reconn/s: 0.00
[ 350s ] thds: 48 tps: 1034.30 qps: 20689.61 (r/w/o: 14484.70/4069.80/2135.10) lat (ms,95%): 56.84 err/s: 0.00 reconn/s: 0.00
[ 360s ] thds: 48 tps: 1039.50 qps: 20787.37 (r/w/o: 14553.08/4086.50/2147.80) lat (ms,95%): 56.84 err/s: 0.00 reconn/s: 0.00
[ 370s ] thds: 48 tps: 1038.50 qps: 20751.79 (r/w/o: 14522.80/4085.50/2143.50) lat (ms,95%): 56.84 err/s: 0.00 reconn/s: 0.00
[ 380s ] thds: 48 tps: 1036.80 qps: 20757.61 (r/w/o: 14531.50/4081.50/2144.60) lat (ms,95%): 56.84 err/s: 0.00 reconn/s: 0.00
[ 390s ] thds: 48 tps: 1039.20 qps: 20778.73 (r/w/o: 14545.52/4086.91/2146.30) lat (ms,95%): 56.84 err/s: 0.00 reconn/s: 0.00
[ 400s ] thds: 48 tps: 1024.80 qps: 20496.87 (r/w/o: 14346.38/4032.99/2117.50) lat (ms,95%): 58.92 err/s: 0.00 reconn/s: 0.00
[ 410s ] thds: 48 tps: 1030.00 qps: 20597.57 (r/w/o: 14418.98/4055.09/2123.50) lat (ms,95%): 58.92 err/s: 0.00 reconn/s: 0.00
[ 420s ] thds: 48 tps: 1029.20 qps: 20582.63 (r/w/o: 14407.92/4052.51/2122.20) lat (ms,95%): 57.87 err/s: 0.00 reconn/s: 0.00
[ 430s ] thds: 48 tps: 1023.68 qps: 20472.73 (r/w/o: 14330.24/4025.83/2116.66) lat (ms,95%): 57.87 err/s: 0.00 reconn/s: 0.00
[ 440s ] thds: 48 tps: 1027.00 qps: 20552.93 (r/w/o: 14387.32/4045.71/2119.90) lat (ms,95%): 57.87 err/s: 0.00 reconn/s: 0.00
[ 450s ] thds: 48 tps: 1029.81 qps: 20577.22 (r/w/o: 14403.26/4049.84/2124.12) lat (ms,95%): 56.84 err/s: 0.00 reconn/s: 0.00
[ 460s ] thds: 48 tps: 1018.20 qps: 20373.08 (r/w/o: 14261.86/4007.22/2104.01) lat (ms,95%): 57.87 err/s: 0.00 reconn/s: 0.00
[ 470s ] thds: 48 tps: 1028.49 qps: 20565.96 (r/w/o: 14396.50/4051.37/2118.09) lat (ms,95%): 57.87 err/s: 0.00 reconn/s: 0.00
[ 480s ] thds: 48 tps: 1030.50 qps: 20611.74 (r/w/o: 14428.36/4060.19/2123.19) lat (ms,95%): 56.84 err/s: 0.00 reconn/s: 0.00
[ 490s ] thds: 48 tps: 1019.81 qps: 20402.53 (r/w/o: 14283.19/4016.82/2102.51) lat (ms,95%): 57.87 err/s: 0.00 reconn/s: 0.00
[ 500s ] thds: 48 tps: 1028.10 qps: 20562.18 (r/w/o: 14393.55/4049.02/2119.61) lat (ms,95%): 57.87 err/s: 0.00 reconn/s: 0.00
[ 510s ] thds: 48 tps: 1020.90 qps: 20412.25 (r/w/o: 14285.73/4022.71/2103.80) lat (ms,95%): 57.87 err/s: 0.00 reconn/s: 0.00
[ 520s ] thds: 48 tps: 1014.59 qps: 20295.49 (r/w/o: 14209.32/3995.78/2090.39) lat (ms,95%): 58.92 err/s: 0.00 reconn/s: 0.00
[ 530s ] thds: 48 tps: 1034.29 qps: 20678.25 (r/w/o: 14473.52/4068.85/2135.87) lat (ms,95%): 56.84 err/s: 0.00 reconn/s: 0.00
[ 540s ] thds: 48 tps: 1027.42 qps: 20550.10 (r/w/o: 14384.98/4046.18/2118.94) lat (ms,95%): 57.87 err/s: 0.00 reconn/s: 0.00
[ 550s ] thds: 48 tps: 1020.59 qps: 20406.26 (r/w/o: 14282.33/4020.35/2103.58) lat (ms,95%): 57.87 err/s: 0.00 reconn/s: 0.00
[ 560s ] thds: 48 tps: 1021.31 qps: 20428.06 (r/w/o: 14301.81/4018.53/2107.72) lat (ms,95%): 57.87 err/s: 0.00 reconn/s: 0.00
[ 570s ] thds: 48 tps: 1029.80 qps: 20593.92 (r/w/o: 14414.41/4055.30/2124.20) lat (ms,95%): 56.84 err/s: 0.00 reconn/s: 0.00
[ 580s ] thds: 48 tps: 1011.90 qps: 20248.31 (r/w/o: 14174.61/3985.40/2088.30) lat (ms,95%): 58.92 err/s: 0.00 reconn/s: 0.00
[ 590s ] thds: 48 tps: 1025.10 qps: 20486.43 (r/w/o: 14339.65/4036.39/2110.39) lat (ms,95%): 57.87 err/s: 0.00 reconn/s: 0.00
[ 600s ] thds: 48 tps: 1027.90 qps: 20575.28 (r/w/o: 14404.05/4052.11/2119.11) lat (ms,95%): 57.87 err/s: 0.00 reconn/s: 0.00
SQL statistics:
    queries performed:
        read:                            8554378
        write:                           2404174
        other:                           1261988
        total:                           12220540
    transactions:                        611027 (1018.18 per sec.)
    queries:                             12220540 (20363.65 per sec.)
    ignored errors:                      0      (0.00 per sec.)
    reconnects:                          0      (0.00 per sec.)

General statistics:
    total time:                          600.1128s
    total number of events:              611027

Latency (ms):
         min:                                   15.47
         avg:                                   47.13
         max:                                  632.45
         95th percentile:                       59.99
         sum:                             28800351.36

Threads fairness:
    events (avg/stddev):           12729.7292/14.46
    execution time (avg/stddev):   600.0073/0.03

