sysbench 1.0.20 (using bundled LuaJIT 2.1.0-beta2)

Running the test with following options:
Number of threads: 48
Report intermediate results every 10 second(s)
Initializing random number generator from current time


Initializing worker threads...

Threads started!

[ 10s ] thds: 48 tps: 1615.55 qps: 25886.35 (r/w/o: 22650.45/0.00/3235.91) lat (ms,95%): 36.89 err/s: 0.00 reconn/s: 0.00
[ 20s ] thds: 48 tps: 1614.91 qps: 25839.25 (r/w/o: 22609.73/0.00/3229.52) lat (ms,95%): 37.56 err/s: 0.00 reconn/s: 0.00
[ 30s ] thds: 48 tps: 1619.00 qps: 25903.17 (r/w/o: 22664.97/0.00/3238.20) lat (ms,95%): 37.56 err/s: 0.00 reconn/s: 0.00
[ 40s ] thds: 48 tps: 1609.71 qps: 25759.79 (r/w/o: 22540.38/0.00/3219.41) lat (ms,95%): 37.56 err/s: 0.00 reconn/s: 0.00
[ 50s ] thds: 48 tps: 1615.30 qps: 25847.58 (r/w/o: 22616.98/0.00/3230.60) lat (ms,95%): 37.56 err/s: 0.00 reconn/s: 0.00
[ 60s ] thds: 48 tps: 1633.70 qps: 26127.90 (r/w/o: 22860.70/0.00/3267.20) lat (ms,95%): 36.89 err/s: 0.00 reconn/s: 0.00
[ 70s ] thds: 48 tps: 1614.93 qps: 25845.08 (r/w/o: 22615.02/0.00/3230.06) lat (ms,95%): 37.56 err/s: 0.00 reconn/s: 0.00
[ 80s ] thds: 48 tps: 1621.17 qps: 25935.56 (r/w/o: 22693.23/0.00/3242.33) lat (ms,95%): 36.89 err/s: 0.00 reconn/s: 0.00
[ 90s ] thds: 48 tps: 1636.28 qps: 26182.22 (r/w/o: 22909.55/0.00/3272.66) lat (ms,95%): 36.89 err/s: 0.00 reconn/s: 0.00
[ 100s ] thds: 48 tps: 1613.70 qps: 25820.86 (r/w/o: 22593.55/0.00/3227.31) lat (ms,95%): 37.56 err/s: 0.00 reconn/s: 0.00
[ 110s ] thds: 48 tps: 1630.72 qps: 26097.93 (r/w/o: 22836.39/0.00/3261.54) lat (ms,95%): 36.89 err/s: 0.00 reconn/s: 0.00
[ 120s ] thds: 48 tps: 1616.99 qps: 25870.26 (r/w/o: 22636.28/0.00/3233.98) lat (ms,95%): 38.25 err/s: 0.00 reconn/s: 0.00
[ 130s ] thds: 48 tps: 1617.72 qps: 25878.89 (r/w/o: 22643.46/0.00/3235.44) lat (ms,95%): 37.56 err/s: 0.00 reconn/s: 0.00
[ 140s ] thds: 48 tps: 1635.76 qps: 26164.42 (r/w/o: 22893.01/0.00/3271.42) lat (ms,95%): 36.89 err/s: 0.00 reconn/s: 0.00
[ 150s ] thds: 48 tps: 1618.03 qps: 25888.78 (r/w/o: 22652.92/0.00/3235.86) lat (ms,95%): 37.56 err/s: 0.00 reconn/s: 0.00
[ 160s ] thds: 48 tps: 1628.26 qps: 26059.52 (r/w/o: 22802.80/0.00/3256.73) lat (ms,95%): 36.89 err/s: 0.00 reconn/s: 0.00
[ 170s ] thds: 48 tps: 1617.49 qps: 25881.42 (r/w/o: 22646.43/0.00/3234.99) lat (ms,95%): 38.25 err/s: 0.00 reconn/s: 0.00
[ 180s ] thds: 48 tps: 1620.29 qps: 25923.11 (r/w/o: 22682.62/0.00/3240.49) lat (ms,95%): 37.56 err/s: 0.00 reconn/s: 0.00
[ 190s ] thds: 48 tps: 1631.65 qps: 26098.14 (r/w/o: 22836.04/0.00/3262.11) lat (ms,95%): 36.89 err/s: 0.00 reconn/s: 0.00
[ 200s ] thds: 48 tps: 1615.90 qps: 25869.40 (r/w/o: 22636.30/0.00/3233.10) lat (ms,95%): 37.56 err/s: 0.00 reconn/s: 0.00
[ 210s ] thds: 48 tps: 1636.65 qps: 26177.87 (r/w/o: 22904.68/0.00/3273.20) lat (ms,95%): 36.89 err/s: 0.00 reconn/s: 0.00
[ 220s ] thds: 48 tps: 1612.57 qps: 25804.18 (r/w/o: 22578.94/0.00/3225.23) lat (ms,95%): 37.56 err/s: 0.00 reconn/s: 0.00
[ 230s ] thds: 48 tps: 1619.68 qps: 25914.73 (r/w/o: 22675.57/0.00/3239.15) lat (ms,95%): 37.56 err/s: 0.00 reconn/s: 0.00
[ 240s ] thds: 48 tps: 1637.78 qps: 26209.25 (r/w/o: 22933.59/0.00/3275.66) lat (ms,95%): 36.24 err/s: 0.00 reconn/s: 0.00
[ 250s ] thds: 48 tps: 1616.70 qps: 25860.66 (r/w/o: 22627.06/0.00/3233.61) lat (ms,95%): 37.56 err/s: 0.00 reconn/s: 0.00
[ 260s ] thds: 48 tps: 1638.19 qps: 26214.74 (r/w/o: 22938.36/0.00/3276.38) lat (ms,95%): 36.24 err/s: 0.00 reconn/s: 0.00
[ 270s ] thds: 48 tps: 1620.53 qps: 25923.72 (r/w/o: 22682.76/0.00/3240.97) lat (ms,95%): 37.56 err/s: 0.00 reconn/s: 0.00
[ 280s ] thds: 48 tps: 1625.11 qps: 26003.92 (r/w/o: 22753.69/0.00/3250.23) lat (ms,95%): 37.56 err/s: 0.00 reconn/s: 0.00
[ 290s ] thds: 48 tps: 1643.08 qps: 26297.95 (r/w/o: 23011.78/0.00/3286.17) lat (ms,95%): 36.89 err/s: 0.00 reconn/s: 0.00
[ 300s ] thds: 48 tps: 1620.77 qps: 25924.05 (r/w/o: 22682.42/0.00/3241.63) lat (ms,95%): 38.25 err/s: 0.00 reconn/s: 0.00
[ 310s ] thds: 48 tps: 1634.42 qps: 26143.74 (r/w/o: 22874.90/0.00/3268.84) lat (ms,95%): 36.89 err/s: 0.00 reconn/s: 0.00
[ 320s ] thds: 48 tps: 1629.81 qps: 26079.10 (r/w/o: 22819.77/0.00/3259.32) lat (ms,95%): 37.56 err/s: 0.00 reconn/s: 0.00
[ 330s ] thds: 48 tps: 1626.60 qps: 26030.27 (r/w/o: 22776.87/0.00/3253.40) lat (ms,95%): 37.56 err/s: 0.00 reconn/s: 0.00
[ 340s ] thds: 48 tps: 1641.60 qps: 26264.54 (r/w/o: 22981.33/0.00/3283.20) lat (ms,95%): 36.24 err/s: 0.00 reconn/s: 0.00
[ 350s ] thds: 48 tps: 1629.30 qps: 26070.21 (r/w/o: 22811.51/0.00/3258.70) lat (ms,95%): 37.56 err/s: 0.00 reconn/s: 0.00
[ 360s ] thds: 48 tps: 1629.01 qps: 26066.31 (r/w/o: 22808.30/0.00/3258.01) lat (ms,95%): 37.56 err/s: 0.00 reconn/s: 0.00
[ 370s ] thds: 48 tps: 1631.08 qps: 26095.81 (r/w/o: 22833.74/0.00/3262.06) lat (ms,95%): 37.56 err/s: 0.00 reconn/s: 0.00
[ 380s ] thds: 48 tps: 1622.91 qps: 25963.90 (r/w/o: 22718.27/0.00/3245.62) lat (ms,95%): 37.56 err/s: 0.00 reconn/s: 0.00
[ 390s ] thds: 48 tps: 1639.04 qps: 26222.33 (r/w/o: 22944.15/0.00/3278.18) lat (ms,95%): 36.89 err/s: 0.00 reconn/s: 0.00
[ 400s ] thds: 48 tps: 1621.76 qps: 25950.94 (r/w/o: 22707.32/0.00/3243.62) lat (ms,95%): 37.56 err/s: 0.00 reconn/s: 0.00
[ 410s ] thds: 48 tps: 1629.39 qps: 26074.91 (r/w/o: 22816.03/0.00/3258.88) lat (ms,95%): 37.56 err/s: 0.00 reconn/s: 0.00
[ 420s ] thds: 48 tps: 1643.21 qps: 26285.32 (r/w/o: 22999.10/0.00/3286.23) lat (ms,95%): 36.24 err/s: 0.00 reconn/s: 0.00
[ 430s ] thds: 48 tps: 1624.93 qps: 26003.94 (r/w/o: 22753.87/0.00/3250.07) lat (ms,95%): 36.89 err/s: 0.00 reconn/s: 0.00
[ 440s ] thds: 48 tps: 1647.59 qps: 26358.20 (r/w/o: 23063.21/0.00/3294.99) lat (ms,95%): 36.24 err/s: 0.00 reconn/s: 0.00
[ 450s ] thds: 48 tps: 1630.85 qps: 26094.26 (r/w/o: 22832.57/0.00/3261.70) lat (ms,95%): 36.89 err/s: 0.00 reconn/s: 0.00
[ 460s ] thds: 48 tps: 1622.91 qps: 25963.91 (r/w/o: 22718.40/0.00/3245.51) lat (ms,95%): 37.56 err/s: 0.00 reconn/s: 0.00
[ 470s ] thds: 48 tps: 1643.62 qps: 26302.58 (r/w/o: 23014.95/0.00/3287.64) lat (ms,95%): 36.24 err/s: 0.00 reconn/s: 0.00
[ 480s ] thds: 48 tps: 1626.23 qps: 26017.11 (r/w/o: 22764.66/0.00/3252.45) lat (ms,95%): 38.25 err/s: 0.00 reconn/s: 0.00
[ 490s ] thds: 48 tps: 1626.98 qps: 26034.89 (r/w/o: 22781.03/0.00/3253.86) lat (ms,95%): 37.56 err/s: 0.00 reconn/s: 0.00
[ 500s ] thds: 48 tps: 1632.46 qps: 26108.50 (r/w/o: 22843.57/0.00/3264.92) lat (ms,95%): 37.56 err/s: 0.00 reconn/s: 0.00
[ 510s ] thds: 48 tps: 1626.83 qps: 26032.18 (r/w/o: 22779.72/0.00/3252.46) lat (ms,95%): 38.25 err/s: 0.00 reconn/s: 0.00
[ 520s ] thds: 48 tps: 1637.10 qps: 26196.37 (r/w/o: 22921.07/0.00/3275.30) lat (ms,95%): 36.89 err/s: 0.00 reconn/s: 0.00
[ 530s ] thds: 48 tps: 1624.60 qps: 25997.26 (r/w/o: 22747.75/0.00/3249.51) lat (ms,95%): 37.56 err/s: 0.00 reconn/s: 0.00
[ 540s ] thds: 48 tps: 1641.60 qps: 26268.78 (r/w/o: 22985.58/0.00/3283.20) lat (ms,95%): 36.89 err/s: 0.00 reconn/s: 0.00
[ 550s ] thds: 48 tps: 1621.76 qps: 25941.66 (r/w/o: 22698.24/0.00/3243.42) lat (ms,95%): 38.25 err/s: 0.00 reconn/s: 0.00
[ 560s ] thds: 48 tps: 1621.74 qps: 25943.90 (r/w/o: 22700.52/0.00/3243.37) lat (ms,95%): 37.56 err/s: 0.00 reconn/s: 0.00
[ 570s ] thds: 48 tps: 1641.21 qps: 26265.06 (r/w/o: 22982.74/0.00/3282.32) lat (ms,95%): 36.89 err/s: 0.00 reconn/s: 0.00
[ 580s ] thds: 48 tps: 1621.69 qps: 25948.94 (r/w/o: 22705.56/0.00/3243.38) lat (ms,95%): 37.56 err/s: 0.00 reconn/s: 0.00
[ 590s ] thds: 48 tps: 1632.00 qps: 26102.90 (r/w/o: 22838.80/0.00/3264.10) lat (ms,95%): 36.89 err/s: 0.00 reconn/s: 0.00
[ 600s ] thds: 48 tps: 1638.42 qps: 26216.60 (r/w/o: 22939.86/0.00/3276.74) lat (ms,95%): 36.89 err/s: 0.00 reconn/s: 0.00
SQL statistics:
    queries performed:
        read:                            13670146
        write:                           0
        other:                           1952878
        total:                           15623024
    transactions:                        976439 (1627.20 per sec.)
    queries:                             15623024 (26035.13 per sec.)
    ignored errors:                      0      (0.00 per sec.)
    reconnects:                          0      (0.00 per sec.)

General statistics:
    total time:                          600.0724s
    total number of events:              976439

Latency (ms):
         min:                                    8.20
         avg:                                   29.49
         max:                                  103.74
         95th percentile:                       37.56
         sum:                             28798770.15

Threads fairness:
    events (avg/stddev):           20342.4792/15.30
    execution time (avg/stddev):   599.9744/0.02

