sysbench 1.0.20 (using bundled LuaJIT 2.1.0-beta2)

Running the test with following options:
Number of threads: 48
Report intermediate results every 10 second(s)
Initializing random number generator from current time


Initializing worker threads...

Threads started!

[ 10s ] thds: 48 tps: 880.89 qps: 17655.51 (r/w/o: 12364.26/3463.78/1827.47) lat (ms,95%): 75.82 err/s: 0.00 reconn/s: 0.00
[ 20s ] thds: 48 tps: 903.93 qps: 18088.28 (r/w/o: 12659.81/3552.71/1875.76) lat (ms,95%): 74.46 err/s: 0.00 reconn/s: 0.00
[ 30s ] thds: 48 tps: 961.10 qps: 19232.23 (r/w/o: 13465.72/3775.01/1991.50) lat (ms,95%): 64.47 err/s: 0.00 reconn/s: 0.00
[ 40s ] thds: 48 tps: 931.50 qps: 18631.01 (r/w/o: 13043.21/3655.30/1932.50) lat (ms,95%): 71.83 err/s: 0.00 reconn/s: 0.00
[ 50s ] thds: 48 tps: 1013.40 qps: 20258.54 (r/w/o: 14179.53/3981.01/2098.00) lat (ms,95%): 57.87 err/s: 0.00 reconn/s: 0.00
[ 60s ] thds: 48 tps: 1031.19 qps: 20626.48 (r/w/o: 14439.61/4050.98/2135.89) lat (ms,95%): 57.87 err/s: 0.00 reconn/s: 0.00
[ 70s ] thds: 48 tps: 1032.80 qps: 20666.89 (r/w/o: 14468.86/4060.62/2137.41) lat (ms,95%): 57.87 err/s: 0.00 reconn/s: 0.00
[ 80s ] thds: 48 tps: 1029.00 qps: 20568.20 (r/w/o: 14396.20/4042.10/2129.90) lat (ms,95%): 57.87 err/s: 0.00 reconn/s: 0.00
[ 90s ] thds: 48 tps: 1027.30 qps: 20559.17 (r/w/o: 14394.08/4039.99/2125.10) lat (ms,95%): 57.87 err/s: 0.00 reconn/s: 0.00
[ 100s ] thds: 48 tps: 1017.80 qps: 20353.50 (r/w/o: 14244.30/4001.90/2107.30) lat (ms,95%): 58.92 err/s: 0.00 reconn/s: 0.00
[ 110s ] thds: 48 tps: 1040.20 qps: 20805.51 (r/w/o: 14563.51/4089.20/2152.80) lat (ms,95%): 56.84 err/s: 0.00 reconn/s: 0.00
[ 120s ] thds: 48 tps: 1036.20 qps: 20713.81 (r/w/o: 14499.20/4067.20/2147.40) lat (ms,95%): 57.87 err/s: 0.00 reconn/s: 0.00
[ 130s ] thds: 48 tps: 1033.11 qps: 20661.04 (r/w/o: 14463.70/4059.63/2137.71) lat (ms,95%): 57.87 err/s: 0.00 reconn/s: 0.00
[ 140s ] thds: 48 tps: 1028.99 qps: 20582.06 (r/w/o: 14406.50/4046.37/2129.19) lat (ms,95%): 57.87 err/s: 0.00 reconn/s: 0.00
[ 150s ] thds: 48 tps: 1035.10 qps: 20708.15 (r/w/o: 14498.33/4064.61/2145.20) lat (ms,95%): 56.84 err/s: 0.00 reconn/s: 0.00
[ 160s ] thds: 48 tps: 1029.50 qps: 20589.75 (r/w/o: 14412.96/4048.29/2128.49) lat (ms,95%): 57.87 err/s: 0.00 reconn/s: 0.00
[ 170s ] thds: 48 tps: 1035.70 qps: 20699.85 (r/w/o: 14487.53/4072.71/2139.60) lat (ms,95%): 56.84 err/s: 0.00 reconn/s: 0.00
[ 180s ] thds: 48 tps: 1036.00 qps: 20730.88 (r/w/o: 14513.09/4074.90/2142.90) lat (ms,95%): 56.84 err/s: 0.00 reconn/s: 0.00
[ 190s ] thds: 48 tps: 1029.80 qps: 20593.59 (r/w/o: 14414.20/4050.20/2129.20) lat (ms,95%): 56.84 err/s: 0.00 reconn/s: 0.00
[ 200s ] thds: 48 tps: 1038.00 qps: 20767.90 (r/w/o: 14536.80/4081.80/2149.30) lat (ms,95%): 56.84 err/s: 0.00 reconn/s: 0.00
[ 210s ] thds: 48 tps: 1039.90 qps: 20795.78 (r/w/o: 14559.49/4086.80/2149.50) lat (ms,95%): 56.84 err/s: 0.00 reconn/s: 0.00
[ 220s ] thds: 48 tps: 1025.70 qps: 20510.11 (r/w/o: 14355.31/4031.80/2123.00) lat (ms,95%): 57.87 err/s: 0.00 reconn/s: 0.00
[ 230s ] thds: 48 tps: 1035.29 qps: 20703.03 (r/w/o: 14491.98/4073.17/2137.88) lat (ms,95%): 56.84 err/s: 0.00 reconn/s: 0.00
[ 240s ] thds: 48 tps: 1026.90 qps: 20546.05 (r/w/o: 14382.46/4040.59/2122.99) lat (ms,95%): 58.92 err/s: 0.00 reconn/s: 0.00
[ 250s ] thds: 48 tps: 1031.71 qps: 20617.60 (r/w/o: 14431.64/4053.04/2132.92) lat (ms,95%): 56.84 err/s: 0.00 reconn/s: 0.00
[ 260s ] thds: 48 tps: 1032.30 qps: 20657.75 (r/w/o: 14460.64/4060.71/2136.41) lat (ms,95%): 56.84 err/s: 0.00 reconn/s: 0.00
[ 270s ] thds: 48 tps: 1032.50 qps: 20647.76 (r/w/o: 14453.97/4053.39/2140.40) lat (ms,95%): 56.84 err/s: 0.00 reconn/s: 0.00
[ 280s ] thds: 48 tps: 1027.30 qps: 20543.96 (r/w/o: 14379.54/4040.21/2124.21) lat (ms,95%): 56.84 err/s: 0.00 reconn/s: 0.00
[ 290s ] thds: 48 tps: 1033.40 qps: 20662.19 (r/w/o: 14464.59/4061.00/2136.60) lat (ms,95%): 57.87 err/s: 0.00 reconn/s: 0.00
[ 300s ] thds: 48 tps: 1027.60 qps: 20565.35 (r/w/o: 14395.14/4051.21/2119.01) lat (ms,95%): 57.87 err/s: 0.00 reconn/s: 0.00
[ 310s ] thds: 48 tps: 1029.09 qps: 20574.78 (r/w/o: 14403.62/4048.48/2122.69) lat (ms,95%): 57.87 err/s: 0.00 reconn/s: 0.00
[ 320s ] thds: 48 tps: 1028.10 qps: 20553.23 (r/w/o: 14387.42/4043.41/2122.40) lat (ms,95%): 57.87 err/s: 0.00 reconn/s: 0.00
[ 330s ] thds: 48 tps: 1011.50 qps: 20242.80 (r/w/o: 14170.50/3984.20/2088.10) lat (ms,95%): 61.08 err/s: 0.00 reconn/s: 0.00
[ 340s ] thds: 48 tps: 927.80 qps: 18589.74 (r/w/o: 13008.13/3668.71/1912.90) lat (ms,95%): 80.03 err/s: 0.00 reconn/s: 0.00
[ 350s ] thds: 48 tps: 936.90 qps: 18711.16 (r/w/o: 13101.07/3675.59/1934.50) lat (ms,95%): 81.48 err/s: 0.00 reconn/s: 0.00
[ 360s ] thds: 48 tps: 964.90 qps: 19287.23 (r/w/o: 13502.02/3794.71/1990.50) lat (ms,95%): 70.55 err/s: 0.00 reconn/s: 0.00
[ 370s ] thds: 48 tps: 979.70 qps: 19569.66 (r/w/o: 13692.37/3854.89/2022.40) lat (ms,95%): 68.05 err/s: 0.00 reconn/s: 0.00
[ 380s ] thds: 48 tps: 967.70 qps: 19355.83 (r/w/o: 13551.32/3806.01/1998.50) lat (ms,95%): 70.55 err/s: 0.00 reconn/s: 0.00
[ 390s ] thds: 48 tps: 983.90 qps: 19702.52 (r/w/o: 13798.51/3873.40/2030.60) lat (ms,95%): 64.47 err/s: 0.00 reconn/s: 0.00
[ 400s ] thds: 48 tps: 967.20 qps: 19355.56 (r/w/o: 13547.57/3808.59/1999.40) lat (ms,95%): 63.32 err/s: 0.00 reconn/s: 0.00
[ 410s ] thds: 48 tps: 982.00 qps: 19632.15 (r/w/o: 13739.47/3861.99/2030.69) lat (ms,95%): 61.08 err/s: 0.00 reconn/s: 0.00
[ 420s ] thds: 48 tps: 983.40 qps: 19655.77 (r/w/o: 13756.88/3867.09/2031.80) lat (ms,95%): 61.08 err/s: 0.00 reconn/s: 0.00
[ 430s ] thds: 48 tps: 970.51 qps: 19403.61 (r/w/o: 13583.98/3816.52/2003.11) lat (ms,95%): 64.47 err/s: 0.00 reconn/s: 0.00
[ 440s ] thds: 48 tps: 975.90 qps: 19523.79 (r/w/o: 13667.50/3843.30/2013.00) lat (ms,95%): 63.32 err/s: 0.00 reconn/s: 0.00
[ 450s ] thds: 48 tps: 1000.10 qps: 20008.61 (r/w/o: 14007.91/3937.40/2063.30) lat (ms,95%): 59.99 err/s: 0.00 reconn/s: 0.00
[ 460s ] thds: 48 tps: 1023.90 qps: 20483.94 (r/w/o: 14338.46/4034.99/2110.49) lat (ms,95%): 57.87 err/s: 0.00 reconn/s: 0.00
[ 470s ] thds: 48 tps: 1031.10 qps: 20621.38 (r/w/o: 14434.25/4062.41/2124.71) lat (ms,95%): 56.84 err/s: 0.00 reconn/s: 0.00
[ 480s ] thds: 48 tps: 1036.00 qps: 20717.68 (r/w/o: 14502.89/4079.50/2135.30) lat (ms,95%): 57.87 err/s: 0.00 reconn/s: 0.00
[ 490s ] thds: 48 tps: 1026.49 qps: 20527.83 (r/w/o: 14368.28/4043.47/2116.08) lat (ms,95%): 57.87 err/s: 0.00 reconn/s: 0.00
[ 500s ] thds: 48 tps: 1024.21 qps: 20488.75 (r/w/o: 14344.11/4035.73/2108.92) lat (ms,95%): 57.87 err/s: 0.00 reconn/s: 0.00
[ 510s ] thds: 48 tps: 1032.00 qps: 20626.47 (r/w/o: 14435.88/4059.59/2131.00) lat (ms,95%): 57.87 err/s: 0.00 reconn/s: 0.00
[ 520s ] thds: 48 tps: 1016.70 qps: 20341.66 (r/w/o: 14240.97/4004.29/2096.40) lat (ms,95%): 58.92 err/s: 0.00 reconn/s: 0.00
[ 530s ] thds: 48 tps: 1022.40 qps: 20458.68 (r/w/o: 14321.85/4026.52/2110.31) lat (ms,95%): 57.87 err/s: 0.00 reconn/s: 0.00
[ 540s ] thds: 48 tps: 1028.40 qps: 20554.00 (r/w/o: 14386.53/4041.48/2125.99) lat (ms,95%): 56.84 err/s: 0.00 reconn/s: 0.00
[ 550s ] thds: 48 tps: 1020.50 qps: 20409.71 (r/w/o: 14287.00/4018.70/2104.00) lat (ms,95%): 58.92 err/s: 0.00 reconn/s: 0.00
[ 560s ] thds: 48 tps: 1030.30 qps: 20606.69 (r/w/o: 14423.77/4057.72/2125.21) lat (ms,95%): 57.87 err/s: 0.00 reconn/s: 0.00
[ 570s ] thds: 48 tps: 1036.10 qps: 20732.45 (r/w/o: 14511.13/4088.11/2133.20) lat (ms,95%): 56.84 err/s: 0.00 reconn/s: 0.00
[ 580s ] thds: 48 tps: 1016.40 qps: 20328.93 (r/w/o: 14234.45/4001.79/2092.69) lat (ms,95%): 57.87 err/s: 0.00 reconn/s: 0.00
[ 590s ] thds: 48 tps: 1024.80 qps: 20480.70 (r/w/o: 14334.90/4035.80/2110.00) lat (ms,95%): 57.87 err/s: 0.00 reconn/s: 0.00
[ 600s ] thds: 48 tps: 1021.70 qps: 20441.37 (r/w/o: 14309.88/4022.99/2108.50) lat (ms,95%): 57.87 err/s: 0.00 reconn/s: 0.00
SQL statistics:
    queries performed:
        read:                            8482432
        write:                           2383450
        other:                           1251878
        total:                           12117760
    transactions:                        605888 (1009.61 per sec.)
    queries:                             12117760 (20192.24 per sec.)
    ignored errors:                      0      (0.00 per sec.)
    reconnects:                          0      (0.00 per sec.)

General statistics:
    total time:                          600.1171s
    total number of events:              605888

Latency (ms):
         min:                                   16.23
         avg:                                   47.53
         max:                                  178.76
         95th percentile:                       61.08
         sum:                             28800559.78

Threads fairness:
    events (avg/stddev):           12622.6667/17.90
    execution time (avg/stddev):   600.0117/0.02

