sysbench 1.0.20 (using bundled LuaJIT 2.1.0-beta2)

Running the test with following options:
Number of threads: 48
Report intermediate results every 10 second(s)
Initializing random number generator from current time


Initializing worker threads...

Threads started!

[ 10s ] thds: 48 tps: 1490.34 qps: 23883.70 (r/w/o: 20898.71/0.00/2984.99) lat (ms,95%): 40.37 err/s: 0.00 reconn/s: 0.00
[ 20s ] thds: 48 tps: 1515.85 qps: 24256.77 (r/w/o: 21224.96/0.00/3031.81) lat (ms,95%): 40.37 err/s: 0.00 reconn/s: 0.00
[ 30s ] thds: 48 tps: 1531.40 qps: 24500.05 (r/w/o: 21436.96/0.00/3063.09) lat (ms,95%): 38.94 err/s: 0.00 reconn/s: 0.00
[ 40s ] thds: 48 tps: 1514.10 qps: 24226.90 (r/w/o: 21198.80/0.00/3028.10) lat (ms,95%): 40.37 err/s: 0.00 reconn/s: 0.00
[ 50s ] thds: 48 tps: 1536.18 qps: 24570.63 (r/w/o: 21498.58/0.00/3072.05) lat (ms,95%): 38.94 err/s: 0.00 reconn/s: 0.00
[ 60s ] thds: 48 tps: 1525.33 qps: 24412.02 (r/w/o: 21360.86/0.00/3051.17) lat (ms,95%): 39.65 err/s: 0.00 reconn/s: 0.00
[ 70s ] thds: 48 tps: 1527.04 qps: 24427.98 (r/w/o: 21373.90/0.00/3054.07) lat (ms,95%): 38.94 err/s: 0.00 reconn/s: 0.00
[ 80s ] thds: 48 tps: 1525.85 qps: 24414.44 (r/w/o: 21363.33/0.00/3051.10) lat (ms,95%): 38.94 err/s: 0.00 reconn/s: 0.00
[ 90s ] thds: 48 tps: 1533.65 qps: 24531.12 (r/w/o: 21463.53/0.00/3067.59) lat (ms,95%): 38.94 err/s: 0.00 reconn/s: 0.00
[ 100s ] thds: 48 tps: 1524.96 qps: 24414.19 (r/w/o: 21364.18/0.00/3050.01) lat (ms,95%): 39.65 err/s: 0.00 reconn/s: 0.00
[ 110s ] thds: 48 tps: 1519.70 qps: 24303.32 (r/w/o: 21264.22/0.00/3039.10) lat (ms,95%): 40.37 err/s: 0.00 reconn/s: 0.00
[ 120s ] thds: 48 tps: 1543.50 qps: 24701.96 (r/w/o: 21614.55/0.00/3087.41) lat (ms,95%): 38.25 err/s: 0.00 reconn/s: 0.00
[ 130s ] thds: 48 tps: 1525.33 qps: 24406.81 (r/w/o: 21356.06/0.00/3050.75) lat (ms,95%): 39.65 err/s: 0.00 reconn/s: 0.00
[ 140s ] thds: 48 tps: 1539.17 qps: 24626.73 (r/w/o: 21548.68/0.00/3078.04) lat (ms,95%): 38.94 err/s: 0.00 reconn/s: 0.00
[ 150s ] thds: 48 tps: 1528.00 qps: 24453.52 (r/w/o: 21397.32/0.00/3056.20) lat (ms,95%): 39.65 err/s: 0.00 reconn/s: 0.00
[ 160s ] thds: 48 tps: 1538.72 qps: 24610.55 (r/w/o: 21533.00/0.00/3077.54) lat (ms,95%): 38.94 err/s: 0.00 reconn/s: 0.00
[ 170s ] thds: 48 tps: 1534.48 qps: 24559.00 (r/w/o: 21490.35/0.00/3068.65) lat (ms,95%): 38.94 err/s: 0.00 reconn/s: 0.00
[ 180s ] thds: 48 tps: 1542.70 qps: 24679.85 (r/w/o: 21594.35/0.00/3085.51) lat (ms,95%): 38.94 err/s: 0.00 reconn/s: 0.00
[ 190s ] thds: 48 tps: 1523.20 qps: 24375.37 (r/w/o: 21328.77/0.00/3046.60) lat (ms,95%): 39.65 err/s: 0.00 reconn/s: 0.00
[ 200s ] thds: 48 tps: 1539.63 qps: 24632.73 (r/w/o: 21553.57/0.00/3079.17) lat (ms,95%): 38.94 err/s: 0.00 reconn/s: 0.00
[ 210s ] thds: 48 tps: 1545.74 qps: 24730.07 (r/w/o: 21638.69/0.00/3091.38) lat (ms,95%): 38.25 err/s: 0.00 reconn/s: 0.00
[ 220s ] thds: 48 tps: 1524.13 qps: 24388.93 (r/w/o: 21340.57/0.00/3048.35) lat (ms,95%): 39.65 err/s: 0.00 reconn/s: 0.00
[ 230s ] thds: 48 tps: 1546.80 qps: 24743.90 (r/w/o: 21650.40/0.00/3093.50) lat (ms,95%): 38.25 err/s: 0.00 reconn/s: 0.00
[ 240s ] thds: 48 tps: 1532.80 qps: 24523.34 (r/w/o: 21457.95/0.00/3065.39) lat (ms,95%): 38.94 err/s: 0.00 reconn/s: 0.00
[ 250s ] thds: 48 tps: 1529.81 qps: 24477.67 (r/w/o: 21417.75/0.00/3059.92) lat (ms,95%): 38.94 err/s: 0.00 reconn/s: 0.00
[ 260s ] thds: 48 tps: 1515.01 qps: 24246.82 (r/w/o: 21216.79/0.00/3030.03) lat (ms,95%): 39.65 err/s: 0.00 reconn/s: 0.00
[ 270s ] thds: 48 tps: 1534.88 qps: 24549.96 (r/w/o: 21480.80/0.00/3069.16) lat (ms,95%): 38.94 err/s: 0.00 reconn/s: 0.00
[ 280s ] thds: 48 tps: 1526.10 qps: 24421.45 (r/w/o: 21368.55/0.00/3052.89) lat (ms,95%): 39.65 err/s: 0.00 reconn/s: 0.00
[ 290s ] thds: 48 tps: 1545.30 qps: 24725.41 (r/w/o: 21635.01/0.00/3090.40) lat (ms,95%): 38.25 err/s: 0.00 reconn/s: 0.00
[ 300s ] thds: 48 tps: 1538.53 qps: 24614.43 (r/w/o: 21537.37/0.00/3077.05) lat (ms,95%): 38.94 err/s: 0.00 reconn/s: 0.00
[ 310s ] thds: 48 tps: 1528.87 qps: 24455.75 (r/w/o: 21398.00/0.00/3057.74) lat (ms,95%): 39.65 err/s: 0.00 reconn/s: 0.00
[ 320s ] thds: 48 tps: 1540.84 qps: 24660.36 (r/w/o: 21578.48/0.00/3081.88) lat (ms,95%): 38.94 err/s: 0.00 reconn/s: 0.00
[ 330s ] thds: 48 tps: 1531.46 qps: 24504.22 (r/w/o: 21441.41/0.00/3062.82) lat (ms,95%): 39.65 err/s: 0.00 reconn/s: 0.00
[ 340s ] thds: 48 tps: 1540.75 qps: 24658.41 (r/w/o: 21576.91/0.00/3081.50) lat (ms,95%): 38.25 err/s: 0.00 reconn/s: 0.00
[ 350s ] thds: 48 tps: 1533.95 qps: 24542.57 (r/w/o: 21474.78/0.00/3067.80) lat (ms,95%): 38.94 err/s: 0.00 reconn/s: 0.00
[ 360s ] thds: 48 tps: 1545.39 qps: 24718.39 (r/w/o: 21627.61/0.00/3090.79) lat (ms,95%): 38.94 err/s: 0.00 reconn/s: 0.00
[ 370s ] thds: 48 tps: 1524.20 qps: 24393.47 (r/w/o: 21344.86/0.00/3048.61) lat (ms,95%): 39.65 err/s: 0.00 reconn/s: 0.00
[ 380s ] thds: 48 tps: 1542.84 qps: 24684.13 (r/w/o: 21598.85/0.00/3085.28) lat (ms,95%): 38.94 err/s: 0.00 reconn/s: 0.00
[ 390s ] thds: 48 tps: 1532.75 qps: 24520.15 (r/w/o: 21454.45/0.00/3065.71) lat (ms,95%): 39.65 err/s: 0.00 reconn/s: 0.00
[ 400s ] thds: 48 tps: 1539.70 qps: 24633.39 (r/w/o: 21553.89/0.00/3079.50) lat (ms,95%): 38.94 err/s: 0.00 reconn/s: 0.00
[ 410s ] thds: 48 tps: 1530.47 qps: 24486.19 (r/w/o: 21425.14/0.00/3061.05) lat (ms,95%): 39.65 err/s: 0.00 reconn/s: 0.00
[ 420s ] thds: 48 tps: 1543.93 qps: 24711.78 (r/w/o: 21623.92/0.00/3087.86) lat (ms,95%): 38.25 err/s: 0.00 reconn/s: 0.00
[ 430s ] thds: 48 tps: 1536.20 qps: 24574.18 (r/w/o: 21501.78/0.00/3072.40) lat (ms,95%): 38.94 err/s: 0.00 reconn/s: 0.00
[ 440s ] thds: 48 tps: 1521.74 qps: 24346.86 (r/w/o: 21303.38/0.00/3043.48) lat (ms,95%): 39.65 err/s: 0.00 reconn/s: 0.00
[ 450s ] thds: 48 tps: 1544.27 qps: 24704.08 (r/w/o: 21615.63/0.00/3088.45) lat (ms,95%): 38.94 err/s: 0.00 reconn/s: 0.00
[ 460s ] thds: 48 tps: 1523.80 qps: 24379.73 (r/w/o: 21332.14/0.00/3047.59) lat (ms,95%): 39.65 err/s: 0.00 reconn/s: 0.00
[ 470s ] thds: 48 tps: 1542.50 qps: 24685.53 (r/w/o: 21600.84/0.00/3084.69) lat (ms,95%): 38.25 err/s: 0.00 reconn/s: 0.00
[ 480s ] thds: 48 tps: 1524.77 qps: 24400.16 (r/w/o: 21350.42/0.00/3049.75) lat (ms,95%): 38.94 err/s: 0.00 reconn/s: 0.00
[ 490s ] thds: 48 tps: 1525.40 qps: 24398.20 (r/w/o: 21347.40/0.00/3050.80) lat (ms,95%): 39.65 err/s: 0.00 reconn/s: 0.00
[ 500s ] thds: 48 tps: 1518.20 qps: 24302.49 (r/w/o: 21265.89/0.00/3036.60) lat (ms,95%): 39.65 err/s: 0.00 reconn/s: 0.00
[ 510s ] thds: 48 tps: 1540.63 qps: 24642.35 (r/w/o: 21561.29/0.00/3081.06) lat (ms,95%): 38.25 err/s: 0.00 reconn/s: 0.00
[ 520s ] thds: 48 tps: 1535.77 qps: 24580.36 (r/w/o: 21508.63/0.00/3071.73) lat (ms,95%): 38.94 err/s: 0.00 reconn/s: 0.00
[ 530s ] thds: 48 tps: 1518.54 qps: 24288.37 (r/w/o: 21251.30/0.00/3037.07) lat (ms,95%): 39.65 err/s: 0.00 reconn/s: 0.00
[ 540s ] thds: 48 tps: 1551.10 qps: 24823.46 (r/w/o: 21721.47/0.00/3102.00) lat (ms,95%): 38.25 err/s: 0.00 reconn/s: 0.00
[ 550s ] thds: 48 tps: 1521.30 qps: 24332.22 (r/w/o: 21290.42/0.00/3041.80) lat (ms,95%): 40.37 err/s: 0.00 reconn/s: 0.00
[ 560s ] thds: 48 tps: 1543.17 qps: 24698.21 (r/w/o: 21610.87/0.00/3087.34) lat (ms,95%): 38.25 err/s: 0.00 reconn/s: 0.00
[ 570s ] thds: 48 tps: 1526.73 qps: 24428.84 (r/w/o: 21375.48/0.00/3053.35) lat (ms,95%): 39.65 err/s: 0.00 reconn/s: 0.00
[ 580s ] thds: 48 tps: 1540.23 qps: 24644.48 (r/w/o: 21564.02/0.00/3080.46) lat (ms,95%): 38.25 err/s: 0.00 reconn/s: 0.00
[ 590s ] thds: 48 tps: 1522.06 qps: 24347.90 (r/w/o: 21303.87/0.00/3044.02) lat (ms,95%): 39.65 err/s: 0.00 reconn/s: 0.00
[ 600s ] thds: 48 tps: 1542.30 qps: 24669.58 (r/w/o: 21584.98/0.00/3084.60) lat (ms,95%): 38.94 err/s: 0.00 reconn/s: 0.00
SQL statistics:
    queries performed:
        read:                            12868408
        write:                           0
        other:                           1838344
        total:                           14706752
    transactions:                        919172 (1531.75 per sec.)
    queries:                             14706752 (24507.99 per sec.)
    ignored errors:                      0      (0.00 per sec.)
    reconnects:                          0      (0.00 per sec.)

General statistics:
    total time:                          600.0773s
    total number of events:              919172

Latency (ms):
         min:                                   10.42
         avg:                                   31.33
         max:                                  114.19
         95th percentile:                       38.94
         sum:                             28798970.18

Threads fairness:
    events (avg/stddev):           19149.4167/18.30
    execution time (avg/stddev):   599.9785/0.01

