sysbench 1.0.20 (using bundled LuaJIT 2.1.0-beta2)

Running the test with following options:
Number of threads: 32
Report intermediate results every 10 second(s)
Initializing random number generator from current time


Initializing worker threads...

Threads started!

[ 10s ] thds: 32 tps: 1060.86 qps: 16998.99 (r/w/o: 14874.48/0.00/2124.51) lat (ms,95%): 66.84 err/s: 0.00 reconn/s: 0.00
[ 20s ] thds: 32 tps: 1388.34 qps: 22214.80 (r/w/o: 19437.71/0.00/2777.09) lat (ms,95%): 33.12 err/s: 0.00 reconn/s: 0.00
[ 30s ] thds: 32 tps: 1377.40 qps: 22040.94 (r/w/o: 19286.25/0.00/2754.69) lat (ms,95%): 36.89 err/s: 0.00 reconn/s: 0.00
[ 40s ] thds: 32 tps: 1406.00 qps: 22494.55 (r/w/o: 19682.45/0.00/2812.11) lat (ms,95%): 32.53 err/s: 0.00 reconn/s: 0.00
[ 50s ] thds: 32 tps: 1393.58 qps: 22296.53 (r/w/o: 19510.08/0.00/2786.45) lat (ms,95%): 34.95 err/s: 0.00 reconn/s: 0.00
[ 60s ] thds: 32 tps: 1399.01 qps: 22380.03 (r/w/o: 19581.50/0.00/2798.53) lat (ms,95%): 34.95 err/s: 0.00 reconn/s: 0.00
[ 70s ] thds: 32 tps: 1419.09 qps: 22710.16 (r/w/o: 19871.77/0.00/2838.38) lat (ms,95%): 31.37 err/s: 0.00 reconn/s: 0.00
[ 80s ] thds: 32 tps: 1387.92 qps: 22205.74 (r/w/o: 19429.90/0.00/2775.84) lat (ms,95%): 36.89 err/s: 0.00 reconn/s: 0.00
[ 90s ] thds: 32 tps: 1420.39 qps: 22723.30 (r/w/o: 19882.52/0.00/2840.79) lat (ms,95%): 31.37 err/s: 0.00 reconn/s: 0.00
[ 100s ] thds: 32 tps: 1398.30 qps: 22371.69 (r/w/o: 19575.19/0.00/2796.50) lat (ms,95%): 36.24 err/s: 0.00 reconn/s: 0.00
[ 110s ] thds: 32 tps: 1430.40 qps: 22890.93 (r/w/o: 20030.03/0.00/2860.90) lat (ms,95%): 31.94 err/s: 0.00 reconn/s: 0.00
[ 120s ] thds: 32 tps: 1383.81 qps: 22141.38 (r/w/o: 19373.86/0.00/2767.52) lat (ms,95%): 33.12 err/s: 0.00 reconn/s: 0.00
[ 130s ] thds: 32 tps: 1383.28 qps: 22130.10 (r/w/o: 19363.44/0.00/2766.66) lat (ms,95%): 32.53 err/s: 0.00 reconn/s: 0.00
[ 140s ] thds: 32 tps: 1391.98 qps: 22272.05 (r/w/o: 19488.39/0.00/2783.66) lat (ms,95%): 31.94 err/s: 0.00 reconn/s: 0.00
[ 150s ] thds: 32 tps: 1389.43 qps: 22233.36 (r/w/o: 19454.61/0.00/2778.76) lat (ms,95%): 33.12 err/s: 0.00 reconn/s: 0.00
[ 160s ] thds: 32 tps: 1390.31 qps: 22245.80 (r/w/o: 19464.79/0.00/2781.01) lat (ms,95%): 32.53 err/s: 0.00 reconn/s: 0.00
[ 170s ] thds: 32 tps: 1397.14 qps: 22356.38 (r/w/o: 19562.29/0.00/2794.08) lat (ms,95%): 31.94 err/s: 0.00 reconn/s: 0.00
[ 180s ] thds: 32 tps: 1405.35 qps: 22480.15 (r/w/o: 19669.25/0.00/2810.91) lat (ms,95%): 31.37 err/s: 0.00 reconn/s: 0.00
[ 190s ] thds: 32 tps: 1391.00 qps: 22257.79 (r/w/o: 19476.00/0.00/2781.80) lat (ms,95%): 33.12 err/s: 0.00 reconn/s: 0.00
[ 200s ] thds: 32 tps: 1392.90 qps: 22286.55 (r/w/o: 19500.64/0.00/2785.91) lat (ms,95%): 33.12 err/s: 0.00 reconn/s: 0.00
[ 210s ] thds: 32 tps: 1386.79 qps: 22191.22 (r/w/o: 19417.63/0.00/2773.59) lat (ms,95%): 33.12 err/s: 0.00 reconn/s: 0.00
[ 220s ] thds: 32 tps: 1395.30 qps: 22317.22 (r/w/o: 19526.62/0.00/2790.60) lat (ms,95%): 33.72 err/s: 0.00 reconn/s: 0.00
[ 230s ] thds: 32 tps: 1399.60 qps: 22397.32 (r/w/o: 19598.02/0.00/2799.30) lat (ms,95%): 31.94 err/s: 0.00 reconn/s: 0.00
[ 240s ] thds: 32 tps: 1397.70 qps: 22363.39 (r/w/o: 19568.09/0.00/2795.30) lat (ms,95%): 31.94 err/s: 0.00 reconn/s: 0.00
[ 250s ] thds: 32 tps: 1403.89 qps: 22465.20 (r/w/o: 19657.41/0.00/2807.79) lat (ms,95%): 31.94 err/s: 0.00 reconn/s: 0.00
[ 260s ] thds: 32 tps: 1411.38 qps: 22581.98 (r/w/o: 19759.12/0.00/2822.86) lat (ms,95%): 30.81 err/s: 0.00 reconn/s: 0.00
[ 270s ] thds: 32 tps: 1387.33 qps: 22196.85 (r/w/o: 19422.20/0.00/2774.66) lat (ms,95%): 32.53 err/s: 0.00 reconn/s: 0.00
[ 280s ] thds: 32 tps: 1398.90 qps: 22386.71 (r/w/o: 19588.91/0.00/2797.80) lat (ms,95%): 31.94 err/s: 0.00 reconn/s: 0.00
[ 290s ] thds: 32 tps: 1396.20 qps: 22326.43 (r/w/o: 19534.42/0.00/2792.00) lat (ms,95%): 33.72 err/s: 0.00 reconn/s: 0.00
[ 300s ] thds: 32 tps: 1397.90 qps: 22370.15 (r/w/o: 19574.15/0.00/2795.99) lat (ms,95%): 32.53 err/s: 0.00 reconn/s: 0.00
[ 310s ] thds: 32 tps: 1402.10 qps: 22434.41 (r/w/o: 19630.01/0.00/2804.40) lat (ms,95%): 31.94 err/s: 0.00 reconn/s: 0.00
[ 320s ] thds: 32 tps: 1404.49 qps: 22473.67 (r/w/o: 19664.89/0.00/2808.77) lat (ms,95%): 33.12 err/s: 0.00 reconn/s: 0.00
[ 330s ] thds: 32 tps: 1378.21 qps: 22052.41 (r/w/o: 19295.78/0.00/2756.63) lat (ms,95%): 33.72 err/s: 0.00 reconn/s: 0.00
[ 340s ] thds: 32 tps: 1393.60 qps: 22296.24 (r/w/o: 19509.74/0.00/2786.51) lat (ms,95%): 31.94 err/s: 0.00 reconn/s: 0.00
[ 350s ] thds: 32 tps: 1401.60 qps: 22426.80 (r/w/o: 19623.00/0.00/2803.80) lat (ms,95%): 32.53 err/s: 0.00 reconn/s: 0.00
[ 360s ] thds: 32 tps: 1401.89 qps: 22431.84 (r/w/o: 19628.06/0.00/2803.78) lat (ms,95%): 31.94 err/s: 0.00 reconn/s: 0.00
[ 370s ] thds: 32 tps: 1402.31 qps: 22430.54 (r/w/o: 19625.92/0.00/2804.62) lat (ms,95%): 31.37 err/s: 0.00 reconn/s: 0.00
[ 380s ] thds: 32 tps: 1406.28 qps: 22508.85 (r/w/o: 19696.29/0.00/2812.57) lat (ms,95%): 31.94 err/s: 0.00 reconn/s: 0.00
[ 390s ] thds: 32 tps: 1409.51 qps: 22550.32 (r/w/o: 19731.19/0.00/2819.13) lat (ms,95%): 31.37 err/s: 0.00 reconn/s: 0.00
[ 400s ] thds: 32 tps: 1400.90 qps: 22412.55 (r/w/o: 19610.74/0.00/2801.81) lat (ms,95%): 32.53 err/s: 0.00 reconn/s: 0.00
[ 410s ] thds: 32 tps: 1404.00 qps: 22465.92 (r/w/o: 19657.91/0.00/2808.00) lat (ms,95%): 33.12 err/s: 0.00 reconn/s: 0.00
[ 420s ] thds: 32 tps: 1405.32 qps: 22489.88 (r/w/o: 19679.25/0.00/2810.64) lat (ms,95%): 31.37 err/s: 0.00 reconn/s: 0.00
[ 430s ] thds: 32 tps: 1422.25 qps: 22746.97 (r/w/o: 19902.66/0.00/2844.31) lat (ms,95%): 30.26 err/s: 0.00 reconn/s: 0.00
[ 440s ] thds: 32 tps: 1401.00 qps: 22419.74 (r/w/o: 19618.04/0.00/2801.71) lat (ms,95%): 33.72 err/s: 0.00 reconn/s: 0.00
[ 450s ] thds: 32 tps: 1405.70 qps: 22488.36 (r/w/o: 19676.66/0.00/2811.69) lat (ms,95%): 31.37 err/s: 0.00 reconn/s: 0.00
[ 460s ] thds: 32 tps: 1405.90 qps: 22495.92 (r/w/o: 19684.22/0.00/2811.70) lat (ms,95%): 32.53 err/s: 0.00 reconn/s: 0.00
[ 470s ] thds: 32 tps: 1403.60 qps: 22461.42 (r/w/o: 19653.92/0.00/2807.50) lat (ms,95%): 33.12 err/s: 0.00 reconn/s: 0.00
[ 480s ] thds: 32 tps: 1410.90 qps: 22572.17 (r/w/o: 19750.48/0.00/2821.70) lat (ms,95%): 32.53 err/s: 0.00 reconn/s: 0.00
[ 490s ] thds: 32 tps: 1408.90 qps: 22542.80 (r/w/o: 19725.00/0.00/2817.80) lat (ms,95%): 31.37 err/s: 0.00 reconn/s: 0.00
[ 500s ] thds: 32 tps: 1413.20 qps: 22601.41 (r/w/o: 19775.41/0.00/2826.00) lat (ms,95%): 30.81 err/s: 0.00 reconn/s: 0.00
[ 510s ] thds: 32 tps: 1408.20 qps: 22539.06 (r/w/o: 19722.17/0.00/2816.90) lat (ms,95%): 32.53 err/s: 0.00 reconn/s: 0.00
[ 520s ] thds: 32 tps: 1409.91 qps: 22558.92 (r/w/o: 19739.09/0.00/2819.83) lat (ms,95%): 31.37 err/s: 0.00 reconn/s: 0.00
[ 530s ] thds: 32 tps: 1424.51 qps: 22791.31 (r/w/o: 19942.29/0.00/2849.03) lat (ms,95%): 29.72 err/s: 0.00 reconn/s: 0.00
[ 540s ] thds: 32 tps: 1415.67 qps: 22646.88 (r/w/o: 19815.83/0.00/2831.05) lat (ms,95%): 31.94 err/s: 0.00 reconn/s: 0.00
[ 550s ] thds: 32 tps: 1410.03 qps: 22567.41 (r/w/o: 19747.06/0.00/2820.35) lat (ms,95%): 31.37 err/s: 0.00 reconn/s: 0.00
[ 560s ] thds: 32 tps: 1413.72 qps: 22619.97 (r/w/o: 19792.82/0.00/2827.15) lat (ms,95%): 30.81 err/s: 0.00 reconn/s: 0.00
[ 570s ] thds: 32 tps: 1400.78 qps: 22408.80 (r/w/o: 19607.04/0.00/2801.76) lat (ms,95%): 31.94 err/s: 0.00 reconn/s: 0.00
[ 580s ] thds: 32 tps: 1409.39 qps: 22551.59 (r/w/o: 19733.01/0.00/2818.59) lat (ms,95%): 31.37 err/s: 0.00 reconn/s: 0.00
[ 590s ] thds: 32 tps: 1409.10 qps: 22542.53 (r/w/o: 19724.22/0.00/2818.30) lat (ms,95%): 31.94 err/s: 0.00 reconn/s: 0.00
[ 600s ] thds: 32 tps: 1413.51 qps: 22617.19 (r/w/o: 19790.08/0.00/2827.11) lat (ms,95%): 31.94 err/s: 0.00 reconn/s: 0.00
SQL statistics:
    queries performed:
        read:                            11729396
        write:                           0
        other:                           1675628
        total:                           13405024
    transactions:                        837814 (1396.02 per sec.)
    queries:                             13405024 (22336.29 per sec.)
    ignored errors:                      0      (0.00 per sec.)
    reconnects:                          0      (0.00 per sec.)

General statistics:
    total time:                          600.1420s
    total number of events:              837814

Latency (ms):
         min:                                    8.75
         avg:                                   22.92
         max:                                  252.29
         95th percentile:                       33.12
         sum:                             19198862.55

Threads fairness:
    events (avg/stddev):           26181.6875/24.26
    execution time (avg/stddev):   599.9645/0.02

