sysbench 1.0.20 (using bundled LuaJIT 2.1.0-beta2)

Running the test with following options:
Number of threads: 32
Report intermediate results every 10 second(s)
Initializing random number generator from current time


Initializing worker threads...

Threads started!

[ 10s ] thds: 32 tps: 1062.65 qps: 17029.70 (r/w/o: 14901.20/0.00/2128.50) lat (ms,95%): 61.08 err/s: 0.00 reconn/s: 0.00
[ 20s ] thds: 32 tps: 1388.64 qps: 22219.52 (r/w/o: 19442.25/0.00/2777.28) lat (ms,95%): 31.94 err/s: 0.00 reconn/s: 0.00
[ 30s ] thds: 32 tps: 1375.81 qps: 22005.15 (r/w/o: 19253.53/0.00/2751.62) lat (ms,95%): 36.89 err/s: 0.00 reconn/s: 0.00
[ 40s ] thds: 32 tps: 1402.70 qps: 22451.14 (r/w/o: 19646.05/0.00/2805.09) lat (ms,95%): 33.12 err/s: 0.00 reconn/s: 0.00
[ 50s ] thds: 32 tps: 1386.80 qps: 22189.77 (r/w/o: 19415.88/0.00/2773.90) lat (ms,95%): 36.24 err/s: 0.00 reconn/s: 0.00
[ 60s ] thds: 32 tps: 1416.20 qps: 22654.22 (r/w/o: 19821.92/0.00/2832.30) lat (ms,95%): 31.37 err/s: 0.00 reconn/s: 0.00
[ 70s ] thds: 32 tps: 1366.40 qps: 21862.69 (r/w/o: 19129.79/0.00/2732.90) lat (ms,95%): 34.33 err/s: 0.00 reconn/s: 0.00
[ 80s ] thds: 32 tps: 1372.30 qps: 21955.25 (r/w/o: 19210.65/0.00/2744.59) lat (ms,95%): 32.53 err/s: 0.00 reconn/s: 0.00
[ 90s ] thds: 32 tps: 1374.30 qps: 21991.65 (r/w/o: 19243.04/0.00/2748.61) lat (ms,95%): 33.72 err/s: 0.00 reconn/s: 0.00
[ 100s ] thds: 32 tps: 1385.00 qps: 22160.81 (r/w/o: 19391.01/0.00/2769.80) lat (ms,95%): 32.53 err/s: 0.00 reconn/s: 0.00
[ 110s ] thds: 32 tps: 1385.80 qps: 22174.39 (r/w/o: 19402.59/0.00/2771.80) lat (ms,95%): 32.53 err/s: 0.00 reconn/s: 0.00
[ 120s ] thds: 32 tps: 1402.30 qps: 22428.38 (r/w/o: 19624.08/0.00/2804.30) lat (ms,95%): 30.26 err/s: 0.00 reconn/s: 0.00
[ 130s ] thds: 32 tps: 1389.33 qps: 22239.22 (r/w/o: 19460.26/0.00/2778.95) lat (ms,95%): 31.94 err/s: 0.00 reconn/s: 0.00
[ 140s ] thds: 32 tps: 1378.18 qps: 22046.94 (r/w/o: 19290.58/0.00/2756.35) lat (ms,95%): 33.12 err/s: 0.00 reconn/s: 0.00
[ 150s ] thds: 32 tps: 1385.30 qps: 22162.05 (r/w/o: 19391.85/0.00/2770.19) lat (ms,95%): 33.72 err/s: 0.00 reconn/s: 0.00
[ 160s ] thds: 32 tps: 1391.00 qps: 22257.52 (r/w/o: 19475.32/0.00/2782.20) lat (ms,95%): 31.94 err/s: 0.00 reconn/s: 0.00
[ 170s ] thds: 32 tps: 1383.40 qps: 22135.64 (r/w/o: 19368.74/0.00/2766.91) lat (ms,95%): 33.72 err/s: 0.00 reconn/s: 0.00
[ 180s ] thds: 32 tps: 1391.36 qps: 22258.89 (r/w/o: 19476.06/0.00/2782.82) lat (ms,95%): 33.12 err/s: 0.00 reconn/s: 0.00
[ 190s ] thds: 32 tps: 1407.53 qps: 22524.19 (r/w/o: 19709.33/0.00/2814.86) lat (ms,95%): 30.81 err/s: 0.00 reconn/s: 0.00
[ 200s ] thds: 32 tps: 1395.89 qps: 22332.89 (r/w/o: 19541.12/0.00/2791.77) lat (ms,95%): 30.81 err/s: 0.00 reconn/s: 0.00
[ 210s ] thds: 32 tps: 1385.40 qps: 22168.37 (r/w/o: 19397.38/0.00/2771.00) lat (ms,95%): 32.53 err/s: 0.00 reconn/s: 0.00
[ 220s ] thds: 32 tps: 1395.32 qps: 22324.22 (r/w/o: 19533.68/0.00/2790.54) lat (ms,95%): 31.94 err/s: 0.00 reconn/s: 0.00
[ 230s ] thds: 32 tps: 1394.16 qps: 22307.78 (r/w/o: 19519.76/0.00/2788.02) lat (ms,95%): 32.53 err/s: 0.00 reconn/s: 0.00
[ 240s ] thds: 32 tps: 1393.94 qps: 22299.63 (r/w/o: 19511.85/0.00/2787.78) lat (ms,95%): 33.12 err/s: 0.00 reconn/s: 0.00
[ 250s ] thds: 32 tps: 1395.70 qps: 22329.96 (r/w/o: 19538.26/0.00/2791.69) lat (ms,95%): 32.53 err/s: 0.00 reconn/s: 0.00
[ 260s ] thds: 32 tps: 1393.00 qps: 22291.66 (r/w/o: 19505.57/0.00/2786.10) lat (ms,95%): 33.12 err/s: 0.00 reconn/s: 0.00
[ 270s ] thds: 32 tps: 1396.50 qps: 22344.03 (r/w/o: 19551.03/0.00/2793.00) lat (ms,95%): 33.12 err/s: 0.00 reconn/s: 0.00
[ 280s ] thds: 32 tps: 1413.00 qps: 22609.93 (r/w/o: 19784.04/0.00/2825.89) lat (ms,95%): 30.26 err/s: 0.00 reconn/s: 0.00
[ 290s ] thds: 32 tps: 1402.50 qps: 22436.05 (r/w/o: 19631.14/0.00/2804.91) lat (ms,95%): 31.94 err/s: 0.00 reconn/s: 0.00
[ 300s ] thds: 32 tps: 1397.70 qps: 22364.11 (r/w/o: 19568.71/0.00/2795.40) lat (ms,95%): 32.53 err/s: 0.00 reconn/s: 0.00
[ 310s ] thds: 32 tps: 1403.21 qps: 22448.78 (r/w/o: 19643.17/0.00/2805.61) lat (ms,95%): 30.26 err/s: 0.00 reconn/s: 0.00
[ 320s ] thds: 32 tps: 1408.38 qps: 22539.04 (r/w/o: 19721.17/0.00/2817.87) lat (ms,95%): 30.81 err/s: 0.00 reconn/s: 0.00
[ 330s ] thds: 32 tps: 1398.90 qps: 22378.37 (r/w/o: 19580.87/0.00/2797.50) lat (ms,95%): 33.72 err/s: 0.00 reconn/s: 0.00
[ 340s ] thds: 32 tps: 1399.50 qps: 22395.85 (r/w/o: 19596.56/0.00/2799.29) lat (ms,95%): 31.94 err/s: 0.00 reconn/s: 0.00
[ 350s ] thds: 32 tps: 1401.61 qps: 22422.76 (r/w/o: 19619.74/0.00/2803.02) lat (ms,95%): 32.53 err/s: 0.00 reconn/s: 0.00
[ 360s ] thds: 32 tps: 1401.00 qps: 22415.26 (r/w/o: 19613.26/0.00/2801.99) lat (ms,95%): 31.94 err/s: 0.00 reconn/s: 0.00
[ 370s ] thds: 32 tps: 1404.21 qps: 22472.68 (r/w/o: 19664.16/0.00/2808.52) lat (ms,95%): 31.37 err/s: 0.00 reconn/s: 0.00
[ 380s ] thds: 32 tps: 1408.40 qps: 22530.09 (r/w/o: 19713.29/0.00/2816.80) lat (ms,95%): 31.37 err/s: 0.00 reconn/s: 0.00
[ 390s ] thds: 32 tps: 1399.90 qps: 22396.68 (r/w/o: 19596.98/0.00/2799.70) lat (ms,95%): 31.94 err/s: 0.00 reconn/s: 0.00
[ 400s ] thds: 32 tps: 1401.03 qps: 22421.30 (r/w/o: 19619.04/0.00/2802.26) lat (ms,95%): 32.53 err/s: 0.00 reconn/s: 0.00
[ 410s ] thds: 32 tps: 1405.84 qps: 22490.04 (r/w/o: 19678.46/0.00/2811.58) lat (ms,95%): 31.37 err/s: 0.00 reconn/s: 0.00
[ 420s ] thds: 32 tps: 1407.92 qps: 22525.13 (r/w/o: 19709.49/0.00/2815.64) lat (ms,95%): 30.81 err/s: 0.00 reconn/s: 0.00
[ 430s ] thds: 32 tps: 1405.11 qps: 22485.07 (r/w/o: 19674.55/0.00/2810.52) lat (ms,95%): 31.94 err/s: 0.00 reconn/s: 0.00
[ 440s ] thds: 32 tps: 1393.90 qps: 22301.65 (r/w/o: 19513.96/0.00/2787.69) lat (ms,95%): 31.37 err/s: 0.00 reconn/s: 0.00
[ 450s ] thds: 32 tps: 1366.20 qps: 21857.51 (r/w/o: 19125.11/0.00/2732.40) lat (ms,95%): 34.33 err/s: 0.00 reconn/s: 0.00
[ 460s ] thds: 32 tps: 1405.70 qps: 22491.71 (r/w/o: 19680.31/0.00/2811.40) lat (ms,95%): 31.94 err/s: 0.00 reconn/s: 0.00
[ 470s ] thds: 32 tps: 1405.68 qps: 22489.23 (r/w/o: 19678.06/0.00/2811.17) lat (ms,95%): 31.37 err/s: 0.00 reconn/s: 0.00
[ 480s ] thds: 32 tps: 1404.72 qps: 22481.66 (r/w/o: 19672.23/0.00/2809.43) lat (ms,95%): 31.94 err/s: 0.00 reconn/s: 0.00
[ 490s ] thds: 32 tps: 1404.29 qps: 22466.38 (r/w/o: 19657.50/0.00/2808.89) lat (ms,95%): 32.53 err/s: 0.00 reconn/s: 0.00
[ 500s ] thds: 32 tps: 1403.01 qps: 22449.35 (r/w/o: 19643.34/0.00/2806.02) lat (ms,95%): 31.94 err/s: 0.00 reconn/s: 0.00
[ 510s ] thds: 32 tps: 1405.30 qps: 22480.88 (r/w/o: 19670.58/0.00/2810.30) lat (ms,95%): 30.81 err/s: 0.00 reconn/s: 0.00
[ 520s ] thds: 32 tps: 1408.10 qps: 22528.05 (r/w/o: 19711.66/0.00/2816.39) lat (ms,95%): 30.81 err/s: 0.00 reconn/s: 0.00
[ 530s ] thds: 32 tps: 1405.91 qps: 22496.95 (r/w/o: 19685.23/0.00/2811.72) lat (ms,95%): 32.53 err/s: 0.00 reconn/s: 0.00
[ 540s ] thds: 32 tps: 1402.96 qps: 22440.71 (r/w/o: 19634.80/0.00/2805.91) lat (ms,95%): 31.94 err/s: 0.00 reconn/s: 0.00
[ 550s ] thds: 32 tps: 1401.49 qps: 22435.05 (r/w/o: 19631.97/0.00/2803.08) lat (ms,95%): 33.12 err/s: 0.00 reconn/s: 0.00
[ 560s ] thds: 32 tps: 1408.60 qps: 22540.78 (r/w/o: 19723.57/0.00/2817.21) lat (ms,95%): 31.37 err/s: 0.00 reconn/s: 0.00
[ 570s ] thds: 32 tps: 1405.22 qps: 22474.64 (r/w/o: 19664.41/0.00/2810.23) lat (ms,95%): 32.53 err/s: 0.00 reconn/s: 0.00
[ 580s ] thds: 32 tps: 1412.93 qps: 22611.52 (r/w/o: 19785.35/0.00/2826.16) lat (ms,95%): 30.81 err/s: 0.00 reconn/s: 0.00
[ 590s ] thds: 32 tps: 1410.99 qps: 22570.81 (r/w/o: 19749.32/0.00/2821.49) lat (ms,95%): 31.37 err/s: 0.00 reconn/s: 0.00
[ 600s ] thds: 32 tps: 1410.50 qps: 22564.41 (r/w/o: 19742.91/0.00/2821.50) lat (ms,95%): 32.53 err/s: 0.00 reconn/s: 0.00
SQL statistics:
    queries performed:
        read:                            11691680
        write:                           0
        other:                           1670240
        total:                           13361920
    transactions:                        835120 (1391.53 per sec.)
    queries:                             13361920 (22264.41 per sec.)
    ignored errors:                      0      (0.00 per sec.)
    reconnects:                          0      (0.00 per sec.)

General statistics:
    total time:                          600.1432s
    total number of events:              835120

Latency (ms):
         min:                                    9.86
         avg:                                   22.99
         max:                                  239.60
         95th percentile:                       33.12
         sum:                             19198945.11

Threads fairness:
    events (avg/stddev):           26097.5000/21.22
    execution time (avg/stddev):   599.9670/0.02

