sysbench 1.0.20 (using bundled LuaJIT 2.1.0-beta2)

Running the test with following options:
Number of threads: 32
Report intermediate results every 10 second(s)
Initializing random number generator from current time


Initializing worker threads...

Threads started!

[ 10s ] thds: 32 tps: 1044.05 qps: 16732.39 (r/w/o: 14641.29/0.00/2091.10) lat (ms,95%): 59.99 err/s: 0.00 reconn/s: 0.00
[ 20s ] thds: 32 tps: 1232.85 qps: 19728.44 (r/w/o: 17262.53/0.00/2465.90) lat (ms,95%): 40.37 err/s: 0.00 reconn/s: 0.00
[ 30s ] thds: 32 tps: 1260.79 qps: 20164.88 (r/w/o: 17643.99/0.00/2520.88) lat (ms,95%): 39.65 err/s: 0.00 reconn/s: 0.00
[ 40s ] thds: 32 tps: 1274.30 qps: 20392.02 (r/w/o: 17842.73/0.00/2549.29) lat (ms,95%): 38.25 err/s: 0.00 reconn/s: 0.00
[ 50s ] thds: 32 tps: 1283.30 qps: 20528.94 (r/w/o: 17962.34/0.00/2566.61) lat (ms,95%): 38.25 err/s: 0.00 reconn/s: 0.00
[ 60s ] thds: 32 tps: 1360.40 qps: 21771.89 (r/w/o: 19051.09/0.00/2720.80) lat (ms,95%): 34.95 err/s: 0.00 reconn/s: 0.00
[ 70s ] thds: 32 tps: 1423.40 qps: 22777.60 (r/w/o: 19930.90/0.00/2846.70) lat (ms,95%): 31.37 err/s: 0.00 reconn/s: 0.00
[ 80s ] thds: 32 tps: 1385.30 qps: 22163.51 (r/w/o: 19392.81/0.00/2770.70) lat (ms,95%): 36.24 err/s: 0.00 reconn/s: 0.00
[ 90s ] thds: 32 tps: 1424.60 qps: 22790.34 (r/w/o: 19941.15/0.00/2849.19) lat (ms,95%): 31.94 err/s: 0.00 reconn/s: 0.00
[ 100s ] thds: 32 tps: 1406.20 qps: 22497.73 (r/w/o: 19685.42/0.00/2812.30) lat (ms,95%): 34.33 err/s: 0.00 reconn/s: 0.00
[ 110s ] thds: 32 tps: 1415.50 qps: 22649.71 (r/w/o: 19818.71/0.00/2831.00) lat (ms,95%): 33.72 err/s: 0.00 reconn/s: 0.00
[ 120s ] thds: 32 tps: 1430.80 qps: 22893.03 (r/w/o: 20031.42/0.00/2861.60) lat (ms,95%): 31.94 err/s: 0.00 reconn/s: 0.00
[ 130s ] thds: 32 tps: 1402.70 qps: 22443.79 (r/w/o: 19638.29/0.00/2805.50) lat (ms,95%): 36.24 err/s: 0.00 reconn/s: 0.00
[ 140s ] thds: 32 tps: 1433.90 qps: 22941.47 (r/w/o: 20073.88/0.00/2867.60) lat (ms,95%): 33.12 err/s: 0.00 reconn/s: 0.00
[ 150s ] thds: 32 tps: 1417.79 qps: 22682.53 (r/w/o: 19846.75/0.00/2835.78) lat (ms,95%): 34.33 err/s: 0.00 reconn/s: 0.00
[ 160s ] thds: 32 tps: 1427.71 qps: 22846.19 (r/w/o: 19990.98/0.00/2855.21) lat (ms,95%): 32.53 err/s: 0.00 reconn/s: 0.00
[ 170s ] thds: 32 tps: 1376.11 qps: 22012.59 (r/w/o: 19260.18/0.00/2752.41) lat (ms,95%): 34.95 err/s: 0.00 reconn/s: 0.00
[ 180s ] thds: 32 tps: 1419.80 qps: 22718.88 (r/w/o: 19879.28/0.00/2839.60) lat (ms,95%): 35.59 err/s: 0.00 reconn/s: 0.00
[ 190s ] thds: 32 tps: 1450.01 qps: 23196.18 (r/w/o: 20296.17/0.00/2900.01) lat (ms,95%): 30.81 err/s: 0.00 reconn/s: 0.00
[ 200s ] thds: 32 tps: 1418.50 qps: 22708.85 (r/w/o: 19871.86/0.00/2836.99) lat (ms,95%): 35.59 err/s: 0.00 reconn/s: 0.00
[ 210s ] thds: 32 tps: 1427.85 qps: 22841.94 (r/w/o: 19986.33/0.00/2855.60) lat (ms,95%): 34.95 err/s: 0.00 reconn/s: 0.00
[ 220s ] thds: 32 tps: 1433.05 qps: 22919.74 (r/w/o: 20053.84/0.00/2865.91) lat (ms,95%): 33.72 err/s: 0.00 reconn/s: 0.00
[ 230s ] thds: 32 tps: 1405.29 qps: 22489.38 (r/w/o: 19678.49/0.00/2810.88) lat (ms,95%): 33.72 err/s: 0.00 reconn/s: 0.00
[ 240s ] thds: 32 tps: 1401.50 qps: 22431.62 (r/w/o: 19628.72/0.00/2802.90) lat (ms,95%): 33.12 err/s: 0.00 reconn/s: 0.00
[ 250s ] thds: 32 tps: 1408.20 qps: 22522.02 (r/w/o: 19705.73/0.00/2816.29) lat (ms,95%): 31.37 err/s: 0.00 reconn/s: 0.00
[ 260s ] thds: 32 tps: 1413.21 qps: 22615.93 (r/w/o: 19789.32/0.00/2826.62) lat (ms,95%): 30.26 err/s: 0.00 reconn/s: 0.00
[ 270s ] thds: 32 tps: 1401.06 qps: 22413.21 (r/w/o: 19611.20/0.00/2802.01) lat (ms,95%): 32.53 err/s: 0.00 reconn/s: 0.00
[ 280s ] thds: 32 tps: 1397.32 qps: 22359.77 (r/w/o: 19565.04/0.00/2794.73) lat (ms,95%): 33.72 err/s: 0.00 reconn/s: 0.00
[ 290s ] thds: 32 tps: 1398.98 qps: 22384.11 (r/w/o: 19586.24/0.00/2797.86) lat (ms,95%): 33.72 err/s: 0.00 reconn/s: 0.00
[ 300s ] thds: 32 tps: 1405.23 qps: 22482.44 (r/w/o: 19671.87/0.00/2810.57) lat (ms,95%): 31.94 err/s: 0.00 reconn/s: 0.00
[ 310s ] thds: 32 tps: 1400.21 qps: 22409.69 (r/w/o: 19609.28/0.00/2800.41) lat (ms,95%): 31.94 err/s: 0.00 reconn/s: 0.00
[ 320s ] thds: 32 tps: 1405.00 qps: 22471.76 (r/w/o: 19661.85/0.00/2809.91) lat (ms,95%): 31.37 err/s: 0.00 reconn/s: 0.00
[ 330s ] thds: 32 tps: 1407.00 qps: 22513.32 (r/w/o: 19699.22/0.00/2814.10) lat (ms,95%): 31.94 err/s: 0.00 reconn/s: 0.00
[ 340s ] thds: 32 tps: 1409.69 qps: 22554.10 (r/w/o: 19734.81/0.00/2819.29) lat (ms,95%): 31.37 err/s: 0.00 reconn/s: 0.00
[ 350s ] thds: 32 tps: 1404.40 qps: 22477.43 (r/w/o: 19668.53/0.00/2808.90) lat (ms,95%): 32.53 err/s: 0.00 reconn/s: 0.00
[ 360s ] thds: 32 tps: 1411.30 qps: 22579.34 (r/w/o: 19756.83/0.00/2822.50) lat (ms,95%): 31.37 err/s: 0.00 reconn/s: 0.00
[ 370s ] thds: 32 tps: 1410.71 qps: 22563.92 (r/w/o: 19742.70/0.00/2821.21) lat (ms,95%): 31.37 err/s: 0.00 reconn/s: 0.00
[ 380s ] thds: 32 tps: 1412.99 qps: 22614.82 (r/w/o: 19788.65/0.00/2826.18) lat (ms,95%): 30.81 err/s: 0.00 reconn/s: 0.00
[ 390s ] thds: 32 tps: 1412.21 qps: 22592.48 (r/w/o: 19768.26/0.00/2824.22) lat (ms,95%): 31.94 err/s: 0.00 reconn/s: 0.00
[ 400s ] thds: 32 tps: 1412.32 qps: 22598.91 (r/w/o: 19774.17/0.00/2824.74) lat (ms,95%): 30.81 err/s: 0.00 reconn/s: 0.00
[ 410s ] thds: 32 tps: 1412.67 qps: 22599.31 (r/w/o: 19773.77/0.00/2825.54) lat (ms,95%): 30.81 err/s: 0.00 reconn/s: 0.00
[ 420s ] thds: 32 tps: 1420.60 qps: 22730.11 (r/w/o: 19889.11/0.00/2841.00) lat (ms,95%): 30.81 err/s: 0.00 reconn/s: 0.00
[ 430s ] thds: 32 tps: 1409.60 qps: 22561.06 (r/w/o: 19741.65/0.00/2819.41) lat (ms,95%): 32.53 err/s: 0.00 reconn/s: 0.00
[ 440s ] thds: 32 tps: 1412.00 qps: 22582.53 (r/w/o: 19758.64/0.00/2823.89) lat (ms,95%): 31.37 err/s: 0.00 reconn/s: 0.00
[ 450s ] thds: 32 tps: 1410.10 qps: 22562.55 (r/w/o: 19742.24/0.00/2820.31) lat (ms,95%): 31.94 err/s: 0.00 reconn/s: 0.00
[ 460s ] thds: 32 tps: 1410.40 qps: 22568.86 (r/w/o: 19748.25/0.00/2820.61) lat (ms,95%): 31.94 err/s: 0.00 reconn/s: 0.00
[ 470s ] thds: 32 tps: 1401.10 qps: 22414.96 (r/w/o: 19612.67/0.00/2802.30) lat (ms,95%): 32.53 err/s: 0.00 reconn/s: 0.00
[ 480s ] thds: 32 tps: 1413.50 qps: 22622.79 (r/w/o: 19795.69/0.00/2827.10) lat (ms,95%): 31.37 err/s: 0.00 reconn/s: 0.00
[ 490s ] thds: 32 tps: 1410.20 qps: 22557.01 (r/w/o: 19736.81/0.00/2820.20) lat (ms,95%): 32.53 err/s: 0.00 reconn/s: 0.00
[ 500s ] thds: 32 tps: 1409.43 qps: 22556.30 (r/w/o: 19737.25/0.00/2819.05) lat (ms,95%): 31.94 err/s: 0.00 reconn/s: 0.00
[ 510s ] thds: 32 tps: 1416.27 qps: 22659.21 (r/w/o: 19826.67/0.00/2832.54) lat (ms,95%): 32.53 err/s: 0.00 reconn/s: 0.00
[ 520s ] thds: 32 tps: 1413.79 qps: 22617.36 (r/w/o: 19789.77/0.00/2827.58) lat (ms,95%): 31.37 err/s: 0.00 reconn/s: 0.00
[ 530s ] thds: 32 tps: 1405.91 qps: 22496.40 (r/w/o: 19684.69/0.00/2811.71) lat (ms,95%): 33.12 err/s: 0.00 reconn/s: 0.00
[ 540s ] thds: 32 tps: 1408.82 qps: 22540.74 (r/w/o: 19723.10/0.00/2817.64) lat (ms,95%): 33.72 err/s: 0.00 reconn/s: 0.00
[ 550s ] thds: 32 tps: 1415.09 qps: 22637.26 (r/w/o: 19807.19/0.00/2830.07) lat (ms,95%): 33.12 err/s: 0.00 reconn/s: 0.00
[ 560s ] thds: 32 tps: 1425.77 qps: 22813.81 (r/w/o: 19962.37/0.00/2851.44) lat (ms,95%): 30.26 err/s: 0.00 reconn/s: 0.00
[ 570s ] thds: 32 tps: 1422.73 qps: 22760.51 (r/w/o: 19915.24/0.00/2845.26) lat (ms,95%): 31.37 err/s: 0.00 reconn/s: 0.00
[ 580s ] thds: 32 tps: 1411.40 qps: 22588.43 (r/w/o: 19765.53/0.00/2822.90) lat (ms,95%): 32.53 err/s: 0.00 reconn/s: 0.00
[ 590s ] thds: 32 tps: 1413.40 qps: 22614.23 (r/w/o: 19787.23/0.00/2827.00) lat (ms,95%): 31.37 err/s: 0.00 reconn/s: 0.00
[ 600s ] thds: 32 tps: 1412.50 qps: 22599.65 (r/w/o: 19774.44/0.00/2825.21) lat (ms,95%): 31.94 err/s: 0.00 reconn/s: 0.00
SQL statistics:
    queries performed:
        read:                            11721388
        write:                           0
        other:                           1674484
        total:                           13395872
    transactions:                        837242 (1395.08 per sec.)
    queries:                             13395872 (22321.36 per sec.)
    ignored errors:                      0      (0.00 per sec.)
    reconnects:                          0      (0.00 per sec.)

General statistics:
    total time:                          600.1339s
    total number of events:              837242

Latency (ms):
         min:                                    8.71
         avg:                                   22.93
         max:                                  175.78
         95th percentile:                       34.33
         sum:                             19199036.52

Threads fairness:
    events (avg/stddev):           26163.8125/28.48
    execution time (avg/stddev):   599.9699/0.03

