sysbench 1.0.20 (using bundled LuaJIT 2.1.0-beta2)

Running the test with following options:
Number of threads: 32
Report intermediate results every 10 second(s)
Initializing random number generator from current time


Initializing worker threads...

Threads started!

[ 10s ] thds: 32 tps: 1122.44 qps: 17989.91 (r/w/o: 15741.84/0.00/2248.08) lat (ms,95%): 58.92 err/s: 0.00 reconn/s: 0.00
[ 20s ] thds: 32 tps: 1385.25 qps: 22161.91 (r/w/o: 19391.41/0.00/2770.50) lat (ms,95%): 33.12 err/s: 0.00 reconn/s: 0.00
[ 30s ] thds: 32 tps: 1236.39 qps: 19779.57 (r/w/o: 17306.78/0.00/2472.78) lat (ms,95%): 41.10 err/s: 0.00 reconn/s: 0.00
[ 40s ] thds: 32 tps: 1387.30 qps: 22201.08 (r/w/o: 19426.57/0.00/2774.51) lat (ms,95%): 32.53 err/s: 0.00 reconn/s: 0.00
[ 50s ] thds: 32 tps: 1390.60 qps: 22248.89 (r/w/o: 19467.60/0.00/2781.30) lat (ms,95%): 34.95 err/s: 0.00 reconn/s: 0.00
[ 60s ] thds: 32 tps: 1409.70 qps: 22552.47 (r/w/o: 19733.17/0.00/2819.30) lat (ms,95%): 33.12 err/s: 0.00 reconn/s: 0.00
[ 70s ] thds: 32 tps: 1400.00 qps: 22397.76 (r/w/o: 19597.66/0.00/2800.09) lat (ms,95%): 34.33 err/s: 0.00 reconn/s: 0.00
[ 80s ] thds: 32 tps: 1414.90 qps: 22640.16 (r/w/o: 19810.46/0.00/2829.71) lat (ms,95%): 33.12 err/s: 0.00 reconn/s: 0.00
[ 90s ] thds: 32 tps: 1404.20 qps: 22469.87 (r/w/o: 19661.58/0.00/2808.30) lat (ms,95%): 33.12 err/s: 0.00 reconn/s: 0.00
[ 100s ] thds: 32 tps: 1425.50 qps: 22802.84 (r/w/o: 19951.63/0.00/2851.20) lat (ms,95%): 33.72 err/s: 0.00 reconn/s: 0.00
[ 110s ] thds: 32 tps: 1401.60 qps: 22427.17 (r/w/o: 19623.98/0.00/2803.20) lat (ms,95%): 36.89 err/s: 0.00 reconn/s: 0.00
[ 120s ] thds: 32 tps: 1428.20 qps: 22850.13 (r/w/o: 19994.02/0.00/2856.10) lat (ms,95%): 31.94 err/s: 0.00 reconn/s: 0.00
[ 130s ] thds: 32 tps: 1414.80 qps: 22633.58 (r/w/o: 19803.98/0.00/2829.60) lat (ms,95%): 34.95 err/s: 0.00 reconn/s: 0.00
[ 140s ] thds: 32 tps: 1433.60 qps: 22943.64 (r/w/o: 20076.25/0.00/2867.39) lat (ms,95%): 31.37 err/s: 0.00 reconn/s: 0.00
[ 150s ] thds: 32 tps: 1412.50 qps: 22601.65 (r/w/o: 19776.54/0.00/2825.11) lat (ms,95%): 34.33 err/s: 0.00 reconn/s: 0.00
[ 160s ] thds: 32 tps: 1415.20 qps: 22641.51 (r/w/o: 19811.11/0.00/2830.40) lat (ms,95%): 33.72 err/s: 0.00 reconn/s: 0.00
[ 170s ] thds: 32 tps: 1436.70 qps: 22988.33 (r/w/o: 20114.92/0.00/2873.40) lat (ms,95%): 31.94 err/s: 0.00 reconn/s: 0.00
[ 180s ] thds: 32 tps: 1417.09 qps: 22673.01 (r/w/o: 19839.12/0.00/2833.89) lat (ms,95%): 34.95 err/s: 0.00 reconn/s: 0.00
[ 190s ] thds: 32 tps: 1442.60 qps: 23080.27 (r/w/o: 20194.76/0.00/2885.51) lat (ms,95%): 31.37 err/s: 0.00 reconn/s: 0.00
[ 200s ] thds: 32 tps: 1387.60 qps: 22204.45 (r/w/o: 19429.26/0.00/2775.19) lat (ms,95%): 34.95 err/s: 0.00 reconn/s: 0.00
[ 210s ] thds: 32 tps: 1407.80 qps: 22523.72 (r/w/o: 19708.12/0.00/2815.60) lat (ms,95%): 32.53 err/s: 0.00 reconn/s: 0.00
[ 220s ] thds: 32 tps: 1416.40 qps: 22663.24 (r/w/o: 19830.54/0.00/2832.71) lat (ms,95%): 34.95 err/s: 0.00 reconn/s: 0.00
[ 230s ] thds: 32 tps: 1422.08 qps: 22755.45 (r/w/o: 19911.18/0.00/2844.27) lat (ms,95%): 34.33 err/s: 0.00 reconn/s: 0.00
[ 240s ] thds: 32 tps: 1440.41 qps: 23041.60 (r/w/o: 20160.79/0.00/2880.81) lat (ms,95%): 31.37 err/s: 0.00 reconn/s: 0.00
[ 250s ] thds: 32 tps: 1424.11 qps: 22785.20 (r/w/o: 19937.19/0.00/2848.01) lat (ms,95%): 34.33 err/s: 0.00 reconn/s: 0.00
[ 260s ] thds: 32 tps: 1420.40 qps: 22731.16 (r/w/o: 19890.17/0.00/2841.00) lat (ms,95%): 33.72 err/s: 0.00 reconn/s: 0.00
[ 270s ] thds: 32 tps: 1426.89 qps: 22828.09 (r/w/o: 19974.30/0.00/2853.79) lat (ms,95%): 34.33 err/s: 0.00 reconn/s: 0.00
[ 280s ] thds: 32 tps: 1428.90 qps: 22857.99 (r/w/o: 20000.20/0.00/2857.80) lat (ms,95%): 34.95 err/s: 0.00 reconn/s: 0.00
[ 290s ] thds: 32 tps: 1446.00 qps: 23139.21 (r/w/o: 20247.41/0.00/2891.80) lat (ms,95%): 31.37 err/s: 0.00 reconn/s: 0.00
[ 300s ] thds: 32 tps: 1419.21 qps: 22701.81 (r/w/o: 19863.28/0.00/2838.53) lat (ms,95%): 34.95 err/s: 0.00 reconn/s: 0.00
[ 310s ] thds: 32 tps: 1436.69 qps: 22990.97 (r/w/o: 20117.69/0.00/2873.28) lat (ms,95%): 31.37 err/s: 0.00 reconn/s: 0.00
[ 320s ] thds: 32 tps: 1427.81 qps: 22846.10 (r/w/o: 19990.29/0.00/2855.81) lat (ms,95%): 34.95 err/s: 0.00 reconn/s: 0.00
[ 330s ] thds: 32 tps: 1425.60 qps: 22811.50 (r/w/o: 19960.60/0.00/2850.90) lat (ms,95%): 34.33 err/s: 0.00 reconn/s: 0.00
[ 340s ] thds: 32 tps: 1448.20 qps: 23166.91 (r/w/o: 20270.51/0.00/2896.40) lat (ms,95%): 31.37 err/s: 0.00 reconn/s: 0.00
[ 350s ] thds: 32 tps: 1431.60 qps: 22910.38 (r/w/o: 20046.98/0.00/2863.40) lat (ms,95%): 33.72 err/s: 0.00 reconn/s: 0.00
[ 360s ] thds: 32 tps: 1416.60 qps: 22663.92 (r/w/o: 19831.12/0.00/2832.80) lat (ms,95%): 35.59 err/s: 0.00 reconn/s: 0.00
[ 370s ] thds: 32 tps: 1448.20 qps: 23171.53 (r/w/o: 20274.63/0.00/2896.90) lat (ms,95%): 31.37 err/s: 0.00 reconn/s: 0.00
[ 380s ] thds: 32 tps: 1423.70 qps: 22780.06 (r/w/o: 19932.87/0.00/2847.20) lat (ms,95%): 34.95 err/s: 0.00 reconn/s: 0.00
[ 390s ] thds: 32 tps: 1423.20 qps: 22771.35 (r/w/o: 19924.76/0.00/2846.59) lat (ms,95%): 34.95 err/s: 0.00 reconn/s: 0.00
[ 400s ] thds: 32 tps: 1456.71 qps: 23307.15 (r/w/o: 20393.73/0.00/2913.42) lat (ms,95%): 30.26 err/s: 0.00 reconn/s: 0.00
[ 410s ] thds: 32 tps: 1428.90 qps: 22867.12 (r/w/o: 20009.43/0.00/2857.69) lat (ms,95%): 33.72 err/s: 0.00 reconn/s: 0.00
[ 420s ] thds: 32 tps: 1426.80 qps: 22824.25 (r/w/o: 19970.84/0.00/2853.41) lat (ms,95%): 34.33 err/s: 0.00 reconn/s: 0.00
[ 430s ] thds: 32 tps: 1450.59 qps: 23204.89 (r/w/o: 20303.40/0.00/2901.49) lat (ms,95%): 31.94 err/s: 0.00 reconn/s: 0.00
[ 440s ] thds: 32 tps: 1442.50 qps: 23081.42 (r/w/o: 20196.52/0.00/2884.90) lat (ms,95%): 31.37 err/s: 0.00 reconn/s: 0.00
[ 450s ] thds: 32 tps: 1423.30 qps: 22772.04 (r/w/o: 19925.64/0.00/2846.41) lat (ms,95%): 34.33 err/s: 0.00 reconn/s: 0.00
[ 460s ] thds: 32 tps: 1435.20 qps: 22965.88 (r/w/o: 20095.28/0.00/2870.60) lat (ms,95%): 33.72 err/s: 0.00 reconn/s: 0.00
[ 470s ] thds: 32 tps: 1455.29 qps: 23286.40 (r/w/o: 20375.71/0.00/2910.69) lat (ms,95%): 30.81 err/s: 0.00 reconn/s: 0.00
[ 480s ] thds: 32 tps: 1423.41 qps: 22778.89 (r/w/o: 19932.08/0.00/2846.81) lat (ms,95%): 34.95 err/s: 0.00 reconn/s: 0.00
[ 490s ] thds: 32 tps: 1444.30 qps: 23104.68 (r/w/o: 20216.18/0.00/2888.50) lat (ms,95%): 33.12 err/s: 0.00 reconn/s: 0.00
[ 500s ] thds: 32 tps: 1440.78 qps: 23051.47 (r/w/o: 20170.01/0.00/2881.46) lat (ms,95%): 33.72 err/s: 0.00 reconn/s: 0.00
[ 510s ] thds: 32 tps: 1414.82 qps: 22637.40 (r/w/o: 19807.56/0.00/2829.84) lat (ms,95%): 34.95 err/s: 0.00 reconn/s: 0.00
[ 520s ] thds: 32 tps: 1459.50 qps: 23343.55 (r/w/o: 20425.34/0.00/2918.21) lat (ms,95%): 31.37 err/s: 0.00 reconn/s: 0.00
[ 530s ] thds: 32 tps: 1423.80 qps: 22789.52 (r/w/o: 19941.12/0.00/2848.40) lat (ms,95%): 34.33 err/s: 0.00 reconn/s: 0.00
[ 540s ] thds: 32 tps: 1449.48 qps: 23186.81 (r/w/o: 20287.95/0.00/2898.86) lat (ms,95%): 31.37 err/s: 0.00 reconn/s: 0.00
[ 550s ] thds: 32 tps: 1431.71 qps: 22909.30 (r/w/o: 20045.97/0.00/2863.32) lat (ms,95%): 35.59 err/s: 0.00 reconn/s: 0.00
[ 560s ] thds: 32 tps: 1442.20 qps: 23076.25 (r/w/o: 20191.66/0.00/2884.59) lat (ms,95%): 32.53 err/s: 0.00 reconn/s: 0.00
[ 570s ] thds: 32 tps: 1426.61 qps: 22822.70 (r/w/o: 19969.69/0.00/2853.01) lat (ms,95%): 34.95 err/s: 0.00 reconn/s: 0.00
[ 580s ] thds: 32 tps: 1430.71 qps: 22895.15 (r/w/o: 20033.53/0.00/2861.62) lat (ms,95%): 34.33 err/s: 0.00 reconn/s: 0.00
[ 590s ] thds: 32 tps: 1458.69 qps: 23334.72 (r/w/o: 20417.44/0.00/2917.28) lat (ms,95%): 30.81 err/s: 0.00 reconn/s: 0.00
[ 600s ] thds: 32 tps: 1424.70 qps: 22798.08 (r/w/o: 19948.87/0.00/2849.21) lat (ms,95%): 35.59 err/s: 0.00 reconn/s: 0.00
SQL statistics:
    queries performed:
        read:                            11913048
        write:                           0
        other:                           1701864
        total:                           13614912
    transactions:                        850932 (1417.91 per sec.)
    queries:                             13614912 (22686.60 per sec.)
    ignored errors:                      0      (0.00 per sec.)
    reconnects:                          0      (0.00 per sec.)

General statistics:
    total time:                          600.1273s
    total number of events:              850932

Latency (ms):
         min:                                    9.12
         avg:                                   22.56
         max:                                  191.94
         95th percentile:                       34.33
         sum:                             19198826.63

Threads fairness:
    events (avg/stddev):           26591.6250/21.75
    execution time (avg/stddev):   599.9633/0.02

