sysbench 1.0.20 (using bundled LuaJIT 2.1.0-beta2)

Running the test with following options:
Number of threads: 32
Report intermediate results every 10 second(s)
Initializing random number generator from current time


Initializing worker threads...

Threads started!

[ 10s ] thds: 32 tps: 1063.95 qps: 17051.55 (r/w/o: 14920.45/0.00/2131.09) lat (ms,95%): 59.99 err/s: 0.00 reconn/s: 0.00
[ 20s ] thds: 32 tps: 1309.05 qps: 20936.10 (r/w/o: 18318.30/0.00/2617.80) lat (ms,95%): 38.94 err/s: 0.00 reconn/s: 0.00
[ 30s ] thds: 32 tps: 1409.40 qps: 22557.65 (r/w/o: 19738.55/0.00/2819.09) lat (ms,95%): 31.37 err/s: 0.00 reconn/s: 0.00
[ 40s ] thds: 32 tps: 1391.80 qps: 22269.38 (r/w/o: 19485.99/0.00/2783.40) lat (ms,95%): 36.24 err/s: 0.00 reconn/s: 0.00
[ 50s ] thds: 32 tps: 1420.40 qps: 22725.95 (r/w/o: 19884.96/0.00/2840.99) lat (ms,95%): 31.37 err/s: 0.00 reconn/s: 0.00
[ 60s ] thds: 32 tps: 1397.60 qps: 22358.84 (r/w/o: 19563.84/0.00/2795.01) lat (ms,95%): 36.24 err/s: 0.00 reconn/s: 0.00
[ 70s ] thds: 32 tps: 1413.60 qps: 22611.37 (r/w/o: 19784.27/0.00/2827.10) lat (ms,95%): 34.33 err/s: 0.00 reconn/s: 0.00
[ 80s ] thds: 32 tps: 1421.60 qps: 22754.87 (r/w/o: 19911.36/0.00/2843.51) lat (ms,95%): 32.53 err/s: 0.00 reconn/s: 0.00
[ 90s ] thds: 32 tps: 1400.71 qps: 22409.29 (r/w/o: 19608.38/0.00/2800.91) lat (ms,95%): 35.59 err/s: 0.00 reconn/s: 0.00
[ 100s ] thds: 32 tps: 1428.90 qps: 22867.02 (r/w/o: 20008.73/0.00/2858.29) lat (ms,95%): 33.12 err/s: 0.00 reconn/s: 0.00
[ 110s ] thds: 32 tps: 1415.50 qps: 22642.19 (r/w/o: 19811.39/0.00/2830.80) lat (ms,95%): 36.24 err/s: 0.00 reconn/s: 0.00
[ 120s ] thds: 32 tps: 1436.30 qps: 22984.92 (r/w/o: 20112.12/0.00/2872.80) lat (ms,95%): 30.81 err/s: 0.00 reconn/s: 0.00
[ 130s ] thds: 32 tps: 1413.50 qps: 22614.95 (r/w/o: 19788.06/0.00/2826.89) lat (ms,95%): 35.59 err/s: 0.00 reconn/s: 0.00
[ 140s ] thds: 32 tps: 1438.80 qps: 23016.15 (r/w/o: 20138.66/0.00/2877.49) lat (ms,95%): 31.37 err/s: 0.00 reconn/s: 0.00
[ 150s ] thds: 32 tps: 1407.00 qps: 22514.56 (r/w/o: 19700.65/0.00/2813.91) lat (ms,95%): 35.59 err/s: 0.00 reconn/s: 0.00
[ 160s ] thds: 32 tps: 1419.80 qps: 22720.10 (r/w/o: 19880.20/0.00/2839.90) lat (ms,95%): 34.95 err/s: 0.00 reconn/s: 0.00
[ 170s ] thds: 32 tps: 1446.60 qps: 23147.59 (r/w/o: 20254.59/0.00/2893.00) lat (ms,95%): 31.94 err/s: 0.00 reconn/s: 0.00
[ 180s ] thds: 32 tps: 1416.60 qps: 22657.49 (r/w/o: 19824.40/0.00/2833.10) lat (ms,95%): 36.24 err/s: 0.00 reconn/s: 0.00
[ 190s ] thds: 32 tps: 1435.20 qps: 22967.37 (r/w/o: 20096.67/0.00/2870.70) lat (ms,95%): 31.37 err/s: 0.00 reconn/s: 0.00
[ 200s ] thds: 32 tps: 1424.51 qps: 22790.61 (r/w/o: 19941.59/0.00/2849.01) lat (ms,95%): 34.95 err/s: 0.00 reconn/s: 0.00
[ 210s ] thds: 32 tps: 1365.70 qps: 21846.58 (r/w/o: 19116.68/0.00/2729.90) lat (ms,95%): 34.95 err/s: 0.00 reconn/s: 0.00
[ 220s ] thds: 32 tps: 1449.70 qps: 23206.35 (r/w/o: 20305.66/0.00/2900.69) lat (ms,95%): 30.26 err/s: 0.00 reconn/s: 0.00
[ 230s ] thds: 32 tps: 1418.30 qps: 22687.72 (r/w/o: 19851.12/0.00/2836.60) lat (ms,95%): 35.59 err/s: 0.00 reconn/s: 0.00
[ 240s ] thds: 32 tps: 1426.00 qps: 22818.43 (r/w/o: 19966.23/0.00/2852.20) lat (ms,95%): 34.95 err/s: 0.00 reconn/s: 0.00
[ 250s ] thds: 32 tps: 1447.10 qps: 23151.12 (r/w/o: 20256.93/0.00/2894.19) lat (ms,95%): 30.81 err/s: 0.00 reconn/s: 0.00
[ 260s ] thds: 32 tps: 1427.40 qps: 22839.43 (r/w/o: 19984.73/0.00/2854.70) lat (ms,95%): 34.33 err/s: 0.00 reconn/s: 0.00
[ 270s ] thds: 32 tps: 1410.20 qps: 22563.78 (r/w/o: 19743.28/0.00/2820.50) lat (ms,95%): 36.89 err/s: 0.00 reconn/s: 0.00
[ 280s ] thds: 32 tps: 1453.40 qps: 23255.54 (r/w/o: 20348.73/0.00/2906.80) lat (ms,95%): 30.81 err/s: 0.00 reconn/s: 0.00
[ 290s ] thds: 32 tps: 1425.40 qps: 22801.57 (r/w/o: 19950.88/0.00/2850.70) lat (ms,95%): 35.59 err/s: 0.00 reconn/s: 0.00
[ 300s ] thds: 32 tps: 1426.60 qps: 22829.82 (r/w/o: 19976.62/0.00/2853.20) lat (ms,95%): 34.95 err/s: 0.00 reconn/s: 0.00
[ 310s ] thds: 32 tps: 1448.40 qps: 23174.63 (r/w/o: 20277.72/0.00/2896.90) lat (ms,95%): 31.37 err/s: 0.00 reconn/s: 0.00
[ 320s ] thds: 32 tps: 1394.16 qps: 22309.91 (r/w/o: 19521.58/0.00/2788.33) lat (ms,95%): 33.12 err/s: 0.00 reconn/s: 0.00
[ 330s ] thds: 32 tps: 1406.34 qps: 22492.68 (r/w/o: 19680.10/0.00/2812.59) lat (ms,95%): 30.81 err/s: 0.00 reconn/s: 0.00
[ 340s ] thds: 32 tps: 1406.36 qps: 22506.11 (r/w/o: 19693.38/0.00/2812.73) lat (ms,95%): 32.53 err/s: 0.00 reconn/s: 0.00
[ 350s ] thds: 32 tps: 1410.58 qps: 22571.82 (r/w/o: 19750.67/0.00/2821.15) lat (ms,95%): 31.37 err/s: 0.00 reconn/s: 0.00
[ 360s ] thds: 32 tps: 1408.06 qps: 22524.01 (r/w/o: 19707.89/0.00/2816.11) lat (ms,95%): 31.94 err/s: 0.00 reconn/s: 0.00
[ 370s ] thds: 32 tps: 1406.70 qps: 22505.17 (r/w/o: 19691.87/0.00/2813.30) lat (ms,95%): 32.53 err/s: 0.00 reconn/s: 0.00
[ 380s ] thds: 32 tps: 1409.00 qps: 22543.79 (r/w/o: 19725.99/0.00/2817.80) lat (ms,95%): 31.94 err/s: 0.00 reconn/s: 0.00
[ 390s ] thds: 32 tps: 1411.10 qps: 22586.80 (r/w/o: 19764.20/0.00/2822.60) lat (ms,95%): 33.72 err/s: 0.00 reconn/s: 0.00
[ 400s ] thds: 32 tps: 1426.60 qps: 22811.55 (r/w/o: 19958.84/0.00/2852.71) lat (ms,95%): 30.26 err/s: 0.00 reconn/s: 0.00
[ 410s ] thds: 32 tps: 1409.50 qps: 22563.22 (r/w/o: 19743.83/0.00/2819.39) lat (ms,95%): 30.81 err/s: 0.00 reconn/s: 0.00
[ 420s ] thds: 32 tps: 1404.27 qps: 22464.88 (r/w/o: 19656.33/0.00/2808.55) lat (ms,95%): 33.72 err/s: 0.00 reconn/s: 0.00
[ 430s ] thds: 32 tps: 1413.43 qps: 22617.33 (r/w/o: 19790.47/0.00/2826.85) lat (ms,95%): 31.94 err/s: 0.00 reconn/s: 0.00
[ 440s ] thds: 32 tps: 1409.80 qps: 22557.12 (r/w/o: 19737.52/0.00/2819.60) lat (ms,95%): 31.37 err/s: 0.00 reconn/s: 0.00
[ 450s ] thds: 32 tps: 1406.80 qps: 22510.11 (r/w/o: 19696.61/0.00/2813.50) lat (ms,95%): 31.37 err/s: 0.00 reconn/s: 0.00
[ 460s ] thds: 32 tps: 1407.90 qps: 22522.73 (r/w/o: 19706.83/0.00/2815.90) lat (ms,95%): 33.12 err/s: 0.00 reconn/s: 0.00
[ 470s ] thds: 32 tps: 1411.10 qps: 22581.27 (r/w/o: 19758.96/0.00/2822.31) lat (ms,95%): 31.94 err/s: 0.00 reconn/s: 0.00
[ 480s ] thds: 32 tps: 1406.96 qps: 22507.73 (r/w/o: 19693.80/0.00/2813.93) lat (ms,95%): 33.72 err/s: 0.00 reconn/s: 0.00
[ 490s ] thds: 32 tps: 1410.78 qps: 22572.55 (r/w/o: 19750.98/0.00/2821.57) lat (ms,95%): 32.53 err/s: 0.00 reconn/s: 0.00
[ 500s ] thds: 32 tps: 1429.54 qps: 22870.87 (r/w/o: 20011.80/0.00/2859.07) lat (ms,95%): 29.72 err/s: 0.00 reconn/s: 0.00
[ 510s ] thds: 32 tps: 1410.71 qps: 22571.08 (r/w/o: 19749.96/0.00/2821.12) lat (ms,95%): 32.53 err/s: 0.00 reconn/s: 0.00
[ 520s ] thds: 32 tps: 1414.30 qps: 22631.89 (r/w/o: 19803.09/0.00/2828.80) lat (ms,95%): 31.37 err/s: 0.00 reconn/s: 0.00
[ 530s ] thds: 32 tps: 1409.96 qps: 22555.52 (r/w/o: 19735.49/0.00/2820.03) lat (ms,95%): 32.53 err/s: 0.00 reconn/s: 0.00
[ 540s ] thds: 32 tps: 1413.31 qps: 22614.01 (r/w/o: 19787.58/0.00/2826.43) lat (ms,95%): 31.94 err/s: 0.00 reconn/s: 0.00
[ 550s ] thds: 32 tps: 1410.73 qps: 22572.30 (r/w/o: 19750.65/0.00/2821.65) lat (ms,95%): 31.94 err/s: 0.00 reconn/s: 0.00
[ 560s ] thds: 32 tps: 1414.50 qps: 22632.96 (r/w/o: 19803.96/0.00/2828.99) lat (ms,95%): 31.37 err/s: 0.00 reconn/s: 0.00
[ 570s ] thds: 32 tps: 1394.81 qps: 22318.19 (r/w/o: 19528.68/0.00/2789.51) lat (ms,95%): 33.12 err/s: 0.00 reconn/s: 0.00
[ 580s ] thds: 32 tps: 1417.79 qps: 22682.62 (r/w/o: 19847.03/0.00/2835.59) lat (ms,95%): 30.26 err/s: 0.00 reconn/s: 0.00
[ 590s ] thds: 32 tps: 1410.30 qps: 22570.41 (r/w/o: 19749.81/0.00/2820.60) lat (ms,95%): 33.72 err/s: 0.00 reconn/s: 0.00
[ 600s ] thds: 32 tps: 1410.70 qps: 22565.38 (r/w/o: 19743.98/0.00/2821.40) lat (ms,95%): 33.72 err/s: 0.00 reconn/s: 0.00
SQL statistics:
    queries performed:
        read:                            11831176
        write:                           0
        other:                           1690168
        total:                           13521344
    transactions:                        845084 (1408.15 per sec.)
    queries:                             13521344 (22530.33 per sec.)
    ignored errors:                      0      (0.00 per sec.)
    reconnects:                          0      (0.00 per sec.)

General statistics:
    total time:                          600.1362s
    total number of events:              845084

Latency (ms):
         min:                                    9.53
         avg:                                   22.72
         max:                                  193.23
         95th percentile:                       33.72
         sum:                             19198861.97

Threads fairness:
    events (avg/stddev):           26408.8750/21.72
    execution time (avg/stddev):   599.9644/0.02

