sysbench 1.0.20 (using bundled LuaJIT 2.1.0-beta2)

Running the test with following options:
Number of threads: 32
Report intermediate results every 10 second(s)
Initializing random number generator from current time


Initializing worker threads...

Threads started!

[ 10s ] thds: 32 tps: 989.67 qps: 15860.86 (r/w/o: 13878.53/0.00/1982.33) lat (ms,95%): 68.05 err/s: 0.00 reconn/s: 0.00
[ 20s ] thds: 32 tps: 1206.24 qps: 19301.17 (r/w/o: 16888.39/0.00/2412.77) lat (ms,95%): 42.61 err/s: 0.00 reconn/s: 0.00
[ 30s ] thds: 32 tps: 1321.91 qps: 21153.02 (r/w/o: 18509.41/0.00/2643.62) lat (ms,95%): 34.95 err/s: 0.00 reconn/s: 0.00
[ 40s ] thds: 32 tps: 1263.60 qps: 20216.01 (r/w/o: 17688.81/0.00/2527.20) lat (ms,95%): 38.94 err/s: 0.00 reconn/s: 0.00
[ 50s ] thds: 32 tps: 1285.10 qps: 20562.52 (r/w/o: 17992.23/0.00/2570.29) lat (ms,95%): 37.56 err/s: 0.00 reconn/s: 0.00
[ 60s ] thds: 32 tps: 1279.70 qps: 20470.32 (r/w/o: 17911.02/0.00/2559.30) lat (ms,95%): 40.37 err/s: 0.00 reconn/s: 0.00
[ 70s ] thds: 32 tps: 1298.30 qps: 20775.55 (r/w/o: 18178.85/0.00/2596.71) lat (ms,95%): 36.89 err/s: 0.00 reconn/s: 0.00
[ 80s ] thds: 32 tps: 1279.90 qps: 20484.08 (r/w/o: 17924.38/0.00/2559.70) lat (ms,95%): 38.94 err/s: 0.00 reconn/s: 0.00
[ 90s ] thds: 32 tps: 1291.10 qps: 20652.10 (r/w/o: 18069.80/0.00/2582.30) lat (ms,95%): 37.56 err/s: 0.00 reconn/s: 0.00
[ 100s ] thds: 32 tps: 1336.00 qps: 21372.77 (r/w/o: 18700.87/0.00/2671.90) lat (ms,95%): 35.59 err/s: 0.00 reconn/s: 0.00
[ 110s ] thds: 32 tps: 1393.18 qps: 22288.38 (r/w/o: 19502.02/0.00/2786.36) lat (ms,95%): 35.59 err/s: 0.00 reconn/s: 0.00
[ 120s ] thds: 32 tps: 1425.12 qps: 22801.75 (r/w/o: 19951.42/0.00/2850.33) lat (ms,95%): 33.12 err/s: 0.00 reconn/s: 0.00
[ 130s ] thds: 32 tps: 1408.81 qps: 22542.99 (r/w/o: 19725.38/0.00/2817.61) lat (ms,95%): 34.95 err/s: 0.00 reconn/s: 0.00
[ 140s ] thds: 32 tps: 1406.91 qps: 22511.22 (r/w/o: 19697.61/0.00/2813.62) lat (ms,95%): 34.33 err/s: 0.00 reconn/s: 0.00
[ 150s ] thds: 32 tps: 1424.20 qps: 22788.37 (r/w/o: 19940.17/0.00/2848.20) lat (ms,95%): 32.53 err/s: 0.00 reconn/s: 0.00
[ 160s ] thds: 32 tps: 1412.90 qps: 22607.65 (r/w/o: 19781.75/0.00/2825.89) lat (ms,95%): 35.59 err/s: 0.00 reconn/s: 0.00
[ 170s ] thds: 32 tps: 1437.70 qps: 23004.64 (r/w/o: 20128.94/0.00/2875.71) lat (ms,95%): 29.72 err/s: 0.00 reconn/s: 0.00
[ 180s ] thds: 32 tps: 1416.99 qps: 22660.70 (r/w/o: 19827.02/0.00/2833.69) lat (ms,95%): 34.95 err/s: 0.00 reconn/s: 0.00
[ 190s ] thds: 32 tps: 1413.81 qps: 22628.31 (r/w/o: 19800.39/0.00/2827.91) lat (ms,95%): 35.59 err/s: 0.00 reconn/s: 0.00
[ 200s ] thds: 32 tps: 1444.80 qps: 23119.80 (r/w/o: 20230.30/0.00/2889.50) lat (ms,95%): 30.26 err/s: 0.00 reconn/s: 0.00
[ 210s ] thds: 32 tps: 1408.70 qps: 22537.65 (r/w/o: 19720.24/0.00/2817.41) lat (ms,95%): 36.24 err/s: 0.00 reconn/s: 0.00
[ 220s ] thds: 32 tps: 1445.49 qps: 23128.95 (r/w/o: 20237.97/0.00/2890.98) lat (ms,95%): 30.81 err/s: 0.00 reconn/s: 0.00
[ 230s ] thds: 32 tps: 1414.80 qps: 22641.29 (r/w/o: 19811.59/0.00/2829.70) lat (ms,95%): 34.95 err/s: 0.00 reconn/s: 0.00
[ 240s ] thds: 32 tps: 1421.70 qps: 22744.07 (r/w/o: 19900.77/0.00/2843.30) lat (ms,95%): 34.33 err/s: 0.00 reconn/s: 0.00
[ 250s ] thds: 32 tps: 1438.91 qps: 23024.58 (r/w/o: 20146.77/0.00/2877.81) lat (ms,95%): 32.53 err/s: 0.00 reconn/s: 0.00
[ 260s ] thds: 32 tps: 1335.31 qps: 21362.26 (r/w/o: 18691.84/0.00/2670.42) lat (ms,95%): 36.24 err/s: 0.00 reconn/s: 0.00
[ 270s ] thds: 32 tps: 1395.99 qps: 22335.38 (r/w/o: 19543.10/0.00/2792.29) lat (ms,95%): 31.94 err/s: 0.00 reconn/s: 0.00
[ 280s ] thds: 32 tps: 1417.15 qps: 22674.72 (r/w/o: 19840.61/0.00/2834.10) lat (ms,95%): 30.26 err/s: 0.00 reconn/s: 0.00
[ 290s ] thds: 32 tps: 1401.74 qps: 22427.70 (r/w/o: 19624.01/0.00/2803.69) lat (ms,95%): 33.12 err/s: 0.00 reconn/s: 0.00
[ 300s ] thds: 32 tps: 1401.21 qps: 22419.19 (r/w/o: 19616.88/0.00/2802.31) lat (ms,95%): 33.12 err/s: 0.00 reconn/s: 0.00
[ 310s ] thds: 32 tps: 1402.50 qps: 22437.69 (r/w/o: 19632.59/0.00/2805.10) lat (ms,95%): 31.37 err/s: 0.00 reconn/s: 0.00
[ 320s ] thds: 32 tps: 1387.70 qps: 22206.87 (r/w/o: 19431.57/0.00/2775.30) lat (ms,95%): 32.53 err/s: 0.00 reconn/s: 0.00
[ 330s ] thds: 32 tps: 1404.62 qps: 22473.66 (r/w/o: 19664.33/0.00/2809.33) lat (ms,95%): 32.53 err/s: 0.00 reconn/s: 0.00
[ 340s ] thds: 32 tps: 1398.99 qps: 22379.42 (r/w/o: 19581.54/0.00/2797.88) lat (ms,95%): 33.72 err/s: 0.00 reconn/s: 0.00
[ 350s ] thds: 32 tps: 1405.10 qps: 22479.29 (r/w/o: 19669.09/0.00/2810.20) lat (ms,95%): 31.94 err/s: 0.00 reconn/s: 0.00
[ 360s ] thds: 32 tps: 1404.69 qps: 22477.62 (r/w/o: 19668.43/0.00/2809.19) lat (ms,95%): 31.94 err/s: 0.00 reconn/s: 0.00
[ 370s ] thds: 32 tps: 1416.30 qps: 22661.93 (r/w/o: 19829.13/0.00/2832.80) lat (ms,95%): 30.26 err/s: 0.00 reconn/s: 0.00
[ 380s ] thds: 32 tps: 1403.80 qps: 22457.57 (r/w/o: 19649.98/0.00/2807.60) lat (ms,95%): 31.94 err/s: 0.00 reconn/s: 0.00
[ 390s ] thds: 32 tps: 1405.20 qps: 22489.94 (r/w/o: 19679.43/0.00/2810.50) lat (ms,95%): 30.81 err/s: 0.00 reconn/s: 0.00
[ 400s ] thds: 32 tps: 1407.60 qps: 22522.29 (r/w/o: 19707.19/0.00/2815.10) lat (ms,95%): 31.37 err/s: 0.00 reconn/s: 0.00
[ 410s ] thds: 32 tps: 1407.80 qps: 22527.65 (r/w/o: 19711.94/0.00/2815.71) lat (ms,95%): 31.37 err/s: 0.00 reconn/s: 0.00
[ 420s ] thds: 32 tps: 1409.79 qps: 22549.07 (r/w/o: 19729.80/0.00/2819.27) lat (ms,95%): 32.53 err/s: 0.00 reconn/s: 0.00
[ 430s ] thds: 32 tps: 1407.97 qps: 22528.42 (r/w/o: 19712.38/0.00/2816.04) lat (ms,95%): 30.81 err/s: 0.00 reconn/s: 0.00
[ 440s ] thds: 32 tps: 1404.64 qps: 22472.18 (r/w/o: 19662.80/0.00/2809.39) lat (ms,95%): 33.12 err/s: 0.00 reconn/s: 0.00
[ 450s ] thds: 32 tps: 1407.00 qps: 22511.61 (r/w/o: 19697.61/0.00/2814.00) lat (ms,95%): 31.94 err/s: 0.00 reconn/s: 0.00
[ 460s ] thds: 32 tps: 1408.79 qps: 22548.36 (r/w/o: 19730.68/0.00/2817.68) lat (ms,95%): 30.81 err/s: 0.00 reconn/s: 0.00
[ 470s ] thds: 32 tps: 1397.20 qps: 22349.86 (r/w/o: 19555.45/0.00/2794.41) lat (ms,95%): 33.72 err/s: 0.00 reconn/s: 0.00
[ 480s ] thds: 32 tps: 1402.91 qps: 22446.39 (r/w/o: 19640.78/0.00/2805.61) lat (ms,95%): 31.94 err/s: 0.00 reconn/s: 0.00
[ 490s ] thds: 32 tps: 1407.60 qps: 22523.28 (r/w/o: 19707.89/0.00/2815.40) lat (ms,95%): 31.37 err/s: 0.00 reconn/s: 0.00
[ 500s ] thds: 32 tps: 1416.24 qps: 22656.23 (r/w/o: 19823.75/0.00/2832.48) lat (ms,95%): 32.53 err/s: 0.00 reconn/s: 0.00
[ 510s ] thds: 32 tps: 1411.87 qps: 22591.87 (r/w/o: 19768.14/0.00/2823.73) lat (ms,95%): 31.94 err/s: 0.00 reconn/s: 0.00
[ 520s ] thds: 32 tps: 1410.66 qps: 22570.22 (r/w/o: 19748.90/0.00/2821.31) lat (ms,95%): 32.53 err/s: 0.00 reconn/s: 0.00
[ 530s ] thds: 32 tps: 1409.31 qps: 22550.32 (r/w/o: 19731.71/0.00/2818.62) lat (ms,95%): 31.94 err/s: 0.00 reconn/s: 0.00
[ 540s ] thds: 32 tps: 1414.42 qps: 22633.26 (r/w/o: 19804.41/0.00/2828.84) lat (ms,95%): 30.81 err/s: 0.00 reconn/s: 0.00
[ 550s ] thds: 32 tps: 1410.17 qps: 22557.91 (r/w/o: 19737.67/0.00/2820.24) lat (ms,95%): 33.12 err/s: 0.00 reconn/s: 0.00
[ 560s ] thds: 32 tps: 1408.91 qps: 22547.41 (r/w/o: 19729.60/0.00/2817.81) lat (ms,95%): 33.12 err/s: 0.00 reconn/s: 0.00
[ 570s ] thds: 32 tps: 1404.70 qps: 22473.21 (r/w/o: 19663.71/0.00/2809.50) lat (ms,95%): 34.33 err/s: 0.00 reconn/s: 0.00
[ 580s ] thds: 32 tps: 1413.80 qps: 22618.59 (r/w/o: 19790.99/0.00/2827.60) lat (ms,95%): 30.81 err/s: 0.00 reconn/s: 0.00
[ 590s ] thds: 32 tps: 1405.00 qps: 22482.82 (r/w/o: 19673.02/0.00/2809.80) lat (ms,95%): 33.12 err/s: 0.00 reconn/s: 0.00
[ 600s ] thds: 32 tps: 1424.10 qps: 22783.84 (r/w/o: 19935.54/0.00/2848.29) lat (ms,95%): 31.37 err/s: 0.00 reconn/s: 0.00
SQL statistics:
    queries performed:
        read:                            11625558
        write:                           0
        other:                           1660794
        total:                           13286352
    transactions:                        830397 (1383.52 per sec.)
    queries:                             13286352 (22136.38 per sec.)
    ignored errors:                      0      (0.00 per sec.)
    reconnects:                          0      (0.00 per sec.)

General statistics:
    total time:                          600.2024s
    total number of events:              830397

Latency (ms):
         min:                                    8.89
         avg:                                   23.12
         max:                                  200.39
         95th percentile:                       34.95
         sum:                             19199422.21

Threads fairness:
    events (avg/stddev):           25949.9062/20.02
    execution time (avg/stddev):   599.9819/0.03

