sysbench 1.0.20 (using bundled LuaJIT 2.1.0-beta2)

Running the test with following options:
Number of threads: 32
Report intermediate results every 10 second(s)
Initializing random number generator from current time


Initializing worker threads...

Threads started!

[ 10s ] thds: 32 tps: 1092.34 qps: 17506.19 (r/w/o: 15318.30/0.00/2187.89) lat (ms,95%): 62.19 err/s: 0.00 reconn/s: 0.00
[ 20s ] thds: 32 tps: 1373.35 qps: 21975.50 (r/w/o: 19228.80/0.00/2746.70) lat (ms,95%): 34.33 err/s: 0.00 reconn/s: 0.00
[ 30s ] thds: 32 tps: 1395.49 qps: 22331.62 (r/w/o: 19540.83/0.00/2790.79) lat (ms,95%): 32.53 err/s: 0.00 reconn/s: 0.00
[ 40s ] thds: 32 tps: 1310.70 qps: 20969.69 (r/w/o: 18348.29/0.00/2621.40) lat (ms,95%): 38.25 err/s: 0.00 reconn/s: 0.00
[ 50s ] thds: 32 tps: 1392.10 qps: 22269.30 (r/w/o: 19485.20/0.00/2784.10) lat (ms,95%): 34.33 err/s: 0.00 reconn/s: 0.00
[ 60s ] thds: 32 tps: 1402.50 qps: 22441.04 (r/w/o: 19635.83/0.00/2805.20) lat (ms,95%): 33.72 err/s: 0.00 reconn/s: 0.00
[ 70s ] thds: 32 tps: 1397.90 qps: 22360.01 (r/w/o: 19564.51/0.00/2795.50) lat (ms,95%): 34.33 err/s: 0.00 reconn/s: 0.00
[ 80s ] thds: 32 tps: 1396.60 qps: 22352.49 (r/w/o: 19558.89/0.00/2793.60) lat (ms,95%): 34.33 err/s: 0.00 reconn/s: 0.00
[ 90s ] thds: 32 tps: 1426.40 qps: 22823.97 (r/w/o: 19971.16/0.00/2852.81) lat (ms,95%): 30.81 err/s: 0.00 reconn/s: 0.00
[ 100s ] thds: 32 tps: 1398.39 qps: 22370.67 (r/w/o: 19573.89/0.00/2796.78) lat (ms,95%): 36.24 err/s: 0.00 reconn/s: 0.00
[ 110s ] thds: 32 tps: 1403.91 qps: 22458.81 (r/w/o: 19651.00/0.00/2807.81) lat (ms,95%): 34.95 err/s: 0.00 reconn/s: 0.00
[ 120s ] thds: 32 tps: 1425.10 qps: 22808.13 (r/w/o: 19958.12/0.00/2850.00) lat (ms,95%): 31.94 err/s: 0.00 reconn/s: 0.00
[ 130s ] thds: 32 tps: 1402.79 qps: 22438.77 (r/w/o: 19633.18/0.00/2805.58) lat (ms,95%): 35.59 err/s: 0.00 reconn/s: 0.00
[ 140s ] thds: 32 tps: 1434.20 qps: 22951.92 (r/w/o: 20083.42/0.00/2868.50) lat (ms,95%): 31.94 err/s: 0.00 reconn/s: 0.00
[ 150s ] thds: 32 tps: 1405.70 qps: 22492.96 (r/w/o: 19681.45/0.00/2811.51) lat (ms,95%): 36.24 err/s: 0.00 reconn/s: 0.00
[ 160s ] thds: 32 tps: 1425.20 qps: 22797.75 (r/w/o: 19947.56/0.00/2850.19) lat (ms,95%): 31.94 err/s: 0.00 reconn/s: 0.00
[ 170s ] thds: 32 tps: 1404.80 qps: 22480.19 (r/w/o: 19670.49/0.00/2809.70) lat (ms,95%): 35.59 err/s: 0.00 reconn/s: 0.00
[ 180s ] thds: 32 tps: 1435.20 qps: 22956.41 (r/w/o: 20086.01/0.00/2870.40) lat (ms,95%): 30.81 err/s: 0.00 reconn/s: 0.00
[ 190s ] thds: 32 tps: 1411.00 qps: 22579.29 (r/w/o: 19757.29/0.00/2822.00) lat (ms,95%): 34.95 err/s: 0.00 reconn/s: 0.00
[ 200s ] thds: 32 tps: 1419.50 qps: 22714.11 (r/w/o: 19875.01/0.00/2839.10) lat (ms,95%): 33.12 err/s: 0.00 reconn/s: 0.00
[ 210s ] thds: 32 tps: 1436.20 qps: 22980.11 (r/w/o: 20107.91/0.00/2872.20) lat (ms,95%): 31.94 err/s: 0.00 reconn/s: 0.00
[ 220s ] thds: 32 tps: 1409.80 qps: 22556.05 (r/w/o: 19736.25/0.00/2819.79) lat (ms,95%): 35.59 err/s: 0.00 reconn/s: 0.00
[ 230s ] thds: 32 tps: 1420.60 qps: 22729.88 (r/w/o: 19888.78/0.00/2841.10) lat (ms,95%): 34.95 err/s: 0.00 reconn/s: 0.00
[ 240s ] thds: 32 tps: 1440.50 qps: 23047.54 (r/w/o: 20166.54/0.00/2881.01) lat (ms,95%): 30.26 err/s: 0.00 reconn/s: 0.00
[ 250s ] thds: 32 tps: 1422.90 qps: 22769.04 (r/w/o: 19923.13/0.00/2845.90) lat (ms,95%): 32.53 err/s: 0.00 reconn/s: 0.00
[ 260s ] thds: 32 tps: 1423.10 qps: 22769.27 (r/w/o: 19923.27/0.00/2846.00) lat (ms,95%): 34.95 err/s: 0.00 reconn/s: 0.00
[ 270s ] thds: 32 tps: 1432.00 qps: 22905.80 (r/w/o: 20042.00/0.00/2863.80) lat (ms,95%): 33.72 err/s: 0.00 reconn/s: 0.00
[ 280s ] thds: 32 tps: 1421.01 qps: 22737.19 (r/w/o: 19894.78/0.00/2842.41) lat (ms,95%): 34.95 err/s: 0.00 reconn/s: 0.00
[ 290s ] thds: 32 tps: 1422.29 qps: 22754.68 (r/w/o: 19910.40/0.00/2844.29) lat (ms,95%): 34.95 err/s: 0.00 reconn/s: 0.00
[ 300s ] thds: 32 tps: 1441.40 qps: 23068.60 (r/w/o: 20185.60/0.00/2883.00) lat (ms,95%): 31.37 err/s: 0.00 reconn/s: 0.00
[ 310s ] thds: 32 tps: 1414.10 qps: 22624.34 (r/w/o: 19796.04/0.00/2828.31) lat (ms,95%): 35.59 err/s: 0.00 reconn/s: 0.00
[ 320s ] thds: 32 tps: 1432.90 qps: 22922.74 (r/w/o: 20057.64/0.00/2865.09) lat (ms,95%): 31.94 err/s: 0.00 reconn/s: 0.00
[ 330s ] thds: 32 tps: 1440.41 qps: 23047.21 (r/w/o: 20165.79/0.00/2881.41) lat (ms,95%): 30.81 err/s: 0.00 reconn/s: 0.00
[ 340s ] thds: 32 tps: 1420.70 qps: 22732.23 (r/w/o: 19890.64/0.00/2841.59) lat (ms,95%): 33.72 err/s: 0.00 reconn/s: 0.00
[ 350s ] thds: 32 tps: 1420.70 qps: 22732.03 (r/w/o: 19890.73/0.00/2841.30) lat (ms,95%): 35.59 err/s: 0.00 reconn/s: 0.00
[ 360s ] thds: 32 tps: 1446.70 qps: 23150.43 (r/w/o: 20257.03/0.00/2893.40) lat (ms,95%): 31.94 err/s: 0.00 reconn/s: 0.00
[ 370s ] thds: 32 tps: 1414.90 qps: 22638.06 (r/w/o: 19808.36/0.00/2829.69) lat (ms,95%): 36.24 err/s: 0.00 reconn/s: 0.00
[ 380s ] thds: 32 tps: 1445.90 qps: 23128.92 (r/w/o: 20237.11/0.00/2891.80) lat (ms,95%): 31.94 err/s: 0.00 reconn/s: 0.00
[ 390s ] thds: 32 tps: 1421.00 qps: 22733.50 (r/w/o: 19891.60/0.00/2841.90) lat (ms,95%): 34.33 err/s: 0.00 reconn/s: 0.00
[ 400s ] thds: 32 tps: 1422.60 qps: 22762.21 (r/w/o: 19917.31/0.00/2844.90) lat (ms,95%): 34.95 err/s: 0.00 reconn/s: 0.00
[ 410s ] thds: 32 tps: 1448.00 qps: 23170.27 (r/w/o: 20274.07/0.00/2896.20) lat (ms,95%): 30.26 err/s: 0.00 reconn/s: 0.00
[ 420s ] thds: 32 tps: 1429.00 qps: 22861.59 (r/w/o: 20003.59/0.00/2858.00) lat (ms,95%): 33.12 err/s: 0.00 reconn/s: 0.00
[ 430s ] thds: 32 tps: 1429.10 qps: 22872.56 (r/w/o: 20014.26/0.00/2858.29) lat (ms,95%): 33.12 err/s: 0.00 reconn/s: 0.00
[ 440s ] thds: 32 tps: 1432.00 qps: 22907.16 (r/w/o: 20043.45/0.00/2863.71) lat (ms,95%): 33.72 err/s: 0.00 reconn/s: 0.00
[ 450s ] thds: 32 tps: 1435.40 qps: 22973.39 (r/w/o: 20102.09/0.00/2871.30) lat (ms,95%): 31.37 err/s: 0.00 reconn/s: 0.00
[ 460s ] thds: 32 tps: 1415.30 qps: 22635.94 (r/w/o: 19805.44/0.00/2830.51) lat (ms,95%): 36.24 err/s: 0.00 reconn/s: 0.00
[ 470s ] thds: 32 tps: 1422.68 qps: 22767.70 (r/w/o: 19922.34/0.00/2845.36) lat (ms,95%): 30.81 err/s: 0.00 reconn/s: 0.00
[ 480s ] thds: 32 tps: 1399.72 qps: 22397.16 (r/w/o: 19598.02/0.00/2799.15) lat (ms,95%): 33.72 err/s: 0.00 reconn/s: 0.00
[ 490s ] thds: 32 tps: 1401.19 qps: 22421.69 (r/w/o: 19618.90/0.00/2802.79) lat (ms,95%): 31.37 err/s: 0.00 reconn/s: 0.00
[ 500s ] thds: 32 tps: 1402.60 qps: 22438.64 (r/w/o: 19633.54/0.00/2805.11) lat (ms,95%): 32.53 err/s: 0.00 reconn/s: 0.00
[ 510s ] thds: 32 tps: 1399.30 qps: 22386.75 (r/w/o: 19588.04/0.00/2798.71) lat (ms,95%): 31.37 err/s: 0.00 reconn/s: 0.00
[ 520s ] thds: 32 tps: 1350.89 qps: 21614.50 (r/w/o: 18912.73/0.00/2701.78) lat (ms,95%): 34.33 err/s: 0.00 reconn/s: 0.00
[ 530s ] thds: 32 tps: 1408.75 qps: 22536.20 (r/w/o: 19718.70/0.00/2817.50) lat (ms,95%): 30.81 err/s: 0.00 reconn/s: 0.00
[ 540s ] thds: 32 tps: 1420.76 qps: 22735.27 (r/w/o: 19893.75/0.00/2841.52) lat (ms,95%): 31.37 err/s: 0.00 reconn/s: 0.00
[ 550s ] thds: 32 tps: 1398.44 qps: 22377.66 (r/w/o: 19580.78/0.00/2796.88) lat (ms,95%): 34.33 err/s: 0.00 reconn/s: 0.00
[ 560s ] thds: 32 tps: 1405.24 qps: 22479.54 (r/w/o: 19669.36/0.00/2810.18) lat (ms,95%): 32.53 err/s: 0.00 reconn/s: 0.00
[ 570s ] thds: 32 tps: 1403.22 qps: 22455.63 (r/w/o: 19648.89/0.00/2806.74) lat (ms,95%): 33.12 err/s: 0.00 reconn/s: 0.00
[ 580s ] thds: 32 tps: 1404.80 qps: 22477.55 (r/w/o: 19668.06/0.00/2809.49) lat (ms,95%): 31.94 err/s: 0.00 reconn/s: 0.00
[ 590s ] thds: 32 tps: 1409.70 qps: 22549.09 (r/w/o: 19729.80/0.00/2819.30) lat (ms,95%): 30.81 err/s: 0.00 reconn/s: 0.00
[ 600s ] thds: 32 tps: 1402.10 qps: 22438.35 (r/w/o: 19634.05/0.00/2804.29) lat (ms,95%): 31.94 err/s: 0.00 reconn/s: 0.00
SQL statistics:
    queries performed:
        read:                            11833416
        write:                           0
        other:                           1690488
        total:                           13523904
    transactions:                        845244 (1408.39 per sec.)
    queries:                             13523904 (22534.32 per sec.)
    ignored errors:                      0      (0.00 per sec.)
    reconnects:                          0      (0.00 per sec.)

General statistics:
    total time:                          600.1434s
    total number of events:              845244

Latency (ms):
         min:                                    8.79
         avg:                                   22.71
         max:                                  210.30
         95th percentile:                       33.72
         sum:                             19199008.93

Threads fairness:
    events (avg/stddev):           26413.8750/19.68
    execution time (avg/stddev):   599.9690/0.02

