sysbench 1.0.20 (using bundled LuaJIT 2.1.0-beta2)

Running the test with following options:
Number of threads: 32
Report intermediate results every 10 second(s)
Initializing random number generator from current time


Initializing worker threads...

Threads started!

[ 10s ] thds: 32 tps: 1080.56 qps: 17318.21 (r/w/o: 15154.10/0.00/2164.11) lat (ms,95%): 58.92 err/s: 0.00 reconn/s: 0.00
[ 20s ] thds: 32 tps: 1374.23 qps: 21981.95 (r/w/o: 19233.38/0.00/2748.57) lat (ms,95%): 35.59 err/s: 0.00 reconn/s: 0.00
[ 30s ] thds: 32 tps: 1398.80 qps: 22386.68 (r/w/o: 19588.98/0.00/2797.70) lat (ms,95%): 33.72 err/s: 0.00 reconn/s: 0.00
[ 40s ] thds: 32 tps: 1370.90 qps: 21933.62 (r/w/o: 19191.91/0.00/2741.70) lat (ms,95%): 37.56 err/s: 0.00 reconn/s: 0.00
[ 50s ] thds: 32 tps: 1408.00 qps: 22523.78 (r/w/o: 19707.89/0.00/2815.90) lat (ms,95%): 30.81 err/s: 0.00 reconn/s: 0.00
[ 60s ] thds: 32 tps: 1389.80 qps: 22241.22 (r/w/o: 19461.52/0.00/2779.70) lat (ms,95%): 34.33 err/s: 0.00 reconn/s: 0.00
[ 70s ] thds: 32 tps: 1415.00 qps: 22639.33 (r/w/o: 19809.33/0.00/2829.99) lat (ms,95%): 32.53 err/s: 0.00 reconn/s: 0.00
[ 80s ] thds: 32 tps: 1399.30 qps: 22388.10 (r/w/o: 19589.60/0.00/2798.50) lat (ms,95%): 35.59 err/s: 0.00 reconn/s: 0.00
[ 90s ] thds: 32 tps: 1399.50 qps: 22395.15 (r/w/o: 19596.04/0.00/2799.11) lat (ms,95%): 35.59 err/s: 0.00 reconn/s: 0.00
[ 100s ] thds: 32 tps: 1423.50 qps: 22771.66 (r/w/o: 19924.56/0.00/2847.09) lat (ms,95%): 31.94 err/s: 0.00 reconn/s: 0.00
[ 110s ] thds: 32 tps: 1392.10 qps: 22272.56 (r/w/o: 19488.35/0.00/2784.21) lat (ms,95%): 36.89 err/s: 0.00 reconn/s: 0.00
[ 120s ] thds: 32 tps: 1431.77 qps: 22908.81 (r/w/o: 20045.37/0.00/2863.44) lat (ms,95%): 31.37 err/s: 0.00 reconn/s: 0.00
[ 130s ] thds: 32 tps: 1353.63 qps: 21660.29 (r/w/o: 18953.03/0.00/2707.26) lat (ms,95%): 35.59 err/s: 0.00 reconn/s: 0.00
[ 140s ] thds: 32 tps: 1403.90 qps: 22462.55 (r/w/o: 19654.66/0.00/2807.89) lat (ms,95%): 34.95 err/s: 0.00 reconn/s: 0.00
[ 150s ] thds: 32 tps: 1439.00 qps: 23020.60 (r/w/o: 20142.80/0.00/2877.80) lat (ms,95%): 30.81 err/s: 0.00 reconn/s: 0.00
[ 160s ] thds: 32 tps: 1407.30 qps: 22519.79 (r/w/o: 19704.99/0.00/2814.80) lat (ms,95%): 34.95 err/s: 0.00 reconn/s: 0.00
[ 170s ] thds: 32 tps: 1429.70 qps: 22873.86 (r/w/o: 20014.57/0.00/2859.30) lat (ms,95%): 33.12 err/s: 0.00 reconn/s: 0.00
[ 180s ] thds: 32 tps: 1430.40 qps: 22891.41 (r/w/o: 20030.60/0.00/2860.80) lat (ms,95%): 31.37 err/s: 0.00 reconn/s: 0.00
[ 190s ] thds: 32 tps: 1409.20 qps: 22542.80 (r/w/o: 19724.40/0.00/2818.40) lat (ms,95%): 34.95 err/s: 0.00 reconn/s: 0.00
[ 200s ] thds: 32 tps: 1417.00 qps: 22670.63 (r/w/o: 19836.62/0.00/2834.00) lat (ms,95%): 34.33 err/s: 0.00 reconn/s: 0.00
[ 210s ] thds: 32 tps: 1445.90 qps: 23140.98 (r/w/o: 20249.38/0.00/2891.60) lat (ms,95%): 30.26 err/s: 0.00 reconn/s: 0.00
[ 220s ] thds: 32 tps: 1414.20 qps: 22627.71 (r/w/o: 19799.11/0.00/2828.60) lat (ms,95%): 34.33 err/s: 0.00 reconn/s: 0.00
[ 230s ] thds: 32 tps: 1418.90 qps: 22693.69 (r/w/o: 19855.89/0.00/2837.80) lat (ms,95%): 34.95 err/s: 0.00 reconn/s: 0.00
[ 240s ] thds: 32 tps: 1440.91 qps: 23059.11 (r/w/o: 20177.49/0.00/2881.61) lat (ms,95%): 30.81 err/s: 0.00 reconn/s: 0.00
[ 250s ] thds: 32 tps: 1413.09 qps: 22608.59 (r/w/o: 19782.20/0.00/2826.39) lat (ms,95%): 34.33 err/s: 0.00 reconn/s: 0.00
[ 260s ] thds: 32 tps: 1419.10 qps: 22707.20 (r/w/o: 19869.00/0.00/2838.20) lat (ms,95%): 36.24 err/s: 0.00 reconn/s: 0.00
[ 270s ] thds: 32 tps: 1441.50 qps: 23067.07 (r/w/o: 20184.28/0.00/2882.80) lat (ms,95%): 31.94 err/s: 0.00 reconn/s: 0.00
[ 280s ] thds: 32 tps: 1412.20 qps: 22590.14 (r/w/o: 19765.44/0.00/2824.71) lat (ms,95%): 34.33 err/s: 0.00 reconn/s: 0.00
[ 290s ] thds: 32 tps: 1422.00 qps: 22753.63 (r/w/o: 19909.62/0.00/2844.00) lat (ms,95%): 34.33 err/s: 0.00 reconn/s: 0.00
[ 300s ] thds: 32 tps: 1447.40 qps: 23157.65 (r/w/o: 20262.85/0.00/2894.79) lat (ms,95%): 30.81 err/s: 0.00 reconn/s: 0.00
[ 310s ] thds: 32 tps: 1423.80 qps: 22777.44 (r/w/o: 19930.04/0.00/2847.41) lat (ms,95%): 33.72 err/s: 0.00 reconn/s: 0.00
[ 320s ] thds: 32 tps: 1424.80 qps: 22802.69 (r/w/o: 19953.09/0.00/2849.60) lat (ms,95%): 34.33 err/s: 0.00 reconn/s: 0.00
[ 330s ] thds: 32 tps: 1437.30 qps: 22992.50 (r/w/o: 20117.90/0.00/2874.60) lat (ms,95%): 31.94 err/s: 0.00 reconn/s: 0.00
[ 340s ] thds: 32 tps: 1430.40 qps: 22885.32 (r/w/o: 20024.33/0.00/2860.99) lat (ms,95%): 33.12 err/s: 0.00 reconn/s: 0.00
[ 350s ] thds: 32 tps: 1420.70 qps: 22735.66 (r/w/o: 19894.35/0.00/2841.31) lat (ms,95%): 34.95 err/s: 0.00 reconn/s: 0.00
[ 360s ] thds: 32 tps: 1452.20 qps: 23235.42 (r/w/o: 20331.03/0.00/2904.39) lat (ms,95%): 30.81 err/s: 0.00 reconn/s: 0.00
[ 370s ] thds: 32 tps: 1416.91 qps: 22668.53 (r/w/o: 19834.61/0.00/2833.92) lat (ms,95%): 36.24 err/s: 0.00 reconn/s: 0.00
[ 380s ] thds: 32 tps: 1438.99 qps: 23022.92 (r/w/o: 20144.93/0.00/2877.99) lat (ms,95%): 33.12 err/s: 0.00 reconn/s: 0.00
[ 390s ] thds: 32 tps: 1424.80 qps: 22793.04 (r/w/o: 19943.44/0.00/2849.61) lat (ms,95%): 34.33 err/s: 0.00 reconn/s: 0.00
[ 400s ] thds: 32 tps: 1420.10 qps: 22724.42 (r/w/o: 19884.61/0.00/2839.80) lat (ms,95%): 33.72 err/s: 0.00 reconn/s: 0.00
[ 410s ] thds: 32 tps: 1445.50 qps: 23121.28 (r/w/o: 20230.08/0.00/2891.20) lat (ms,95%): 31.94 err/s: 0.00 reconn/s: 0.00
[ 420s ] thds: 32 tps: 1427.70 qps: 22850.23 (r/w/o: 19994.63/0.00/2855.60) lat (ms,95%): 33.12 err/s: 0.00 reconn/s: 0.00
[ 430s ] thds: 32 tps: 1409.20 qps: 22549.86 (r/w/o: 19731.57/0.00/2818.30) lat (ms,95%): 34.95 err/s: 0.00 reconn/s: 0.00
[ 440s ] thds: 32 tps: 1432.80 qps: 22921.28 (r/w/o: 20055.69/0.00/2865.60) lat (ms,95%): 33.72 err/s: 0.00 reconn/s: 0.00
[ 450s ] thds: 32 tps: 1443.00 qps: 23090.31 (r/w/o: 20204.21/0.00/2886.10) lat (ms,95%): 31.94 err/s: 0.00 reconn/s: 0.00
[ 460s ] thds: 32 tps: 1423.40 qps: 22779.10 (r/w/o: 19932.30/0.00/2846.80) lat (ms,95%): 34.33 err/s: 0.00 reconn/s: 0.00
[ 470s ] thds: 32 tps: 1450.80 qps: 23203.91 (r/w/o: 20302.41/0.00/2901.50) lat (ms,95%): 31.94 err/s: 0.00 reconn/s: 0.00
[ 480s ] thds: 32 tps: 1425.30 qps: 22805.02 (r/w/o: 19954.62/0.00/2850.40) lat (ms,95%): 34.33 err/s: 0.00 reconn/s: 0.00
[ 490s ] thds: 32 tps: 1414.20 qps: 22631.87 (r/w/o: 19803.28/0.00/2828.60) lat (ms,95%): 34.33 err/s: 0.00 reconn/s: 0.00
[ 500s ] thds: 32 tps: 1452.21 qps: 23233.01 (r/w/o: 20328.50/0.00/2904.51) lat (ms,95%): 30.81 err/s: 0.00 reconn/s: 0.00
[ 510s ] thds: 32 tps: 1425.09 qps: 22804.39 (r/w/o: 19954.31/0.00/2850.09) lat (ms,95%): 34.95 err/s: 0.00 reconn/s: 0.00
[ 520s ] thds: 32 tps: 1437.60 qps: 22995.03 (r/w/o: 20120.04/0.00/2874.99) lat (ms,95%): 32.53 err/s: 0.00 reconn/s: 0.00
[ 530s ] thds: 32 tps: 1428.30 qps: 22861.45 (r/w/o: 20004.55/0.00/2856.91) lat (ms,95%): 33.12 err/s: 0.00 reconn/s: 0.00
[ 540s ] thds: 32 tps: 1426.51 qps: 22822.82 (r/w/o: 19969.80/0.00/2853.01) lat (ms,95%): 34.95 err/s: 0.00 reconn/s: 0.00
[ 550s ] thds: 32 tps: 1440.09 qps: 23035.14 (r/w/o: 20155.06/0.00/2880.08) lat (ms,95%): 31.94 err/s: 0.00 reconn/s: 0.00
[ 560s ] thds: 32 tps: 1429.10 qps: 22862.90 (r/w/o: 20004.60/0.00/2858.30) lat (ms,95%): 34.33 err/s: 0.00 reconn/s: 0.00
[ 570s ] thds: 32 tps: 1429.60 qps: 22881.35 (r/w/o: 20022.15/0.00/2859.21) lat (ms,95%): 34.33 err/s: 0.00 reconn/s: 0.00
[ 580s ] thds: 32 tps: 1444.10 qps: 23101.93 (r/w/o: 20213.92/0.00/2888.00) lat (ms,95%): 31.94 err/s: 0.00 reconn/s: 0.00
[ 590s ] thds: 32 tps: 1422.30 qps: 22758.66 (r/w/o: 19913.86/0.00/2844.79) lat (ms,95%): 35.59 err/s: 0.00 reconn/s: 0.00
[ 600s ] thds: 32 tps: 1432.70 qps: 22922.75 (r/w/o: 20057.34/0.00/2865.41) lat (ms,95%): 32.53 err/s: 0.00 reconn/s: 0.00
SQL statistics:
    queries performed:
        read:                            11897438
        write:                           0
        other:                           1699634
        total:                           13597072
    transactions:                        849817 (1416.02 per sec.)
    queries:                             13597072 (22656.28 per sec.)
    ignored errors:                      0      (0.00 per sec.)
    reconnects:                          0      (0.00 per sec.)

General statistics:
    total time:                          600.1423s
    total number of events:              849817

Latency (ms):
         min:                                    8.60
         avg:                                   22.59
         max:                                  236.27
         95th percentile:                       34.33
         sum:                             19198786.26

Threads fairness:
    events (avg/stddev):           26556.7812/22.41
    execution time (avg/stddev):   599.9621/0.02

