sysbench 1.0.20 (using bundled LuaJIT 2.1.0-beta2)

Running the test with following options:
Number of threads: 32
Report intermediate results every 10 second(s)
Initializing random number generator from current time


Initializing worker threads...

Threads started!

[ 10s ] thds: 32 tps: 1018.26 qps: 16320.46 (r/w/o: 14280.74/0.00/2039.72) lat (ms,95%): 62.19 err/s: 0.00 reconn/s: 0.00
[ 20s ] thds: 32 tps: 1226.44 qps: 19622.82 (r/w/o: 17170.04/0.00/2452.78) lat (ms,95%): 37.56 err/s: 0.00 reconn/s: 0.00
[ 30s ] thds: 32 tps: 1225.23 qps: 19608.04 (r/w/o: 17157.48/0.00/2450.55) lat (ms,95%): 41.10 err/s: 0.00 reconn/s: 0.00
[ 40s ] thds: 32 tps: 1273.48 qps: 20371.43 (r/w/o: 17824.47/0.00/2546.95) lat (ms,95%): 34.95 err/s: 0.00 reconn/s: 0.00
[ 50s ] thds: 32 tps: 1266.74 qps: 20264.13 (r/w/o: 17730.96/0.00/2533.18) lat (ms,95%): 36.24 err/s: 0.00 reconn/s: 0.00
[ 60s ] thds: 32 tps: 1240.35 qps: 19845.81 (r/w/o: 17364.91/0.00/2480.90) lat (ms,95%): 39.65 err/s: 0.00 reconn/s: 0.00
[ 70s ] thds: 32 tps: 1258.61 qps: 20138.11 (r/w/o: 17620.89/0.00/2517.23) lat (ms,95%): 37.56 err/s: 0.00 reconn/s: 0.00
[ 80s ] thds: 32 tps: 1249.57 qps: 19990.74 (r/w/o: 17491.50/0.00/2499.24) lat (ms,95%): 37.56 err/s: 0.00 reconn/s: 0.00
[ 90s ] thds: 32 tps: 1250.73 qps: 20021.48 (r/w/o: 17520.12/0.00/2501.36) lat (ms,95%): 40.37 err/s: 0.00 reconn/s: 0.00
[ 100s ] thds: 32 tps: 1278.30 qps: 20450.25 (r/w/o: 17893.55/0.00/2556.69) lat (ms,95%): 36.89 err/s: 0.00 reconn/s: 0.00
[ 110s ] thds: 32 tps: 1281.00 qps: 20494.88 (r/w/o: 17932.98/0.00/2561.90) lat (ms,95%): 35.59 err/s: 0.00 reconn/s: 0.00
[ 120s ] thds: 32 tps: 1302.15 qps: 20836.74 (r/w/o: 18232.34/0.00/2604.41) lat (ms,95%): 35.59 err/s: 0.00 reconn/s: 0.00
[ 130s ] thds: 32 tps: 1382.55 qps: 22113.55 (r/w/o: 19348.55/0.00/2765.01) lat (ms,95%): 33.12 err/s: 0.00 reconn/s: 0.00
[ 140s ] thds: 32 tps: 1383.40 qps: 22134.08 (r/w/o: 19367.78/0.00/2766.30) lat (ms,95%): 32.53 err/s: 0.00 reconn/s: 0.00
[ 150s ] thds: 32 tps: 1386.80 qps: 22190.02 (r/w/o: 19415.92/0.00/2774.10) lat (ms,95%): 33.12 err/s: 0.00 reconn/s: 0.00
[ 160s ] thds: 32 tps: 1383.79 qps: 22143.64 (r/w/o: 19375.96/0.00/2767.68) lat (ms,95%): 31.37 err/s: 0.00 reconn/s: 0.00
[ 170s ] thds: 32 tps: 1387.21 qps: 22190.85 (r/w/o: 19416.43/0.00/2774.42) lat (ms,95%): 33.12 err/s: 0.00 reconn/s: 0.00
[ 180s ] thds: 32 tps: 1399.94 qps: 22403.17 (r/w/o: 19603.50/0.00/2799.67) lat (ms,95%): 31.94 err/s: 0.00 reconn/s: 0.00
[ 190s ] thds: 32 tps: 1399.57 qps: 22396.70 (r/w/o: 19597.37/0.00/2799.34) lat (ms,95%): 32.53 err/s: 0.00 reconn/s: 0.00
[ 200s ] thds: 32 tps: 1392.59 qps: 22276.99 (r/w/o: 19491.81/0.00/2785.19) lat (ms,95%): 32.53 err/s: 0.00 reconn/s: 0.00
[ 210s ] thds: 32 tps: 1397.40 qps: 22355.53 (r/w/o: 19560.73/0.00/2794.80) lat (ms,95%): 33.12 err/s: 0.00 reconn/s: 0.00
[ 220s ] thds: 32 tps: 1399.74 qps: 22398.14 (r/w/o: 19598.76/0.00/2799.38) lat (ms,95%): 31.37 err/s: 0.00 reconn/s: 0.00
[ 230s ] thds: 32 tps: 1395.63 qps: 22330.31 (r/w/o: 19538.95/0.00/2791.36) lat (ms,95%): 32.53 err/s: 0.00 reconn/s: 0.00
[ 240s ] thds: 32 tps: 1401.53 qps: 22425.02 (r/w/o: 19621.97/0.00/2803.05) lat (ms,95%): 32.53 err/s: 0.00 reconn/s: 0.00
[ 250s ] thds: 32 tps: 1403.12 qps: 22448.58 (r/w/o: 19642.83/0.00/2805.75) lat (ms,95%): 31.94 err/s: 0.00 reconn/s: 0.00
[ 260s ] thds: 32 tps: 1413.95 qps: 22621.98 (r/w/o: 19794.19/0.00/2827.80) lat (ms,95%): 30.81 err/s: 0.00 reconn/s: 0.00
[ 270s ] thds: 32 tps: 1400.57 qps: 22412.27 (r/w/o: 19610.92/0.00/2801.35) lat (ms,95%): 31.94 err/s: 0.00 reconn/s: 0.00
[ 280s ] thds: 32 tps: 1402.45 qps: 22440.77 (r/w/o: 19635.46/0.00/2805.31) lat (ms,95%): 31.94 err/s: 0.00 reconn/s: 0.00
[ 290s ] thds: 32 tps: 1401.50 qps: 22425.00 (r/w/o: 19622.00/0.00/2803.00) lat (ms,95%): 31.94 err/s: 0.00 reconn/s: 0.00
[ 300s ] thds: 32 tps: 1399.91 qps: 22394.50 (r/w/o: 19594.89/0.00/2799.61) lat (ms,95%): 32.53 err/s: 0.00 reconn/s: 0.00
[ 310s ] thds: 32 tps: 1406.09 qps: 22489.27 (r/w/o: 19676.99/0.00/2812.28) lat (ms,95%): 31.94 err/s: 0.00 reconn/s: 0.00
[ 320s ] thds: 32 tps: 1404.60 qps: 22480.16 (r/w/o: 19671.06/0.00/2809.11) lat (ms,95%): 32.53 err/s: 0.00 reconn/s: 0.00
[ 330s ] thds: 32 tps: 1406.98 qps: 22511.82 (r/w/o: 19697.76/0.00/2814.05) lat (ms,95%): 31.94 err/s: 0.00 reconn/s: 0.00
[ 340s ] thds: 32 tps: 1403.90 qps: 22465.94 (r/w/o: 19658.13/0.00/2807.80) lat (ms,95%): 31.94 err/s: 0.00 reconn/s: 0.00
[ 350s ] thds: 32 tps: 1401.00 qps: 22411.63 (r/w/o: 19609.62/0.00/2802.00) lat (ms,95%): 32.53 err/s: 0.00 reconn/s: 0.00
[ 360s ] thds: 32 tps: 1406.62 qps: 22509.57 (r/w/o: 19696.54/0.00/2813.03) lat (ms,95%): 31.94 err/s: 0.00 reconn/s: 0.00
[ 370s ] thds: 32 tps: 1416.36 qps: 22662.22 (r/w/o: 19829.30/0.00/2832.91) lat (ms,95%): 30.26 err/s: 0.00 reconn/s: 0.00
[ 380s ] thds: 32 tps: 1395.34 qps: 22320.78 (r/w/o: 19530.11/0.00/2790.67) lat (ms,95%): 31.94 err/s: 0.00 reconn/s: 0.00
[ 390s ] thds: 32 tps: 1410.70 qps: 22576.94 (r/w/o: 19755.64/0.00/2821.31) lat (ms,95%): 31.37 err/s: 0.00 reconn/s: 0.00
[ 400s ] thds: 32 tps: 1402.79 qps: 22448.41 (r/w/o: 19642.62/0.00/2805.79) lat (ms,95%): 31.94 err/s: 0.00 reconn/s: 0.00
[ 410s ] thds: 32 tps: 1400.20 qps: 22397.43 (r/w/o: 19597.04/0.00/2800.39) lat (ms,95%): 31.94 err/s: 0.00 reconn/s: 0.00
[ 420s ] thds: 32 tps: 1411.30 qps: 22582.64 (r/w/o: 19760.15/0.00/2822.49) lat (ms,95%): 31.37 err/s: 0.00 reconn/s: 0.00
[ 430s ] thds: 32 tps: 1408.51 qps: 22534.53 (r/w/o: 19717.41/0.00/2817.12) lat (ms,95%): 30.81 err/s: 0.00 reconn/s: 0.00
[ 440s ] thds: 32 tps: 1405.58 qps: 22488.24 (r/w/o: 19677.17/0.00/2811.07) lat (ms,95%): 33.12 err/s: 0.00 reconn/s: 0.00
[ 450s ] thds: 32 tps: 1407.42 qps: 22516.06 (r/w/o: 19701.12/0.00/2814.95) lat (ms,95%): 32.53 err/s: 0.00 reconn/s: 0.00
[ 460s ] thds: 32 tps: 1407.74 qps: 22529.67 (r/w/o: 19714.20/0.00/2815.47) lat (ms,95%): 31.37 err/s: 0.00 reconn/s: 0.00
[ 470s ] thds: 32 tps: 1402.96 qps: 22441.69 (r/w/o: 19636.37/0.00/2805.32) lat (ms,95%): 32.53 err/s: 0.00 reconn/s: 0.00
[ 480s ] thds: 32 tps: 1396.48 qps: 22344.41 (r/w/o: 19550.96/0.00/2793.45) lat (ms,95%): 33.72 err/s: 0.00 reconn/s: 0.00
[ 490s ] thds: 32 tps: 1409.02 qps: 22544.47 (r/w/o: 19726.33/0.00/2818.15) lat (ms,95%): 31.94 err/s: 0.00 reconn/s: 0.00
[ 500s ] thds: 32 tps: 1363.60 qps: 21816.06 (r/w/o: 19088.97/0.00/2727.10) lat (ms,95%): 32.53 err/s: 0.00 reconn/s: 0.00
[ 510s ] thds: 32 tps: 1416.02 qps: 22657.29 (r/w/o: 19825.74/0.00/2831.55) lat (ms,95%): 30.26 err/s: 0.00 reconn/s: 0.00
[ 520s ] thds: 32 tps: 1413.17 qps: 22615.36 (r/w/o: 19788.52/0.00/2826.85) lat (ms,95%): 31.37 err/s: 0.00 reconn/s: 0.00
[ 530s ] thds: 32 tps: 1415.01 qps: 22634.90 (r/w/o: 19805.49/0.00/2829.41) lat (ms,95%): 31.94 err/s: 0.00 reconn/s: 0.00
[ 540s ] thds: 32 tps: 1406.57 qps: 22510.52 (r/w/o: 19696.68/0.00/2813.84) lat (ms,95%): 31.37 err/s: 0.00 reconn/s: 0.00
[ 550s ] thds: 32 tps: 1409.13 qps: 22540.74 (r/w/o: 19722.49/0.00/2818.26) lat (ms,95%): 31.37 err/s: 0.00 reconn/s: 0.00
[ 560s ] thds: 32 tps: 1412.90 qps: 22602.31 (r/w/o: 19776.61/0.00/2825.70) lat (ms,95%): 30.26 err/s: 0.00 reconn/s: 0.00
[ 570s ] thds: 32 tps: 1413.50 qps: 22618.46 (r/w/o: 19792.55/0.00/2825.91) lat (ms,95%): 31.37 err/s: 0.00 reconn/s: 0.00
[ 580s ] thds: 32 tps: 1409.90 qps: 22560.83 (r/w/o: 19739.94/0.00/2820.89) lat (ms,95%): 31.94 err/s: 0.00 reconn/s: 0.00
[ 590s ] thds: 32 tps: 1408.30 qps: 22540.27 (r/w/o: 19723.56/0.00/2816.71) lat (ms,95%): 31.37 err/s: 0.00 reconn/s: 0.00
[ 600s ] thds: 32 tps: 1406.39 qps: 22496.94 (r/w/o: 19684.16/0.00/2812.78) lat (ms,95%): 31.94 err/s: 0.00 reconn/s: 0.00
SQL statistics:
    queries performed:
        read:                            11505760
        write:                           0
        other:                           1643680
        total:                           13149440
    transactions:                        821840 (1369.39 per sec.)
    queries:                             13149440 (21910.30 per sec.)
    ignored errors:                      0      (0.00 per sec.)
    reconnects:                          0      (0.00 per sec.)

General statistics:
    total time:                          600.1460s
    total number of events:              821840

Latency (ms):
         min:                                    9.09
         avg:                                   23.36
         max:                                  209.96
         95th percentile:                       34.33
         sum:                             19198941.22

Threads fairness:
    events (avg/stddev):           25682.5000/27.68
    execution time (avg/stddev):   599.9669/0.02

