sysbench 1.0.20 (using bundled LuaJIT 2.1.0-beta2)

Running the test with following options:
Number of threads: 32
Report intermediate results every 10 second(s)
Initializing random number generator from current time


Initializing worker threads...

Threads started!

[ 10s ] thds: 32 tps: 1066.85 qps: 17101.66 (r/w/o: 14964.77/0.00/2136.90) lat (ms,95%): 61.08 err/s: 0.00 reconn/s: 0.00
[ 20s ] thds: 32 tps: 1381.25 qps: 22091.72 (r/w/o: 19329.32/0.00/2762.40) lat (ms,95%): 34.33 err/s: 0.00 reconn/s: 0.00
[ 30s ] thds: 32 tps: 1395.99 qps: 22335.59 (r/w/o: 19543.61/0.00/2791.99) lat (ms,95%): 33.72 err/s: 0.00 reconn/s: 0.00
[ 40s ] thds: 32 tps: 1318.41 qps: 21098.22 (r/w/o: 18461.41/0.00/2636.82) lat (ms,95%): 36.89 err/s: 0.00 reconn/s: 0.00
[ 50s ] thds: 32 tps: 1414.40 qps: 22632.46 (r/w/o: 19803.56/0.00/2828.89) lat (ms,95%): 31.94 err/s: 0.00 reconn/s: 0.00
[ 60s ] thds: 32 tps: 1380.80 qps: 22089.87 (r/w/o: 19328.67/0.00/2761.20) lat (ms,95%): 34.33 err/s: 0.00 reconn/s: 0.00
[ 70s ] thds: 32 tps: 1411.80 qps: 22592.16 (r/w/o: 19768.36/0.00/2823.79) lat (ms,95%): 31.94 err/s: 0.00 reconn/s: 0.00
[ 80s ] thds: 32 tps: 1398.60 qps: 22371.46 (r/w/o: 19574.05/0.00/2797.41) lat (ms,95%): 36.24 err/s: 0.00 reconn/s: 0.00
[ 90s ] thds: 32 tps: 1402.79 qps: 22453.51 (r/w/o: 19648.12/0.00/2805.39) lat (ms,95%): 33.12 err/s: 0.00 reconn/s: 0.00
[ 100s ] thds: 32 tps: 1402.70 qps: 22432.71 (r/w/o: 19627.10/0.00/2805.60) lat (ms,95%): 34.95 err/s: 0.00 reconn/s: 0.00
[ 110s ] thds: 32 tps: 1420.30 qps: 22729.71 (r/w/o: 19889.61/0.00/2840.10) lat (ms,95%): 33.12 err/s: 0.00 reconn/s: 0.00
[ 120s ] thds: 32 tps: 1410.00 qps: 22559.21 (r/w/o: 19738.81/0.00/2820.40) lat (ms,95%): 34.95 err/s: 0.00 reconn/s: 0.00
[ 130s ] thds: 32 tps: 1426.30 qps: 22822.53 (r/w/o: 19970.13/0.00/2852.40) lat (ms,95%): 33.12 err/s: 0.00 reconn/s: 0.00
[ 140s ] thds: 32 tps: 1411.80 qps: 22588.57 (r/w/o: 19764.67/0.00/2823.90) lat (ms,95%): 34.95 err/s: 0.00 reconn/s: 0.00
[ 150s ] thds: 32 tps: 1400.70 qps: 22411.35 (r/w/o: 19610.05/0.00/2801.31) lat (ms,95%): 34.33 err/s: 0.00 reconn/s: 0.00
[ 160s ] thds: 32 tps: 1401.80 qps: 22429.80 (r/w/o: 19626.10/0.00/2803.70) lat (ms,95%): 33.12 err/s: 0.00 reconn/s: 0.00
[ 170s ] thds: 32 tps: 1409.70 qps: 22554.98 (r/w/o: 19735.69/0.00/2819.30) lat (ms,95%): 35.59 err/s: 0.00 reconn/s: 0.00
[ 180s ] thds: 32 tps: 1432.30 qps: 22918.32 (r/w/o: 20053.73/0.00/2864.59) lat (ms,95%): 30.81 err/s: 0.00 reconn/s: 0.00
[ 190s ] thds: 32 tps: 1413.99 qps: 22623.55 (r/w/o: 19795.57/0.00/2827.98) lat (ms,95%): 34.95 err/s: 0.00 reconn/s: 0.00
[ 200s ] thds: 32 tps: 1416.41 qps: 22659.12 (r/w/o: 19826.41/0.00/2832.72) lat (ms,95%): 34.33 err/s: 0.00 reconn/s: 0.00
[ 210s ] thds: 32 tps: 1432.40 qps: 22919.77 (r/w/o: 20054.87/0.00/2864.90) lat (ms,95%): 33.72 err/s: 0.00 reconn/s: 0.00
[ 220s ] thds: 32 tps: 1419.36 qps: 22707.65 (r/w/o: 19868.83/0.00/2838.82) lat (ms,95%): 34.95 err/s: 0.00 reconn/s: 0.00
[ 230s ] thds: 32 tps: 1437.75 qps: 22999.04 (r/w/o: 20125.13/0.00/2873.90) lat (ms,95%): 32.53 err/s: 0.00 reconn/s: 0.00
[ 240s ] thds: 32 tps: 1418.30 qps: 22697.22 (r/w/o: 19859.03/0.00/2838.19) lat (ms,95%): 33.72 err/s: 0.00 reconn/s: 0.00
[ 250s ] thds: 32 tps: 1438.20 qps: 23012.43 (r/w/o: 20136.32/0.00/2876.10) lat (ms,95%): 31.37 err/s: 0.00 reconn/s: 0.00
[ 260s ] thds: 32 tps: 1414.40 qps: 22630.90 (r/w/o: 19802.10/0.00/2828.80) lat (ms,95%): 35.59 err/s: 0.00 reconn/s: 0.00
[ 270s ] thds: 32 tps: 1426.40 qps: 22820.29 (r/w/o: 19967.29/0.00/2853.00) lat (ms,95%): 32.53 err/s: 0.00 reconn/s: 0.00
[ 280s ] thds: 32 tps: 1415.76 qps: 22661.15 (r/w/o: 19829.53/0.00/2831.62) lat (ms,95%): 33.72 err/s: 0.00 reconn/s: 0.00
[ 290s ] thds: 32 tps: 1396.14 qps: 22331.81 (r/w/o: 19539.63/0.00/2792.18) lat (ms,95%): 33.72 err/s: 0.00 reconn/s: 0.00
[ 300s ] thds: 32 tps: 1399.65 qps: 22391.96 (r/w/o: 19592.65/0.00/2799.31) lat (ms,95%): 32.53 err/s: 0.00 reconn/s: 0.00
[ 310s ] thds: 32 tps: 1399.05 qps: 22383.78 (r/w/o: 19585.68/0.00/2798.10) lat (ms,95%): 31.94 err/s: 0.00 reconn/s: 0.00
[ 320s ] thds: 32 tps: 1405.00 qps: 22480.55 (r/w/o: 19670.74/0.00/2809.81) lat (ms,95%): 32.53 err/s: 0.00 reconn/s: 0.00
[ 330s ] thds: 32 tps: 1409.54 qps: 22551.04 (r/w/o: 19731.86/0.00/2819.18) lat (ms,95%): 31.37 err/s: 0.00 reconn/s: 0.00
[ 340s ] thds: 32 tps: 1412.56 qps: 22608.46 (r/w/o: 19783.24/0.00/2825.22) lat (ms,95%): 31.37 err/s: 0.00 reconn/s: 0.00
[ 350s ] thds: 32 tps: 1407.92 qps: 22525.00 (r/w/o: 19709.15/0.00/2815.85) lat (ms,95%): 31.94 err/s: 0.00 reconn/s: 0.00
[ 360s ] thds: 32 tps: 1407.87 qps: 22523.74 (r/w/o: 19707.99/0.00/2815.74) lat (ms,95%): 31.37 err/s: 0.00 reconn/s: 0.00
[ 370s ] thds: 32 tps: 1402.10 qps: 22432.93 (r/w/o: 19628.62/0.00/2804.30) lat (ms,95%): 33.72 err/s: 0.00 reconn/s: 0.00
[ 380s ] thds: 32 tps: 1403.20 qps: 22453.91 (r/w/o: 19647.81/0.00/2806.10) lat (ms,95%): 32.53 err/s: 0.00 reconn/s: 0.00
[ 390s ] thds: 32 tps: 1396.20 qps: 22342.53 (r/w/o: 19549.83/0.00/2792.70) lat (ms,95%): 31.94 err/s: 0.00 reconn/s: 0.00
[ 400s ] thds: 32 tps: 1399.00 qps: 22380.49 (r/w/o: 19582.69/0.00/2797.80) lat (ms,95%): 33.12 err/s: 0.00 reconn/s: 0.00
[ 410s ] thds: 32 tps: 1408.20 qps: 22526.95 (r/w/o: 19710.35/0.00/2816.61) lat (ms,95%): 31.94 err/s: 0.00 reconn/s: 0.00
[ 420s ] thds: 32 tps: 1413.00 qps: 22612.53 (r/w/o: 19786.73/0.00/2825.80) lat (ms,95%): 32.53 err/s: 0.00 reconn/s: 0.00
[ 430s ] thds: 32 tps: 1420.60 qps: 22728.01 (r/w/o: 19886.81/0.00/2841.20) lat (ms,95%): 30.26 err/s: 0.00 reconn/s: 0.00
[ 440s ] thds: 32 tps: 1416.19 qps: 22661.01 (r/w/o: 19828.92/0.00/2832.09) lat (ms,95%): 31.94 err/s: 0.00 reconn/s: 0.00
[ 450s ] thds: 32 tps: 1407.10 qps: 22514.00 (r/w/o: 19699.30/0.00/2814.70) lat (ms,95%): 32.53 err/s: 0.00 reconn/s: 0.00
[ 460s ] thds: 32 tps: 1409.00 qps: 22538.97 (r/w/o: 19721.07/0.00/2817.90) lat (ms,95%): 31.94 err/s: 0.00 reconn/s: 0.00
[ 470s ] thds: 32 tps: 1408.90 qps: 22545.08 (r/w/o: 19727.38/0.00/2817.70) lat (ms,95%): 31.37 err/s: 0.00 reconn/s: 0.00
[ 480s ] thds: 32 tps: 1412.00 qps: 22591.46 (r/w/o: 19767.35/0.00/2824.11) lat (ms,95%): 30.81 err/s: 0.00 reconn/s: 0.00
[ 490s ] thds: 32 tps: 1410.55 qps: 22563.56 (r/w/o: 19742.45/0.00/2821.11) lat (ms,95%): 31.94 err/s: 0.00 reconn/s: 0.00
[ 500s ] thds: 32 tps: 1414.22 qps: 22636.01 (r/w/o: 19807.67/0.00/2828.34) lat (ms,95%): 31.37 err/s: 0.00 reconn/s: 0.00
[ 510s ] thds: 32 tps: 1414.64 qps: 22632.42 (r/w/o: 19802.94/0.00/2829.48) lat (ms,95%): 32.53 err/s: 0.00 reconn/s: 0.00
[ 520s ] thds: 32 tps: 1406.39 qps: 22510.01 (r/w/o: 19697.23/0.00/2812.78) lat (ms,95%): 32.53 err/s: 0.00 reconn/s: 0.00
[ 530s ] thds: 32 tps: 1414.68 qps: 22622.55 (r/w/o: 19793.29/0.00/2829.26) lat (ms,95%): 31.94 err/s: 0.00 reconn/s: 0.00
[ 540s ] thds: 32 tps: 1411.72 qps: 22591.95 (r/w/o: 19768.41/0.00/2823.54) lat (ms,95%): 31.37 err/s: 0.00 reconn/s: 0.00
[ 550s ] thds: 32 tps: 1413.70 qps: 22617.78 (r/w/o: 19790.37/0.00/2827.41) lat (ms,95%): 31.94 err/s: 0.00 reconn/s: 0.00
[ 560s ] thds: 32 tps: 1413.19 qps: 22613.46 (r/w/o: 19787.09/0.00/2826.37) lat (ms,95%): 32.53 err/s: 0.00 reconn/s: 0.00
[ 570s ] thds: 32 tps: 1420.41 qps: 22723.92 (r/w/o: 19883.10/0.00/2840.81) lat (ms,95%): 29.72 err/s: 0.00 reconn/s: 0.00
[ 580s ] thds: 32 tps: 1415.20 qps: 22644.92 (r/w/o: 19814.52/0.00/2830.40) lat (ms,95%): 30.81 err/s: 0.00 reconn/s: 0.00
[ 590s ] thds: 32 tps: 1410.31 qps: 22540.50 (r/w/o: 19722.87/0.00/2817.62) lat (ms,95%): 33.72 err/s: 0.00 reconn/s: 0.00
[ 600s ] thds: 32 tps: 1412.69 qps: 22628.13 (r/w/o: 19799.95/0.00/2828.18) lat (ms,95%): 31.37 err/s: 0.00 reconn/s: 0.00
SQL statistics:
    queries performed:
        read:                            11789918
        write:                           0
        other:                           1684274
        total:                           13474192
    transactions:                        842137 (1403.24 per sec.)
    queries:                             13474192 (22451.83 per sec.)
    ignored errors:                      0      (0.00 per sec.)
    reconnects:                          0      (0.00 per sec.)

General statistics:
    total time:                          600.1345s
    total number of events:              842137

Latency (ms):
         min:                                    9.37
         avg:                                   22.80
         max:                                  228.52
         95th percentile:                       33.72
         sum:                             19198821.46

Threads fairness:
    events (avg/stddev):           26316.7812/20.74
    execution time (avg/stddev):   599.9632/0.02

