sysbench 1.0.20 (using bundled LuaJIT 2.1.0-beta2)

Running the test with following options:
Number of threads: 32
Report intermediate results every 10 second(s)
Initializing random number generator from current time


Initializing worker threads...

Threads started!

[ 10s ] thds: 32 tps: 1032.76 qps: 16554.28 (r/w/o: 14485.57/0.00/2068.71) lat (ms,95%): 57.87 err/s: 0.00 reconn/s: 0.00
[ 20s ] thds: 32 tps: 1212.14 qps: 19391.16 (r/w/o: 16966.88/0.00/2424.28) lat (ms,95%): 38.94 err/s: 0.00 reconn/s: 0.00
[ 30s ] thds: 32 tps: 1187.60 qps: 18998.45 (r/w/o: 16623.35/0.00/2375.09) lat (ms,95%): 41.85 err/s: 0.00 reconn/s: 0.00
[ 40s ] thds: 32 tps: 1237.71 qps: 19809.01 (r/w/o: 17333.60/0.00/2475.41) lat (ms,95%): 39.65 err/s: 0.00 reconn/s: 0.00
[ 50s ] thds: 32 tps: 1220.80 qps: 19533.07 (r/w/o: 17091.37/0.00/2441.70) lat (ms,95%): 39.65 err/s: 0.00 reconn/s: 0.00
[ 60s ] thds: 32 tps: 1220.70 qps: 19531.90 (r/w/o: 17090.50/0.00/2441.40) lat (ms,95%): 41.10 err/s: 0.00 reconn/s: 0.00
[ 70s ] thds: 32 tps: 1246.20 qps: 19937.82 (r/w/o: 17445.42/0.00/2492.40) lat (ms,95%): 39.65 err/s: 0.00 reconn/s: 0.00
[ 80s ] thds: 32 tps: 1252.10 qps: 20033.38 (r/w/o: 17529.17/0.00/2504.21) lat (ms,95%): 38.94 err/s: 0.00 reconn/s: 0.00
[ 90s ] thds: 32 tps: 1263.10 qps: 20204.42 (r/w/o: 17678.33/0.00/2526.09) lat (ms,95%): 37.56 err/s: 0.00 reconn/s: 0.00
[ 100s ] thds: 32 tps: 1280.10 qps: 20482.91 (r/w/o: 17922.71/0.00/2560.20) lat (ms,95%): 37.56 err/s: 0.00 reconn/s: 0.00
[ 110s ] thds: 32 tps: 1256.78 qps: 20109.12 (r/w/o: 17595.66/0.00/2513.47) lat (ms,95%): 38.94 err/s: 0.00 reconn/s: 0.00
[ 120s ] thds: 32 tps: 1393.72 qps: 22301.63 (r/w/o: 19513.99/0.00/2787.64) lat (ms,95%): 32.53 err/s: 0.00 reconn/s: 0.00
[ 130s ] thds: 32 tps: 1376.89 qps: 22028.52 (r/w/o: 19274.73/0.00/2753.79) lat (ms,95%): 35.59 err/s: 0.00 reconn/s: 0.00
[ 140s ] thds: 32 tps: 1406.20 qps: 22494.67 (r/w/o: 19682.36/0.00/2812.31) lat (ms,95%): 31.37 err/s: 0.00 reconn/s: 0.00
[ 150s ] thds: 32 tps: 1385.20 qps: 22162.80 (r/w/o: 19392.70/0.00/2770.10) lat (ms,95%): 34.33 err/s: 0.00 reconn/s: 0.00
[ 160s ] thds: 32 tps: 1391.99 qps: 22274.11 (r/w/o: 19490.02/0.00/2784.09) lat (ms,95%): 33.72 err/s: 0.00 reconn/s: 0.00
[ 170s ] thds: 32 tps: 1390.00 qps: 22240.88 (r/w/o: 19460.97/0.00/2779.91) lat (ms,95%): 34.95 err/s: 0.00 reconn/s: 0.00
[ 180s ] thds: 32 tps: 1396.20 qps: 22347.83 (r/w/o: 19555.03/0.00/2792.80) lat (ms,95%): 34.95 err/s: 0.00 reconn/s: 0.00
[ 190s ] thds: 32 tps: 1418.00 qps: 22683.43 (r/w/o: 19847.43/0.00/2836.00) lat (ms,95%): 33.72 err/s: 0.00 reconn/s: 0.00
[ 200s ] thds: 32 tps: 1396.39 qps: 22339.08 (r/w/o: 19546.29/0.00/2792.78) lat (ms,95%): 33.72 err/s: 0.00 reconn/s: 0.00
[ 210s ] thds: 32 tps: 1430.91 qps: 22892.59 (r/w/o: 20030.77/0.00/2861.81) lat (ms,95%): 30.81 err/s: 0.00 reconn/s: 0.00
[ 220s ] thds: 32 tps: 1397.80 qps: 22370.51 (r/w/o: 19575.01/0.00/2795.50) lat (ms,95%): 36.89 err/s: 0.00 reconn/s: 0.00
[ 230s ] thds: 32 tps: 1425.80 qps: 22808.85 (r/w/o: 19957.45/0.00/2851.39) lat (ms,95%): 30.81 err/s: 0.00 reconn/s: 0.00
[ 240s ] thds: 32 tps: 1414.60 qps: 22635.90 (r/w/o: 19806.40/0.00/2829.50) lat (ms,95%): 34.95 err/s: 0.00 reconn/s: 0.00
[ 250s ] thds: 32 tps: 1403.20 qps: 22451.71 (r/w/o: 19645.30/0.00/2806.40) lat (ms,95%): 34.95 err/s: 0.00 reconn/s: 0.00
[ 260s ] thds: 32 tps: 1428.80 qps: 22865.21 (r/w/o: 20007.61/0.00/2857.60) lat (ms,95%): 31.37 err/s: 0.00 reconn/s: 0.00
[ 270s ] thds: 32 tps: 1412.80 qps: 22600.86 (r/w/o: 19775.46/0.00/2825.41) lat (ms,95%): 34.33 err/s: 0.00 reconn/s: 0.00
[ 280s ] thds: 32 tps: 1430.39 qps: 22885.10 (r/w/o: 20024.31/0.00/2860.79) lat (ms,95%): 32.53 err/s: 0.00 reconn/s: 0.00
[ 290s ] thds: 32 tps: 1420.40 qps: 22721.58 (r/w/o: 19880.97/0.00/2840.61) lat (ms,95%): 34.33 err/s: 0.00 reconn/s: 0.00
[ 300s ] thds: 32 tps: 1416.39 qps: 22670.31 (r/w/o: 19837.12/0.00/2833.19) lat (ms,95%): 35.59 err/s: 0.00 reconn/s: 0.00
[ 310s ] thds: 32 tps: 1435.30 qps: 22962.97 (r/w/o: 20092.56/0.00/2870.41) lat (ms,95%): 31.94 err/s: 0.00 reconn/s: 0.00
[ 320s ] thds: 32 tps: 1412.30 qps: 22595.13 (r/w/o: 19770.84/0.00/2824.29) lat (ms,95%): 34.95 err/s: 0.00 reconn/s: 0.00
[ 330s ] thds: 32 tps: 1444.20 qps: 23108.77 (r/w/o: 20219.97/0.00/2888.81) lat (ms,95%): 31.94 err/s: 0.00 reconn/s: 0.00
[ 340s ] thds: 32 tps: 1422.50 qps: 22757.25 (r/w/o: 19912.46/0.00/2844.79) lat (ms,95%): 33.72 err/s: 0.00 reconn/s: 0.00
[ 350s ] thds: 32 tps: 1422.20 qps: 22754.99 (r/w/o: 19910.39/0.00/2844.60) lat (ms,95%): 34.33 err/s: 0.00 reconn/s: 0.00
[ 360s ] thds: 32 tps: 1440.50 qps: 23052.64 (r/w/o: 20171.54/0.00/2881.11) lat (ms,95%): 30.81 err/s: 0.00 reconn/s: 0.00
[ 370s ] thds: 32 tps: 1417.00 qps: 22667.63 (r/w/o: 19833.72/0.00/2833.90) lat (ms,95%): 35.59 err/s: 0.00 reconn/s: 0.00
[ 380s ] thds: 32 tps: 1442.90 qps: 23086.23 (r/w/o: 20200.54/0.00/2885.69) lat (ms,95%): 31.94 err/s: 0.00 reconn/s: 0.00
[ 390s ] thds: 32 tps: 1421.20 qps: 22737.24 (r/w/o: 19895.13/0.00/2842.10) lat (ms,95%): 36.24 err/s: 0.00 reconn/s: 0.00
[ 400s ] thds: 32 tps: 1444.21 qps: 23111.29 (r/w/o: 20222.48/0.00/2888.81) lat (ms,95%): 33.12 err/s: 0.00 reconn/s: 0.00
[ 410s ] thds: 32 tps: 1416.29 qps: 22664.99 (r/w/o: 19832.30/0.00/2832.69) lat (ms,95%): 35.59 err/s: 0.00 reconn/s: 0.00
[ 420s ] thds: 32 tps: 1438.90 qps: 23016.99 (r/w/o: 20140.09/0.00/2876.90) lat (ms,95%): 31.94 err/s: 0.00 reconn/s: 0.00
[ 430s ] thds: 32 tps: 1424.20 qps: 22788.61 (r/w/o: 19939.31/0.00/2849.30) lat (ms,95%): 33.12 err/s: 0.00 reconn/s: 0.00
[ 440s ] thds: 32 tps: 1403.70 qps: 22457.24 (r/w/o: 19649.84/0.00/2807.41) lat (ms,95%): 34.33 err/s: 0.00 reconn/s: 0.00
[ 450s ] thds: 32 tps: 1452.70 qps: 23249.29 (r/w/o: 20343.99/0.00/2905.30) lat (ms,95%): 31.37 err/s: 0.00 reconn/s: 0.00
[ 460s ] thds: 32 tps: 1419.40 qps: 22705.04 (r/w/o: 19866.53/0.00/2838.50) lat (ms,95%): 36.24 err/s: 0.00 reconn/s: 0.00
[ 470s ] thds: 32 tps: 1445.20 qps: 23128.27 (r/w/o: 20237.46/0.00/2890.81) lat (ms,95%): 31.37 err/s: 0.00 reconn/s: 0.00
[ 480s ] thds: 32 tps: 1428.78 qps: 22857.55 (r/w/o: 20000.08/0.00/2857.47) lat (ms,95%): 34.95 err/s: 0.00 reconn/s: 0.00
[ 490s ] thds: 32 tps: 1423.51 qps: 22776.14 (r/w/o: 19929.01/0.00/2847.13) lat (ms,95%): 35.59 err/s: 0.00 reconn/s: 0.00
[ 500s ] thds: 32 tps: 1451.79 qps: 23228.86 (r/w/o: 20325.27/0.00/2903.58) lat (ms,95%): 30.26 err/s: 0.00 reconn/s: 0.00
[ 510s ] thds: 32 tps: 1427.29 qps: 22840.30 (r/w/o: 19985.72/0.00/2854.59) lat (ms,95%): 35.59 err/s: 0.00 reconn/s: 0.00
[ 520s ] thds: 32 tps: 1446.80 qps: 23142.65 (r/w/o: 20249.14/0.00/2893.51) lat (ms,95%): 31.94 err/s: 0.00 reconn/s: 0.00
[ 530s ] thds: 32 tps: 1425.10 qps: 22806.05 (r/w/o: 19955.74/0.00/2850.31) lat (ms,95%): 34.95 err/s: 0.00 reconn/s: 0.00
[ 540s ] thds: 32 tps: 1427.70 qps: 22844.83 (r/w/o: 19989.43/0.00/2855.40) lat (ms,95%): 35.59 err/s: 0.00 reconn/s: 0.00
[ 550s ] thds: 32 tps: 1437.30 qps: 22991.69 (r/w/o: 20117.09/0.00/2874.60) lat (ms,95%): 31.37 err/s: 0.00 reconn/s: 0.00
[ 560s ] thds: 32 tps: 1419.20 qps: 22706.26 (r/w/o: 19867.85/0.00/2838.41) lat (ms,95%): 36.24 err/s: 0.00 reconn/s: 0.00
[ 570s ] thds: 32 tps: 1451.49 qps: 23219.71 (r/w/o: 20316.92/0.00/2902.79) lat (ms,95%): 30.81 err/s: 0.00 reconn/s: 0.00
[ 580s ] thds: 32 tps: 1426.11 qps: 22821.48 (r/w/o: 19969.07/0.00/2852.41) lat (ms,95%): 35.59 err/s: 0.00 reconn/s: 0.00
[ 590s ] thds: 32 tps: 1436.29 qps: 22987.49 (r/w/o: 20115.00/0.00/2872.49) lat (ms,95%): 32.53 err/s: 0.00 reconn/s: 0.00
[ 600s ] thds: 32 tps: 1434.30 qps: 22944.88 (r/w/o: 20076.17/0.00/2868.71) lat (ms,95%): 34.33 err/s: 0.00 reconn/s: 0.00
SQL statistics:
    queries performed:
        read:                            11632250
        write:                           0
        other:                           1661750
        total:                           13294000
    transactions:                        830875 (1384.45 per sec.)
    queries:                             13294000 (22151.16 per sec.)
    ignored errors:                      0      (0.00 per sec.)
    reconnects:                          0      (0.00 per sec.)

General statistics:
    total time:                          600.1460s
    total number of events:              830875

Latency (ms):
         min:                                    9.15
         avg:                                   23.11
         max:                                  189.58
         95th percentile:                       35.59
         sum:                             19199057.78

Threads fairness:
    events (avg/stddev):           25964.8438/23.58
    execution time (avg/stddev):   599.9706/0.03

