sysbench 1.0.20 (using bundled LuaJIT 2.1.0-beta2)

Running the test with following options:
Number of threads: 32
Report intermediate results every 10 second(s)
Initializing random number generator from current time


Initializing worker threads...

Threads started!

[ 10s ] thds: 32 tps: 1070.85 qps: 17158.73 (r/w/o: 15014.02/0.00/2144.70) lat (ms,95%): 63.32 err/s: 0.00 reconn/s: 0.00
[ 20s ] thds: 32 tps: 1350.95 qps: 21608.37 (r/w/o: 18906.27/0.00/2702.10) lat (ms,95%): 34.95 err/s: 0.00 reconn/s: 0.00
[ 30s ] thds: 32 tps: 1318.99 qps: 21112.11 (r/w/o: 18474.52/0.00/2637.59) lat (ms,95%): 36.89 err/s: 0.00 reconn/s: 0.00
[ 40s ] thds: 32 tps: 1373.80 qps: 21980.29 (r/w/o: 19232.29/0.00/2748.00) lat (ms,95%): 36.24 err/s: 0.00 reconn/s: 0.00
[ 50s ] thds: 32 tps: 1394.10 qps: 22307.93 (r/w/o: 19519.74/0.00/2788.19) lat (ms,95%): 33.12 err/s: 0.00 reconn/s: 0.00
[ 60s ] thds: 32 tps: 1388.61 qps: 22210.69 (r/w/o: 19433.88/0.00/2776.81) lat (ms,95%): 35.59 err/s: 0.00 reconn/s: 0.00
[ 70s ] thds: 32 tps: 1410.80 qps: 22583.29 (r/w/o: 19761.29/0.00/2822.00) lat (ms,95%): 33.12 err/s: 0.00 reconn/s: 0.00
[ 80s ] thds: 32 tps: 1382.50 qps: 22119.29 (r/w/o: 19354.29/0.00/2765.00) lat (ms,95%): 36.24 err/s: 0.00 reconn/s: 0.00
[ 90s ] thds: 32 tps: 1366.20 qps: 21857.79 (r/w/o: 19125.39/0.00/2732.40) lat (ms,95%): 34.33 err/s: 0.00 reconn/s: 0.00
[ 100s ] thds: 32 tps: 1356.70 qps: 21704.18 (r/w/o: 18990.79/0.00/2713.40) lat (ms,95%): 38.25 err/s: 0.00 reconn/s: 0.00
[ 110s ] thds: 32 tps: 1406.00 qps: 22494.44 (r/w/o: 19682.44/0.00/2812.01) lat (ms,95%): 33.72 err/s: 0.00 reconn/s: 0.00
[ 120s ] thds: 32 tps: 1424.30 qps: 22788.55 (r/w/o: 19939.96/0.00/2848.59) lat (ms,95%): 33.12 err/s: 0.00 reconn/s: 0.00
[ 130s ] thds: 32 tps: 1396.90 qps: 22355.39 (r/w/o: 19561.59/0.00/2793.80) lat (ms,95%): 35.59 err/s: 0.00 reconn/s: 0.00
[ 140s ] thds: 32 tps: 1425.90 qps: 22814.19 (r/w/o: 19962.39/0.00/2851.80) lat (ms,95%): 31.94 err/s: 0.00 reconn/s: 0.00
[ 150s ] thds: 32 tps: 1409.90 qps: 22557.82 (r/w/o: 19738.12/0.00/2819.70) lat (ms,95%): 34.33 err/s: 0.00 reconn/s: 0.00
[ 160s ] thds: 32 tps: 1412.00 qps: 22593.70 (r/w/o: 19769.70/0.00/2824.00) lat (ms,95%): 34.33 err/s: 0.00 reconn/s: 0.00
[ 170s ] thds: 32 tps: 1417.20 qps: 22668.72 (r/w/o: 19834.31/0.00/2834.40) lat (ms,95%): 33.72 err/s: 0.00 reconn/s: 0.00
[ 180s ] thds: 32 tps: 1411.10 qps: 22577.32 (r/w/o: 19755.22/0.00/2822.10) lat (ms,95%): 34.95 err/s: 0.00 reconn/s: 0.00
[ 190s ] thds: 32 tps: 1433.10 qps: 22932.83 (r/w/o: 20066.43/0.00/2866.40) lat (ms,95%): 30.26 err/s: 0.00 reconn/s: 0.00
[ 200s ] thds: 32 tps: 1406.89 qps: 22508.58 (r/w/o: 19695.49/0.00/2813.08) lat (ms,95%): 35.59 err/s: 0.00 reconn/s: 0.00
[ 210s ] thds: 32 tps: 1431.50 qps: 22906.93 (r/w/o: 20043.23/0.00/2863.70) lat (ms,95%): 32.53 err/s: 0.00 reconn/s: 0.00
[ 220s ] thds: 32 tps: 1412.30 qps: 22598.57 (r/w/o: 19773.97/0.00/2824.61) lat (ms,95%): 34.95 err/s: 0.00 reconn/s: 0.00
[ 230s ] thds: 32 tps: 1414.70 qps: 22629.24 (r/w/o: 19799.84/0.00/2829.39) lat (ms,95%): 35.59 err/s: 0.00 reconn/s: 0.00
[ 240s ] thds: 32 tps: 1429.77 qps: 22878.17 (r/w/o: 20018.94/0.00/2859.23) lat (ms,95%): 33.12 err/s: 0.00 reconn/s: 0.00
[ 250s ] thds: 32 tps: 1420.93 qps: 22738.84 (r/w/o: 19896.78/0.00/2842.07) lat (ms,95%): 33.72 err/s: 0.00 reconn/s: 0.00
[ 260s ] thds: 32 tps: 1429.00 qps: 22862.73 (r/w/o: 20004.64/0.00/2858.09) lat (ms,95%): 32.53 err/s: 0.00 reconn/s: 0.00
[ 270s ] thds: 32 tps: 1425.00 qps: 22801.75 (r/w/o: 19951.74/0.00/2850.01) lat (ms,95%): 34.95 err/s: 0.00 reconn/s: 0.00
[ 280s ] thds: 32 tps: 1415.00 qps: 22638.14 (r/w/o: 19808.34/0.00/2829.81) lat (ms,95%): 35.59 err/s: 0.00 reconn/s: 0.00
[ 290s ] thds: 32 tps: 1432.70 qps: 22923.10 (r/w/o: 20057.50/0.00/2865.60) lat (ms,95%): 31.94 err/s: 0.00 reconn/s: 0.00
[ 300s ] thds: 32 tps: 1424.30 qps: 22786.70 (r/w/o: 19938.30/0.00/2848.40) lat (ms,95%): 34.33 err/s: 0.00 reconn/s: 0.00
[ 310s ] thds: 32 tps: 1426.80 qps: 22827.57 (r/w/o: 19973.98/0.00/2853.60) lat (ms,95%): 33.72 err/s: 0.00 reconn/s: 0.00
[ 320s ] thds: 32 tps: 1426.00 qps: 22818.66 (r/w/o: 19966.46/0.00/2852.19) lat (ms,95%): 34.33 err/s: 0.00 reconn/s: 0.00
[ 330s ] thds: 32 tps: 1441.30 qps: 23061.84 (r/w/o: 20179.35/0.00/2882.49) lat (ms,95%): 31.94 err/s: 0.00 reconn/s: 0.00
[ 340s ] thds: 32 tps: 1429.31 qps: 22869.20 (r/w/o: 20010.49/0.00/2858.71) lat (ms,95%): 33.72 err/s: 0.00 reconn/s: 0.00
[ 350s ] thds: 32 tps: 1421.10 qps: 22729.02 (r/w/o: 19887.22/0.00/2841.80) lat (ms,95%): 34.95 err/s: 0.00 reconn/s: 0.00
[ 360s ] thds: 32 tps: 1443.80 qps: 23109.49 (r/w/o: 20221.79/0.00/2887.70) lat (ms,95%): 31.37 err/s: 0.00 reconn/s: 0.00
[ 370s ] thds: 32 tps: 1421.70 qps: 22748.32 (r/w/o: 19904.62/0.00/2843.70) lat (ms,95%): 35.59 err/s: 0.00 reconn/s: 0.00
[ 380s ] thds: 32 tps: 1408.20 qps: 22524.02 (r/w/o: 19707.82/0.00/2816.20) lat (ms,95%): 33.72 err/s: 0.00 reconn/s: 0.00
[ 390s ] thds: 32 tps: 1452.90 qps: 23252.29 (r/w/o: 20346.29/0.00/2906.00) lat (ms,95%): 30.26 err/s: 0.00 reconn/s: 0.00
[ 400s ] thds: 32 tps: 1422.90 qps: 22764.00 (r/w/o: 19918.40/0.00/2845.60) lat (ms,95%): 34.95 err/s: 0.00 reconn/s: 0.00
[ 410s ] thds: 32 tps: 1420.90 qps: 22733.45 (r/w/o: 19891.56/0.00/2841.89) lat (ms,95%): 35.59 err/s: 0.00 reconn/s: 0.00
[ 420s ] thds: 32 tps: 1446.30 qps: 23142.83 (r/w/o: 20250.13/0.00/2892.70) lat (ms,95%): 30.81 err/s: 0.00 reconn/s: 0.00
[ 430s ] thds: 32 tps: 1428.50 qps: 22858.51 (r/w/o: 20001.61/0.00/2856.90) lat (ms,95%): 34.95 err/s: 0.00 reconn/s: 0.00
[ 440s ] thds: 32 tps: 1389.80 qps: 22235.32 (r/w/o: 19455.83/0.00/2779.49) lat (ms,95%): 33.12 err/s: 0.00 reconn/s: 0.00
[ 450s ] thds: 32 tps: 1434.40 qps: 22949.41 (r/w/o: 20080.71/0.00/2868.70) lat (ms,95%): 34.33 err/s: 0.00 reconn/s: 0.00
[ 460s ] thds: 32 tps: 1427.30 qps: 22840.04 (r/w/o: 19985.15/0.00/2854.89) lat (ms,95%): 33.72 err/s: 0.00 reconn/s: 0.00
[ 470s ] thds: 32 tps: 1438.00 qps: 23002.57 (r/w/o: 20126.76/0.00/2875.81) lat (ms,95%): 33.12 err/s: 0.00 reconn/s: 0.00
[ 480s ] thds: 32 tps: 1434.60 qps: 22954.03 (r/w/o: 20084.82/0.00/2869.20) lat (ms,95%): 34.33 err/s: 0.00 reconn/s: 0.00
[ 490s ] thds: 32 tps: 1425.90 qps: 22819.45 (r/w/o: 19967.54/0.00/2851.91) lat (ms,95%): 34.95 err/s: 0.00 reconn/s: 0.00
[ 500s ] thds: 32 tps: 1448.20 qps: 23171.83 (r/w/o: 20275.34/0.00/2896.49) lat (ms,95%): 30.26 err/s: 0.00 reconn/s: 0.00
[ 510s ] thds: 32 tps: 1431.40 qps: 22897.61 (r/w/o: 20034.81/0.00/2862.80) lat (ms,95%): 34.33 err/s: 0.00 reconn/s: 0.00
[ 520s ] thds: 32 tps: 1427.70 qps: 22845.87 (r/w/o: 19990.46/0.00/2855.41) lat (ms,95%): 35.59 err/s: 0.00 reconn/s: 0.00
[ 530s ] thds: 32 tps: 1450.30 qps: 23203.73 (r/w/o: 20303.24/0.00/2900.49) lat (ms,95%): 29.72 err/s: 0.00 reconn/s: 0.00
[ 540s ] thds: 32 tps: 1422.90 qps: 22765.06 (r/w/o: 19919.25/0.00/2845.81) lat (ms,95%): 34.33 err/s: 0.00 reconn/s: 0.00
[ 550s ] thds: 32 tps: 1446.00 qps: 23138.23 (r/w/o: 20246.34/0.00/2891.89) lat (ms,95%): 32.53 err/s: 0.00 reconn/s: 0.00
[ 560s ] thds: 32 tps: 1430.68 qps: 22887.54 (r/w/o: 20025.98/0.00/2861.55) lat (ms,95%): 35.59 err/s: 0.00 reconn/s: 0.00
[ 570s ] thds: 32 tps: 1437.00 qps: 22992.94 (r/w/o: 20118.95/0.00/2873.99) lat (ms,95%): 34.33 err/s: 0.00 reconn/s: 0.00
[ 580s ] thds: 32 tps: 1451.01 qps: 23215.33 (r/w/o: 20313.41/0.00/2901.92) lat (ms,95%): 29.72 err/s: 0.00 reconn/s: 0.00
[ 590s ] thds: 32 tps: 1424.59 qps: 22798.10 (r/w/o: 19948.81/0.00/2849.29) lat (ms,95%): 34.95 err/s: 0.00 reconn/s: 0.00
[ 600s ] thds: 32 tps: 1431.10 qps: 22890.68 (r/w/o: 20028.48/0.00/2862.20) lat (ms,95%): 35.59 err/s: 0.00 reconn/s: 0.00
SQL statistics:
    queries performed:
        read:                            11863040
        write:                           0
        other:                           1694720
        total:                           13557760
    transactions:                        847360 (1411.93 per sec.)
    queries:                             13557760 (22590.89 per sec.)
    ignored errors:                      0      (0.00 per sec.)
    reconnects:                          0      (0.00 per sec.)

General statistics:
    total time:                          600.1399s
    total number of events:              847360

Latency (ms):
         min:                                    8.90
         avg:                                   22.66
         max:                                  193.08
         95th percentile:                       34.33
         sum:                             19199071.57

Threads fairness:
    events (avg/stddev):           26480.0000/24.05
    execution time (avg/stddev):   599.9710/0.03

