sysbench 1.0.20 (using bundled LuaJIT 2.1.0-beta2)

Running the test with following options:
Number of threads: 32
Report intermediate results every 10 second(s)
Initializing random number generator from current time


Initializing worker threads...

Threads started!

[ 10s ] thds: 32 tps: 1088.54 qps: 17440.83 (r/w/o: 15260.95/0.00/2179.88) lat (ms,95%): 61.08 err/s: 0.00 reconn/s: 0.00
[ 20s ] thds: 32 tps: 1365.56 qps: 21848.98 (r/w/o: 19117.87/0.00/2731.11) lat (ms,95%): 36.24 err/s: 0.00 reconn/s: 0.00
[ 30s ] thds: 32 tps: 1401.70 qps: 22433.42 (r/w/o: 19629.83/0.00/2803.59) lat (ms,95%): 32.53 err/s: 0.00 reconn/s: 0.00
[ 40s ] thds: 32 tps: 1398.70 qps: 22377.92 (r/w/o: 19580.32/0.00/2797.60) lat (ms,95%): 34.33 err/s: 0.00 reconn/s: 0.00
[ 50s ] thds: 32 tps: 1396.00 qps: 22335.12 (r/w/o: 19543.31/0.00/2791.80) lat (ms,95%): 34.95 err/s: 0.00 reconn/s: 0.00
[ 60s ] thds: 32 tps: 1416.10 qps: 22657.89 (r/w/o: 19825.59/0.00/2832.30) lat (ms,95%): 34.33 err/s: 0.00 reconn/s: 0.00
[ 70s ] thds: 32 tps: 1403.50 qps: 22458.27 (r/w/o: 19651.16/0.00/2807.11) lat (ms,95%): 34.95 err/s: 0.00 reconn/s: 0.00
[ 80s ] thds: 32 tps: 1423.40 qps: 22772.55 (r/w/o: 19925.85/0.00/2846.69) lat (ms,95%): 31.94 err/s: 0.00 reconn/s: 0.00
[ 90s ] thds: 32 tps: 1408.10 qps: 22530.19 (r/w/o: 19713.89/0.00/2816.30) lat (ms,95%): 33.12 err/s: 0.00 reconn/s: 0.00
[ 100s ] thds: 32 tps: 1411.10 qps: 22575.68 (r/w/o: 19753.48/0.00/2822.20) lat (ms,95%): 34.33 err/s: 0.00 reconn/s: 0.00
[ 110s ] thds: 32 tps: 1432.60 qps: 22926.30 (r/w/o: 20061.10/0.00/2865.20) lat (ms,95%): 32.53 err/s: 0.00 reconn/s: 0.00
[ 120s ] thds: 32 tps: 1391.00 qps: 22248.12 (r/w/o: 19466.21/0.00/2781.90) lat (ms,95%): 32.53 err/s: 0.00 reconn/s: 0.00
[ 130s ] thds: 32 tps: 1395.06 qps: 22323.97 (r/w/o: 19533.85/0.00/2790.12) lat (ms,95%): 33.12 err/s: 0.00 reconn/s: 0.00
[ 140s ] thds: 32 tps: 1394.84 qps: 22314.21 (r/w/o: 19524.44/0.00/2789.78) lat (ms,95%): 32.53 err/s: 0.00 reconn/s: 0.00
[ 150s ] thds: 32 tps: 1388.80 qps: 22220.86 (r/w/o: 19443.45/0.00/2777.41) lat (ms,95%): 33.72 err/s: 0.00 reconn/s: 0.00
[ 160s ] thds: 32 tps: 1416.37 qps: 22656.04 (r/w/o: 19823.31/0.00/2832.73) lat (ms,95%): 30.81 err/s: 0.00 reconn/s: 0.00
[ 170s ] thds: 32 tps: 1391.12 qps: 22268.81 (r/w/o: 19486.77/0.00/2782.04) lat (ms,95%): 32.53 err/s: 0.00 reconn/s: 0.00
[ 180s ] thds: 32 tps: 1397.02 qps: 22348.06 (r/w/o: 19553.72/0.00/2794.33) lat (ms,95%): 31.37 err/s: 0.00 reconn/s: 0.00
[ 190s ] thds: 32 tps: 1399.90 qps: 22397.53 (r/w/o: 19597.74/0.00/2799.79) lat (ms,95%): 33.12 err/s: 0.00 reconn/s: 0.00
[ 200s ] thds: 32 tps: 1393.30 qps: 22297.02 (r/w/o: 19510.33/0.00/2786.69) lat (ms,95%): 33.12 err/s: 0.00 reconn/s: 0.00
[ 210s ] thds: 32 tps: 1404.11 qps: 22462.79 (r/w/o: 19654.58/0.00/2808.21) lat (ms,95%): 31.94 err/s: 0.00 reconn/s: 0.00
[ 220s ] thds: 32 tps: 1399.10 qps: 22383.71 (r/w/o: 19585.60/0.00/2798.10) lat (ms,95%): 33.12 err/s: 0.00 reconn/s: 0.00
[ 230s ] thds: 32 tps: 1403.58 qps: 22461.85 (r/w/o: 19654.68/0.00/2807.17) lat (ms,95%): 32.53 err/s: 0.00 reconn/s: 0.00
[ 240s ] thds: 32 tps: 1405.48 qps: 22485.30 (r/w/o: 19674.45/0.00/2810.85) lat (ms,95%): 31.37 err/s: 0.00 reconn/s: 0.00
[ 250s ] thds: 32 tps: 1410.34 qps: 22565.34 (r/w/o: 19744.56/0.00/2820.78) lat (ms,95%): 30.81 err/s: 0.00 reconn/s: 0.00
[ 260s ] thds: 32 tps: 1401.07 qps: 22420.48 (r/w/o: 19618.44/0.00/2802.05) lat (ms,95%): 31.37 err/s: 0.00 reconn/s: 0.00
[ 270s ] thds: 32 tps: 1406.83 qps: 22506.36 (r/w/o: 19692.50/0.00/2813.86) lat (ms,95%): 31.37 err/s: 0.00 reconn/s: 0.00
[ 280s ] thds: 32 tps: 1410.50 qps: 22571.15 (r/w/o: 19750.15/0.00/2820.99) lat (ms,95%): 31.37 err/s: 0.00 reconn/s: 0.00
[ 290s ] thds: 32 tps: 1407.69 qps: 22520.99 (r/w/o: 19705.60/0.00/2815.39) lat (ms,95%): 31.94 err/s: 0.00 reconn/s: 0.00
[ 300s ] thds: 32 tps: 1420.81 qps: 22733.72 (r/w/o: 19892.21/0.00/2841.52) lat (ms,95%): 30.81 err/s: 0.00 reconn/s: 0.00
[ 310s ] thds: 32 tps: 1399.19 qps: 22379.57 (r/w/o: 19581.38/0.00/2798.18) lat (ms,95%): 31.37 err/s: 0.00 reconn/s: 0.00
[ 320s ] thds: 32 tps: 1406.11 qps: 22504.88 (r/w/o: 19692.66/0.00/2812.22) lat (ms,95%): 31.94 err/s: 0.00 reconn/s: 0.00
[ 330s ] thds: 32 tps: 1409.60 qps: 22550.66 (r/w/o: 19731.27/0.00/2819.40) lat (ms,95%): 31.37 err/s: 0.00 reconn/s: 0.00
[ 340s ] thds: 32 tps: 1413.36 qps: 22610.77 (r/w/o: 19784.25/0.00/2826.52) lat (ms,95%): 31.94 err/s: 0.00 reconn/s: 0.00
[ 350s ] thds: 32 tps: 1407.94 qps: 22531.67 (r/w/o: 19715.58/0.00/2816.08) lat (ms,95%): 32.53 err/s: 0.00 reconn/s: 0.00
[ 360s ] thds: 32 tps: 1413.93 qps: 22624.48 (r/w/o: 19796.62/0.00/2827.86) lat (ms,95%): 30.81 err/s: 0.00 reconn/s: 0.00
[ 370s ] thds: 32 tps: 1395.57 qps: 22332.28 (r/w/o: 19541.15/0.00/2791.14) lat (ms,95%): 33.12 err/s: 0.00 reconn/s: 0.00
[ 380s ] thds: 32 tps: 1377.00 qps: 22027.74 (r/w/o: 19273.74/0.00/2754.01) lat (ms,95%): 32.53 err/s: 0.00 reconn/s: 0.00
[ 390s ] thds: 32 tps: 1419.50 qps: 22707.75 (r/w/o: 19868.96/0.00/2838.79) lat (ms,95%): 31.37 err/s: 0.00 reconn/s: 0.00
[ 400s ] thds: 32 tps: 1424.20 qps: 22796.14 (r/w/o: 19947.44/0.00/2848.71) lat (ms,95%): 30.26 err/s: 0.00 reconn/s: 0.00
[ 410s ] thds: 32 tps: 1413.70 qps: 22616.44 (r/w/o: 19789.05/0.00/2827.39) lat (ms,95%): 30.81 err/s: 0.00 reconn/s: 0.00
[ 420s ] thds: 32 tps: 1415.80 qps: 22650.74 (r/w/o: 19819.15/0.00/2831.59) lat (ms,95%): 31.37 err/s: 0.00 reconn/s: 0.00
[ 430s ] thds: 32 tps: 1417.50 qps: 22675.23 (r/w/o: 19840.94/0.00/2834.29) lat (ms,95%): 30.81 err/s: 0.00 reconn/s: 0.00
[ 440s ] thds: 32 tps: 1409.07 qps: 22549.90 (r/w/o: 19731.06/0.00/2818.84) lat (ms,95%): 33.12 err/s: 0.00 reconn/s: 0.00
[ 450s ] thds: 32 tps: 1419.34 qps: 22707.70 (r/w/o: 19869.11/0.00/2838.59) lat (ms,95%): 30.81 err/s: 0.00 reconn/s: 0.00
[ 460s ] thds: 32 tps: 1419.59 qps: 22717.96 (r/w/o: 19878.78/0.00/2839.18) lat (ms,95%): 31.37 err/s: 0.00 reconn/s: 0.00
[ 470s ] thds: 32 tps: 1412.40 qps: 22594.77 (r/w/o: 19770.06/0.00/2824.71) lat (ms,95%): 32.53 err/s: 0.00 reconn/s: 0.00
[ 480s ] thds: 32 tps: 1403.83 qps: 22465.41 (r/w/o: 19657.55/0.00/2807.86) lat (ms,95%): 33.12 err/s: 0.00 reconn/s: 0.00
[ 490s ] thds: 32 tps: 1415.97 qps: 22655.98 (r/w/o: 19824.13/0.00/2831.85) lat (ms,95%): 30.81 err/s: 0.00 reconn/s: 0.00
[ 500s ] thds: 32 tps: 1418.40 qps: 22693.28 (r/w/o: 19856.48/0.00/2836.80) lat (ms,95%): 31.37 err/s: 0.00 reconn/s: 0.00
[ 510s ] thds: 32 tps: 1415.70 qps: 22650.14 (r/w/o: 19818.65/0.00/2831.49) lat (ms,95%): 33.12 err/s: 0.00 reconn/s: 0.00
[ 520s ] thds: 32 tps: 1417.10 qps: 22671.99 (r/w/o: 19838.09/0.00/2833.90) lat (ms,95%): 33.12 err/s: 0.00 reconn/s: 0.00
[ 530s ] thds: 32 tps: 1416.90 qps: 22674.15 (r/w/o: 19840.06/0.00/2834.09) lat (ms,95%): 32.53 err/s: 0.00 reconn/s: 0.00
[ 540s ] thds: 32 tps: 1417.51 qps: 22675.78 (r/w/o: 19841.27/0.00/2834.51) lat (ms,95%): 31.94 err/s: 0.00 reconn/s: 0.00
[ 550s ] thds: 32 tps: 1415.10 qps: 22644.49 (r/w/o: 19813.99/0.00/2830.50) lat (ms,95%): 32.53 err/s: 0.00 reconn/s: 0.00
[ 560s ] thds: 32 tps: 1416.20 qps: 22658.70 (r/w/o: 19826.20/0.00/2832.50) lat (ms,95%): 33.12 err/s: 0.00 reconn/s: 0.00
[ 570s ] thds: 32 tps: 1421.90 qps: 22748.82 (r/w/o: 19904.92/0.00/2843.90) lat (ms,95%): 31.94 err/s: 0.00 reconn/s: 0.00
[ 580s ] thds: 32 tps: 1422.70 qps: 22762.11 (r/w/o: 19916.71/0.00/2845.40) lat (ms,95%): 30.26 err/s: 0.00 reconn/s: 0.00
[ 590s ] thds: 32 tps: 1417.47 qps: 22679.24 (r/w/o: 19844.39/0.00/2834.84) lat (ms,95%): 31.94 err/s: 0.00 reconn/s: 0.00
[ 600s ] thds: 32 tps: 1419.93 qps: 22716.96 (r/w/o: 19877.10/0.00/2839.86) lat (ms,95%): 30.81 err/s: 0.00 reconn/s: 0.00
SQL statistics:
    queries performed:
        read:                            11784934
        write:                           0
        other:                           1683562
        total:                           13468496
    transactions:                        841781 (1402.64 per sec.)
    queries:                             13468496 (22442.26 per sec.)
    ignored errors:                      0      (0.00 per sec.)
    reconnects:                          0      (0.00 per sec.)

General statistics:
    total time:                          600.1366s
    total number of events:              841781

Latency (ms):
         min:                                    8.81
         avg:                                   22.81
         max:                                  231.50
         95th percentile:                       32.53
         sum:                             19199009.20

Threads fairness:
    events (avg/stddev):           26305.6562/23.57
    execution time (avg/stddev):   599.9690/0.03

