sysbench 1.0.20 (using bundled LuaJIT 2.1.0-beta2)

Running the test with following options:
Number of threads: 32
Report intermediate results every 10 second(s)
Initializing random number generator from current time


Initializing worker threads...

Threads started!

[ 10s ] thds: 32 tps: 1002.26 qps: 16060.72 (r/w/o: 14052.99/0.00/2007.73) lat (ms,95%): 66.84 err/s: 0.00 reconn/s: 0.00
[ 20s ] thds: 32 tps: 1256.94 qps: 20110.29 (r/w/o: 17596.41/0.00/2513.89) lat (ms,95%): 37.56 err/s: 0.00 reconn/s: 0.00
[ 30s ] thds: 32 tps: 1320.50 qps: 21131.79 (r/w/o: 18490.79/0.00/2641.00) lat (ms,95%): 35.59 err/s: 0.00 reconn/s: 0.00
[ 40s ] thds: 32 tps: 1378.60 qps: 22060.27 (r/w/o: 19303.27/0.00/2757.00) lat (ms,95%): 36.89 err/s: 0.00 reconn/s: 0.00
[ 50s ] thds: 32 tps: 1393.60 qps: 22301.36 (r/w/o: 19514.15/0.00/2787.21) lat (ms,95%): 34.95 err/s: 0.00 reconn/s: 0.00
[ 60s ] thds: 32 tps: 1411.50 qps: 22575.25 (r/w/o: 19752.16/0.00/2823.09) lat (ms,95%): 32.53 err/s: 0.00 reconn/s: 0.00
[ 70s ] thds: 32 tps: 1398.60 qps: 22372.88 (r/w/o: 19576.77/0.00/2796.11) lat (ms,95%): 35.59 err/s: 0.00 reconn/s: 0.00
[ 80s ] thds: 32 tps: 1411.70 qps: 22586.84 (r/w/o: 19762.25/0.00/2824.59) lat (ms,95%): 31.94 err/s: 0.00 reconn/s: 0.00
[ 90s ] thds: 32 tps: 1389.40 qps: 22236.58 (r/w/o: 19457.78/0.00/2778.80) lat (ms,95%): 33.72 err/s: 0.00 reconn/s: 0.00
[ 100s ] thds: 32 tps: 1394.10 qps: 22303.14 (r/w/o: 19514.94/0.00/2788.19) lat (ms,95%): 30.81 err/s: 0.00 reconn/s: 0.00
[ 110s ] thds: 32 tps: 1394.89 qps: 22316.92 (r/w/o: 19527.54/0.00/2789.38) lat (ms,95%): 33.72 err/s: 0.00 reconn/s: 0.00
[ 120s ] thds: 32 tps: 1388.92 qps: 22226.16 (r/w/o: 19448.03/0.00/2778.13) lat (ms,95%): 33.12 err/s: 0.00 reconn/s: 0.00
[ 130s ] thds: 32 tps: 1393.50 qps: 22296.87 (r/w/o: 19509.97/0.00/2786.90) lat (ms,95%): 33.12 err/s: 0.00 reconn/s: 0.00
[ 140s ] thds: 32 tps: 1397.21 qps: 22355.99 (r/w/o: 19561.48/0.00/2794.51) lat (ms,95%): 33.12 err/s: 0.00 reconn/s: 0.00
[ 150s ] thds: 32 tps: 1414.06 qps: 22626.76 (r/w/o: 19798.74/0.00/2828.02) lat (ms,95%): 30.26 err/s: 0.00 reconn/s: 0.00
[ 160s ] thds: 32 tps: 1399.24 qps: 22387.78 (r/w/o: 19589.21/0.00/2798.57) lat (ms,95%): 31.37 err/s: 0.00 reconn/s: 0.00
[ 170s ] thds: 32 tps: 1401.37 qps: 22411.52 (r/w/o: 19608.68/0.00/2802.84) lat (ms,95%): 32.53 err/s: 0.00 reconn/s: 0.00
[ 180s ] thds: 32 tps: 1392.73 qps: 22292.17 (r/w/o: 19507.01/0.00/2785.16) lat (ms,95%): 33.12 err/s: 0.00 reconn/s: 0.00
[ 190s ] thds: 32 tps: 1400.50 qps: 22405.95 (r/w/o: 19604.65/0.00/2801.31) lat (ms,95%): 31.37 err/s: 0.00 reconn/s: 0.00
[ 200s ] thds: 32 tps: 1403.80 qps: 22459.88 (r/w/o: 19652.28/0.00/2807.60) lat (ms,95%): 33.12 err/s: 0.00 reconn/s: 0.00
[ 210s ] thds: 32 tps: 1389.50 qps: 22234.95 (r/w/o: 19456.14/0.00/2778.81) lat (ms,95%): 34.95 err/s: 0.00 reconn/s: 0.00
[ 220s ] thds: 32 tps: 1403.00 qps: 22441.00 (r/w/o: 19635.40/0.00/2805.60) lat (ms,95%): 32.53 err/s: 0.00 reconn/s: 0.00
[ 230s ] thds: 32 tps: 1410.49 qps: 22575.00 (r/w/o: 19753.42/0.00/2821.59) lat (ms,95%): 30.81 err/s: 0.00 reconn/s: 0.00
[ 240s ] thds: 32 tps: 1407.20 qps: 22519.08 (r/w/o: 19704.68/0.00/2814.40) lat (ms,95%): 31.94 err/s: 0.00 reconn/s: 0.00
[ 250s ] thds: 32 tps: 1404.36 qps: 22469.38 (r/w/o: 19660.66/0.00/2808.72) lat (ms,95%): 31.94 err/s: 0.00 reconn/s: 0.00
[ 260s ] thds: 32 tps: 1411.14 qps: 22578.72 (r/w/o: 19756.53/0.00/2822.19) lat (ms,95%): 31.37 err/s: 0.00 reconn/s: 0.00
[ 270s ] thds: 32 tps: 1400.30 qps: 22404.06 (r/w/o: 19603.57/0.00/2800.50) lat (ms,95%): 32.53 err/s: 0.00 reconn/s: 0.00
[ 280s ] thds: 32 tps: 1408.60 qps: 22532.20 (r/w/o: 19714.90/0.00/2817.30) lat (ms,95%): 30.81 err/s: 0.00 reconn/s: 0.00
[ 290s ] thds: 32 tps: 1402.90 qps: 22445.60 (r/w/o: 19639.80/0.00/2805.80) lat (ms,95%): 31.37 err/s: 0.00 reconn/s: 0.00
[ 300s ] thds: 32 tps: 1400.20 qps: 22402.19 (r/w/o: 19601.69/0.00/2800.50) lat (ms,95%): 33.72 err/s: 0.00 reconn/s: 0.00
[ 310s ] thds: 32 tps: 1405.50 qps: 22492.84 (r/w/o: 19681.93/0.00/2810.90) lat (ms,95%): 31.94 err/s: 0.00 reconn/s: 0.00
[ 320s ] thds: 32 tps: 1413.60 qps: 22614.64 (r/w/o: 19787.35/0.00/2827.29) lat (ms,95%): 31.94 err/s: 0.00 reconn/s: 0.00
[ 330s ] thds: 32 tps: 1401.28 qps: 22424.04 (r/w/o: 19621.68/0.00/2802.37) lat (ms,95%): 33.72 err/s: 0.00 reconn/s: 0.00
[ 340s ] thds: 32 tps: 1412.62 qps: 22601.92 (r/w/o: 19776.48/0.00/2825.44) lat (ms,95%): 30.81 err/s: 0.00 reconn/s: 0.00
[ 350s ] thds: 32 tps: 1387.50 qps: 22190.52 (r/w/o: 19416.32/0.00/2774.20) lat (ms,95%): 33.72 err/s: 0.00 reconn/s: 0.00
[ 360s ] thds: 32 tps: 1396.90 qps: 22361.32 (r/w/o: 19566.93/0.00/2794.39) lat (ms,95%): 31.37 err/s: 0.00 reconn/s: 0.00
[ 370s ] thds: 32 tps: 1414.80 qps: 22638.01 (r/w/o: 19808.31/0.00/2829.70) lat (ms,95%): 32.53 err/s: 0.00 reconn/s: 0.00
[ 380s ] thds: 32 tps: 1414.54 qps: 22625.85 (r/w/o: 19796.67/0.00/2829.18) lat (ms,95%): 31.94 err/s: 0.00 reconn/s: 0.00
[ 390s ] thds: 32 tps: 1404.33 qps: 22468.02 (r/w/o: 19659.47/0.00/2808.55) lat (ms,95%): 31.94 err/s: 0.00 reconn/s: 0.00
[ 400s ] thds: 32 tps: 1415.39 qps: 22649.16 (r/w/o: 19818.39/0.00/2830.77) lat (ms,95%): 31.94 err/s: 0.00 reconn/s: 0.00
[ 410s ] thds: 32 tps: 1414.55 qps: 22633.09 (r/w/o: 19804.09/0.00/2829.00) lat (ms,95%): 32.53 err/s: 0.00 reconn/s: 0.00
[ 420s ] thds: 32 tps: 1402.51 qps: 22440.80 (r/w/o: 19635.68/0.00/2805.13) lat (ms,95%): 32.53 err/s: 0.00 reconn/s: 0.00
[ 430s ] thds: 32 tps: 1415.64 qps: 22652.75 (r/w/o: 19821.37/0.00/2831.38) lat (ms,95%): 31.37 err/s: 0.00 reconn/s: 0.00
[ 440s ] thds: 32 tps: 1416.85 qps: 22667.46 (r/w/o: 19833.86/0.00/2833.59) lat (ms,95%): 31.94 err/s: 0.00 reconn/s: 0.00
[ 450s ] thds: 32 tps: 1413.61 qps: 22612.97 (r/w/o: 19785.85/0.00/2827.12) lat (ms,95%): 32.53 err/s: 0.00 reconn/s: 0.00
[ 460s ] thds: 32 tps: 1405.71 qps: 22499.18 (r/w/o: 19687.56/0.00/2811.62) lat (ms,95%): 33.72 err/s: 0.00 reconn/s: 0.00
[ 470s ] thds: 32 tps: 1415.87 qps: 22654.76 (r/w/o: 19823.02/0.00/2831.75) lat (ms,95%): 31.94 err/s: 0.00 reconn/s: 0.00
[ 480s ] thds: 32 tps: 1419.11 qps: 22699.03 (r/w/o: 19860.81/0.00/2838.22) lat (ms,95%): 30.81 err/s: 0.00 reconn/s: 0.00
[ 490s ] thds: 32 tps: 1416.80 qps: 22668.89 (r/w/o: 19835.29/0.00/2833.60) lat (ms,95%): 31.94 err/s: 0.00 reconn/s: 0.00
[ 500s ] thds: 32 tps: 1416.90 qps: 22667.62 (r/w/o: 19833.91/0.00/2833.70) lat (ms,95%): 31.37 err/s: 0.00 reconn/s: 0.00
[ 510s ] thds: 32 tps: 1416.50 qps: 22671.76 (r/w/o: 19838.67/0.00/2833.10) lat (ms,95%): 31.94 err/s: 0.00 reconn/s: 0.00
[ 520s ] thds: 32 tps: 1413.88 qps: 22611.33 (r/w/o: 19783.56/0.00/2827.77) lat (ms,95%): 32.53 err/s: 0.00 reconn/s: 0.00
[ 530s ] thds: 32 tps: 1421.22 qps: 22745.69 (r/w/o: 19903.25/0.00/2842.44) lat (ms,95%): 31.37 err/s: 0.00 reconn/s: 0.00
[ 540s ] thds: 32 tps: 1411.90 qps: 22591.62 (r/w/o: 19767.82/0.00/2823.80) lat (ms,95%): 32.53 err/s: 0.00 reconn/s: 0.00
[ 550s ] thds: 32 tps: 1421.99 qps: 22753.14 (r/w/o: 19909.36/0.00/2843.78) lat (ms,95%): 31.37 err/s: 0.00 reconn/s: 0.00
[ 560s ] thds: 32 tps: 1424.52 qps: 22788.41 (r/w/o: 19939.27/0.00/2849.14) lat (ms,95%): 30.81 err/s: 0.00 reconn/s: 0.00
[ 570s ] thds: 32 tps: 1421.99 qps: 22749.59 (r/w/o: 19906.31/0.00/2843.27) lat (ms,95%): 31.37 err/s: 0.00 reconn/s: 0.00
[ 580s ] thds: 32 tps: 1408.60 qps: 22542.86 (r/w/o: 19724.85/0.00/2818.01) lat (ms,95%): 33.72 err/s: 0.00 reconn/s: 0.00
[ 590s ] thds: 32 tps: 1412.30 qps: 22592.38 (r/w/o: 19767.78/0.00/2824.60) lat (ms,95%): 31.37 err/s: 0.00 reconn/s: 0.00
[ 600s ] thds: 32 tps: 1407.70 qps: 22539.54 (r/w/o: 19724.15/0.00/2815.39) lat (ms,95%): 32.53 err/s: 0.00 reconn/s: 0.00
SQL statistics:
    queries performed:
        read:                            11724874
        write:                           0
        other:                           1674982
        total:                           13399856
    transactions:                        837491 (1395.52 per sec.)
    queries:                             13399856 (22328.30 per sec.)
    ignored errors:                      0      (0.00 per sec.)
    reconnects:                          0      (0.00 per sec.)

General statistics:
    total time:                          600.1256s
    total number of events:              837491

Latency (ms):
         min:                                    8.96
         avg:                                   22.92
         max:                                  214.53
         95th percentile:                       33.12
         sum:                             19198311.35

Threads fairness:
    events (avg/stddev):           26171.5938/22.35
    execution time (avg/stddev):   599.9472/0.02

