sysbench 1.0.20 (using bundled LuaJIT 2.1.0-beta2)

Running the test with following options:
Number of threads: 48
Report intermediate results every 10 second(s)
Initializing random number generator from current time


Initializing worker threads...

Threads started!

[ 10s ] thds: 48 tps: 943.25 qps: 18918.47 (r/w/o: 13250.35/3731.43/1936.70) lat (ms,95%): 73.13 err/s: 0.00 reconn/s: 0.00
[ 20s ] thds: 48 tps: 1001.36 qps: 20026.39 (r/w/o: 14018.73/3955.33/2052.32) lat (ms,95%): 64.47 err/s: 0.00 reconn/s: 0.00
[ 30s ] thds: 48 tps: 998.20 qps: 19964.31 (r/w/o: 13977.61/3937.20/2049.50) lat (ms,95%): 65.65 err/s: 0.00 reconn/s: 0.00
[ 40s ] thds: 48 tps: 1004.30 qps: 20081.05 (r/w/o: 14054.73/3963.81/2062.50) lat (ms,95%): 66.84 err/s: 0.00 reconn/s: 0.00
[ 50s ] thds: 48 tps: 1001.30 qps: 20025.14 (r/w/o: 14016.45/3951.29/2057.39) lat (ms,95%): 63.32 err/s: 0.00 reconn/s: 0.00
[ 60s ] thds: 48 tps: 1000.61 qps: 19999.15 (r/w/o: 13995.90/3950.43/2052.81) lat (ms,95%): 64.47 err/s: 0.00 reconn/s: 0.00
[ 70s ] thds: 48 tps: 992.89 qps: 19869.05 (r/w/o: 13910.70/3921.77/2036.58) lat (ms,95%): 66.84 err/s: 0.00 reconn/s: 0.00
[ 80s ] thds: 48 tps: 1006.50 qps: 20134.55 (r/w/o: 14095.24/3975.51/2063.81) lat (ms,95%): 61.08 err/s: 0.00 reconn/s: 0.00
[ 90s ] thds: 48 tps: 994.90 qps: 19888.76 (r/w/o: 13921.67/3927.19/2039.90) lat (ms,95%): 66.84 err/s: 0.00 reconn/s: 0.00
[ 100s ] thds: 48 tps: 1002.80 qps: 20075.25 (r/w/o: 14054.26/3964.99/2055.99) lat (ms,95%): 62.19 err/s: 0.00 reconn/s: 0.00
[ 110s ] thds: 48 tps: 907.70 qps: 18147.14 (r/w/o: 12703.63/3581.41/1862.10) lat (ms,95%): 75.82 err/s: 0.00 reconn/s: 0.00
[ 120s ] thds: 48 tps: 977.70 qps: 19556.03 (r/w/o: 13689.62/3861.71/2004.70) lat (ms,95%): 65.65 err/s: 0.00 reconn/s: 0.00
[ 130s ] thds: 48 tps: 991.00 qps: 19821.99 (r/w/o: 13873.79/3920.80/2027.40) lat (ms,95%): 64.47 err/s: 0.00 reconn/s: 0.00
[ 140s ] thds: 48 tps: 993.70 qps: 19896.69 (r/w/o: 13928.29/3932.80/2035.60) lat (ms,95%): 65.65 err/s: 0.00 reconn/s: 0.00
[ 150s ] thds: 48 tps: 998.00 qps: 19925.04 (r/w/o: 13947.03/3933.31/2044.70) lat (ms,95%): 64.47 err/s: 0.00 reconn/s: 0.00
[ 160s ] thds: 48 tps: 930.80 qps: 18631.86 (r/w/o: 13041.97/3683.09/1906.80) lat (ms,95%): 73.13 err/s: 0.00 reconn/s: 0.00
[ 170s ] thds: 48 tps: 955.20 qps: 19100.33 (r/w/o: 13372.22/3770.71/1957.40) lat (ms,95%): 66.84 err/s: 0.00 reconn/s: 0.00
[ 180s ] thds: 48 tps: 986.30 qps: 19731.35 (r/w/o: 13811.76/3898.09/2021.49) lat (ms,95%): 65.65 err/s: 0.00 reconn/s: 0.00
[ 190s ] thds: 48 tps: 925.60 qps: 18504.34 (r/w/o: 12950.26/3661.99/1892.09) lat (ms,95%): 71.83 err/s: 0.00 reconn/s: 0.00
[ 200s ] thds: 48 tps: 973.40 qps: 19456.49 (r/w/o: 13619.56/3838.32/1998.61) lat (ms,95%): 66.84 err/s: 0.00 reconn/s: 0.00
[ 210s ] thds: 48 tps: 886.40 qps: 17741.41 (r/w/o: 12422.61/3497.40/1821.40) lat (ms,95%): 80.03 err/s: 0.00 reconn/s: 0.00
[ 220s ] thds: 48 tps: 881.40 qps: 17623.48 (r/w/o: 12333.49/3483.30/1806.70) lat (ms,95%): 80.03 err/s: 0.00 reconn/s: 0.00
[ 230s ] thds: 48 tps: 908.80 qps: 18175.30 (r/w/o: 12722.50/3591.30/1861.50) lat (ms,95%): 74.46 err/s: 0.00 reconn/s: 0.00
[ 240s ] thds: 48 tps: 923.60 qps: 18456.81 (r/w/o: 12918.91/3651.60/1886.30) lat (ms,95%): 74.46 err/s: 0.00 reconn/s: 0.00
[ 250s ] thds: 48 tps: 965.70 qps: 19316.69 (r/w/o: 13521.19/3818.50/1977.00) lat (ms,95%): 69.29 err/s: 0.00 reconn/s: 0.00
[ 260s ] thds: 48 tps: 997.10 qps: 19952.70 (r/w/o: 13969.50/3941.40/2041.80) lat (ms,95%): 66.84 err/s: 0.00 reconn/s: 0.00
[ 270s ] thds: 48 tps: 1006.20 qps: 20122.52 (r/w/o: 14085.21/3973.80/2063.50) lat (ms,95%): 63.32 err/s: 0.00 reconn/s: 0.00
[ 280s ] thds: 48 tps: 1002.80 qps: 20062.43 (r/w/o: 14041.45/3970.19/2050.79) lat (ms,95%): 64.47 err/s: 0.00 reconn/s: 0.00
[ 290s ] thds: 48 tps: 998.80 qps: 19968.85 (r/w/o: 13980.44/3947.61/2040.81) lat (ms,95%): 65.65 err/s: 0.00 reconn/s: 0.00
[ 300s ] thds: 48 tps: 991.30 qps: 19834.36 (r/w/o: 13884.37/3915.19/2034.80) lat (ms,95%): 64.47 err/s: 0.00 reconn/s: 0.00
[ 310s ] thds: 48 tps: 990.31 qps: 19796.92 (r/w/o: 13857.58/3909.32/2030.01) lat (ms,95%): 70.55 err/s: 0.00 reconn/s: 0.00
[ 320s ] thds: 48 tps: 916.50 qps: 18326.58 (r/w/o: 12824.58/3626.40/1875.60) lat (ms,95%): 70.55 err/s: 0.00 reconn/s: 0.00
[ 330s ] thds: 48 tps: 897.39 qps: 17974.35 (r/w/o: 12589.00/3549.27/1836.08) lat (ms,95%): 75.82 err/s: 0.00 reconn/s: 0.00
[ 340s ] thds: 48 tps: 933.81 qps: 18657.42 (r/w/o: 13058.98/3686.12/1912.31) lat (ms,95%): 71.83 err/s: 0.00 reconn/s: 0.00
[ 350s ] thds: 48 tps: 882.10 qps: 17643.30 (r/w/o: 12350.70/3485.80/1806.80) lat (ms,95%): 75.82 err/s: 0.00 reconn/s: 0.00
[ 360s ] thds: 48 tps: 872.10 qps: 17439.26 (r/w/o: 12206.27/3445.19/1787.80) lat (ms,95%): 81.48 err/s: 0.00 reconn/s: 0.00
[ 370s ] thds: 48 tps: 960.10 qps: 19203.81 (r/w/o: 13441.91/3792.30/1969.60) lat (ms,95%): 73.13 err/s: 0.00 reconn/s: 0.00
[ 380s ] thds: 48 tps: 1004.30 qps: 20081.34 (r/w/o: 14056.83/3967.11/2057.40) lat (ms,95%): 63.32 err/s: 0.00 reconn/s: 0.00
[ 390s ] thds: 48 tps: 995.00 qps: 19904.86 (r/w/o: 13935.07/3933.79/2036.00) lat (ms,95%): 68.05 err/s: 0.00 reconn/s: 0.00
[ 400s ] thds: 48 tps: 998.30 qps: 19961.12 (r/w/o: 13972.21/3946.50/2042.40) lat (ms,95%): 63.32 err/s: 0.00 reconn/s: 0.00
[ 410s ] thds: 48 tps: 1000.10 qps: 20004.20 (r/w/o: 14002.20/3956.40/2045.60) lat (ms,95%): 64.47 err/s: 0.00 reconn/s: 0.00
[ 420s ] thds: 48 tps: 989.40 qps: 19792.39 (r/w/o: 13855.09/3910.30/2027.00) lat (ms,95%): 68.05 err/s: 0.00 reconn/s: 0.00
[ 430s ] thds: 48 tps: 1001.30 qps: 20036.61 (r/w/o: 14026.91/3960.90/2048.80) lat (ms,95%): 63.32 err/s: 0.00 reconn/s: 0.00
[ 440s ] thds: 48 tps: 992.50 qps: 19828.61 (r/w/o: 13875.74/3921.88/2030.99) lat (ms,95%): 70.55 err/s: 0.00 reconn/s: 0.00
[ 450s ] thds: 48 tps: 1002.41 qps: 20055.11 (r/w/o: 14042.48/3959.72/2052.91) lat (ms,95%): 61.08 err/s: 0.00 reconn/s: 0.00
[ 460s ] thds: 48 tps: 901.80 qps: 18051.94 (r/w/o: 12635.96/3572.39/1843.59) lat (ms,95%): 74.46 err/s: 0.00 reconn/s: 0.00
[ 470s ] thds: 48 tps: 918.60 qps: 18390.94 (r/w/o: 12870.83/3639.71/1880.40) lat (ms,95%): 78.60 err/s: 0.00 reconn/s: 0.00
[ 480s ] thds: 48 tps: 964.30 qps: 19242.92 (r/w/o: 13469.71/3804.30/1968.90) lat (ms,95%): 68.05 err/s: 0.00 reconn/s: 0.00
[ 490s ] thds: 48 tps: 1000.00 qps: 20008.99 (r/w/o: 14008.69/3954.60/2045.70) lat (ms,95%): 64.47 err/s: 0.00 reconn/s: 0.00
[ 500s ] thds: 48 tps: 989.39 qps: 19789.27 (r/w/o: 13851.11/3915.67/2022.49) lat (ms,95%): 65.65 err/s: 0.00 reconn/s: 0.00
[ 510s ] thds: 48 tps: 901.81 qps: 18022.34 (r/w/o: 12614.20/3560.13/1848.01) lat (ms,95%): 73.13 err/s: 0.00 reconn/s: 0.00
[ 520s ] thds: 48 tps: 902.40 qps: 18058.07 (r/w/o: 12641.78/3569.99/1846.30) lat (ms,95%): 73.13 err/s: 0.00 reconn/s: 0.00
[ 530s ] thds: 48 tps: 893.00 qps: 17861.83 (r/w/o: 12504.35/3532.99/1824.49) lat (ms,95%): 77.19 err/s: 0.00 reconn/s: 0.00
[ 540s ] thds: 48 tps: 878.00 qps: 17561.31 (r/w/o: 12292.41/3476.10/1792.80) lat (ms,95%): 80.03 err/s: 0.00 reconn/s: 0.00
[ 550s ] thds: 48 tps: 884.30 qps: 17683.50 (r/w/o: 12378.77/3495.02/1809.71) lat (ms,95%): 80.03 err/s: 0.00 reconn/s: 0.00
[ 560s ] thds: 48 tps: 887.30 qps: 17742.93 (r/w/o: 12419.05/3509.19/1814.69) lat (ms,95%): 82.96 err/s: 0.00 reconn/s: 0.00
[ 570s ] thds: 48 tps: 881.40 qps: 17633.03 (r/w/o: 12344.12/3491.01/1797.90) lat (ms,95%): 81.48 err/s: 0.00 reconn/s: 0.00
[ 580s ] thds: 48 tps: 865.40 qps: 17336.70 (r/w/o: 12134.70/3432.80/1769.20) lat (ms,95%): 86.00 err/s: 0.00 reconn/s: 0.00
[ 590s ] thds: 48 tps: 834.40 qps: 16669.82 (r/w/o: 11674.81/3289.40/1705.60) lat (ms,95%): 94.10 err/s: 0.00 reconn/s: 0.00
[ 600s ] thds: 48 tps: 839.50 qps: 16789.68 (r/w/o: 11750.18/3324.00/1715.50) lat (ms,95%): 90.78 err/s: 0.00 reconn/s: 0.00
SQL statistics:
    queries performed:
        read:                            7998172
        write:                           2257856
        other:                           1169932
        total:                           11425960
    transactions:                        571298 (951.88 per sec.)
    queries:                             11425960 (19037.57 per sec.)
    ignored errors:                      0      (0.00 per sec.)
    reconnects:                          0      (0.00 per sec.)

General statistics:
    total time:                          600.1759s
    total number of events:              571298

Latency (ms):
         min:                                   15.46
         avg:                                   50.41
         max:                                  198.98
         95th percentile:                       73.13
         sum:                             28801191.66

Threads fairness:
    events (avg/stddev):           11902.0417/14.85
    execution time (avg/stddev):   600.0248/0.03

