sysbench 1.0.20 (using bundled LuaJIT 2.1.0-beta2)

Running the test with following options:
Number of threads: 48
Report intermediate results every 10 second(s)
Initializing random number generator from current time


Initializing worker threads...

Threads started!

[ 10s ] thds: 48 tps: 1314.19 qps: 21066.10 (r/w/o: 18432.91/0.00/2633.19) lat (ms,95%): 52.89 err/s: 0.00 reconn/s: 0.00
[ 20s ] thds: 48 tps: 1344.54 qps: 21514.89 (r/w/o: 18826.00/0.00/2688.89) lat (ms,95%): 51.94 err/s: 0.00 reconn/s: 0.00
[ 30s ] thds: 48 tps: 1334.64 qps: 21350.77 (r/w/o: 18681.40/0.00/2669.37) lat (ms,95%): 51.94 err/s: 0.00 reconn/s: 0.00
[ 40s ] thds: 48 tps: 1330.96 qps: 21296.89 (r/w/o: 18635.38/0.00/2661.51) lat (ms,95%): 52.89 err/s: 0.00 reconn/s: 0.00
[ 50s ] thds: 48 tps: 1376.51 qps: 22022.87 (r/w/o: 19269.65/0.00/2753.22) lat (ms,95%): 50.11 err/s: 0.00 reconn/s: 0.00
[ 60s ] thds: 48 tps: 1528.60 qps: 24457.20 (r/w/o: 21400.50/0.00/3056.70) lat (ms,95%): 44.98 err/s: 0.00 reconn/s: 0.00
[ 70s ] thds: 48 tps: 1546.36 qps: 24741.68 (r/w/o: 21648.16/0.00/3093.52) lat (ms,95%): 44.17 err/s: 0.00 reconn/s: 0.00
[ 80s ] thds: 48 tps: 1529.93 qps: 24479.64 (r/w/o: 21419.98/0.00/3059.67) lat (ms,95%): 44.17 err/s: 0.00 reconn/s: 0.00
[ 90s ] thds: 48 tps: 1533.50 qps: 24531.37 (r/w/o: 21464.17/0.00/3067.20) lat (ms,95%): 44.98 err/s: 0.00 reconn/s: 0.00
[ 100s ] thds: 48 tps: 1539.92 qps: 24644.62 (r/w/o: 21565.28/0.00/3079.34) lat (ms,95%): 44.17 err/s: 0.00 reconn/s: 0.00
[ 110s ] thds: 48 tps: 1544.87 qps: 24715.68 (r/w/o: 21625.53/0.00/3090.15) lat (ms,95%): 43.39 err/s: 0.00 reconn/s: 0.00
[ 120s ] thds: 48 tps: 1529.17 qps: 24471.77 (r/w/o: 21413.32/0.00/3058.45) lat (ms,95%): 44.17 err/s: 0.00 reconn/s: 0.00
[ 130s ] thds: 48 tps: 1551.04 qps: 24810.45 (r/w/o: 21708.46/0.00/3101.98) lat (ms,95%): 42.61 err/s: 0.00 reconn/s: 0.00
[ 140s ] thds: 48 tps: 1540.28 qps: 24648.10 (r/w/o: 21567.55/0.00/3080.55) lat (ms,95%): 44.17 err/s: 0.00 reconn/s: 0.00
[ 150s ] thds: 48 tps: 1540.62 qps: 24648.02 (r/w/o: 21566.78/0.00/3081.24) lat (ms,95%): 43.39 err/s: 0.00 reconn/s: 0.00
[ 160s ] thds: 48 tps: 1528.50 qps: 24463.25 (r/w/o: 21406.34/0.00/3056.91) lat (ms,95%): 44.98 err/s: 0.00 reconn/s: 0.00
[ 170s ] thds: 48 tps: 1540.20 qps: 24641.41 (r/w/o: 21560.91/0.00/3080.50) lat (ms,95%): 44.17 err/s: 0.00 reconn/s: 0.00
[ 180s ] thds: 48 tps: 1541.10 qps: 24652.02 (r/w/o: 21569.72/0.00/3082.30) lat (ms,95%): 44.17 err/s: 0.00 reconn/s: 0.00
[ 190s ] thds: 48 tps: 1530.60 qps: 24485.31 (r/w/o: 21424.21/0.00/3061.10) lat (ms,95%): 44.98 err/s: 0.00 reconn/s: 0.00
[ 200s ] thds: 48 tps: 1552.00 qps: 24834.49 (r/w/o: 21730.49/0.00/3104.00) lat (ms,95%): 42.61 err/s: 0.00 reconn/s: 0.00
[ 210s ] thds: 48 tps: 1536.80 qps: 24592.43 (r/w/o: 21518.74/0.00/3073.69) lat (ms,95%): 44.17 err/s: 0.00 reconn/s: 0.00
[ 220s ] thds: 48 tps: 1542.96 qps: 24687.49 (r/w/o: 21601.97/0.00/3085.52) lat (ms,95%): 44.17 err/s: 0.00 reconn/s: 0.00
[ 230s ] thds: 48 tps: 1547.74 qps: 24763.79 (r/w/o: 21668.10/0.00/3095.69) lat (ms,95%): 42.61 err/s: 0.00 reconn/s: 0.00
[ 240s ] thds: 48 tps: 1535.69 qps: 24574.71 (r/w/o: 21503.13/0.00/3071.58) lat (ms,95%): 44.17 err/s: 0.00 reconn/s: 0.00
[ 250s ] thds: 48 tps: 1544.71 qps: 24707.24 (r/w/o: 21617.82/0.00/3089.42) lat (ms,95%): 43.39 err/s: 0.00 reconn/s: 0.00
[ 260s ] thds: 48 tps: 1552.40 qps: 24838.80 (r/w/o: 21734.40/0.00/3104.40) lat (ms,95%): 42.61 err/s: 0.00 reconn/s: 0.00
[ 270s ] thds: 48 tps: 1542.88 qps: 24696.53 (r/w/o: 21610.37/0.00/3086.17) lat (ms,95%): 44.17 err/s: 0.00 reconn/s: 0.00
[ 280s ] thds: 48 tps: 1540.37 qps: 24640.57 (r/w/o: 21559.93/0.00/3080.63) lat (ms,95%): 44.98 err/s: 0.00 reconn/s: 0.00
[ 290s ] thds: 48 tps: 1551.87 qps: 24826.76 (r/w/o: 21723.32/0.00/3103.45) lat (ms,95%): 44.17 err/s: 0.00 reconn/s: 0.00
[ 300s ] thds: 48 tps: 1533.08 qps: 24536.02 (r/w/o: 21469.65/0.00/3066.36) lat (ms,95%): 44.17 err/s: 0.00 reconn/s: 0.00
[ 310s ] thds: 48 tps: 1551.85 qps: 24822.25 (r/w/o: 21718.56/0.00/3103.69) lat (ms,95%): 42.61 err/s: 0.00 reconn/s: 0.00
[ 320s ] thds: 48 tps: 1537.83 qps: 24613.01 (r/w/o: 21537.15/0.00/3075.86) lat (ms,95%): 44.17 err/s: 0.00 reconn/s: 0.00
[ 330s ] thds: 48 tps: 1547.31 qps: 24742.64 (r/w/o: 21648.31/0.00/3094.33) lat (ms,95%): 43.39 err/s: 0.00 reconn/s: 0.00
[ 340s ] thds: 48 tps: 1538.79 qps: 24633.87 (r/w/o: 21556.10/0.00/3077.77) lat (ms,95%): 44.17 err/s: 0.00 reconn/s: 0.00
[ 350s ] thds: 48 tps: 1554.01 qps: 24853.64 (r/w/o: 21745.91/0.00/3107.73) lat (ms,95%): 43.39 err/s: 0.00 reconn/s: 0.00
[ 360s ] thds: 48 tps: 1537.90 qps: 24616.31 (r/w/o: 21540.21/0.00/3076.10) lat (ms,95%): 44.98 err/s: 0.00 reconn/s: 0.00
[ 370s ] thds: 48 tps: 1532.68 qps: 24514.14 (r/w/o: 21448.67/0.00/3065.47) lat (ms,95%): 44.17 err/s: 0.00 reconn/s: 0.00
[ 380s ] thds: 48 tps: 1549.07 qps: 24786.98 (r/w/o: 21689.24/0.00/3097.75) lat (ms,95%): 42.61 err/s: 0.00 reconn/s: 0.00
[ 390s ] thds: 48 tps: 1531.54 qps: 24506.07 (r/w/o: 21442.89/0.00/3063.18) lat (ms,95%): 43.39 err/s: 0.00 reconn/s: 0.00
[ 400s ] thds: 48 tps: 1537.59 qps: 24605.21 (r/w/o: 21529.72/0.00/3075.49) lat (ms,95%): 44.17 err/s: 0.00 reconn/s: 0.00
[ 410s ] thds: 48 tps: 1550.01 qps: 24794.19 (r/w/o: 21694.18/0.00/3100.01) lat (ms,95%): 43.39 err/s: 0.00 reconn/s: 0.00
[ 420s ] thds: 48 tps: 1534.20 qps: 24550.03 (r/w/o: 21481.84/0.00/3068.19) lat (ms,95%): 44.98 err/s: 0.00 reconn/s: 0.00
[ 430s ] thds: 48 tps: 1547.50 qps: 24754.02 (r/w/o: 21659.12/0.00/3094.90) lat (ms,95%): 43.39 err/s: 0.00 reconn/s: 0.00
[ 440s ] thds: 48 tps: 1549.70 qps: 24801.02 (r/w/o: 21701.61/0.00/3099.40) lat (ms,95%): 42.61 err/s: 0.00 reconn/s: 0.00
[ 450s ] thds: 48 tps: 1533.36 qps: 24536.09 (r/w/o: 21469.27/0.00/3066.82) lat (ms,95%): 44.17 err/s: 0.00 reconn/s: 0.00
[ 460s ] thds: 48 tps: 1546.43 qps: 24741.16 (r/w/o: 21648.30/0.00/3092.86) lat (ms,95%): 44.17 err/s: 0.00 reconn/s: 0.00
[ 470s ] thds: 48 tps: 1537.82 qps: 24609.55 (r/w/o: 21533.72/0.00/3075.83) lat (ms,95%): 44.17 err/s: 0.00 reconn/s: 0.00
[ 480s ] thds: 48 tps: 1535.48 qps: 24554.74 (r/w/o: 21485.68/0.00/3069.05) lat (ms,95%): 44.98 err/s: 0.00 reconn/s: 0.00
[ 490s ] thds: 48 tps: 1549.71 qps: 24801.66 (r/w/o: 21700.34/0.00/3101.32) lat (ms,95%): 43.39 err/s: 0.00 reconn/s: 0.00
[ 500s ] thds: 48 tps: 1537.40 qps: 24595.15 (r/w/o: 21520.74/0.00/3074.41) lat (ms,95%): 44.17 err/s: 0.00 reconn/s: 0.00
[ 510s ] thds: 48 tps: 1551.50 qps: 24823.67 (r/w/o: 21720.27/0.00/3103.41) lat (ms,95%): 43.39 err/s: 0.00 reconn/s: 0.00
[ 520s ] thds: 48 tps: 1529.50 qps: 24479.81 (r/w/o: 21420.81/0.00/3059.00) lat (ms,95%): 44.98 err/s: 0.00 reconn/s: 0.00
[ 530s ] thds: 48 tps: 1539.05 qps: 24622.88 (r/w/o: 21544.78/0.00/3078.10) lat (ms,95%): 43.39 err/s: 0.00 reconn/s: 0.00
[ 540s ] thds: 48 tps: 1533.44 qps: 24534.02 (r/w/o: 21467.53/0.00/3066.49) lat (ms,95%): 44.17 err/s: 0.00 reconn/s: 0.00
[ 550s ] thds: 48 tps: 1545.21 qps: 24727.73 (r/w/o: 21636.92/0.00/3090.82) lat (ms,95%): 42.61 err/s: 0.00 reconn/s: 0.00
[ 560s ] thds: 48 tps: 1540.60 qps: 24636.93 (r/w/o: 21555.73/0.00/3081.20) lat (ms,95%): 44.17 err/s: 0.00 reconn/s: 0.00
[ 570s ] thds: 48 tps: 1535.79 qps: 24576.60 (r/w/o: 21505.32/0.00/3071.27) lat (ms,95%): 44.17 err/s: 0.00 reconn/s: 0.00
[ 580s ] thds: 48 tps: 1547.51 qps: 24765.29 (r/w/o: 21670.16/0.00/3095.12) lat (ms,95%): 43.39 err/s: 0.00 reconn/s: 0.00
[ 590s ] thds: 48 tps: 1542.97 qps: 24694.12 (r/w/o: 21607.98/0.00/3086.14) lat (ms,95%): 44.17 err/s: 0.00 reconn/s: 0.00
[ 600s ] thds: 48 tps: 1521.33 qps: 24334.87 (r/w/o: 21292.61/0.00/3042.26) lat (ms,95%): 45.79 err/s: 0.00 reconn/s: 0.00
SQL statistics:
    queries performed:
        read:                            12801348
        write:                           0
        other:                           1828764
        total:                           14630112
    transactions:                        914382 (1523.80 per sec.)
    queries:                             14630112 (24380.77 per sec.)
    ignored errors:                      0      (0.00 per sec.)
    reconnects:                          0      (0.00 per sec.)

General statistics:
    total time:                          600.0649s
    total number of events:              914382

Latency (ms):
         min:                                    9.39
         avg:                                   31.50
         max:                                  112.12
         95th percentile:                       44.98
         sum:                             28798878.93

Threads fairness:
    events (avg/stddev):           19049.6250/18.11
    execution time (avg/stddev):   599.9766/0.02

