sysbench 1.0.20 (using bundled LuaJIT 2.1.0-beta2)

Running the test with following options:
Number of threads: 48
Report intermediate results every 10 second(s)
Initializing random number generator from current time


Initializing worker threads...

Threads started!

[ 10s ] thds: 48 tps: 1504.25 qps: 24106.05 (r/w/o: 21093.35/0.00/3012.71) lat (ms,95%): 44.17 err/s: 0.00 reconn/s: 0.00
[ 20s ] thds: 48 tps: 1524.15 qps: 24389.54 (r/w/o: 21340.74/0.00/3048.81) lat (ms,95%): 44.17 err/s: 0.00 reconn/s: 0.00
[ 30s ] thds: 48 tps: 1525.88 qps: 24415.84 (r/w/o: 21363.97/0.00/3051.87) lat (ms,95%): 44.17 err/s: 0.00 reconn/s: 0.00
[ 40s ] thds: 48 tps: 1538.71 qps: 24617.04 (r/w/o: 21539.63/0.00/3077.42) lat (ms,95%): 42.61 err/s: 0.00 reconn/s: 0.00
[ 50s ] thds: 48 tps: 1525.99 qps: 24415.99 (r/w/o: 21364.12/0.00/3051.87) lat (ms,95%): 45.79 err/s: 0.00 reconn/s: 0.00
[ 60s ] thds: 48 tps: 1529.49 qps: 24469.85 (r/w/o: 21410.77/0.00/3059.08) lat (ms,95%): 44.17 err/s: 0.00 reconn/s: 0.00
[ 70s ] thds: 48 tps: 1541.53 qps: 24670.67 (r/w/o: 21587.81/0.00/3082.86) lat (ms,95%): 44.17 err/s: 0.00 reconn/s: 0.00
[ 80s ] thds: 48 tps: 1530.60 qps: 24481.37 (r/w/o: 21420.47/0.00/3060.90) lat (ms,95%): 44.98 err/s: 0.00 reconn/s: 0.00
[ 90s ] thds: 48 tps: 1531.30 qps: 24504.17 (r/w/o: 21441.07/0.00/3063.10) lat (ms,95%): 44.98 err/s: 0.00 reconn/s: 0.00
[ 100s ] thds: 48 tps: 1538.40 qps: 24614.81 (r/w/o: 21538.11/0.00/3076.70) lat (ms,95%): 42.61 err/s: 0.00 reconn/s: 0.00
[ 110s ] thds: 48 tps: 1527.80 qps: 24441.85 (r/w/o: 21386.35/0.00/3055.49) lat (ms,95%): 44.17 err/s: 0.00 reconn/s: 0.00
[ 120s ] thds: 48 tps: 1524.74 qps: 24397.26 (r/w/o: 21347.77/0.00/3049.48) lat (ms,95%): 44.17 err/s: 0.00 reconn/s: 0.00
[ 130s ] thds: 48 tps: 1538.19 qps: 24615.51 (r/w/o: 21538.93/0.00/3076.58) lat (ms,95%): 43.39 err/s: 0.00 reconn/s: 0.00
[ 140s ] thds: 48 tps: 1520.45 qps: 24325.26 (r/w/o: 21284.75/0.00/3040.51) lat (ms,95%): 44.98 err/s: 0.00 reconn/s: 0.00
[ 150s ] thds: 48 tps: 1541.17 qps: 24656.89 (r/w/o: 21574.74/0.00/3082.15) lat (ms,95%): 41.85 err/s: 0.00 reconn/s: 0.00
[ 160s ] thds: 48 tps: 1531.66 qps: 24508.18 (r/w/o: 21444.45/0.00/3063.72) lat (ms,95%): 44.17 err/s: 0.00 reconn/s: 0.00
[ 170s ] thds: 48 tps: 1539.59 qps: 24632.33 (r/w/o: 21553.35/0.00/3078.98) lat (ms,95%): 43.39 err/s: 0.00 reconn/s: 0.00
[ 180s ] thds: 48 tps: 1522.00 qps: 24347.28 (r/w/o: 21303.18/0.00/3044.10) lat (ms,95%): 44.17 err/s: 0.00 reconn/s: 0.00
[ 190s ] thds: 48 tps: 1524.90 qps: 24397.74 (r/w/o: 21347.65/0.00/3050.09) lat (ms,95%): 44.98 err/s: 0.00 reconn/s: 0.00
[ 200s ] thds: 48 tps: 1531.12 qps: 24494.76 (r/w/o: 21433.51/0.00/3061.24) lat (ms,95%): 44.17 err/s: 0.00 reconn/s: 0.00
[ 210s ] thds: 48 tps: 1532.87 qps: 24532.00 (r/w/o: 21465.45/0.00/3066.55) lat (ms,95%): 43.39 err/s: 0.00 reconn/s: 0.00
[ 220s ] thds: 48 tps: 1536.40 qps: 24585.88 (r/w/o: 21512.87/0.00/3073.01) lat (ms,95%): 44.17 err/s: 0.00 reconn/s: 0.00
[ 230s ] thds: 48 tps: 1536.48 qps: 24584.06 (r/w/o: 21511.29/0.00/3072.77) lat (ms,95%): 43.39 err/s: 0.00 reconn/s: 0.00
[ 240s ] thds: 48 tps: 1526.56 qps: 24421.65 (r/w/o: 21368.33/0.00/3053.32) lat (ms,95%): 44.17 err/s: 0.00 reconn/s: 0.00
[ 250s ] thds: 48 tps: 1530.56 qps: 24482.83 (r/w/o: 21422.22/0.00/3060.62) lat (ms,95%): 44.17 err/s: 0.00 reconn/s: 0.00
[ 260s ] thds: 48 tps: 1531.63 qps: 24511.96 (r/w/o: 21448.20/0.00/3063.76) lat (ms,95%): 44.17 err/s: 0.00 reconn/s: 0.00
[ 270s ] thds: 48 tps: 1523.91 qps: 24384.90 (r/w/o: 21337.79/0.00/3047.11) lat (ms,95%): 44.98 err/s: 0.00 reconn/s: 0.00
[ 280s ] thds: 48 tps: 1538.46 qps: 24611.79 (r/w/o: 21534.17/0.00/3077.62) lat (ms,95%): 43.39 err/s: 0.00 reconn/s: 0.00
[ 290s ] thds: 48 tps: 1529.30 qps: 24466.11 (r/w/o: 21407.61/0.00/3058.50) lat (ms,95%): 44.98 err/s: 0.00 reconn/s: 0.00
[ 300s ] thds: 48 tps: 1493.90 qps: 23906.14 (r/w/o: 20918.34/0.00/2987.81) lat (ms,95%): 45.79 err/s: 0.00 reconn/s: 0.00
[ 310s ] thds: 48 tps: 1539.83 qps: 24646.08 (r/w/o: 21566.32/0.00/3079.76) lat (ms,95%): 42.61 err/s: 0.00 reconn/s: 0.00
[ 320s ] thds: 48 tps: 1535.06 qps: 24552.23 (r/w/o: 21482.31/0.00/3069.92) lat (ms,95%): 44.17 err/s: 0.00 reconn/s: 0.00
[ 330s ] thds: 48 tps: 1529.99 qps: 24480.54 (r/w/o: 21420.46/0.00/3060.08) lat (ms,95%): 44.17 err/s: 0.00 reconn/s: 0.00
[ 340s ] thds: 48 tps: 1529.09 qps: 24465.38 (r/w/o: 21407.31/0.00/3058.07) lat (ms,95%): 44.17 err/s: 0.00 reconn/s: 0.00
[ 350s ] thds: 48 tps: 1534.03 qps: 24546.32 (r/w/o: 21478.05/0.00/3068.26) lat (ms,95%): 44.17 err/s: 0.00 reconn/s: 0.00
[ 360s ] thds: 48 tps: 1539.51 qps: 24619.54 (r/w/o: 21542.82/0.00/3076.72) lat (ms,95%): 42.61 err/s: 0.00 reconn/s: 0.00
[ 370s ] thds: 48 tps: 1523.93 qps: 24391.23 (r/w/o: 21342.28/0.00/3048.95) lat (ms,95%): 44.17 err/s: 0.00 reconn/s: 0.00
[ 380s ] thds: 48 tps: 1530.77 qps: 24496.96 (r/w/o: 21434.63/0.00/3062.33) lat (ms,95%): 44.17 err/s: 0.00 reconn/s: 0.00
[ 390s ] thds: 48 tps: 1532.81 qps: 24517.12 (r/w/o: 21451.09/0.00/3066.03) lat (ms,95%): 42.61 err/s: 0.00 reconn/s: 0.00
[ 400s ] thds: 48 tps: 1532.57 qps: 24528.81 (r/w/o: 21463.67/0.00/3065.14) lat (ms,95%): 44.17 err/s: 0.00 reconn/s: 0.00
[ 410s ] thds: 48 tps: 1530.81 qps: 24480.01 (r/w/o: 21419.09/0.00/3060.93) lat (ms,95%): 44.17 err/s: 0.00 reconn/s: 0.00
[ 420s ] thds: 48 tps: 1524.61 qps: 24406.79 (r/w/o: 21357.08/0.00/3049.71) lat (ms,95%): 44.98 err/s: 0.00 reconn/s: 0.00
[ 430s ] thds: 48 tps: 1533.12 qps: 24534.67 (r/w/o: 21468.33/0.00/3066.35) lat (ms,95%): 43.39 err/s: 0.00 reconn/s: 0.00
[ 440s ] thds: 48 tps: 1531.92 qps: 24503.91 (r/w/o: 21440.17/0.00/3063.74) lat (ms,95%): 44.17 err/s: 0.00 reconn/s: 0.00
[ 450s ] thds: 48 tps: 1528.16 qps: 24453.34 (r/w/o: 21396.92/0.00/3056.42) lat (ms,95%): 44.17 err/s: 0.00 reconn/s: 0.00
[ 460s ] thds: 48 tps: 1531.61 qps: 24502.15 (r/w/o: 21439.03/0.00/3063.12) lat (ms,95%): 43.39 err/s: 0.00 reconn/s: 0.00
[ 470s ] thds: 48 tps: 1528.92 qps: 24461.51 (r/w/o: 21403.87/0.00/3057.64) lat (ms,95%): 44.98 err/s: 0.00 reconn/s: 0.00
[ 480s ] thds: 48 tps: 1534.07 qps: 24552.37 (r/w/o: 21484.34/0.00/3068.03) lat (ms,95%): 43.39 err/s: 0.00 reconn/s: 0.00
[ 490s ] thds: 48 tps: 1536.30 qps: 24580.93 (r/w/o: 21507.84/0.00/3073.09) lat (ms,95%): 44.98 err/s: 0.00 reconn/s: 0.00
[ 500s ] thds: 48 tps: 1526.80 qps: 24423.19 (r/w/o: 21369.79/0.00/3053.40) lat (ms,95%): 44.17 err/s: 0.00 reconn/s: 0.00
[ 510s ] thds: 48 tps: 1532.14 qps: 24516.31 (r/w/o: 21451.83/0.00/3064.48) lat (ms,95%): 44.17 err/s: 0.00 reconn/s: 0.00
[ 520s ] thds: 48 tps: 1535.06 qps: 24562.39 (r/w/o: 21492.26/0.00/3070.12) lat (ms,95%): 44.17 err/s: 0.00 reconn/s: 0.00
[ 530s ] thds: 48 tps: 1533.60 qps: 24532.27 (r/w/o: 21465.28/0.00/3067.00) lat (ms,95%): 44.98 err/s: 0.00 reconn/s: 0.00
[ 540s ] thds: 48 tps: 1526.32 qps: 24427.04 (r/w/o: 21374.41/0.00/3052.63) lat (ms,95%): 44.17 err/s: 0.00 reconn/s: 0.00
[ 550s ] thds: 48 tps: 1538.60 qps: 24612.97 (r/w/o: 21535.57/0.00/3077.40) lat (ms,95%): 43.39 err/s: 0.00 reconn/s: 0.00
[ 560s ] thds: 48 tps: 1530.79 qps: 24487.90 (r/w/o: 21426.31/0.00/3061.59) lat (ms,95%): 44.17 err/s: 0.00 reconn/s: 0.00
[ 570s ] thds: 48 tps: 1526.40 qps: 24429.81 (r/w/o: 21377.01/0.00/3052.80) lat (ms,95%): 44.17 err/s: 0.00 reconn/s: 0.00
[ 580s ] thds: 48 tps: 1527.10 qps: 24436.41 (r/w/o: 21382.31/0.00/3054.10) lat (ms,95%): 44.98 err/s: 0.00 reconn/s: 0.00
[ 590s ] thds: 48 tps: 1540.24 qps: 24640.11 (r/w/o: 21559.94/0.00/3080.18) lat (ms,95%): 43.39 err/s: 0.00 reconn/s: 0.00
[ 600s ] thds: 48 tps: 1528.46 qps: 24456.85 (r/w/o: 21399.53/0.00/3057.32) lat (ms,95%): 44.17 err/s: 0.00 reconn/s: 0.00
SQL statistics:
    queries performed:
        read:                            12856158
        write:                           0
        other:                           1836594
        total:                           14692752
    transactions:                        918297 (1530.30 per sec.)
    queries:                             14692752 (24484.87 per sec.)
    ignored errors:                      0      (0.00 per sec.)
    reconnects:                          0      (0.00 per sec.)

General statistics:
    total time:                          600.0720s
    total number of events:              918297

Latency (ms):
         min:                                    8.62
         avg:                                   31.36
         max:                                  109.47
         95th percentile:                       44.17
         sum:                             28798950.82

Threads fairness:
    events (avg/stddev):           19131.1875/17.26
    execution time (avg/stddev):   599.9781/0.01

