sysbench 1.0.20 (using bundled LuaJIT 2.1.0-beta2)

Running the test with following options:
Number of threads: 48
Report intermediate results every 10 second(s)
Initializing random number generator from current time


Initializing worker threads...

Threads started!

[ 10s ] thds: 48 tps: 922.68 qps: 18502.01 (r/w/o: 12958.16/3649.81/1894.04) lat (ms,95%): 73.13 err/s: 0.00 reconn/s: 0.00
[ 20s ] thds: 48 tps: 942.62 qps: 18854.78 (r/w/o: 13198.14/3728.90/1927.75) lat (ms,95%): 81.48 err/s: 0.00 reconn/s: 0.00
[ 30s ] thds: 48 tps: 1003.91 qps: 20076.14 (r/w/o: 14054.60/3960.63/2060.91) lat (ms,95%): 63.32 err/s: 0.00 reconn/s: 0.00
[ 40s ] thds: 48 tps: 984.20 qps: 19697.15 (r/w/o: 13789.16/3891.79/2016.19) lat (ms,95%): 68.05 err/s: 0.00 reconn/s: 0.00
[ 50s ] thds: 48 tps: 999.50 qps: 19977.44 (r/w/o: 13984.63/3947.01/2045.80) lat (ms,95%): 61.08 err/s: 0.00 reconn/s: 0.00
[ 60s ] thds: 48 tps: 979.80 qps: 19602.05 (r/w/o: 13719.33/3877.11/2005.60) lat (ms,95%): 69.29 err/s: 0.00 reconn/s: 0.00
[ 70s ] thds: 48 tps: 992.70 qps: 19853.20 (r/w/o: 13899.70/3922.10/2031.40) lat (ms,95%): 64.47 err/s: 0.00 reconn/s: 0.00
[ 80s ] thds: 48 tps: 989.10 qps: 19779.57 (r/w/o: 13842.28/3910.49/2026.80) lat (ms,95%): 68.05 err/s: 0.00 reconn/s: 0.00
[ 90s ] thds: 48 tps: 998.30 qps: 19961.71 (r/w/o: 13974.30/3944.00/2043.40) lat (ms,95%): 62.19 err/s: 0.00 reconn/s: 0.00
[ 100s ] thds: 48 tps: 986.10 qps: 19723.76 (r/w/o: 13805.04/3901.21/2017.51) lat (ms,95%): 68.05 err/s: 0.00 reconn/s: 0.00
[ 110s ] thds: 48 tps: 989.20 qps: 19778.07 (r/w/o: 13845.88/3909.79/2022.40) lat (ms,95%): 66.84 err/s: 0.00 reconn/s: 0.00
[ 120s ] thds: 48 tps: 977.20 qps: 19545.87 (r/w/o: 13682.18/3861.89/2001.80) lat (ms,95%): 68.05 err/s: 0.00 reconn/s: 0.00
[ 130s ] thds: 48 tps: 992.00 qps: 19841.45 (r/w/o: 13890.03/3919.91/2031.51) lat (ms,95%): 63.32 err/s: 0.00 reconn/s: 0.00
[ 140s ] thds: 48 tps: 980.00 qps: 19601.13 (r/w/o: 13720.05/3877.59/2003.49) lat (ms,95%): 69.29 err/s: 0.00 reconn/s: 0.00
[ 150s ] thds: 48 tps: 999.80 qps: 19983.92 (r/w/o: 13985.81/3957.70/2040.40) lat (ms,95%): 63.32 err/s: 0.00 reconn/s: 0.00
[ 160s ] thds: 48 tps: 904.10 qps: 18095.46 (r/w/o: 12667.97/3576.99/1850.50) lat (ms,95%): 77.19 err/s: 0.00 reconn/s: 0.00
[ 170s ] thds: 48 tps: 966.00 qps: 19329.27 (r/w/o: 13533.98/3817.09/1978.20) lat (ms,95%): 71.83 err/s: 0.00 reconn/s: 0.00
[ 180s ] thds: 48 tps: 989.61 qps: 19788.52 (r/w/o: 13850.79/3913.02/2024.71) lat (ms,95%): 63.32 err/s: 0.00 reconn/s: 0.00
[ 190s ] thds: 48 tps: 985.50 qps: 19698.96 (r/w/o: 13787.87/3895.09/2016.00) lat (ms,95%): 66.84 err/s: 0.00 reconn/s: 0.00
[ 200s ] thds: 48 tps: 925.80 qps: 18530.63 (r/w/o: 12976.55/3664.39/1889.69) lat (ms,95%): 71.83 err/s: 0.00 reconn/s: 0.00
[ 210s ] thds: 48 tps: 952.30 qps: 19042.94 (r/w/o: 13326.33/3768.31/1948.30) lat (ms,95%): 71.83 err/s: 0.00 reconn/s: 0.00
[ 220s ] thds: 48 tps: 987.40 qps: 19742.89 (r/w/o: 13820.59/3901.40/2020.90) lat (ms,95%): 65.65 err/s: 0.00 reconn/s: 0.00
[ 230s ] thds: 48 tps: 989.80 qps: 19789.14 (r/w/o: 13848.56/3914.99/2025.59) lat (ms,95%): 65.65 err/s: 0.00 reconn/s: 0.00
[ 240s ] thds: 48 tps: 946.91 qps: 18948.43 (r/w/o: 13268.39/3746.73/1933.31) lat (ms,95%): 71.83 err/s: 0.00 reconn/s: 0.00
[ 250s ] thds: 48 tps: 973.70 qps: 19472.94 (r/w/o: 13630.65/3850.09/1992.19) lat (ms,95%): 68.05 err/s: 0.00 reconn/s: 0.00
[ 260s ] thds: 48 tps: 990.70 qps: 19809.06 (r/w/o: 13865.07/3916.89/2027.10) lat (ms,95%): 64.47 err/s: 0.00 reconn/s: 0.00
[ 270s ] thds: 48 tps: 985.00 qps: 19703.56 (r/w/o: 13792.04/3897.71/2013.81) lat (ms,95%): 65.65 err/s: 0.00 reconn/s: 0.00
[ 280s ] thds: 48 tps: 981.40 qps: 19627.17 (r/w/o: 13739.98/3879.09/2008.10) lat (ms,95%): 65.65 err/s: 0.00 reconn/s: 0.00
[ 290s ] thds: 48 tps: 960.00 qps: 19207.93 (r/w/o: 13445.82/3802.01/1960.10) lat (ms,95%): 68.05 err/s: 0.00 reconn/s: 0.00
[ 300s ] thds: 48 tps: 909.50 qps: 18176.12 (r/w/o: 12720.52/3598.50/1857.10) lat (ms,95%): 75.82 err/s: 0.00 reconn/s: 0.00
[ 310s ] thds: 48 tps: 977.60 qps: 19563.89 (r/w/o: 13696.60/3867.10/2000.20) lat (ms,95%): 66.84 err/s: 0.00 reconn/s: 0.00
[ 320s ] thds: 48 tps: 991.30 qps: 19813.06 (r/w/o: 13868.47/3914.09/2030.50) lat (ms,95%): 63.32 err/s: 0.00 reconn/s: 0.00
[ 330s ] thds: 48 tps: 981.40 qps: 19634.71 (r/w/o: 13746.01/3883.10/2005.60) lat (ms,95%): 68.05 err/s: 0.00 reconn/s: 0.00
[ 340s ] thds: 48 tps: 942.90 qps: 18861.59 (r/w/o: 13204.39/3731.90/1925.30) lat (ms,95%): 70.55 err/s: 0.00 reconn/s: 0.00
[ 350s ] thds: 48 tps: 926.10 qps: 18514.30 (r/w/o: 12956.30/3662.50/1895.50) lat (ms,95%): 75.82 err/s: 0.00 reconn/s: 0.00
[ 360s ] thds: 48 tps: 981.41 qps: 19628.66 (r/w/o: 13740.31/3884.23/2004.12) lat (ms,95%): 68.05 err/s: 0.00 reconn/s: 0.00
[ 370s ] thds: 48 tps: 980.49 qps: 19619.39 (r/w/o: 13736.85/3877.86/2004.68) lat (ms,95%): 66.84 err/s: 0.00 reconn/s: 0.00
[ 380s ] thds: 48 tps: 991.21 qps: 19825.31 (r/w/o: 13876.87/3923.02/2025.41) lat (ms,95%): 63.32 err/s: 0.00 reconn/s: 0.00
[ 390s ] thds: 48 tps: 982.20 qps: 19633.13 (r/w/o: 13740.92/3885.91/2006.30) lat (ms,95%): 68.05 err/s: 0.00 reconn/s: 0.00
[ 400s ] thds: 48 tps: 987.40 qps: 19754.33 (r/w/o: 13831.35/3906.89/2016.09) lat (ms,95%): 63.32 err/s: 0.00 reconn/s: 0.00
[ 410s ] thds: 48 tps: 985.90 qps: 19721.73 (r/w/o: 13804.22/3902.31/2015.20) lat (ms,95%): 66.84 err/s: 0.00 reconn/s: 0.00
[ 420s ] thds: 48 tps: 990.10 qps: 19791.58 (r/w/o: 13851.78/3918.80/2021.00) lat (ms,95%): 62.19 err/s: 0.00 reconn/s: 0.00
[ 430s ] thds: 48 tps: 974.20 qps: 19488.35 (r/w/o: 13643.43/3851.11/1993.81) lat (ms,95%): 69.29 err/s: 0.00 reconn/s: 0.00
[ 440s ] thds: 48 tps: 990.79 qps: 19810.52 (r/w/o: 13866.31/3921.15/2023.07) lat (ms,95%): 63.32 err/s: 0.00 reconn/s: 0.00
[ 450s ] thds: 48 tps: 984.11 qps: 19684.24 (r/w/o: 13779.07/3893.75/2011.42) lat (ms,95%): 66.84 err/s: 0.00 reconn/s: 0.00
[ 460s ] thds: 48 tps: 989.80 qps: 19798.30 (r/w/o: 13859.10/3918.50/2020.70) lat (ms,95%): 63.32 err/s: 0.00 reconn/s: 0.00
[ 470s ] thds: 48 tps: 981.20 qps: 19621.67 (r/w/o: 13735.38/3880.39/2005.90) lat (ms,95%): 69.29 err/s: 0.00 reconn/s: 0.00
[ 480s ] thds: 48 tps: 988.90 qps: 19785.25 (r/w/o: 13850.84/3913.31/2021.11) lat (ms,95%): 64.47 err/s: 0.00 reconn/s: 0.00
[ 490s ] thds: 48 tps: 975.20 qps: 19494.07 (r/w/o: 13643.98/3857.49/1992.60) lat (ms,95%): 66.84 err/s: 0.00 reconn/s: 0.00
[ 500s ] thds: 48 tps: 988.40 qps: 19771.57 (r/w/o: 13839.35/3913.41/2018.81) lat (ms,95%): 63.32 err/s: 0.00 reconn/s: 0.00
[ 510s ] thds: 48 tps: 979.30 qps: 19576.65 (r/w/o: 13703.87/3873.79/1999.00) lat (ms,95%): 66.84 err/s: 0.00 reconn/s: 0.00
[ 520s ] thds: 48 tps: 987.50 qps: 19759.13 (r/w/o: 13831.62/3913.51/2014.00) lat (ms,95%): 65.65 err/s: 0.00 reconn/s: 0.00
[ 530s ] thds: 48 tps: 977.60 qps: 19558.61 (r/w/o: 13692.54/3865.68/2000.39) lat (ms,95%): 70.55 err/s: 0.00 reconn/s: 0.00
[ 540s ] thds: 48 tps: 988.90 qps: 19750.83 (r/w/o: 13819.72/3911.81/2019.30) lat (ms,95%): 63.32 err/s: 0.00 reconn/s: 0.00
[ 550s ] thds: 48 tps: 976.60 qps: 19553.44 (r/w/o: 13693.13/3863.91/1996.40) lat (ms,95%): 68.05 err/s: 0.00 reconn/s: 0.00
[ 560s ] thds: 48 tps: 995.70 qps: 19915.72 (r/w/o: 13940.65/3942.28/2032.79) lat (ms,95%): 61.08 err/s: 0.00 reconn/s: 0.00
[ 570s ] thds: 48 tps: 980.40 qps: 19605.99 (r/w/o: 13723.06/3882.02/2000.91) lat (ms,95%): 68.05 err/s: 0.00 reconn/s: 0.00
[ 580s ] thds: 48 tps: 987.00 qps: 19738.45 (r/w/o: 13817.27/3901.19/2020.00) lat (ms,95%): 63.32 err/s: 0.00 reconn/s: 0.00
[ 590s ] thds: 48 tps: 978.90 qps: 19579.57 (r/w/o: 13707.48/3876.09/1996.00) lat (ms,95%): 71.83 err/s: 0.00 reconn/s: 0.00
[ 600s ] thds: 48 tps: 985.00 qps: 19700.36 (r/w/o: 13789.44/3901.31/2009.61) lat (ms,95%): 64.47 err/s: 0.00 reconn/s: 0.00
SQL statistics:
    queries performed:
        read:                            8206422
        write:                           2318582
        other:                           1198456
        total:                           11723460
    transactions:                        586173 (976.77 per sec.)
    queries:                             11723460 (19535.44 per sec.)
    ignored errors:                      0      (0.00 per sec.)
    reconnects:                          0      (0.00 per sec.)

General statistics:
    total time:                          600.1098s
    total number of events:              586173

Latency (ms):
         min:                                   15.33
         avg:                                   49.13
         max:                                  344.38
         95th percentile:                       68.05
         sum:                             28800389.97

Threads fairness:
    events (avg/stddev):           12211.9375/14.37
    execution time (avg/stddev):   600.0081/0.02

