sysbench 1.0.20 (using bundled LuaJIT 2.1.0-beta2)

Running the test with following options:
Number of threads: 48
Report intermediate results every 10 second(s)
Initializing random number generator from current time


Initializing worker threads...

Threads started!

[ 10s ] thds: 48 tps: 874.40 qps: 17531.02 (r/w/o: 12278.34/3445.20/1807.48) lat (ms,95%): 82.96 err/s: 0.00 reconn/s: 0.00
[ 20s ] thds: 48 tps: 993.33 qps: 19866.06 (r/w/o: 13904.79/3917.01/2044.26) lat (ms,95%): 64.47 err/s: 0.00 reconn/s: 0.00
[ 30s ] thds: 48 tps: 985.70 qps: 19721.12 (r/w/o: 13806.62/3885.10/2029.40) lat (ms,95%): 68.05 err/s: 0.00 reconn/s: 0.00
[ 40s ] thds: 48 tps: 994.00 qps: 19890.01 (r/w/o: 13923.51/3920.30/2046.20) lat (ms,95%): 64.47 err/s: 0.00 reconn/s: 0.00
[ 50s ] thds: 48 tps: 988.30 qps: 19756.76 (r/w/o: 13830.87/3894.29/2031.60) lat (ms,95%): 69.29 err/s: 0.00 reconn/s: 0.00
[ 60s ] thds: 48 tps: 1000.00 qps: 20001.59 (r/w/o: 14001.66/3949.62/2050.31) lat (ms,95%): 62.19 err/s: 0.00 reconn/s: 0.00
[ 70s ] thds: 48 tps: 980.30 qps: 19619.51 (r/w/o: 13732.20/3868.10/2019.20) lat (ms,95%): 68.05 err/s: 0.00 reconn/s: 0.00
[ 80s ] thds: 48 tps: 1003.60 qps: 20066.21 (r/w/o: 14045.63/3957.98/2062.59) lat (ms,95%): 62.19 err/s: 0.00 reconn/s: 0.00
[ 90s ] thds: 48 tps: 984.90 qps: 19687.56 (r/w/o: 13781.84/3877.21/2028.51) lat (ms,95%): 66.84 err/s: 0.00 reconn/s: 0.00
[ 100s ] thds: 48 tps: 988.80 qps: 19776.41 (r/w/o: 13843.71/3897.60/2035.10) lat (ms,95%): 64.47 err/s: 0.00 reconn/s: 0.00
[ 110s ] thds: 48 tps: 992.40 qps: 19855.73 (r/w/o: 13900.22/3910.61/2044.90) lat (ms,95%): 66.84 err/s: 0.00 reconn/s: 0.00
[ 120s ] thds: 48 tps: 999.40 qps: 19983.72 (r/w/o: 13987.44/3941.58/2054.69) lat (ms,95%): 63.32 err/s: 0.00 reconn/s: 0.00
[ 130s ] thds: 48 tps: 985.50 qps: 19712.61 (r/w/o: 13798.94/3883.98/2029.69) lat (ms,95%): 66.84 err/s: 0.00 reconn/s: 0.00
[ 140s ] thds: 48 tps: 997.60 qps: 19949.45 (r/w/o: 13962.84/3937.21/2049.41) lat (ms,95%): 65.65 err/s: 0.00 reconn/s: 0.00
[ 150s ] thds: 48 tps: 985.00 qps: 19690.28 (r/w/o: 13783.25/3883.81/2023.21) lat (ms,95%): 65.65 err/s: 0.00 reconn/s: 0.00
[ 160s ] thds: 48 tps: 966.20 qps: 19328.19 (r/w/o: 13528.39/3812.90/1986.90) lat (ms,95%): 71.83 err/s: 0.00 reconn/s: 0.00
[ 170s ] thds: 48 tps: 992.90 qps: 19862.83 (r/w/o: 13907.32/3915.41/2040.10) lat (ms,95%): 63.32 err/s: 0.00 reconn/s: 0.00
[ 180s ] thds: 48 tps: 990.30 qps: 19803.13 (r/w/o: 13860.82/3903.81/2038.50) lat (ms,95%): 66.84 err/s: 0.00 reconn/s: 0.00
[ 190s ] thds: 48 tps: 995.40 qps: 19906.73 (r/w/o: 13935.65/3927.39/2043.69) lat (ms,95%): 63.32 err/s: 0.00 reconn/s: 0.00
[ 200s ] thds: 48 tps: 984.90 qps: 19718.62 (r/w/o: 13803.32/3893.40/2021.90) lat (ms,95%): 70.55 err/s: 0.00 reconn/s: 0.00
[ 210s ] thds: 48 tps: 987.90 qps: 19746.06 (r/w/o: 13822.97/3891.89/2031.20) lat (ms,95%): 64.47 err/s: 0.00 reconn/s: 0.00
[ 220s ] thds: 48 tps: 992.80 qps: 19839.23 (r/w/o: 13883.85/3919.09/2036.29) lat (ms,95%): 63.32 err/s: 0.00 reconn/s: 0.00
[ 230s ] thds: 48 tps: 990.30 qps: 19817.98 (r/w/o: 13875.15/3906.62/2036.21) lat (ms,95%): 66.84 err/s: 0.00 reconn/s: 0.00
[ 240s ] thds: 48 tps: 990.40 qps: 19807.11 (r/w/o: 13863.30/3912.20/2031.60) lat (ms,95%): 66.84 err/s: 0.00 reconn/s: 0.00
[ 250s ] thds: 48 tps: 994.10 qps: 19888.34 (r/w/o: 13923.16/3923.89/2041.29) lat (ms,95%): 63.32 err/s: 0.00 reconn/s: 0.00
[ 260s ] thds: 48 tps: 989.70 qps: 19785.07 (r/w/o: 13849.35/3902.41/2033.31) lat (ms,95%): 68.05 err/s: 0.00 reconn/s: 0.00
[ 270s ] thds: 48 tps: 992.10 qps: 19844.64 (r/w/o: 13891.33/3916.81/2036.50) lat (ms,95%): 63.32 err/s: 0.00 reconn/s: 0.00
[ 280s ] thds: 48 tps: 972.20 qps: 19437.66 (r/w/o: 13606.57/3833.09/1998.00) lat (ms,95%): 65.65 err/s: 0.00 reconn/s: 0.00
[ 290s ] thds: 48 tps: 992.30 qps: 19845.22 (r/w/o: 13889.02/3923.30/2032.90) lat (ms,95%): 66.84 err/s: 0.00 reconn/s: 0.00
[ 300s ] thds: 48 tps: 991.50 qps: 19837.20 (r/w/o: 13887.40/3913.40/2036.40) lat (ms,95%): 63.32 err/s: 0.00 reconn/s: 0.00
[ 310s ] thds: 48 tps: 968.19 qps: 19361.81 (r/w/o: 13553.87/3819.96/1987.98) lat (ms,95%): 73.13 err/s: 0.00 reconn/s: 0.00
[ 320s ] thds: 48 tps: 1000.11 qps: 20000.39 (r/w/o: 13998.73/3946.64/2055.02) lat (ms,95%): 61.08 err/s: 0.00 reconn/s: 0.00
[ 330s ] thds: 48 tps: 979.40 qps: 19586.11 (r/w/o: 13711.11/3867.20/2007.80) lat (ms,95%): 70.55 err/s: 0.00 reconn/s: 0.00
[ 340s ] thds: 48 tps: 923.00 qps: 18462.70 (r/w/o: 12924.17/3645.32/1893.21) lat (ms,95%): 75.82 err/s: 0.00 reconn/s: 0.00
[ 350s ] thds: 48 tps: 941.59 qps: 18842.33 (r/w/o: 13190.98/3720.77/1930.58) lat (ms,95%): 69.29 err/s: 0.00 reconn/s: 0.00
[ 360s ] thds: 48 tps: 984.20 qps: 19665.53 (r/w/o: 13763.82/3882.51/2019.20) lat (ms,95%): 66.84 err/s: 0.00 reconn/s: 0.00
[ 370s ] thds: 48 tps: 988.50 qps: 19784.96 (r/w/o: 13851.67/3905.89/2027.40) lat (ms,95%): 64.47 err/s: 0.00 reconn/s: 0.00
[ 380s ] thds: 48 tps: 986.10 qps: 19723.77 (r/w/o: 13806.85/3892.01/2024.91) lat (ms,95%): 68.05 err/s: 0.00 reconn/s: 0.00
[ 390s ] thds: 48 tps: 988.49 qps: 19756.63 (r/w/o: 13826.68/3904.47/2025.48) lat (ms,95%): 68.05 err/s: 0.00 reconn/s: 0.00
[ 400s ] thds: 48 tps: 983.41 qps: 19674.25 (r/w/o: 13775.48/3878.35/2020.43) lat (ms,95%): 64.47 err/s: 0.00 reconn/s: 0.00
[ 410s ] thds: 48 tps: 903.19 qps: 18071.71 (r/w/o: 12650.77/3569.46/1851.48) lat (ms,95%): 69.29 err/s: 0.00 reconn/s: 0.00
[ 420s ] thds: 48 tps: 973.21 qps: 19461.35 (r/w/o: 13620.90/3845.83/1994.62) lat (ms,95%): 69.29 err/s: 0.00 reconn/s: 0.00
[ 430s ] thds: 48 tps: 989.00 qps: 19765.16 (r/w/o: 13834.17/3904.59/2026.40) lat (ms,95%): 65.65 err/s: 0.00 reconn/s: 0.00
[ 440s ] thds: 48 tps: 982.40 qps: 19655.20 (r/w/o: 13759.00/3880.10/2016.10) lat (ms,95%): 69.29 err/s: 0.00 reconn/s: 0.00
[ 450s ] thds: 48 tps: 984.20 qps: 19687.61 (r/w/o: 13782.41/3884.50/2020.70) lat (ms,95%): 64.47 err/s: 0.00 reconn/s: 0.00
[ 460s ] thds: 48 tps: 971.40 qps: 19426.05 (r/w/o: 13598.87/3835.29/1991.90) lat (ms,95%): 68.05 err/s: 0.00 reconn/s: 0.00
[ 470s ] thds: 48 tps: 988.10 qps: 19770.86 (r/w/o: 13840.67/3904.49/2025.70) lat (ms,95%): 65.65 err/s: 0.00 reconn/s: 0.00
[ 480s ] thds: 48 tps: 983.78 qps: 19667.84 (r/w/o: 13766.25/3885.83/2015.76) lat (ms,95%): 69.29 err/s: 0.00 reconn/s: 0.00
[ 490s ] thds: 48 tps: 988.93 qps: 19775.52 (r/w/o: 13843.37/3900.70/2031.45) lat (ms,95%): 62.19 err/s: 0.00 reconn/s: 0.00
[ 500s ] thds: 48 tps: 937.89 qps: 18772.21 (r/w/o: 13143.77/3702.96/1925.48) lat (ms,95%): 68.05 err/s: 0.00 reconn/s: 0.00
[ 510s ] thds: 48 tps: 930.10 qps: 18588.47 (r/w/o: 13007.55/3678.61/1902.31) lat (ms,95%): 71.83 err/s: 0.00 reconn/s: 0.00
[ 520s ] thds: 48 tps: 974.20 qps: 19501.06 (r/w/o: 13651.94/3855.81/1993.31) lat (ms,95%): 65.65 err/s: 0.00 reconn/s: 0.00
[ 530s ] thds: 48 tps: 992.30 qps: 19833.29 (r/w/o: 13883.39/3920.70/2029.20) lat (ms,95%): 63.32 err/s: 0.00 reconn/s: 0.00
[ 540s ] thds: 48 tps: 977.10 qps: 19540.09 (r/w/o: 13676.29/3862.10/2001.70) lat (ms,95%): 64.47 err/s: 0.00 reconn/s: 0.00
[ 550s ] thds: 48 tps: 978.00 qps: 19560.91 (r/w/o: 13695.31/3856.20/2009.40) lat (ms,95%): 69.29 err/s: 0.00 reconn/s: 0.00
[ 560s ] thds: 48 tps: 990.90 qps: 19819.06 (r/w/o: 13872.84/3920.51/2025.71) lat (ms,95%): 63.32 err/s: 0.00 reconn/s: 0.00
[ 570s ] thds: 48 tps: 898.70 qps: 17972.84 (r/w/o: 12579.65/3554.49/1838.69) lat (ms,95%): 74.46 err/s: 0.00 reconn/s: 0.00
[ 580s ] thds: 48 tps: 963.90 qps: 19277.70 (r/w/o: 13494.80/3807.00/1975.90) lat (ms,95%): 68.05 err/s: 0.00 reconn/s: 0.00
[ 590s ] thds: 48 tps: 978.50 qps: 19561.65 (r/w/o: 13691.93/3866.21/2003.51) lat (ms,95%): 68.05 err/s: 0.00 reconn/s: 0.00
[ 600s ] thds: 48 tps: 989.60 qps: 19793.08 (r/w/o: 13854.99/3908.40/2029.70) lat (ms,95%): 64.47 err/s: 0.00 reconn/s: 0.00
SQL statistics:
    queries performed:
        read:                            8217944
        write:                           2316901
        other:                           1205075
        total:                           11739920
    transactions:                        586996 (978.14 per sec.)
    queries:                             11739920 (19562.88 per sec.)
    ignored errors:                      0      (0.00 per sec.)
    reconnects:                          0      (0.00 per sec.)

General statistics:
    total time:                          600.1093s
    total number of events:              586996

Latency (ms):
         min:                                   18.02
         avg:                                   49.06
         max:                                  231.59
         95th percentile:                       66.84
         sum:                             28800506.45

Threads fairness:
    events (avg/stddev):           12229.0833/14.72
    execution time (avg/stddev):   600.0106/0.02

