sysbench 1.0.20 (using bundled LuaJIT 2.1.0-beta2)

Running the test with following options:
Number of threads: 48
Report intermediate results every 10 second(s)
Initializing random number generator from current time


Initializing worker threads...

Threads started!

[ 10s ] thds: 48 tps: 1493.90 qps: 23952.46 (r/w/o: 20959.87/0.00/2992.60) lat (ms,95%): 44.98 err/s: 0.00 reconn/s: 0.00
[ 20s ] thds: 48 tps: 1525.29 qps: 24391.51 (r/w/o: 21341.03/0.00/3050.48) lat (ms,95%): 44.17 err/s: 0.00 reconn/s: 0.00
[ 30s ] thds: 48 tps: 1522.72 qps: 24365.71 (r/w/o: 21320.17/0.00/3045.54) lat (ms,95%): 43.39 err/s: 0.00 reconn/s: 0.00
[ 40s ] thds: 48 tps: 1505.05 qps: 24083.03 (r/w/o: 21072.92/0.00/3010.10) lat (ms,95%): 44.98 err/s: 0.00 reconn/s: 0.00
[ 50s ] thds: 48 tps: 1530.96 qps: 24492.89 (r/w/o: 21430.97/0.00/3061.92) lat (ms,95%): 43.39 err/s: 0.00 reconn/s: 0.00
[ 60s ] thds: 48 tps: 1523.88 qps: 24379.92 (r/w/o: 21332.25/0.00/3047.66) lat (ms,95%): 44.98 err/s: 0.00 reconn/s: 0.00
[ 70s ] thds: 48 tps: 1517.50 qps: 24274.92 (r/w/o: 21240.82/0.00/3034.10) lat (ms,95%): 44.17 err/s: 0.00 reconn/s: 0.00
[ 80s ] thds: 48 tps: 1524.90 qps: 24405.78 (r/w/o: 21355.08/0.00/3050.70) lat (ms,95%): 43.39 err/s: 0.00 reconn/s: 0.00
[ 90s ] thds: 48 tps: 1524.71 qps: 24395.80 (r/w/o: 21346.49/0.00/3049.31) lat (ms,95%): 44.17 err/s: 0.00 reconn/s: 0.00
[ 100s ] thds: 48 tps: 1510.37 qps: 24164.40 (r/w/o: 21143.66/0.00/3020.74) lat (ms,95%): 45.79 err/s: 0.00 reconn/s: 0.00
[ 110s ] thds: 48 tps: 1532.54 qps: 24519.19 (r/w/o: 21454.30/0.00/3064.89) lat (ms,95%): 43.39 err/s: 0.00 reconn/s: 0.00
[ 120s ] thds: 48 tps: 1527.08 qps: 24435.75 (r/w/o: 21381.58/0.00/3054.17) lat (ms,95%): 43.39 err/s: 0.00 reconn/s: 0.00
[ 130s ] thds: 48 tps: 1519.60 qps: 24316.22 (r/w/o: 21276.72/0.00/3039.50) lat (ms,95%): 44.98 err/s: 0.00 reconn/s: 0.00
[ 140s ] thds: 48 tps: 1523.66 qps: 24372.54 (r/w/o: 21325.72/0.00/3046.82) lat (ms,95%): 44.17 err/s: 0.00 reconn/s: 0.00
[ 150s ] thds: 48 tps: 1500.94 qps: 24019.85 (r/w/o: 21017.87/0.00/3001.98) lat (ms,95%): 44.98 err/s: 0.00 reconn/s: 0.00
[ 160s ] thds: 48 tps: 1508.90 qps: 24144.78 (r/w/o: 21126.78/0.00/3018.00) lat (ms,95%): 44.98 err/s: 0.00 reconn/s: 0.00
[ 170s ] thds: 48 tps: 1518.09 qps: 24292.71 (r/w/o: 21256.22/0.00/3036.49) lat (ms,95%): 44.17 err/s: 0.00 reconn/s: 0.00
[ 180s ] thds: 48 tps: 1532.60 qps: 24516.77 (r/w/o: 21451.56/0.00/3065.21) lat (ms,95%): 43.39 err/s: 0.00 reconn/s: 0.00
[ 190s ] thds: 48 tps: 1516.70 qps: 24268.43 (r/w/o: 21235.14/0.00/3033.29) lat (ms,95%): 44.98 err/s: 0.00 reconn/s: 0.00
[ 200s ] thds: 48 tps: 1533.10 qps: 24531.58 (r/w/o: 21465.38/0.00/3066.20) lat (ms,95%): 43.39 err/s: 0.00 reconn/s: 0.00
[ 210s ] thds: 48 tps: 1523.41 qps: 24370.91 (r/w/o: 21324.10/0.00/3046.81) lat (ms,95%): 44.17 err/s: 0.00 reconn/s: 0.00
[ 220s ] thds: 48 tps: 1518.75 qps: 24296.74 (r/w/o: 21259.13/0.00/3037.60) lat (ms,95%): 44.98 err/s: 0.00 reconn/s: 0.00
[ 230s ] thds: 48 tps: 1522.97 qps: 24372.40 (r/w/o: 21326.45/0.00/3045.95) lat (ms,95%): 44.17 err/s: 0.00 reconn/s: 0.00
[ 240s ] thds: 48 tps: 1527.53 qps: 24444.62 (r/w/o: 21389.77/0.00/3054.85) lat (ms,95%): 44.17 err/s: 0.00 reconn/s: 0.00
[ 250s ] thds: 48 tps: 1511.24 qps: 24172.92 (r/w/o: 21150.43/0.00/3022.49) lat (ms,95%): 45.79 err/s: 0.00 reconn/s: 0.00
[ 260s ] thds: 48 tps: 1533.08 qps: 24531.95 (r/w/o: 21465.59/0.00/3066.36) lat (ms,95%): 43.39 err/s: 0.00 reconn/s: 0.00
[ 270s ] thds: 48 tps: 1518.63 qps: 24299.38 (r/w/o: 21262.12/0.00/3037.26) lat (ms,95%): 44.17 err/s: 0.00 reconn/s: 0.00
[ 280s ] thds: 48 tps: 1522.91 qps: 24368.36 (r/w/o: 21322.74/0.00/3045.62) lat (ms,95%): 44.17 err/s: 0.00 reconn/s: 0.00
[ 290s ] thds: 48 tps: 1521.42 qps: 24337.84 (r/w/o: 21294.89/0.00/3042.94) lat (ms,95%): 43.39 err/s: 0.00 reconn/s: 0.00
[ 300s ] thds: 48 tps: 1530.85 qps: 24493.57 (r/w/o: 21432.07/0.00/3061.50) lat (ms,95%): 42.61 err/s: 0.00 reconn/s: 0.00
[ 310s ] thds: 48 tps: 1517.87 qps: 24285.75 (r/w/o: 21249.90/0.00/3035.84) lat (ms,95%): 44.17 err/s: 0.00 reconn/s: 0.00
[ 320s ] thds: 48 tps: 1524.84 qps: 24392.02 (r/w/o: 21342.14/0.00/3049.88) lat (ms,95%): 44.17 err/s: 0.00 reconn/s: 0.00
[ 330s ] thds: 48 tps: 1518.02 qps: 24295.00 (r/w/o: 21259.05/0.00/3035.95) lat (ms,95%): 44.17 err/s: 0.00 reconn/s: 0.00
[ 340s ] thds: 48 tps: 1515.27 qps: 24244.87 (r/w/o: 21214.23/0.00/3030.65) lat (ms,95%): 44.17 err/s: 0.00 reconn/s: 0.00
[ 350s ] thds: 48 tps: 1531.77 qps: 24508.38 (r/w/o: 21445.43/0.00/3062.95) lat (ms,95%): 43.39 err/s: 0.00 reconn/s: 0.00
[ 360s ] thds: 48 tps: 1518.93 qps: 24297.37 (r/w/o: 21258.91/0.00/3038.46) lat (ms,95%): 44.98 err/s: 0.00 reconn/s: 0.00
[ 370s ] thds: 48 tps: 1519.50 qps: 24314.65 (r/w/o: 21275.76/0.00/3038.89) lat (ms,95%): 43.39 err/s: 0.00 reconn/s: 0.00
[ 380s ] thds: 48 tps: 1526.50 qps: 24424.03 (r/w/o: 21370.93/0.00/3053.10) lat (ms,95%): 43.39 err/s: 0.00 reconn/s: 0.00
[ 390s ] thds: 48 tps: 1514.30 qps: 24237.84 (r/w/o: 21209.24/0.00/3028.59) lat (ms,95%): 44.98 err/s: 0.00 reconn/s: 0.00
[ 400s ] thds: 48 tps: 1523.71 qps: 24366.00 (r/w/o: 21318.69/0.00/3047.31) lat (ms,95%): 43.39 err/s: 0.00 reconn/s: 0.00
[ 410s ] thds: 48 tps: 1525.96 qps: 24422.02 (r/w/o: 21370.59/0.00/3051.43) lat (ms,95%): 43.39 err/s: 0.00 reconn/s: 0.00
[ 420s ] thds: 48 tps: 1516.14 qps: 24255.07 (r/w/o: 21222.20/0.00/3032.87) lat (ms,95%): 44.98 err/s: 0.00 reconn/s: 0.00
[ 430s ] thds: 48 tps: 1524.20 qps: 24384.95 (r/w/o: 21336.75/0.00/3048.19) lat (ms,95%): 44.98 err/s: 0.00 reconn/s: 0.00
[ 440s ] thds: 48 tps: 1523.30 qps: 24375.31 (r/w/o: 21328.71/0.00/3046.60) lat (ms,95%): 43.39 err/s: 0.00 reconn/s: 0.00
[ 450s ] thds: 48 tps: 1514.80 qps: 24242.00 (r/w/o: 21212.60/0.00/3029.40) lat (ms,95%): 44.17 err/s: 0.00 reconn/s: 0.00
[ 460s ] thds: 48 tps: 1520.50 qps: 24323.92 (r/w/o: 21282.52/0.00/3041.40) lat (ms,95%): 43.39 err/s: 0.00 reconn/s: 0.00
[ 470s ] thds: 48 tps: 1523.60 qps: 24374.78 (r/w/o: 21327.58/0.00/3047.20) lat (ms,95%): 44.17 err/s: 0.00 reconn/s: 0.00
[ 480s ] thds: 48 tps: 1522.39 qps: 24361.26 (r/w/o: 21316.78/0.00/3044.48) lat (ms,95%): 44.17 err/s: 0.00 reconn/s: 0.00
[ 490s ] thds: 48 tps: 1528.51 qps: 24458.64 (r/w/o: 21401.52/0.00/3057.12) lat (ms,95%): 43.39 err/s: 0.00 reconn/s: 0.00
[ 500s ] thds: 48 tps: 1527.19 qps: 24426.88 (r/w/o: 21372.41/0.00/3054.47) lat (ms,95%): 44.17 err/s: 0.00 reconn/s: 0.00
[ 510s ] thds: 48 tps: 1521.89 qps: 24355.69 (r/w/o: 21311.82/0.00/3043.87) lat (ms,95%): 44.17 err/s: 0.00 reconn/s: 0.00
[ 520s ] thds: 48 tps: 1528.50 qps: 24454.70 (r/w/o: 21397.90/0.00/3056.80) lat (ms,95%): 42.61 err/s: 0.00 reconn/s: 0.00
[ 530s ] thds: 48 tps: 1524.63 qps: 24395.15 (r/w/o: 21346.49/0.00/3048.66) lat (ms,95%): 44.17 err/s: 0.00 reconn/s: 0.00
[ 540s ] thds: 48 tps: 1532.45 qps: 24517.45 (r/w/o: 21452.05/0.00/3065.39) lat (ms,95%): 42.61 err/s: 0.00 reconn/s: 0.00
[ 550s ] thds: 48 tps: 1512.05 qps: 24194.35 (r/w/o: 21170.14/0.00/3024.21) lat (ms,95%): 44.98 err/s: 0.00 reconn/s: 0.00
[ 560s ] thds: 48 tps: 1525.49 qps: 24412.00 (r/w/o: 21360.92/0.00/3051.07) lat (ms,95%): 44.17 err/s: 0.00 reconn/s: 0.00
[ 570s ] thds: 48 tps: 1528.50 qps: 24449.57 (r/w/o: 21392.57/0.00/3057.00) lat (ms,95%): 43.39 err/s: 0.00 reconn/s: 0.00
[ 580s ] thds: 48 tps: 1512.91 qps: 24205.02 (r/w/o: 21179.20/0.00/3025.81) lat (ms,95%): 44.98 err/s: 0.00 reconn/s: 0.00
[ 590s ] thds: 48 tps: 1526.72 qps: 24436.99 (r/w/o: 21383.55/0.00/3053.44) lat (ms,95%): 44.17 err/s: 0.00 reconn/s: 0.00
[ 600s ] thds: 48 tps: 1535.59 qps: 24563.80 (r/w/o: 21492.51/0.00/3071.29) lat (ms,95%): 42.61 err/s: 0.00 reconn/s: 0.00
SQL statistics:
    queries performed:
        read:                            12784016
        write:                           0
        other:                           1826288
        total:                           14610304
    transactions:                        913144 (1521.72 per sec.)
    queries:                             14610304 (24347.58 per sec.)
    ignored errors:                      0      (0.00 per sec.)
    reconnects:                          0      (0.00 per sec.)

General statistics:
    total time:                          600.0699s
    total number of events:              913144

Latency (ms):
         min:                                    9.53
         avg:                                   31.54
         max:                                  109.70
         95th percentile:                       44.17
         sum:                             28798888.17

Threads fairness:
    events (avg/stddev):           19023.8333/19.93
    execution time (avg/stddev):   599.9768/0.01

