sysbench 1.0.20 (using bundled LuaJIT 2.1.0-beta2)

Running the test with following options:
Number of threads: 48
Report intermediate results every 10 second(s)
Initializing random number generator from current time


Initializing worker threads...

Threads started!

[ 10s ] thds: 48 tps: 933.48 qps: 18713.94 (r/w/o: 13105.84/3679.54/1928.55) lat (ms,95%): 74.46 err/s: 0.00 reconn/s: 0.00
[ 20s ] thds: 48 tps: 979.13 qps: 19591.10 (r/w/o: 13715.32/3860.82/2014.96) lat (ms,95%): 68.05 err/s: 0.00 reconn/s: 0.00
[ 30s ] thds: 48 tps: 992.00 qps: 19844.30 (r/w/o: 13891.20/3914.50/2038.60) lat (ms,95%): 69.29 err/s: 0.00 reconn/s: 0.00
[ 40s ] thds: 48 tps: 998.50 qps: 19973.67 (r/w/o: 13983.88/3936.19/2053.60) lat (ms,95%): 64.47 err/s: 0.00 reconn/s: 0.00
[ 50s ] thds: 48 tps: 984.50 qps: 19676.80 (r/w/o: 13771.70/3878.70/2026.40) lat (ms,95%): 69.29 err/s: 0.00 reconn/s: 0.00
[ 60s ] thds: 48 tps: 999.19 qps: 19983.09 (r/w/o: 13986.72/3936.98/2059.39) lat (ms,95%): 63.32 err/s: 0.00 reconn/s: 0.00
[ 70s ] thds: 48 tps: 991.11 qps: 19835.64 (r/w/o: 13889.70/3906.83/2039.11) lat (ms,95%): 68.05 err/s: 0.00 reconn/s: 0.00
[ 80s ] thds: 48 tps: 985.70 qps: 19715.39 (r/w/o: 13798.60/3891.40/2025.40) lat (ms,95%): 66.84 err/s: 0.00 reconn/s: 0.00
[ 90s ] thds: 48 tps: 999.50 qps: 19986.63 (r/w/o: 13990.42/3939.51/2056.70) lat (ms,95%): 63.32 err/s: 0.00 reconn/s: 0.00
[ 100s ] thds: 48 tps: 988.80 qps: 19769.87 (r/w/o: 13837.38/3895.79/2036.70) lat (ms,95%): 65.65 err/s: 0.00 reconn/s: 0.00
[ 110s ] thds: 48 tps: 993.40 qps: 19864.74 (r/w/o: 13905.56/3914.59/2044.59) lat (ms,95%): 64.47 err/s: 0.00 reconn/s: 0.00
[ 120s ] thds: 48 tps: 983.80 qps: 19674.53 (r/w/o: 13771.52/3880.81/2022.20) lat (ms,95%): 68.05 err/s: 0.00 reconn/s: 0.00
[ 130s ] thds: 48 tps: 998.30 qps: 19968.66 (r/w/o: 13979.44/3935.11/2054.11) lat (ms,95%): 62.19 err/s: 0.00 reconn/s: 0.00
[ 140s ] thds: 48 tps: 972.90 qps: 19456.29 (r/w/o: 13617.89/3844.00/1994.40) lat (ms,95%): 69.29 err/s: 0.00 reconn/s: 0.00
[ 150s ] thds: 48 tps: 995.20 qps: 19908.62 (r/w/o: 13936.85/3926.88/2044.89) lat (ms,95%): 64.47 err/s: 0.00 reconn/s: 0.00
[ 160s ] thds: 48 tps: 996.30 qps: 19918.16 (r/w/o: 13940.14/3931.11/2046.91) lat (ms,95%): 65.65 err/s: 0.00 reconn/s: 0.00
[ 170s ] thds: 48 tps: 982.30 qps: 19656.54 (r/w/o: 13761.96/3874.79/2019.79) lat (ms,95%): 70.55 err/s: 0.00 reconn/s: 0.00
[ 180s ] thds: 48 tps: 994.80 qps: 19885.20 (r/w/o: 13918.00/3921.70/2045.50) lat (ms,95%): 64.47 err/s: 0.00 reconn/s: 0.00
[ 190s ] thds: 48 tps: 997.20 qps: 19958.86 (r/w/o: 13973.74/3937.31/2047.81) lat (ms,95%): 63.32 err/s: 0.00 reconn/s: 0.00
[ 200s ] thds: 48 tps: 972.51 qps: 19444.52 (r/w/o: 13610.08/3835.02/1999.41) lat (ms,95%): 71.83 err/s: 0.00 reconn/s: 0.00
[ 210s ] thds: 48 tps: 999.00 qps: 19970.91 (r/w/o: 13979.43/3937.58/2053.89) lat (ms,95%): 62.19 err/s: 0.00 reconn/s: 0.00
[ 220s ] thds: 48 tps: 989.80 qps: 19798.10 (r/w/o: 13858.90/3905.10/2034.10) lat (ms,95%): 64.47 err/s: 0.00 reconn/s: 0.00
[ 230s ] thds: 48 tps: 991.10 qps: 19823.65 (r/w/o: 13878.06/3908.59/2036.99) lat (ms,95%): 63.32 err/s: 0.00 reconn/s: 0.00
[ 240s ] thds: 48 tps: 989.80 qps: 19805.82 (r/w/o: 13863.72/3904.50/2037.60) lat (ms,95%): 64.47 err/s: 0.00 reconn/s: 0.00
[ 250s ] thds: 48 tps: 998.40 qps: 19967.04 (r/w/o: 13975.33/3944.21/2047.50) lat (ms,95%): 63.32 err/s: 0.00 reconn/s: 0.00
[ 260s ] thds: 48 tps: 977.30 qps: 19538.84 (r/w/o: 13678.36/3855.49/2004.99) lat (ms,95%): 66.84 err/s: 0.00 reconn/s: 0.00
[ 270s ] thds: 48 tps: 986.10 qps: 19713.98 (r/w/o: 13798.25/3887.21/2028.51) lat (ms,95%): 65.65 err/s: 0.00 reconn/s: 0.00
[ 280s ] thds: 48 tps: 996.40 qps: 19934.85 (r/w/o: 13955.77/3930.19/2048.90) lat (ms,95%): 64.47 err/s: 0.00 reconn/s: 0.00
[ 290s ] thds: 48 tps: 989.10 qps: 19780.19 (r/w/o: 13846.29/3902.20/2031.70) lat (ms,95%): 65.65 err/s: 0.00 reconn/s: 0.00
[ 300s ] thds: 48 tps: 980.89 qps: 19620.85 (r/w/o: 13731.19/3875.47/2014.18) lat (ms,95%): 68.05 err/s: 0.00 reconn/s: 0.00
[ 310s ] thds: 48 tps: 994.01 qps: 19885.03 (r/w/o: 13922.19/3921.73/2041.11) lat (ms,95%): 64.47 err/s: 0.00 reconn/s: 0.00
[ 320s ] thds: 48 tps: 967.50 qps: 19345.65 (r/w/o: 13544.04/3817.81/1983.81) lat (ms,95%): 66.84 err/s: 0.00 reconn/s: 0.00
[ 330s ] thds: 48 tps: 978.40 qps: 19555.90 (r/w/o: 13684.63/3858.68/2012.59) lat (ms,95%): 69.29 err/s: 0.00 reconn/s: 0.00
[ 340s ] thds: 48 tps: 993.30 qps: 19875.47 (r/w/o: 13914.85/3921.71/2038.91) lat (ms,95%): 65.65 err/s: 0.00 reconn/s: 0.00
[ 350s ] thds: 48 tps: 992.30 qps: 19847.15 (r/w/o: 13894.03/3916.91/2036.20) lat (ms,95%): 65.65 err/s: 0.00 reconn/s: 0.00
[ 360s ] thds: 48 tps: 982.90 qps: 19667.42 (r/w/o: 13767.24/3881.78/2018.39) lat (ms,95%): 65.65 err/s: 0.00 reconn/s: 0.00
[ 370s ] thds: 48 tps: 986.70 qps: 19721.50 (r/w/o: 13804.40/3892.10/2025.00) lat (ms,95%): 68.05 err/s: 0.00 reconn/s: 0.00
[ 380s ] thds: 48 tps: 970.20 qps: 19402.68 (r/w/o: 13581.26/3828.02/1993.41) lat (ms,95%): 68.05 err/s: 0.00 reconn/s: 0.00
[ 390s ] thds: 48 tps: 991.48 qps: 19837.82 (r/w/o: 13888.94/3913.63/2035.26) lat (ms,95%): 63.32 err/s: 0.00 reconn/s: 0.00
[ 400s ] thds: 48 tps: 983.19 qps: 19657.57 (r/w/o: 13757.61/3882.67/2017.29) lat (ms,95%): 68.05 err/s: 0.00 reconn/s: 0.00
[ 410s ] thds: 48 tps: 988.91 qps: 19786.23 (r/w/o: 13851.39/3905.72/2029.11) lat (ms,95%): 63.32 err/s: 0.00 reconn/s: 0.00
[ 420s ] thds: 48 tps: 991.20 qps: 19817.25 (r/w/o: 13872.27/3913.69/2031.30) lat (ms,95%): 64.47 err/s: 0.00 reconn/s: 0.00
[ 430s ] thds: 48 tps: 981.50 qps: 19643.30 (r/w/o: 13749.63/3878.88/2014.79) lat (ms,95%): 66.84 err/s: 0.00 reconn/s: 0.00
[ 440s ] thds: 48 tps: 967.60 qps: 19340.57 (r/w/o: 13536.85/3819.81/1983.91) lat (ms,95%): 66.84 err/s: 0.00 reconn/s: 0.00
[ 450s ] thds: 48 tps: 980.39 qps: 19608.49 (r/w/o: 13726.25/3871.76/2010.48) lat (ms,95%): 66.84 err/s: 0.00 reconn/s: 0.00
[ 460s ] thds: 48 tps: 987.30 qps: 19755.51 (r/w/o: 13829.41/3903.10/2023.00) lat (ms,95%): 64.47 err/s: 0.00 reconn/s: 0.00
[ 470s ] thds: 48 tps: 980.11 qps: 19584.94 (r/w/o: 13709.27/3863.45/2012.23) lat (ms,95%): 66.84 err/s: 0.00 reconn/s: 0.00
[ 480s ] thds: 48 tps: 973.11 qps: 19453.69 (r/w/o: 13615.53/3841.14/1997.02) lat (ms,95%): 69.29 err/s: 0.00 reconn/s: 0.00
[ 490s ] thds: 48 tps: 989.91 qps: 19816.84 (r/w/o: 13875.50/3906.13/2035.21) lat (ms,95%): 63.32 err/s: 0.00 reconn/s: 0.00
[ 500s ] thds: 48 tps: 966.20 qps: 19322.00 (r/w/o: 13525.60/3816.90/1979.50) lat (ms,95%): 69.29 err/s: 0.00 reconn/s: 0.00
[ 510s ] thds: 48 tps: 982.30 qps: 19653.39 (r/w/o: 13758.09/3882.40/2012.90) lat (ms,95%): 64.47 err/s: 0.00 reconn/s: 0.00
[ 520s ] thds: 48 tps: 980.41 qps: 19600.02 (r/w/o: 13719.19/3870.92/2009.91) lat (ms,95%): 69.29 err/s: 0.00 reconn/s: 0.00
[ 530s ] thds: 48 tps: 988.10 qps: 19751.97 (r/w/o: 13824.78/3903.49/2023.70) lat (ms,95%): 64.47 err/s: 0.00 reconn/s: 0.00
[ 540s ] thds: 48 tps: 990.70 qps: 19817.23 (r/w/o: 13872.25/3915.89/2029.09) lat (ms,95%): 63.32 err/s: 0.00 reconn/s: 0.00
[ 550s ] thds: 48 tps: 977.00 qps: 19548.44 (r/w/o: 13685.93/3854.61/2007.90) lat (ms,95%): 69.29 err/s: 0.00 reconn/s: 0.00
[ 560s ] thds: 48 tps: 980.70 qps: 19615.51 (r/w/o: 13731.60/3873.90/2010.00) lat (ms,95%): 64.47 err/s: 0.00 reconn/s: 0.00
[ 570s ] thds: 48 tps: 976.80 qps: 19530.51 (r/w/o: 13668.81/3859.30/2002.40) lat (ms,95%): 66.84 err/s: 0.00 reconn/s: 0.00
[ 580s ] thds: 48 tps: 985.10 qps: 19702.89 (r/w/o: 13792.10/3893.80/2017.00) lat (ms,95%): 65.65 err/s: 0.00 reconn/s: 0.00
[ 590s ] thds: 48 tps: 971.99 qps: 19446.10 (r/w/o: 13614.76/3840.76/1990.58) lat (ms,95%): 69.29 err/s: 0.00 reconn/s: 0.00
[ 600s ] thds: 48 tps: 979.60 qps: 19592.18 (r/w/o: 13713.35/3874.92/2003.91) lat (ms,95%): 65.65 err/s: 0.00 reconn/s: 0.00
SQL statistics:
    queries performed:
        read:                            8274056
        write:                           2332333
        other:                           1213691
        total:                           11820080
    transactions:                        591004 (984.82 per sec.)
    queries:                             11820080 (19696.49 per sec.)
    ignored errors:                      0      (0.00 per sec.)
    reconnects:                          0      (0.00 per sec.)

General statistics:
    total time:                          600.1082s
    total number of events:              591004

Latency (ms):
         min:                                   21.15
         avg:                                   48.73
         max:                                  331.47
         95th percentile:                       66.84
         sum:                             28800087.13

Threads fairness:
    events (avg/stddev):           12312.5833/12.32
    execution time (avg/stddev):   600.0018/0.02

