sysbench 1.0.20 (using bundled LuaJIT 2.1.0-beta2)

Running the test with following options:
Number of threads: 48
Report intermediate results every 10 second(s)
Initializing random number generator from current time


Initializing worker threads...

Threads started!

[ 10s ] thds: 48 tps: 1499.85 qps: 24034.82 (r/w/o: 21030.63/0.00/3004.19) lat (ms,95%): 44.98 err/s: 0.00 reconn/s: 0.00
[ 20s ] thds: 48 tps: 1493.75 qps: 23907.88 (r/w/o: 20920.08/0.00/2987.80) lat (ms,95%): 44.17 err/s: 0.00 reconn/s: 0.00
[ 30s ] thds: 48 tps: 1516.97 qps: 24260.31 (r/w/o: 21226.37/0.00/3033.94) lat (ms,95%): 44.17 err/s: 0.00 reconn/s: 0.00
[ 40s ] thds: 48 tps: 1525.83 qps: 24436.10 (r/w/o: 21384.55/0.00/3051.55) lat (ms,95%): 44.17 err/s: 0.00 reconn/s: 0.00
[ 50s ] thds: 48 tps: 1526.43 qps: 24407.88 (r/w/o: 21355.02/0.00/3052.86) lat (ms,95%): 43.39 err/s: 0.00 reconn/s: 0.00
[ 60s ] thds: 48 tps: 1519.88 qps: 24315.57 (r/w/o: 21275.91/0.00/3039.66) lat (ms,95%): 44.17 err/s: 0.00 reconn/s: 0.00
[ 70s ] thds: 48 tps: 1523.70 qps: 24377.88 (r/w/o: 21330.58/0.00/3047.30) lat (ms,95%): 44.98 err/s: 0.00 reconn/s: 0.00
[ 80s ] thds: 48 tps: 1524.99 qps: 24404.00 (r/w/o: 21353.83/0.00/3050.18) lat (ms,95%): 44.17 err/s: 0.00 reconn/s: 0.00
[ 90s ] thds: 48 tps: 1524.70 qps: 24396.19 (r/w/o: 21346.69/0.00/3049.50) lat (ms,95%): 44.98 err/s: 0.00 reconn/s: 0.00
[ 100s ] thds: 48 tps: 1523.92 qps: 24376.30 (r/w/o: 21328.86/0.00/3047.44) lat (ms,95%): 44.17 err/s: 0.00 reconn/s: 0.00
[ 110s ] thds: 48 tps: 1529.10 qps: 24464.56 (r/w/o: 21406.06/0.00/3058.49) lat (ms,95%): 43.39 err/s: 0.00 reconn/s: 0.00
[ 120s ] thds: 48 tps: 1527.14 qps: 24438.09 (r/w/o: 21384.01/0.00/3054.09) lat (ms,95%): 44.17 err/s: 0.00 reconn/s: 0.00
[ 130s ] thds: 48 tps: 1538.56 qps: 24619.28 (r/w/o: 21542.07/0.00/3077.21) lat (ms,95%): 42.61 err/s: 0.00 reconn/s: 0.00
[ 140s ] thds: 48 tps: 1516.10 qps: 24253.08 (r/w/o: 21220.67/0.00/3032.41) lat (ms,95%): 45.79 err/s: 0.00 reconn/s: 0.00
[ 150s ] thds: 48 tps: 1525.29 qps: 24403.11 (r/w/o: 21352.92/0.00/3050.19) lat (ms,95%): 43.39 err/s: 0.00 reconn/s: 0.00
[ 160s ] thds: 48 tps: 1524.12 qps: 24385.66 (r/w/o: 21337.33/0.00/3048.33) lat (ms,95%): 44.98 err/s: 0.00 reconn/s: 0.00
[ 170s ] thds: 48 tps: 1528.49 qps: 24458.74 (r/w/o: 21401.76/0.00/3056.98) lat (ms,95%): 42.61 err/s: 0.00 reconn/s: 0.00
[ 180s ] thds: 48 tps: 1521.80 qps: 24345.62 (r/w/o: 21301.73/0.00/3043.89) lat (ms,95%): 44.98 err/s: 0.00 reconn/s: 0.00
[ 190s ] thds: 48 tps: 1534.18 qps: 24549.51 (r/w/o: 21481.16/0.00/3068.35) lat (ms,95%): 42.61 err/s: 0.00 reconn/s: 0.00
[ 200s ] thds: 48 tps: 1517.12 qps: 24282.99 (r/w/o: 21248.74/0.00/3034.25) lat (ms,95%): 44.98 err/s: 0.00 reconn/s: 0.00
[ 210s ] thds: 48 tps: 1524.88 qps: 24396.65 (r/w/o: 21346.88/0.00/3049.77) lat (ms,95%): 44.17 err/s: 0.00 reconn/s: 0.00
[ 220s ] thds: 48 tps: 1527.92 qps: 24439.34 (r/w/o: 21383.71/0.00/3055.63) lat (ms,95%): 44.98 err/s: 0.00 reconn/s: 0.00
[ 230s ] thds: 48 tps: 1531.90 qps: 24509.76 (r/w/o: 21445.95/0.00/3063.81) lat (ms,95%): 44.17 err/s: 0.00 reconn/s: 0.00
[ 240s ] thds: 48 tps: 1520.31 qps: 24329.50 (r/w/o: 21288.69/0.00/3040.81) lat (ms,95%): 44.17 err/s: 0.00 reconn/s: 0.00
[ 250s ] thds: 48 tps: 1529.70 qps: 24471.21 (r/w/o: 21411.80/0.00/3059.40) lat (ms,95%): 43.39 err/s: 0.00 reconn/s: 0.00
[ 260s ] thds: 48 tps: 1515.00 qps: 24242.44 (r/w/o: 21212.45/0.00/3029.99) lat (ms,95%): 45.79 err/s: 0.00 reconn/s: 0.00
[ 270s ] thds: 48 tps: 1530.07 qps: 24479.94 (r/w/o: 21419.90/0.00/3060.04) lat (ms,95%): 42.61 err/s: 0.00 reconn/s: 0.00
[ 280s ] thds: 48 tps: 1524.03 qps: 24391.93 (r/w/o: 21344.28/0.00/3047.65) lat (ms,95%): 44.17 err/s: 0.00 reconn/s: 0.00
[ 290s ] thds: 48 tps: 1525.77 qps: 24408.36 (r/w/o: 21356.51/0.00/3051.84) lat (ms,95%): 44.17 err/s: 0.00 reconn/s: 0.00
[ 300s ] thds: 48 tps: 1531.32 qps: 24493.47 (r/w/o: 21430.84/0.00/3062.63) lat (ms,95%): 43.39 err/s: 0.00 reconn/s: 0.00
[ 310s ] thds: 48 tps: 1518.11 qps: 24293.52 (r/w/o: 21257.09/0.00/3036.43) lat (ms,95%): 44.98 err/s: 0.00 reconn/s: 0.00
[ 320s ] thds: 48 tps: 1499.60 qps: 23990.99 (r/w/o: 20992.10/0.00/2998.90) lat (ms,95%): 44.98 err/s: 0.00 reconn/s: 0.00
[ 330s ] thds: 48 tps: 1518.19 qps: 24292.01 (r/w/o: 21255.42/0.00/3036.59) lat (ms,95%): 44.98 err/s: 0.00 reconn/s: 0.00
[ 340s ] thds: 48 tps: 1529.00 qps: 24459.22 (r/w/o: 21401.33/0.00/3057.89) lat (ms,95%): 43.39 err/s: 0.00 reconn/s: 0.00
[ 350s ] thds: 48 tps: 1532.11 qps: 24525.18 (r/w/o: 21460.76/0.00/3064.42) lat (ms,95%): 43.39 err/s: 0.00 reconn/s: 0.00
[ 360s ] thds: 48 tps: 1516.82 qps: 24266.83 (r/w/o: 21233.19/0.00/3033.64) lat (ms,95%): 45.79 err/s: 0.00 reconn/s: 0.00
[ 370s ] thds: 48 tps: 1531.18 qps: 24492.14 (r/w/o: 21429.98/0.00/3062.16) lat (ms,95%): 44.17 err/s: 0.00 reconn/s: 0.00
[ 380s ] thds: 48 tps: 1516.85 qps: 24276.32 (r/w/o: 21243.02/0.00/3033.30) lat (ms,95%): 45.79 err/s: 0.00 reconn/s: 0.00
[ 390s ] thds: 48 tps: 1530.15 qps: 24476.27 (r/w/o: 21415.88/0.00/3060.40) lat (ms,95%): 43.39 err/s: 0.00 reconn/s: 0.00
[ 400s ] thds: 48 tps: 1521.00 qps: 24339.09 (r/w/o: 21296.89/0.00/3042.20) lat (ms,95%): 44.17 err/s: 0.00 reconn/s: 0.00
[ 410s ] thds: 48 tps: 1515.28 qps: 24241.58 (r/w/o: 21211.02/0.00/3030.56) lat (ms,95%): 44.98 err/s: 0.00 reconn/s: 0.00
[ 420s ] thds: 48 tps: 1521.01 qps: 24340.74 (r/w/o: 21298.62/0.00/3042.12) lat (ms,95%): 44.98 err/s: 0.00 reconn/s: 0.00
[ 430s ] thds: 48 tps: 1535.51 qps: 24561.29 (r/w/o: 21490.17/0.00/3071.12) lat (ms,95%): 42.61 err/s: 0.00 reconn/s: 0.00
[ 440s ] thds: 48 tps: 1512.16 qps: 24197.90 (r/w/o: 21173.79/0.00/3024.11) lat (ms,95%): 44.98 err/s: 0.00 reconn/s: 0.00
[ 450s ] thds: 48 tps: 1531.34 qps: 24500.70 (r/w/o: 21438.02/0.00/3062.69) lat (ms,95%): 44.17 err/s: 0.00 reconn/s: 0.00
[ 460s ] thds: 48 tps: 1525.50 qps: 24411.62 (r/w/o: 21360.51/0.00/3051.10) lat (ms,95%): 44.98 err/s: 0.00 reconn/s: 0.00
[ 470s ] thds: 48 tps: 1519.60 qps: 24313.39 (r/w/o: 21274.09/0.00/3039.30) lat (ms,95%): 44.98 err/s: 0.00 reconn/s: 0.00
[ 480s ] thds: 48 tps: 1530.34 qps: 24482.42 (r/w/o: 21422.03/0.00/3060.39) lat (ms,95%): 43.39 err/s: 0.00 reconn/s: 0.00
[ 490s ] thds: 48 tps: 1515.94 qps: 24255.69 (r/w/o: 21223.70/0.00/3031.99) lat (ms,95%): 44.98 err/s: 0.00 reconn/s: 0.00
[ 500s ] thds: 48 tps: 1528.31 qps: 24455.40 (r/w/o: 21398.58/0.00/3056.83) lat (ms,95%): 43.39 err/s: 0.00 reconn/s: 0.00
[ 510s ] thds: 48 tps: 1526.67 qps: 24424.55 (r/w/o: 21371.42/0.00/3053.13) lat (ms,95%): 44.17 err/s: 0.00 reconn/s: 0.00
[ 520s ] thds: 48 tps: 1524.84 qps: 24397.50 (r/w/o: 21347.73/0.00/3049.78) lat (ms,95%): 44.17 err/s: 0.00 reconn/s: 0.00
[ 530s ] thds: 48 tps: 1527.00 qps: 24439.74 (r/w/o: 21385.55/0.00/3054.19) lat (ms,95%): 43.39 err/s: 0.00 reconn/s: 0.00
[ 540s ] thds: 48 tps: 1515.29 qps: 24236.12 (r/w/o: 21205.84/0.00/3030.28) lat (ms,95%): 45.79 err/s: 0.00 reconn/s: 0.00
[ 550s ] thds: 48 tps: 1528.28 qps: 24457.74 (r/w/o: 21400.87/0.00/3056.87) lat (ms,95%): 44.17 err/s: 0.00 reconn/s: 0.00
[ 560s ] thds: 48 tps: 1508.93 qps: 24138.70 (r/w/o: 21120.94/0.00/3017.76) lat (ms,95%): 44.17 err/s: 0.00 reconn/s: 0.00
[ 570s ] thds: 48 tps: 1517.49 qps: 24286.47 (r/w/o: 21251.48/0.00/3034.98) lat (ms,95%): 44.98 err/s: 0.00 reconn/s: 0.00
[ 580s ] thds: 48 tps: 1530.81 qps: 24484.28 (r/w/o: 21422.97/0.00/3061.31) lat (ms,95%): 44.17 err/s: 0.00 reconn/s: 0.00
[ 590s ] thds: 48 tps: 1515.70 qps: 24254.22 (r/w/o: 21222.52/0.00/3031.70) lat (ms,95%): 44.98 err/s: 0.00 reconn/s: 0.00
[ 600s ] thds: 48 tps: 1534.09 qps: 24547.09 (r/w/o: 21478.90/0.00/3068.19) lat (ms,95%): 43.39 err/s: 0.00 reconn/s: 0.00
SQL statistics:
    queries performed:
        read:                            12793900
        write:                           0
        other:                           1827700
        total:                           14621600
    transactions:                        913850 (1522.91 per sec.)
    queries:                             14621600 (24366.48 per sec.)
    ignored errors:                      0      (0.00 per sec.)
    reconnects:                          0      (0.00 per sec.)

General statistics:
    total time:                          600.0679s
    total number of events:              913850

Latency (ms):
         min:                                    9.09
         avg:                                   31.51
         max:                                  115.76
         95th percentile:                       44.17
         sum:                             28798893.24

Threads fairness:
    events (avg/stddev):           19038.5417/17.06
    execution time (avg/stddev):   599.9769/0.01

