sysbench 1.0.20 (using bundled LuaJIT 2.1.0-beta2)

Running the test with following options:
Number of threads: 48
Report intermediate results every 10 second(s)
Initializing random number generator from current time


Initializing worker threads...

Threads started!

[ 10s ] thds: 48 tps: 865.00 qps: 17351.49 (r/w/o: 12154.09/3418.61/1778.79) lat (ms,95%): 80.03 err/s: 0.00 reconn/s: 0.00
[ 20s ] thds: 48 tps: 904.83 qps: 18103.61 (r/w/o: 12673.23/3579.12/1851.26) lat (ms,95%): 75.82 err/s: 0.00 reconn/s: 0.00
[ 30s ] thds: 48 tps: 915.00 qps: 18292.08 (r/w/o: 12804.39/3609.70/1878.00) lat (ms,95%): 74.46 err/s: 0.00 reconn/s: 0.00
[ 40s ] thds: 48 tps: 904.09 qps: 18086.66 (r/w/o: 12658.80/3572.37/1855.49) lat (ms,95%): 75.82 err/s: 0.00 reconn/s: 0.00
[ 50s ] thds: 48 tps: 946.11 qps: 18924.82 (r/w/o: 13248.69/3735.62/1940.51) lat (ms,95%): 69.29 err/s: 0.00 reconn/s: 0.00
[ 60s ] thds: 48 tps: 989.10 qps: 19766.59 (r/w/o: 13834.69/3897.80/2034.10) lat (ms,95%): 65.65 err/s: 0.00 reconn/s: 0.00
[ 70s ] thds: 48 tps: 980.50 qps: 19611.96 (r/w/o: 13728.97/3874.29/2008.70) lat (ms,95%): 69.29 err/s: 0.00 reconn/s: 0.00
[ 80s ] thds: 48 tps: 987.90 qps: 19768.54 (r/w/o: 13839.33/3904.21/2025.00) lat (ms,95%): 65.65 err/s: 0.00 reconn/s: 0.00
[ 90s ] thds: 48 tps: 993.90 qps: 19879.12 (r/w/o: 13913.62/3924.80/2040.70) lat (ms,95%): 64.47 err/s: 0.00 reconn/s: 0.00
[ 100s ] thds: 48 tps: 983.60 qps: 19668.07 (r/w/o: 13769.48/3886.29/2012.30) lat (ms,95%): 69.29 err/s: 0.00 reconn/s: 0.00
[ 110s ] thds: 48 tps: 976.90 qps: 19543.94 (r/w/o: 13681.76/3858.89/2003.29) lat (ms,95%): 65.65 err/s: 0.00 reconn/s: 0.00
[ 120s ] thds: 48 tps: 988.50 qps: 19754.29 (r/w/o: 13825.16/3900.02/2029.11) lat (ms,95%): 68.05 err/s: 0.00 reconn/s: 0.00
[ 130s ] thds: 48 tps: 996.00 qps: 19918.59 (r/w/o: 13942.80/3931.00/2044.80) lat (ms,95%): 62.19 err/s: 0.00 reconn/s: 0.00
[ 140s ] thds: 48 tps: 978.50 qps: 19572.36 (r/w/o: 13700.87/3861.89/2009.60) lat (ms,95%): 71.83 err/s: 0.00 reconn/s: 0.00
[ 150s ] thds: 48 tps: 992.30 qps: 19869.52 (r/w/o: 13913.91/3920.10/2035.50) lat (ms,95%): 64.47 err/s: 0.00 reconn/s: 0.00
[ 160s ] thds: 48 tps: 995.20 qps: 19888.87 (r/w/o: 13919.18/3929.49/2040.20) lat (ms,95%): 63.32 err/s: 0.00 reconn/s: 0.00
[ 170s ] thds: 48 tps: 970.10 qps: 19405.14 (r/w/o: 13582.03/3837.71/1985.40) lat (ms,95%): 70.55 err/s: 0.00 reconn/s: 0.00
[ 180s ] thds: 48 tps: 996.20 qps: 19915.22 (r/w/o: 13940.41/3937.20/2037.60) lat (ms,95%): 64.47 err/s: 0.00 reconn/s: 0.00
[ 190s ] thds: 48 tps: 996.99 qps: 19950.34 (r/w/o: 13964.69/3943.57/2042.08) lat (ms,95%): 63.32 err/s: 0.00 reconn/s: 0.00
[ 200s ] thds: 48 tps: 983.20 qps: 19657.77 (r/w/o: 13762.55/3880.91/2014.31) lat (ms,95%): 68.05 err/s: 0.00 reconn/s: 0.00
[ 210s ] thds: 48 tps: 994.00 qps: 19888.14 (r/w/o: 13921.93/3930.01/2036.20) lat (ms,95%): 65.65 err/s: 0.00 reconn/s: 0.00
[ 220s ] thds: 48 tps: 981.50 qps: 19621.42 (r/w/o: 13733.22/3878.40/2009.80) lat (ms,95%): 70.55 err/s: 0.00 reconn/s: 0.00
[ 230s ] thds: 48 tps: 986.00 qps: 19730.45 (r/w/o: 13814.67/3894.89/2020.90) lat (ms,95%): 64.47 err/s: 0.00 reconn/s: 0.00
[ 240s ] thds: 48 tps: 992.50 qps: 19835.22 (r/w/o: 13881.71/3920.90/2032.60) lat (ms,95%): 64.47 err/s: 0.00 reconn/s: 0.00
[ 250s ] thds: 48 tps: 980.39 qps: 19605.12 (r/w/o: 13722.57/3873.56/2008.98) lat (ms,95%): 70.55 err/s: 0.00 reconn/s: 0.00
[ 260s ] thds: 48 tps: 987.41 qps: 19748.04 (r/w/o: 13823.37/3900.15/2024.52) lat (ms,95%): 64.47 err/s: 0.00 reconn/s: 0.00
[ 270s ] thds: 48 tps: 987.50 qps: 19762.28 (r/w/o: 13836.19/3903.00/2023.10) lat (ms,95%): 64.47 err/s: 0.00 reconn/s: 0.00
[ 280s ] thds: 48 tps: 985.80 qps: 19711.87 (r/w/o: 13798.58/3898.19/2015.10) lat (ms,95%): 68.05 err/s: 0.00 reconn/s: 0.00
[ 290s ] thds: 48 tps: 983.40 qps: 19663.80 (r/w/o: 13762.00/3887.40/2014.40) lat (ms,95%): 64.47 err/s: 0.00 reconn/s: 0.00
[ 300s ] thds: 48 tps: 983.10 qps: 19665.05 (r/w/o: 13766.03/3885.11/2013.90) lat (ms,95%): 69.29 err/s: 0.00 reconn/s: 0.00
[ 310s ] thds: 48 tps: 993.70 qps: 19874.98 (r/w/o: 13914.19/3924.50/2036.30) lat (ms,95%): 64.47 err/s: 0.00 reconn/s: 0.00
[ 320s ] thds: 48 tps: 986.40 qps: 19732.18 (r/w/o: 13809.79/3905.60/2016.80) lat (ms,95%): 65.65 err/s: 0.00 reconn/s: 0.00
[ 330s ] thds: 48 tps: 979.50 qps: 19596.79 (r/w/o: 13720.56/3867.12/2009.11) lat (ms,95%): 70.55 err/s: 0.00 reconn/s: 0.00
[ 340s ] thds: 48 tps: 993.69 qps: 19870.66 (r/w/o: 13909.10/3927.67/2033.89) lat (ms,95%): 63.32 err/s: 0.00 reconn/s: 0.00
[ 350s ] thds: 48 tps: 973.50 qps: 19464.62 (r/w/o: 13625.71/3844.90/1994.00) lat (ms,95%): 68.05 err/s: 0.00 reconn/s: 0.00
[ 360s ] thds: 48 tps: 982.10 qps: 19643.17 (r/w/o: 13752.18/3877.29/2013.70) lat (ms,95%): 68.05 err/s: 0.00 reconn/s: 0.00
[ 370s ] thds: 48 tps: 990.60 qps: 19818.16 (r/w/o: 13871.24/3923.71/2023.21) lat (ms,95%): 63.32 err/s: 0.00 reconn/s: 0.00
[ 380s ] thds: 48 tps: 975.70 qps: 19498.21 (r/w/o: 13644.81/3853.20/2000.20) lat (ms,95%): 69.29 err/s: 0.00 reconn/s: 0.00
[ 390s ] thds: 48 tps: 994.60 qps: 19897.57 (r/w/o: 13928.88/3934.09/2034.60) lat (ms,95%): 63.32 err/s: 0.00 reconn/s: 0.00
[ 400s ] thds: 48 tps: 979.90 qps: 19602.74 (r/w/o: 13726.06/3868.29/2008.39) lat (ms,95%): 66.84 err/s: 0.00 reconn/s: 0.00
[ 410s ] thds: 48 tps: 983.10 qps: 19667.39 (r/w/o: 13766.26/3886.42/2014.71) lat (ms,95%): 65.65 err/s: 0.00 reconn/s: 0.00
[ 420s ] thds: 48 tps: 987.60 qps: 19732.54 (r/w/o: 13810.76/3902.29/2019.49) lat (ms,95%): 65.65 err/s: 0.00 reconn/s: 0.00
[ 430s ] thds: 48 tps: 983.00 qps: 19655.45 (r/w/o: 13755.47/3888.49/2011.50) lat (ms,95%): 69.29 err/s: 0.00 reconn/s: 0.00
[ 440s ] thds: 48 tps: 986.40 qps: 19746.85 (r/w/o: 13827.44/3905.51/2013.91) lat (ms,95%): 64.47 err/s: 0.00 reconn/s: 0.00
[ 450s ] thds: 48 tps: 981.60 qps: 19629.91 (r/w/o: 13741.01/3882.90/2006.00) lat (ms,95%): 69.29 err/s: 0.00 reconn/s: 0.00
[ 460s ] thds: 48 tps: 989.40 qps: 19789.58 (r/w/o: 13850.59/3915.60/2023.40) lat (ms,95%): 64.47 err/s: 0.00 reconn/s: 0.00
[ 470s ] thds: 48 tps: 969.10 qps: 19401.82 (r/w/o: 13584.92/3839.30/1977.60) lat (ms,95%): 68.05 err/s: 0.00 reconn/s: 0.00
[ 480s ] thds: 48 tps: 986.80 qps: 19704.87 (r/w/o: 13789.88/3898.19/2016.80) lat (ms,95%): 65.65 err/s: 0.00 reconn/s: 0.00
[ 490s ] thds: 48 tps: 985.90 qps: 19731.65 (r/w/o: 13814.76/3896.39/2020.49) lat (ms,95%): 64.47 err/s: 0.00 reconn/s: 0.00
[ 500s ] thds: 48 tps: 972.50 qps: 19442.49 (r/w/o: 13607.76/3841.52/1993.21) lat (ms,95%): 71.83 err/s: 0.00 reconn/s: 0.00
[ 510s ] thds: 48 tps: 987.00 qps: 19742.78 (r/w/o: 13819.58/3907.10/2016.10) lat (ms,95%): 64.47 err/s: 0.00 reconn/s: 0.00
[ 520s ] thds: 48 tps: 982.90 qps: 19644.85 (r/w/o: 13750.97/3882.39/2011.50) lat (ms,95%): 64.47 err/s: 0.00 reconn/s: 0.00
[ 530s ] thds: 48 tps: 960.40 qps: 19221.00 (r/w/o: 13456.27/3802.32/1962.41) lat (ms,95%): 71.83 err/s: 0.00 reconn/s: 0.00
[ 540s ] thds: 48 tps: 984.60 qps: 19694.48 (r/w/o: 13787.48/3895.70/2011.30) lat (ms,95%): 66.84 err/s: 0.00 reconn/s: 0.00
[ 550s ] thds: 48 tps: 985.90 qps: 19714.58 (r/w/o: 13798.99/3901.60/2014.00) lat (ms,95%): 63.32 err/s: 0.00 reconn/s: 0.00
[ 560s ] thds: 48 tps: 972.50 qps: 19461.45 (r/w/o: 13624.67/3849.09/1987.70) lat (ms,95%): 69.29 err/s: 0.00 reconn/s: 0.00
[ 570s ] thds: 48 tps: 980.60 qps: 19598.95 (r/w/o: 13715.54/3880.71/2002.71) lat (ms,95%): 65.65 err/s: 0.00 reconn/s: 0.00
[ 580s ] thds: 48 tps: 985.81 qps: 19719.01 (r/w/o: 13803.38/3899.52/2016.11) lat (ms,95%): 64.47 err/s: 0.00 reconn/s: 0.00
[ 590s ] thds: 48 tps: 965.90 qps: 19309.81 (r/w/o: 13516.03/3820.38/1973.39) lat (ms,95%): 70.55 err/s: 0.00 reconn/s: 0.00
[ 600s ] thds: 48 tps: 982.80 qps: 19666.45 (r/w/o: 13769.13/3890.01/2007.30) lat (ms,95%): 64.47 err/s: 0.00 reconn/s: 0.00
SQL statistics:
    queries performed:
        read:                            8214360
        write:                           2319024
        other:                           1201416
        total:                           11734800
    transactions:                        586740 (977.73 per sec.)
    queries:                             11734800 (19554.58 per sec.)
    ignored errors:                      0      (0.00 per sec.)
    reconnects:                          0      (0.00 per sec.)

General statistics:
    total time:                          600.1023s
    total number of events:              586740

Latency (ms):
         min:                                   21.24
         avg:                                   49.09
         max:                                  322.01
         95th percentile:                       68.05
         sum:                             28800152.59

Threads fairness:
    events (avg/stddev):           12223.7500/15.36
    execution time (avg/stddev):   600.0032/0.02

