sysbench 1.0.20 (using bundled LuaJIT 2.1.0-beta2)

Running the test with following options:
Number of threads: 48
Report intermediate results every 10 second(s)
Initializing random number generator from current time


Initializing worker threads...

Threads started!

[ 10s ] thds: 48 tps: 1492.35 qps: 23918.35 (r/w/o: 20928.95/0.00/2989.39) lat (ms,95%): 44.98 err/s: 0.00 reconn/s: 0.00
[ 20s ] thds: 48 tps: 1503.95 qps: 24064.55 (r/w/o: 21056.75/0.00/3007.79) lat (ms,95%): 45.79 err/s: 0.00 reconn/s: 0.00
[ 30s ] thds: 48 tps: 1524.50 qps: 24386.98 (r/w/o: 21338.07/0.00/3048.91) lat (ms,95%): 43.39 err/s: 0.00 reconn/s: 0.00
[ 40s ] thds: 48 tps: 1513.00 qps: 24213.75 (r/w/o: 21187.65/0.00/3026.11) lat (ms,95%): 44.98 err/s: 0.00 reconn/s: 0.00
[ 50s ] thds: 48 tps: 1500.77 qps: 24007.06 (r/w/o: 21005.52/0.00/3001.55) lat (ms,95%): 44.17 err/s: 0.00 reconn/s: 0.00
[ 60s ] thds: 48 tps: 1526.93 qps: 24435.62 (r/w/o: 21381.57/0.00/3054.05) lat (ms,95%): 43.39 err/s: 0.00 reconn/s: 0.00
[ 70s ] thds: 48 tps: 1513.90 qps: 24223.22 (r/w/o: 21195.41/0.00/3027.80) lat (ms,95%): 44.98 err/s: 0.00 reconn/s: 0.00
[ 80s ] thds: 48 tps: 1506.63 qps: 24102.54 (r/w/o: 21089.48/0.00/3013.05) lat (ms,95%): 45.79 err/s: 0.00 reconn/s: 0.00
[ 90s ] thds: 48 tps: 1521.88 qps: 24347.12 (r/w/o: 21303.76/0.00/3043.35) lat (ms,95%): 43.39 err/s: 0.00 reconn/s: 0.00
[ 100s ] thds: 48 tps: 1516.36 qps: 24264.73 (r/w/o: 21231.90/0.00/3032.83) lat (ms,95%): 44.98 err/s: 0.00 reconn/s: 0.00
[ 110s ] thds: 48 tps: 1488.53 qps: 23816.76 (r/w/o: 20839.50/0.00/2977.26) lat (ms,95%): 45.79 err/s: 0.00 reconn/s: 0.00
[ 120s ] thds: 48 tps: 1512.10 qps: 24195.79 (r/w/o: 21171.29/0.00/3024.50) lat (ms,95%): 45.79 err/s: 0.00 reconn/s: 0.00
[ 130s ] thds: 48 tps: 1520.73 qps: 24329.80 (r/w/o: 21288.34/0.00/3041.46) lat (ms,95%): 42.61 err/s: 0.00 reconn/s: 0.00
[ 140s ] thds: 48 tps: 1509.97 qps: 24163.47 (r/w/o: 21143.52/0.00/3019.95) lat (ms,95%): 44.98 err/s: 0.00 reconn/s: 0.00
[ 150s ] thds: 48 tps: 1510.39 qps: 24158.30 (r/w/o: 21138.71/0.00/3019.59) lat (ms,95%): 44.98 err/s: 0.00 reconn/s: 0.00
[ 160s ] thds: 48 tps: 1522.31 qps: 24356.82 (r/w/o: 21311.60/0.00/3045.21) lat (ms,95%): 43.39 err/s: 0.00 reconn/s: 0.00
[ 170s ] thds: 48 tps: 1507.20 qps: 24120.98 (r/w/o: 21106.19/0.00/3014.80) lat (ms,95%): 45.79 err/s: 0.00 reconn/s: 0.00
[ 180s ] thds: 48 tps: 1515.50 qps: 24251.27 (r/w/o: 21220.18/0.00/3031.10) lat (ms,95%): 43.39 err/s: 0.00 reconn/s: 0.00
[ 190s ] thds: 48 tps: 1523.99 qps: 24376.99 (r/w/o: 21329.22/0.00/3047.77) lat (ms,95%): 43.39 err/s: 0.00 reconn/s: 0.00
[ 200s ] thds: 48 tps: 1516.99 qps: 24275.41 (r/w/o: 21241.13/0.00/3034.28) lat (ms,95%): 44.17 err/s: 0.00 reconn/s: 0.00
[ 210s ] thds: 48 tps: 1510.39 qps: 24161.59 (r/w/o: 21140.90/0.00/3020.69) lat (ms,95%): 44.98 err/s: 0.00 reconn/s: 0.00
[ 220s ] thds: 48 tps: 1526.66 qps: 24426.21 (r/w/o: 21372.98/0.00/3053.23) lat (ms,95%): 42.61 err/s: 0.00 reconn/s: 0.00
[ 230s ] thds: 48 tps: 1513.13 qps: 24210.88 (r/w/o: 21184.62/0.00/3026.26) lat (ms,95%): 44.98 err/s: 0.00 reconn/s: 0.00
[ 240s ] thds: 48 tps: 1525.12 qps: 24398.56 (r/w/o: 21348.32/0.00/3050.25) lat (ms,95%): 43.39 err/s: 0.00 reconn/s: 0.00
[ 250s ] thds: 48 tps: 1506.64 qps: 24117.02 (r/w/o: 21103.54/0.00/3013.48) lat (ms,95%): 45.79 err/s: 0.00 reconn/s: 0.00
[ 260s ] thds: 48 tps: 1517.78 qps: 24273.18 (r/w/o: 21237.82/0.00/3035.36) lat (ms,95%): 44.17 err/s: 0.00 reconn/s: 0.00
[ 270s ] thds: 48 tps: 1510.28 qps: 24170.06 (r/w/o: 21149.20/0.00/3020.86) lat (ms,95%): 44.98 err/s: 0.00 reconn/s: 0.00
[ 280s ] thds: 48 tps: 1518.39 qps: 24293.79 (r/w/o: 21257.41/0.00/3036.37) lat (ms,95%): 43.39 err/s: 0.00 reconn/s: 0.00
[ 290s ] thds: 48 tps: 1510.53 qps: 24166.40 (r/w/o: 21145.04/0.00/3021.36) lat (ms,95%): 44.98 err/s: 0.00 reconn/s: 0.00
[ 300s ] thds: 48 tps: 1513.90 qps: 24229.20 (r/w/o: 21201.50/0.00/3027.70) lat (ms,95%): 44.98 err/s: 0.00 reconn/s: 0.00
[ 310s ] thds: 48 tps: 1526.30 qps: 24418.97 (r/w/o: 21366.56/0.00/3052.41) lat (ms,95%): 43.39 err/s: 0.00 reconn/s: 0.00
[ 320s ] thds: 48 tps: 1515.01 qps: 24238.09 (r/w/o: 21207.87/0.00/3030.22) lat (ms,95%): 45.79 err/s: 0.00 reconn/s: 0.00
[ 330s ] thds: 48 tps: 1527.47 qps: 24444.80 (r/w/o: 21389.87/0.00/3054.94) lat (ms,95%): 44.17 err/s: 0.00 reconn/s: 0.00
[ 340s ] thds: 48 tps: 1515.62 qps: 24239.99 (r/w/o: 21208.65/0.00/3031.34) lat (ms,95%): 44.17 err/s: 0.00 reconn/s: 0.00
[ 350s ] thds: 48 tps: 1517.53 qps: 24281.43 (r/w/o: 21246.88/0.00/3034.55) lat (ms,95%): 44.17 err/s: 0.00 reconn/s: 0.00
[ 360s ] thds: 48 tps: 1521.28 qps: 24336.42 (r/w/o: 21293.47/0.00/3042.95) lat (ms,95%): 44.98 err/s: 0.00 reconn/s: 0.00
[ 370s ] thds: 48 tps: 1515.60 qps: 24251.63 (r/w/o: 21220.64/0.00/3030.99) lat (ms,95%): 44.98 err/s: 0.00 reconn/s: 0.00
[ 380s ] thds: 48 tps: 1516.80 qps: 24271.05 (r/w/o: 21237.14/0.00/3033.91) lat (ms,95%): 43.39 err/s: 0.00 reconn/s: 0.00
[ 390s ] thds: 48 tps: 1509.10 qps: 24151.03 (r/w/o: 21132.84/0.00/3018.19) lat (ms,95%): 44.98 err/s: 0.00 reconn/s: 0.00
[ 400s ] thds: 48 tps: 1519.04 qps: 24302.21 (r/w/o: 21264.42/0.00/3037.79) lat (ms,95%): 44.17 err/s: 0.00 reconn/s: 0.00
[ 410s ] thds: 48 tps: 1508.66 qps: 24143.54 (r/w/o: 21126.02/0.00/3017.52) lat (ms,95%): 44.98 err/s: 0.00 reconn/s: 0.00
[ 420s ] thds: 48 tps: 1526.00 qps: 24411.06 (r/w/o: 21359.06/0.00/3051.99) lat (ms,95%): 44.17 err/s: 0.00 reconn/s: 0.00
[ 430s ] thds: 48 tps: 1514.98 qps: 24239.34 (r/w/o: 21209.37/0.00/3029.97) lat (ms,95%): 43.39 err/s: 0.00 reconn/s: 0.00
[ 440s ] thds: 48 tps: 1511.02 qps: 24177.79 (r/w/o: 21155.66/0.00/3022.14) lat (ms,95%): 44.98 err/s: 0.00 reconn/s: 0.00
[ 450s ] thds: 48 tps: 1521.34 qps: 24338.38 (r/w/o: 21295.81/0.00/3042.57) lat (ms,95%): 43.39 err/s: 0.00 reconn/s: 0.00
[ 460s ] thds: 48 tps: 1515.06 qps: 24242.14 (r/w/o: 21212.01/0.00/3030.13) lat (ms,95%): 44.98 err/s: 0.00 reconn/s: 0.00
[ 470s ] thds: 48 tps: 1524.06 qps: 24389.92 (r/w/o: 21341.80/0.00/3048.13) lat (ms,95%): 42.61 err/s: 0.00 reconn/s: 0.00
[ 480s ] thds: 48 tps: 1517.32 qps: 24272.48 (r/w/o: 21237.93/0.00/3034.55) lat (ms,95%): 44.17 err/s: 0.00 reconn/s: 0.00
[ 490s ] thds: 48 tps: 1520.42 qps: 24327.73 (r/w/o: 21286.79/0.00/3040.94) lat (ms,95%): 43.39 err/s: 0.00 reconn/s: 0.00
[ 500s ] thds: 48 tps: 1520.69 qps: 24326.21 (r/w/o: 21284.83/0.00/3041.38) lat (ms,95%): 44.17 err/s: 0.00 reconn/s: 0.00
[ 510s ] thds: 48 tps: 1517.40 qps: 24280.02 (r/w/o: 21245.31/0.00/3034.70) lat (ms,95%): 44.98 err/s: 0.00 reconn/s: 0.00
[ 520s ] thds: 48 tps: 1527.00 qps: 24438.71 (r/w/o: 21384.61/0.00/3054.10) lat (ms,95%): 44.17 err/s: 0.00 reconn/s: 0.00
[ 530s ] thds: 48 tps: 1505.37 qps: 24081.99 (r/w/o: 21071.35/0.00/3010.64) lat (ms,95%): 44.98 err/s: 0.00 reconn/s: 0.00
[ 540s ] thds: 48 tps: 1519.12 qps: 24302.53 (r/w/o: 21264.09/0.00/3038.44) lat (ms,95%): 44.17 err/s: 0.00 reconn/s: 0.00
[ 550s ] thds: 48 tps: 1520.88 qps: 24333.70 (r/w/o: 21292.04/0.00/3041.66) lat (ms,95%): 44.17 err/s: 0.00 reconn/s: 0.00
[ 560s ] thds: 48 tps: 1515.15 qps: 24242.45 (r/w/o: 21212.45/0.00/3029.99) lat (ms,95%): 43.39 err/s: 0.00 reconn/s: 0.00
[ 570s ] thds: 48 tps: 1511.08 qps: 24179.96 (r/w/o: 21157.50/0.00/3022.46) lat (ms,95%): 45.79 err/s: 0.00 reconn/s: 0.00
[ 580s ] thds: 48 tps: 1525.90 qps: 24420.70 (r/w/o: 21368.90/0.00/3051.80) lat (ms,95%): 44.17 err/s: 0.00 reconn/s: 0.00
[ 590s ] thds: 48 tps: 1510.20 qps: 24160.69 (r/w/o: 21140.19/0.00/3020.50) lat (ms,95%): 44.17 err/s: 0.00 reconn/s: 0.00
[ 600s ] thds: 48 tps: 1519.57 qps: 24308.98 (r/w/o: 21270.03/0.00/3038.95) lat (ms,95%): 44.17 err/s: 0.00 reconn/s: 0.00
SQL statistics:
    queries performed:
        read:                            12731698
        write:                           0
        other:                           1818814
        total:                           14550512
    transactions:                        909407 (1515.50 per sec.)
    queries:                             14550512 (24247.99 per sec.)
    ignored errors:                      0      (0.00 per sec.)
    reconnects:                          0      (0.00 per sec.)

General statistics:
    total time:                          600.0691s
    total number of events:              909407

Latency (ms):
         min:                                    9.71
         avg:                                   31.67
         max:                                  115.89
         95th percentile:                       44.17
         sum:                             28798918.54

Threads fairness:
    events (avg/stddev):           18945.9792/22.53
    execution time (avg/stddev):   599.9775/0.01

