sysbench 1.0.20 (using bundled LuaJIT 2.1.0-beta2)

Running the test with following options:
Number of threads: 48
Report intermediate results every 10 second(s)
Initializing random number generator from current time


Initializing worker threads...

Threads started!

[ 10s ] thds: 48 tps: 1485.13 qps: 23803.99 (r/w/o: 20828.93/0.00/2975.06) lat (ms,95%): 44.98 err/s: 0.00 reconn/s: 0.00
[ 20s ] thds: 48 tps: 1500.37 qps: 24004.61 (r/w/o: 21003.87/0.00/3000.74) lat (ms,95%): 45.79 err/s: 0.00 reconn/s: 0.00
[ 30s ] thds: 48 tps: 1521.16 qps: 24334.36 (r/w/o: 21292.14/0.00/3042.22) lat (ms,95%): 43.39 err/s: 0.00 reconn/s: 0.00
[ 40s ] thds: 48 tps: 1505.73 qps: 24095.34 (r/w/o: 21083.77/0.00/3011.57) lat (ms,95%): 44.98 err/s: 0.00 reconn/s: 0.00
[ 50s ] thds: 48 tps: 1497.41 qps: 23955.47 (r/w/o: 20960.65/0.00/2994.82) lat (ms,95%): 44.17 err/s: 0.00 reconn/s: 0.00
[ 60s ] thds: 48 tps: 1509.69 qps: 24159.41 (r/w/o: 21140.02/0.00/3019.39) lat (ms,95%): 44.98 err/s: 0.00 reconn/s: 0.00
[ 70s ] thds: 48 tps: 1516.09 qps: 24257.09 (r/w/o: 21225.22/0.00/3031.87) lat (ms,95%): 44.17 err/s: 0.00 reconn/s: 0.00
[ 80s ] thds: 48 tps: 1509.60 qps: 24151.11 (r/w/o: 21131.60/0.00/3019.50) lat (ms,95%): 44.98 err/s: 0.00 reconn/s: 0.00
[ 90s ] thds: 48 tps: 1512.31 qps: 24195.09 (r/w/o: 21170.57/0.00/3024.52) lat (ms,95%): 43.39 err/s: 0.00 reconn/s: 0.00
[ 100s ] thds: 48 tps: 1506.70 qps: 24113.23 (r/w/o: 21099.93/0.00/3013.30) lat (ms,95%): 45.79 err/s: 0.00 reconn/s: 0.00
[ 110s ] thds: 48 tps: 1500.59 qps: 24003.96 (r/w/o: 21002.68/0.00/3001.28) lat (ms,95%): 44.17 err/s: 0.00 reconn/s: 0.00
[ 120s ] thds: 48 tps: 1515.42 qps: 24242.40 (r/w/o: 21211.47/0.00/3030.94) lat (ms,95%): 44.17 err/s: 0.00 reconn/s: 0.00
[ 130s ] thds: 48 tps: 1507.80 qps: 24123.81 (r/w/o: 21108.41/0.00/3015.40) lat (ms,95%): 44.98 err/s: 0.00 reconn/s: 0.00
[ 140s ] thds: 48 tps: 1512.78 qps: 24209.36 (r/w/o: 21183.80/0.00/3025.56) lat (ms,95%): 44.17 err/s: 0.00 reconn/s: 0.00
[ 150s ] thds: 48 tps: 1518.48 qps: 24291.43 (r/w/o: 21254.47/0.00/3036.97) lat (ms,95%): 43.39 err/s: 0.00 reconn/s: 0.00
[ 160s ] thds: 48 tps: 1500.13 qps: 24014.25 (r/w/o: 21013.88/0.00/3000.37) lat (ms,95%): 44.98 err/s: 0.00 reconn/s: 0.00
[ 170s ] thds: 48 tps: 1505.99 qps: 24092.79 (r/w/o: 21080.91/0.00/3011.89) lat (ms,95%): 44.98 err/s: 0.00 reconn/s: 0.00
[ 180s ] thds: 48 tps: 1524.20 qps: 24388.46 (r/w/o: 21339.87/0.00/3048.60) lat (ms,95%): 43.39 err/s: 0.00 reconn/s: 0.00
[ 190s ] thds: 48 tps: 1510.20 qps: 24159.88 (r/w/o: 21139.47/0.00/3020.41) lat (ms,95%): 44.98 err/s: 0.00 reconn/s: 0.00
[ 200s ] thds: 48 tps: 1510.59 qps: 24165.31 (r/w/o: 21144.12/0.00/3021.19) lat (ms,95%): 43.39 err/s: 0.00 reconn/s: 0.00
[ 210s ] thds: 48 tps: 1511.70 qps: 24190.81 (r/w/o: 21167.51/0.00/3023.30) lat (ms,95%): 44.17 err/s: 0.00 reconn/s: 0.00
[ 220s ] thds: 48 tps: 1490.90 qps: 23850.99 (r/w/o: 20869.09/0.00/2981.90) lat (ms,95%): 45.79 err/s: 0.00 reconn/s: 0.00
[ 230s ] thds: 48 tps: 1490.20 qps: 23856.20 (r/w/o: 20876.00/0.00/2980.20) lat (ms,95%): 45.79 err/s: 0.00 reconn/s: 0.00
[ 240s ] thds: 48 tps: 1515.80 qps: 24244.70 (r/w/o: 21213.00/0.00/3031.70) lat (ms,95%): 44.98 err/s: 0.00 reconn/s: 0.00
[ 250s ] thds: 48 tps: 1520.80 qps: 24330.14 (r/w/o: 21288.53/0.00/3041.60) lat (ms,95%): 43.39 err/s: 0.00 reconn/s: 0.00
[ 260s ] thds: 48 tps: 1501.15 qps: 24026.05 (r/w/o: 21023.66/0.00/3002.39) lat (ms,95%): 45.79 err/s: 0.00 reconn/s: 0.00
[ 270s ] thds: 48 tps: 1518.84 qps: 24294.07 (r/w/o: 21257.39/0.00/3036.68) lat (ms,95%): 44.17 err/s: 0.00 reconn/s: 0.00
[ 280s ] thds: 48 tps: 1509.01 qps: 24148.92 (r/w/o: 21130.00/0.00/3018.92) lat (ms,95%): 44.98 err/s: 0.00 reconn/s: 0.00
[ 290s ] thds: 48 tps: 1505.60 qps: 24083.67 (r/w/o: 21072.56/0.00/3011.11) lat (ms,95%): 44.17 err/s: 0.00 reconn/s: 0.00
[ 300s ] thds: 48 tps: 1519.86 qps: 24317.11 (r/w/o: 21277.59/0.00/3039.51) lat (ms,95%): 44.17 err/s: 0.00 reconn/s: 0.00
[ 310s ] thds: 48 tps: 1508.79 qps: 24149.15 (r/w/o: 21131.27/0.00/3017.88) lat (ms,95%): 45.79 err/s: 0.00 reconn/s: 0.00
[ 320s ] thds: 48 tps: 1514.75 qps: 24232.57 (r/w/o: 21203.06/0.00/3029.51) lat (ms,95%): 44.17 err/s: 0.00 reconn/s: 0.00
[ 330s ] thds: 48 tps: 1509.19 qps: 24142.91 (r/w/o: 21124.52/0.00/3018.39) lat (ms,95%): 44.17 err/s: 0.00 reconn/s: 0.00
[ 340s ] thds: 48 tps: 1518.39 qps: 24293.84 (r/w/o: 21256.96/0.00/3036.88) lat (ms,95%): 44.17 err/s: 0.00 reconn/s: 0.00
[ 350s ] thds: 48 tps: 1512.41 qps: 24207.45 (r/w/o: 21182.93/0.00/3024.52) lat (ms,95%): 44.17 err/s: 0.00 reconn/s: 0.00
[ 360s ] thds: 48 tps: 1510.50 qps: 24164.50 (r/w/o: 21143.20/0.00/3021.30) lat (ms,95%): 44.98 err/s: 0.00 reconn/s: 0.00
[ 370s ] thds: 48 tps: 1517.20 qps: 24276.44 (r/w/o: 21242.04/0.00/3034.41) lat (ms,95%): 43.39 err/s: 0.00 reconn/s: 0.00
[ 380s ] thds: 48 tps: 1503.90 qps: 24057.76 (r/w/o: 21050.25/0.00/3007.51) lat (ms,95%): 44.98 err/s: 0.00 reconn/s: 0.00
[ 390s ] thds: 48 tps: 1516.03 qps: 24259.93 (r/w/o: 21227.68/0.00/3032.25) lat (ms,95%): 43.39 err/s: 0.00 reconn/s: 0.00
[ 400s ] thds: 48 tps: 1504.77 qps: 24070.34 (r/w/o: 21061.11/0.00/3009.23) lat (ms,95%): 45.79 err/s: 0.00 reconn/s: 0.00
[ 410s ] thds: 48 tps: 1502.40 qps: 24042.76 (r/w/o: 21037.56/0.00/3005.19) lat (ms,95%): 44.17 err/s: 0.00 reconn/s: 0.00
[ 420s ] thds: 48 tps: 1522.97 qps: 24366.66 (r/w/o: 21321.13/0.00/3045.53) lat (ms,95%): 43.39 err/s: 0.00 reconn/s: 0.00
[ 430s ] thds: 48 tps: 1510.64 qps: 24169.71 (r/w/o: 21148.33/0.00/3021.38) lat (ms,95%): 44.98 err/s: 0.00 reconn/s: 0.00
[ 440s ] thds: 48 tps: 1510.50 qps: 24168.71 (r/w/o: 21147.41/0.00/3021.30) lat (ms,95%): 44.17 err/s: 0.00 reconn/s: 0.00
[ 450s ] thds: 48 tps: 1507.20 qps: 24110.09 (r/w/o: 21096.09/0.00/3014.00) lat (ms,95%): 44.17 err/s: 0.00 reconn/s: 0.00
[ 460s ] thds: 48 tps: 1519.20 qps: 24317.51 (r/w/o: 21278.71/0.00/3038.80) lat (ms,95%): 44.17 err/s: 0.00 reconn/s: 0.00
[ 470s ] thds: 48 tps: 1504.09 qps: 24061.79 (r/w/o: 21053.72/0.00/3008.07) lat (ms,95%): 44.98 err/s: 0.00 reconn/s: 0.00
[ 480s ] thds: 48 tps: 1522.61 qps: 24362.12 (r/w/o: 21316.80/0.00/3045.33) lat (ms,95%): 43.39 err/s: 0.00 reconn/s: 0.00
[ 490s ] thds: 48 tps: 1518.40 qps: 24292.71 (r/w/o: 21256.31/0.00/3036.40) lat (ms,95%): 44.17 err/s: 0.00 reconn/s: 0.00
[ 500s ] thds: 48 tps: 1508.81 qps: 24143.42 (r/w/o: 21125.71/0.00/3017.72) lat (ms,95%): 44.98 err/s: 0.00 reconn/s: 0.00
[ 510s ] thds: 48 tps: 1522.46 qps: 24355.36 (r/w/o: 21310.74/0.00/3044.62) lat (ms,95%): 43.39 err/s: 0.00 reconn/s: 0.00
[ 520s ] thds: 48 tps: 1507.56 qps: 24121.00 (r/w/o: 21105.49/0.00/3015.51) lat (ms,95%): 45.79 err/s: 0.00 reconn/s: 0.00
[ 530s ] thds: 48 tps: 1515.42 qps: 24249.67 (r/w/o: 21218.82/0.00/3030.85) lat (ms,95%): 44.17 err/s: 0.00 reconn/s: 0.00
[ 540s ] thds: 48 tps: 1515.46 qps: 24240.88 (r/w/o: 21210.36/0.00/3030.52) lat (ms,95%): 44.17 err/s: 0.00 reconn/s: 0.00
[ 550s ] thds: 48 tps: 1511.79 qps: 24187.06 (r/w/o: 21163.58/0.00/3023.48) lat (ms,95%): 44.98 err/s: 0.00 reconn/s: 0.00
[ 560s ] thds: 48 tps: 1509.10 qps: 24151.38 (r/w/o: 21132.47/0.00/3018.91) lat (ms,95%): 43.39 err/s: 0.00 reconn/s: 0.00
[ 570s ] thds: 48 tps: 1513.40 qps: 24214.68 (r/w/o: 21188.18/0.00/3026.50) lat (ms,95%): 44.98 err/s: 0.00 reconn/s: 0.00
[ 580s ] thds: 48 tps: 1510.09 qps: 24172.05 (r/w/o: 21151.57/0.00/3020.48) lat (ms,95%): 44.17 err/s: 0.00 reconn/s: 0.00
[ 590s ] thds: 48 tps: 1509.59 qps: 24150.51 (r/w/o: 21131.33/0.00/3019.18) lat (ms,95%): 43.39 err/s: 0.00 reconn/s: 0.00
[ 600s ] thds: 48 tps: 1514.92 qps: 24224.85 (r/w/o: 21195.01/0.00/3029.84) lat (ms,95%): 44.17 err/s: 0.00 reconn/s: 0.00
SQL statistics:
    queries performed:
        read:                            12688466
        write:                           0
        other:                           1812638
        total:                           14501104
    transactions:                        906319 (1510.35 per sec.)
    queries:                             14501104 (24165.54 per sec.)
    ignored errors:                      0      (0.00 per sec.)
    reconnects:                          0      (0.00 per sec.)

General statistics:
    total time:                          600.0709s
    total number of events:              906319

Latency (ms):
         min:                                   10.09
         avg:                                   31.78
         max:                                  110.63
         95th percentile:                       44.17
         sum:                             28799127.38

Threads fairness:
    events (avg/stddev):           18881.6458/19.28
    execution time (avg/stddev):   599.9818/0.01

