sysbench 1.0.20 (using bundled LuaJIT 2.1.0-beta2)

Running the test with following options:
Number of threads: 48
Report intermediate results every 10 second(s)
Initializing random number generator from current time


Initializing worker threads...

Threads started!

[ 10s ] thds: 48 tps: 848.50 qps: 17020.50 (r/w/o: 11921.90/3355.11/1743.49) lat (ms,95%): 81.48 err/s: 0.00 reconn/s: 0.00
[ 20s ] thds: 48 tps: 901.13 qps: 18016.54 (r/w/o: 12609.25/3564.43/1842.87) lat (ms,95%): 73.13 err/s: 0.00 reconn/s: 0.00
[ 30s ] thds: 48 tps: 944.60 qps: 18904.04 (r/w/o: 13235.36/3732.69/1935.99) lat (ms,95%): 68.05 err/s: 0.00 reconn/s: 0.00
[ 40s ] thds: 48 tps: 976.60 qps: 19529.47 (r/w/o: 13669.98/3856.69/2002.80) lat (ms,95%): 69.29 err/s: 0.00 reconn/s: 0.00
[ 50s ] thds: 48 tps: 983.10 qps: 19674.83 (r/w/o: 13771.72/3890.81/2012.30) lat (ms,95%): 65.65 err/s: 0.00 reconn/s: 0.00
[ 60s ] thds: 48 tps: 988.40 qps: 19756.64 (r/w/o: 13831.63/3901.21/2023.80) lat (ms,95%): 68.05 err/s: 0.00 reconn/s: 0.00
[ 70s ] thds: 48 tps: 985.30 qps: 19701.89 (r/w/o: 13790.89/3893.60/2017.40) lat (ms,95%): 68.05 err/s: 0.00 reconn/s: 0.00
[ 80s ] thds: 48 tps: 990.60 qps: 19800.28 (r/w/o: 13856.78/3917.40/2026.10) lat (ms,95%): 65.65 err/s: 0.00 reconn/s: 0.00
[ 90s ] thds: 48 tps: 991.40 qps: 19832.30 (r/w/o: 13883.90/3921.60/2026.80) lat (ms,95%): 65.65 err/s: 0.00 reconn/s: 0.00
[ 100s ] thds: 48 tps: 978.10 qps: 19573.85 (r/w/o: 13702.53/3869.11/2002.20) lat (ms,95%): 69.29 err/s: 0.00 reconn/s: 0.00
[ 110s ] thds: 48 tps: 984.70 qps: 19682.55 (r/w/o: 13778.17/3890.39/2014.00) lat (ms,95%): 64.47 err/s: 0.00 reconn/s: 0.00
[ 120s ] thds: 48 tps: 985.80 qps: 19725.71 (r/w/o: 13808.61/3900.80/2016.30) lat (ms,95%): 68.05 err/s: 0.00 reconn/s: 0.00
[ 130s ] thds: 48 tps: 988.80 qps: 19766.72 (r/w/o: 13834.84/3907.98/2023.89) lat (ms,95%): 64.47 err/s: 0.00 reconn/s: 0.00
[ 140s ] thds: 48 tps: 986.60 qps: 19748.90 (r/w/o: 13828.57/3898.82/2021.51) lat (ms,95%): 66.84 err/s: 0.00 reconn/s: 0.00
[ 150s ] thds: 48 tps: 981.70 qps: 19619.62 (r/w/o: 13731.25/3879.08/2009.29) lat (ms,95%): 69.29 err/s: 0.00 reconn/s: 0.00
[ 160s ] thds: 48 tps: 984.30 qps: 19692.88 (r/w/o: 13784.66/3896.72/2011.51) lat (ms,95%): 63.32 err/s: 0.00 reconn/s: 0.00
[ 170s ] thds: 48 tps: 959.30 qps: 19184.38 (r/w/o: 13428.89/3793.80/1961.70) lat (ms,95%): 71.83 err/s: 0.00 reconn/s: 0.00
[ 180s ] thds: 48 tps: 993.20 qps: 19857.44 (r/w/o: 13898.73/3926.01/2032.70) lat (ms,95%): 63.32 err/s: 0.00 reconn/s: 0.00
[ 190s ] thds: 48 tps: 982.70 qps: 19662.45 (r/w/o: 13765.77/3885.99/2010.70) lat (ms,95%): 68.05 err/s: 0.00 reconn/s: 0.00
[ 200s ] thds: 48 tps: 984.10 qps: 19682.82 (r/w/o: 13779.51/3889.10/2014.20) lat (ms,95%): 66.84 err/s: 0.00 reconn/s: 0.00
[ 210s ] thds: 48 tps: 990.20 qps: 19799.13 (r/w/o: 13858.52/3914.11/2026.50) lat (ms,95%): 63.32 err/s: 0.00 reconn/s: 0.00
[ 220s ] thds: 48 tps: 980.60 qps: 19613.18 (r/w/o: 13728.78/3880.30/2004.10) lat (ms,95%): 69.29 err/s: 0.00 reconn/s: 0.00
[ 230s ] thds: 48 tps: 979.40 qps: 19602.51 (r/w/o: 13721.94/3877.88/2002.69) lat (ms,95%): 65.65 err/s: 0.00 reconn/s: 0.00
[ 240s ] thds: 48 tps: 986.80 qps: 19716.10 (r/w/o: 13801.17/3896.22/2018.71) lat (ms,95%): 65.65 err/s: 0.00 reconn/s: 0.00
[ 250s ] thds: 48 tps: 985.87 qps: 19720.94 (r/w/o: 13800.74/3901.37/2018.83) lat (ms,95%): 65.65 err/s: 0.00 reconn/s: 0.00
[ 260s ] thds: 48 tps: 978.03 qps: 19562.24 (r/w/o: 13697.38/3865.81/1999.06) lat (ms,95%): 68.05 err/s: 0.00 reconn/s: 0.00
[ 270s ] thds: 48 tps: 992.60 qps: 19837.04 (r/w/o: 13881.93/3924.41/2030.70) lat (ms,95%): 62.19 err/s: 0.00 reconn/s: 0.00
[ 280s ] thds: 48 tps: 981.10 qps: 19641.12 (r/w/o: 13752.31/3878.40/2010.40) lat (ms,95%): 68.05 err/s: 0.00 reconn/s: 0.00
[ 290s ] thds: 48 tps: 985.40 qps: 19701.51 (r/w/o: 13791.81/3897.50/2012.20) lat (ms,95%): 62.19 err/s: 0.00 reconn/s: 0.00
[ 300s ] thds: 48 tps: 979.80 qps: 19596.92 (r/w/o: 13718.71/3875.40/2002.80) lat (ms,95%): 69.29 err/s: 0.00 reconn/s: 0.00
[ 310s ] thds: 48 tps: 990.20 qps: 19804.38 (r/w/o: 13860.79/3919.20/2024.40) lat (ms,95%): 64.47 err/s: 0.00 reconn/s: 0.00
[ 320s ] thds: 48 tps: 980.10 qps: 19605.39 (r/w/o: 13725.29/3878.70/2001.40) lat (ms,95%): 68.05 err/s: 0.00 reconn/s: 0.00
[ 330s ] thds: 48 tps: 983.50 qps: 19668.33 (r/w/o: 13767.22/3895.21/2005.90) lat (ms,95%): 66.84 err/s: 0.00 reconn/s: 0.00
[ 340s ] thds: 48 tps: 988.80 qps: 19774.10 (r/w/o: 13841.80/3908.70/2023.60) lat (ms,95%): 63.32 err/s: 0.00 reconn/s: 0.00
[ 350s ] thds: 48 tps: 965.40 qps: 19313.92 (r/w/o: 13519.91/3826.10/1967.90) lat (ms,95%): 71.83 err/s: 0.00 reconn/s: 0.00
[ 360s ] thds: 48 tps: 991.07 qps: 19809.17 (r/w/o: 13865.53/3916.40/2027.25) lat (ms,95%): 63.32 err/s: 0.00 reconn/s: 0.00
[ 370s ] thds: 48 tps: 976.83 qps: 19533.55 (r/w/o: 13671.49/3866.31/1995.76) lat (ms,95%): 66.84 err/s: 0.00 reconn/s: 0.00
[ 380s ] thds: 48 tps: 984.50 qps: 19694.45 (r/w/o: 13786.96/3895.09/2012.39) lat (ms,95%): 64.47 err/s: 0.00 reconn/s: 0.00
[ 390s ] thds: 48 tps: 987.20 qps: 19752.77 (r/w/o: 13827.28/3909.99/2015.50) lat (ms,95%): 64.47 err/s: 0.00 reconn/s: 0.00
[ 400s ] thds: 48 tps: 977.30 qps: 19549.83 (r/w/o: 13685.22/3870.31/1994.30) lat (ms,95%): 65.65 err/s: 0.00 reconn/s: 0.00
[ 410s ] thds: 48 tps: 980.00 qps: 19594.66 (r/w/o: 13719.07/3873.19/2002.40) lat (ms,95%): 64.47 err/s: 0.00 reconn/s: 0.00
[ 420s ] thds: 48 tps: 974.20 qps: 19494.05 (r/w/o: 13644.24/3861.81/1988.01) lat (ms,95%): 71.83 err/s: 0.00 reconn/s: 0.00
[ 430s ] thds: 48 tps: 985.80 qps: 19698.68 (r/w/o: 13789.09/3893.80/2015.80) lat (ms,95%): 63.32 err/s: 0.00 reconn/s: 0.00
[ 440s ] thds: 48 tps: 982.19 qps: 19650.46 (r/w/o: 13755.00/3891.17/2004.29) lat (ms,95%): 64.47 err/s: 0.00 reconn/s: 0.00
[ 450s ] thds: 48 tps: 977.81 qps: 19556.43 (r/w/o: 13689.59/3869.13/1997.71) lat (ms,95%): 66.84 err/s: 0.00 reconn/s: 0.00
[ 460s ] thds: 48 tps: 983.70 qps: 19679.78 (r/w/o: 13775.69/3894.40/2009.70) lat (ms,95%): 63.32 err/s: 0.00 reconn/s: 0.00
[ 470s ] thds: 48 tps: 967.30 qps: 19332.93 (r/w/o: 13532.82/3822.91/1977.20) lat (ms,95%): 70.55 err/s: 0.00 reconn/s: 0.00
[ 480s ] thds: 48 tps: 987.30 qps: 19755.53 (r/w/o: 13831.55/3907.59/2016.39) lat (ms,95%): 63.32 err/s: 0.00 reconn/s: 0.00
[ 490s ] thds: 48 tps: 973.60 qps: 19469.52 (r/w/o: 13627.11/3856.90/1985.50) lat (ms,95%): 69.29 err/s: 0.00 reconn/s: 0.00
[ 500s ] thds: 48 tps: 981.80 qps: 19637.22 (r/w/o: 13744.11/3890.70/2002.40) lat (ms,95%): 65.65 err/s: 0.00 reconn/s: 0.00
[ 510s ] thds: 48 tps: 981.10 qps: 19616.06 (r/w/o: 13732.27/3879.69/2004.10) lat (ms,95%): 66.84 err/s: 0.00 reconn/s: 0.00
[ 520s ] thds: 48 tps: 976.20 qps: 19532.49 (r/w/o: 13674.36/3864.62/1993.51) lat (ms,95%): 65.65 err/s: 0.00 reconn/s: 0.00
[ 530s ] thds: 48 tps: 970.91 qps: 19400.11 (r/w/o: 13576.38/3844.02/1979.71) lat (ms,95%): 68.05 err/s: 0.00 reconn/s: 0.00
[ 540s ] thds: 48 tps: 978.39 qps: 19575.68 (r/w/o: 13705.45/3873.96/1996.28) lat (ms,95%): 66.84 err/s: 0.00 reconn/s: 0.00
[ 550s ] thds: 48 tps: 976.30 qps: 19540.48 (r/w/o: 13677.75/3872.71/1990.01) lat (ms,95%): 63.32 err/s: 0.00 reconn/s: 0.00
[ 560s ] thds: 48 tps: 964.10 qps: 19278.90 (r/w/o: 13497.60/3814.70/1966.60) lat (ms,95%): 70.55 err/s: 0.00 reconn/s: 0.00
[ 570s ] thds: 48 tps: 982.80 qps: 19646.75 (r/w/o: 13751.04/3889.51/2006.21) lat (ms,95%): 64.47 err/s: 0.00 reconn/s: 0.00
[ 580s ] thds: 48 tps: 970.89 qps: 19405.19 (r/w/o: 13580.55/3844.36/1980.28) lat (ms,95%): 69.29 err/s: 0.00 reconn/s: 0.00
[ 590s ] thds: 48 tps: 968.21 qps: 19383.79 (r/w/o: 13572.43/3834.84/1976.52) lat (ms,95%): 66.84 err/s: 0.00 reconn/s: 0.00
[ 600s ] thds: 48 tps: 984.60 qps: 19690.20 (r/w/o: 13783.90/3896.40/2009.90) lat (ms,95%): 65.65 err/s: 0.00 reconn/s: 0.00
SQL statistics:
    queries performed:
        read:                            8209012
        write:                           2319628
        other:                           1198520
        total:                           11727160
    transactions:                        586358 (977.09 per sec.)
    queries:                             11727160 (19541.72 per sec.)
    ignored errors:                      0      (0.00 per sec.)
    reconnects:                          0      (0.00 per sec.)

General statistics:
    total time:                          600.1060s
    total number of events:              586358

Latency (ms):
         min:                                   17.46
         avg:                                   49.12
         max:                                  286.67
         95th percentile:                       66.84
         sum:                             28800209.20

Threads fairness:
    events (avg/stddev):           12215.7917/13.24
    execution time (avg/stddev):   600.0044/0.02

