sysbench 1.0.20 (using bundled LuaJIT 2.1.0-beta2)

Running the test with following options:
Number of threads: 48
Report intermediate results every 10 second(s)
Initializing random number generator from current time


Initializing worker threads...

Threads started!

[ 10s ] thds: 48 tps: 1491.55 qps: 23901.62 (r/w/o: 20914.03/0.00/2987.59) lat (ms,95%): 44.17 err/s: 0.00 reconn/s: 0.00
[ 20s ] thds: 48 tps: 1499.76 qps: 23996.44 (r/w/o: 20996.92/0.00/2999.52) lat (ms,95%): 45.79 err/s: 0.00 reconn/s: 0.00
[ 30s ] thds: 48 tps: 1516.20 qps: 24259.64 (r/w/o: 21227.25/0.00/3032.39) lat (ms,95%): 43.39 err/s: 0.00 reconn/s: 0.00
[ 40s ] thds: 48 tps: 1483.90 qps: 23746.09 (r/w/o: 20777.99/0.00/2968.10) lat (ms,95%): 46.63 err/s: 0.00 reconn/s: 0.00
[ 50s ] thds: 48 tps: 1514.48 qps: 24227.08 (r/w/o: 21198.32/0.00/3028.76) lat (ms,95%): 43.39 err/s: 0.00 reconn/s: 0.00
[ 60s ] thds: 48 tps: 1506.93 qps: 24117.01 (r/w/o: 21103.16/0.00/3013.85) lat (ms,95%): 45.79 err/s: 0.00 reconn/s: 0.00
[ 70s ] thds: 48 tps: 1507.47 qps: 24121.97 (r/w/o: 21106.93/0.00/3015.05) lat (ms,95%): 43.39 err/s: 0.00 reconn/s: 0.00
[ 80s ] thds: 48 tps: 1520.51 qps: 24321.01 (r/w/o: 21279.90/0.00/3041.11) lat (ms,95%): 44.17 err/s: 0.00 reconn/s: 0.00
[ 90s ] thds: 48 tps: 1510.87 qps: 24172.28 (r/w/o: 21150.74/0.00/3021.53) lat (ms,95%): 44.98 err/s: 0.00 reconn/s: 0.00
[ 100s ] thds: 48 tps: 1521.81 qps: 24351.28 (r/w/o: 21307.67/0.00/3043.61) lat (ms,95%): 42.61 err/s: 0.00 reconn/s: 0.00
[ 110s ] thds: 48 tps: 1507.24 qps: 24110.92 (r/w/o: 21096.53/0.00/3014.39) lat (ms,95%): 44.98 err/s: 0.00 reconn/s: 0.00
[ 120s ] thds: 48 tps: 1519.89 qps: 24320.68 (r/w/o: 21280.80/0.00/3039.87) lat (ms,95%): 43.39 err/s: 0.00 reconn/s: 0.00
[ 130s ] thds: 48 tps: 1505.61 qps: 24089.00 (r/w/o: 21077.67/0.00/3011.32) lat (ms,95%): 44.98 err/s: 0.00 reconn/s: 0.00
[ 140s ] thds: 48 tps: 1511.99 qps: 24189.60 (r/w/o: 21165.72/0.00/3023.87) lat (ms,95%): 44.17 err/s: 0.00 reconn/s: 0.00
[ 150s ] thds: 48 tps: 1514.71 qps: 24240.36 (r/w/o: 21210.94/0.00/3029.42) lat (ms,95%): 44.17 err/s: 0.00 reconn/s: 0.00
[ 160s ] thds: 48 tps: 1506.65 qps: 24107.45 (r/w/o: 21093.94/0.00/3013.51) lat (ms,95%): 44.17 err/s: 0.00 reconn/s: 0.00
[ 170s ] thds: 48 tps: 1520.36 qps: 24322.89 (r/w/o: 21282.38/0.00/3040.51) lat (ms,95%): 43.39 err/s: 0.00 reconn/s: 0.00
[ 180s ] thds: 48 tps: 1504.85 qps: 24078.74 (r/w/o: 21069.04/0.00/3009.69) lat (ms,95%): 44.17 err/s: 0.00 reconn/s: 0.00
[ 190s ] thds: 48 tps: 1513.74 qps: 24220.61 (r/w/o: 21193.02/0.00/3027.59) lat (ms,95%): 44.98 err/s: 0.00 reconn/s: 0.00
[ 200s ] thds: 48 tps: 1514.30 qps: 24233.40 (r/w/o: 21204.70/0.00/3028.70) lat (ms,95%): 44.98 err/s: 0.00 reconn/s: 0.00
[ 210s ] thds: 48 tps: 1509.88 qps: 24155.68 (r/w/o: 21135.92/0.00/3019.76) lat (ms,95%): 44.17 err/s: 0.00 reconn/s: 0.00
[ 220s ] thds: 48 tps: 1523.62 qps: 24370.76 (r/w/o: 21323.62/0.00/3047.15) lat (ms,95%): 43.39 err/s: 0.00 reconn/s: 0.00
[ 230s ] thds: 48 tps: 1503.70 qps: 24060.81 (r/w/o: 21054.31/0.00/3006.50) lat (ms,95%): 44.98 err/s: 0.00 reconn/s: 0.00
[ 240s ] thds: 48 tps: 1519.28 qps: 24311.57 (r/w/o: 21272.41/0.00/3039.16) lat (ms,95%): 43.39 err/s: 0.00 reconn/s: 0.00
[ 250s ] thds: 48 tps: 1505.27 qps: 24088.75 (r/w/o: 21077.80/0.00/3010.94) lat (ms,95%): 45.79 err/s: 0.00 reconn/s: 0.00
[ 260s ] thds: 48 tps: 1519.24 qps: 24306.66 (r/w/o: 21268.18/0.00/3038.48) lat (ms,95%): 43.39 err/s: 0.00 reconn/s: 0.00
[ 270s ] thds: 48 tps: 1518.51 qps: 24288.90 (r/w/o: 21251.89/0.00/3037.01) lat (ms,95%): 43.39 err/s: 0.00 reconn/s: 0.00
[ 280s ] thds: 48 tps: 1475.33 qps: 23609.65 (r/w/o: 20659.00/0.00/2950.66) lat (ms,95%): 47.47 err/s: 0.00 reconn/s: 0.00
[ 290s ] thds: 48 tps: 1515.75 qps: 24254.83 (r/w/o: 21223.43/0.00/3031.40) lat (ms,95%): 43.39 err/s: 0.00 reconn/s: 0.00
[ 300s ] thds: 48 tps: 1504.92 qps: 24077.73 (r/w/o: 21067.79/0.00/3009.94) lat (ms,95%): 44.98 err/s: 0.00 reconn/s: 0.00
[ 310s ] thds: 48 tps: 1514.68 qps: 24241.82 (r/w/o: 21212.47/0.00/3029.35) lat (ms,95%): 44.17 err/s: 0.00 reconn/s: 0.00
[ 320s ] thds: 48 tps: 1520.42 qps: 24320.71 (r/w/o: 21280.07/0.00/3040.64) lat (ms,95%): 43.39 err/s: 0.00 reconn/s: 0.00
[ 330s ] thds: 48 tps: 1518.46 qps: 24291.09 (r/w/o: 21253.98/0.00/3037.11) lat (ms,95%): 43.39 err/s: 0.00 reconn/s: 0.00
[ 340s ] thds: 48 tps: 1504.51 qps: 24078.72 (r/w/o: 21069.80/0.00/3008.93) lat (ms,95%): 44.17 err/s: 0.00 reconn/s: 0.00
[ 350s ] thds: 48 tps: 1505.23 qps: 24079.35 (r/w/o: 21068.88/0.00/3010.47) lat (ms,95%): 44.98 err/s: 0.00 reconn/s: 0.00
[ 360s ] thds: 48 tps: 1509.20 qps: 24153.64 (r/w/o: 21135.15/0.00/3018.49) lat (ms,95%): 44.98 err/s: 0.00 reconn/s: 0.00
[ 370s ] thds: 48 tps: 1522.20 qps: 24354.47 (r/w/o: 21310.16/0.00/3044.31) lat (ms,95%): 43.39 err/s: 0.00 reconn/s: 0.00
[ 380s ] thds: 48 tps: 1503.00 qps: 24043.83 (r/w/o: 21037.83/0.00/3006.00) lat (ms,95%): 44.98 err/s: 0.00 reconn/s: 0.00
[ 390s ] thds: 48 tps: 1518.30 qps: 24288.21 (r/w/o: 21251.61/0.00/3036.60) lat (ms,95%): 43.39 err/s: 0.00 reconn/s: 0.00
[ 400s ] thds: 48 tps: 1504.30 qps: 24072.25 (r/w/o: 21064.14/0.00/3008.11) lat (ms,95%): 44.98 err/s: 0.00 reconn/s: 0.00
[ 410s ] thds: 48 tps: 1511.09 qps: 24177.20 (r/w/o: 21154.62/0.00/3022.59) lat (ms,95%): 44.17 err/s: 0.00 reconn/s: 0.00
[ 420s ] thds: 48 tps: 1516.80 qps: 24274.94 (r/w/o: 21241.14/0.00/3033.81) lat (ms,95%): 44.17 err/s: 0.00 reconn/s: 0.00
[ 430s ] thds: 48 tps: 1511.21 qps: 24167.68 (r/w/o: 21145.47/0.00/3022.21) lat (ms,95%): 44.98 err/s: 0.00 reconn/s: 0.00
[ 440s ] thds: 48 tps: 1505.99 qps: 24101.29 (r/w/o: 21089.20/0.00/3012.09) lat (ms,95%): 45.79 err/s: 0.00 reconn/s: 0.00
[ 450s ] thds: 48 tps: 1516.71 qps: 24271.38 (r/w/o: 21237.97/0.00/3033.41) lat (ms,95%): 43.39 err/s: 0.00 reconn/s: 0.00
[ 460s ] thds: 48 tps: 1506.57 qps: 24103.76 (r/w/o: 21090.53/0.00/3013.23) lat (ms,95%): 44.98 err/s: 0.00 reconn/s: 0.00
[ 470s ] thds: 48 tps: 1521.33 qps: 24338.89 (r/w/o: 21296.53/0.00/3042.36) lat (ms,95%): 43.39 err/s: 0.00 reconn/s: 0.00
[ 480s ] thds: 48 tps: 1509.40 qps: 24148.59 (r/w/o: 21129.49/0.00/3019.10) lat (ms,95%): 45.79 err/s: 0.00 reconn/s: 0.00
[ 490s ] thds: 48 tps: 1512.25 qps: 24191.94 (r/w/o: 21167.45/0.00/3024.49) lat (ms,95%): 42.61 err/s: 0.00 reconn/s: 0.00
[ 500s ] thds: 48 tps: 1516.36 qps: 24265.51 (r/w/o: 21232.80/0.00/3032.71) lat (ms,95%): 44.17 err/s: 0.00 reconn/s: 0.00
[ 510s ] thds: 48 tps: 1504.59 qps: 24074.48 (r/w/o: 21065.29/0.00/3009.18) lat (ms,95%): 46.63 err/s: 0.00 reconn/s: 0.00
[ 520s ] thds: 48 tps: 1515.70 qps: 24252.17 (r/w/o: 21221.06/0.00/3031.11) lat (ms,95%): 44.17 err/s: 0.00 reconn/s: 0.00
[ 530s ] thds: 48 tps: 1522.80 qps: 24372.23 (r/w/o: 21326.42/0.00/3045.80) lat (ms,95%): 43.39 err/s: 0.00 reconn/s: 0.00
[ 540s ] thds: 48 tps: 1511.23 qps: 24175.94 (r/w/o: 21153.59/0.00/3022.36) lat (ms,95%): 44.98 err/s: 0.00 reconn/s: 0.00
[ 550s ] thds: 48 tps: 1510.67 qps: 24171.48 (r/w/o: 21150.03/0.00/3021.45) lat (ms,95%): 43.39 err/s: 0.00 reconn/s: 0.00
[ 560s ] thds: 48 tps: 1502.87 qps: 24041.29 (r/w/o: 21035.54/0.00/3005.75) lat (ms,95%): 46.63 err/s: 0.00 reconn/s: 0.00
[ 570s ] thds: 48 tps: 1517.53 qps: 24269.26 (r/w/o: 21236.71/0.00/3032.56) lat (ms,95%): 42.61 err/s: 0.00 reconn/s: 0.00
[ 580s ] thds: 48 tps: 1504.80 qps: 24091.72 (r/w/o: 21079.62/0.00/3012.10) lat (ms,95%): 45.79 err/s: 0.00 reconn/s: 0.00
[ 590s ] thds: 48 tps: 1510.59 qps: 24168.17 (r/w/o: 21147.00/0.00/3021.17) lat (ms,95%): 44.98 err/s: 0.00 reconn/s: 0.00
[ 600s ] thds: 48 tps: 1521.31 qps: 24331.78 (r/w/o: 21289.06/0.00/3042.72) lat (ms,95%): 43.39 err/s: 0.00 reconn/s: 0.00
SQL statistics:
    queries performed:
        read:                            12692890
        write:                           0
        other:                           1813270
        total:                           14506160
    transactions:                        906635 (1510.86 per sec.)
    queries:                             14506160 (24173.82 per sec.)
    ignored errors:                      0      (0.00 per sec.)
    reconnects:                          0      (0.00 per sec.)

General statistics:
    total time:                          600.0747s
    total number of events:              906635

Latency (ms):
         min:                                   10.39
         avg:                                   31.76
         max:                                  109.16
         95th percentile:                       44.17
         sum:                             28799093.42

Threads fairness:
    events (avg/stddev):           18888.2292/19.76
    execution time (avg/stddev):   599.9811/0.01

