sysbench 1.0.20 (using bundled LuaJIT 2.1.0-beta2)

Running the test with following options:
Number of threads: 48
Report intermediate results every 10 second(s)
Initializing random number generator from current time


Initializing worker threads...

Threads started!

[ 10s ] thds: 48 tps: 899.59 qps: 18047.69 (r/w/o: 12642.05/3558.27/1847.37) lat (ms,95%): 74.46 err/s: 0.00 reconn/s: 0.00
[ 20s ] thds: 48 tps: 940.33 qps: 18799.73 (r/w/o: 13159.57/3713.00/1927.15) lat (ms,95%): 68.05 err/s: 0.00 reconn/s: 0.00
[ 30s ] thds: 48 tps: 940.10 qps: 18802.56 (r/w/o: 13160.04/3716.91/1925.61) lat (ms,95%): 70.55 err/s: 0.00 reconn/s: 0.00
[ 40s ] thds: 48 tps: 942.00 qps: 18853.21 (r/w/o: 13198.61/3726.00/1928.60) lat (ms,95%): 66.84 err/s: 0.00 reconn/s: 0.00
[ 50s ] thds: 48 tps: 943.08 qps: 18852.41 (r/w/o: 13195.93/3723.72/1932.76) lat (ms,95%): 71.83 err/s: 0.00 reconn/s: 0.00
[ 60s ] thds: 48 tps: 953.20 qps: 19055.08 (r/w/o: 13338.29/3764.50/1952.30) lat (ms,95%): 65.65 err/s: 0.00 reconn/s: 0.00
[ 70s ] thds: 48 tps: 958.20 qps: 19160.08 (r/w/o: 13411.75/3788.12/1960.21) lat (ms,95%): 65.65 err/s: 0.00 reconn/s: 0.00
[ 80s ] thds: 48 tps: 946.40 qps: 18940.06 (r/w/o: 13258.54/3745.11/1936.41) lat (ms,95%): 70.55 err/s: 0.00 reconn/s: 0.00
[ 90s ] thds: 48 tps: 960.39 qps: 19207.39 (r/w/o: 13444.52/3793.88/1968.99) lat (ms,95%): 66.84 err/s: 0.00 reconn/s: 0.00
[ 100s ] thds: 48 tps: 944.41 qps: 18887.94 (r/w/o: 13222.40/3733.23/1932.31) lat (ms,95%): 68.05 err/s: 0.00 reconn/s: 0.00
[ 110s ] thds: 48 tps: 952.79 qps: 19059.96 (r/w/o: 13344.90/3764.67/1950.39) lat (ms,95%): 66.84 err/s: 0.00 reconn/s: 0.00
[ 120s ] thds: 48 tps: 949.90 qps: 18991.81 (r/w/o: 13291.40/3757.20/1943.20) lat (ms,95%): 70.55 err/s: 0.00 reconn/s: 0.00
[ 130s ] thds: 48 tps: 951.90 qps: 19041.34 (r/w/o: 13331.23/3764.51/1945.60) lat (ms,95%): 66.84 err/s: 0.00 reconn/s: 0.00
[ 140s ] thds: 48 tps: 966.11 qps: 19317.82 (r/w/o: 13520.55/3822.14/1975.12) lat (ms,95%): 64.47 err/s: 0.00 reconn/s: 0.00
[ 150s ] thds: 48 tps: 952.61 qps: 19054.14 (r/w/o: 13335.89/3773.53/1944.71) lat (ms,95%): 70.55 err/s: 0.00 reconn/s: 0.00
[ 160s ] thds: 48 tps: 954.60 qps: 19083.98 (r/w/o: 13359.69/3772.30/1952.00) lat (ms,95%): 66.84 err/s: 0.00 reconn/s: 0.00
[ 170s ] thds: 48 tps: 962.90 qps: 19266.27 (r/w/o: 13486.45/3806.71/1973.11) lat (ms,95%): 65.65 err/s: 0.00 reconn/s: 0.00
[ 180s ] thds: 48 tps: 955.30 qps: 19106.70 (r/w/o: 13377.40/3775.00/1954.30) lat (ms,95%): 70.55 err/s: 0.00 reconn/s: 0.00
[ 190s ] thds: 48 tps: 952.10 qps: 19047.96 (r/w/o: 13330.97/3771.29/1945.70) lat (ms,95%): 66.84 err/s: 0.00 reconn/s: 0.00
[ 200s ] thds: 48 tps: 966.30 qps: 19330.14 (r/w/o: 13530.26/3827.49/1972.39) lat (ms,95%): 65.65 err/s: 0.00 reconn/s: 0.00
[ 210s ] thds: 48 tps: 960.40 qps: 19208.07 (r/w/o: 13447.25/3797.71/1963.11) lat (ms,95%): 68.05 err/s: 0.00 reconn/s: 0.00
[ 220s ] thds: 48 tps: 939.40 qps: 18770.48 (r/w/o: 13137.98/3713.40/1919.10) lat (ms,95%): 71.83 err/s: 0.00 reconn/s: 0.00
[ 230s ] thds: 48 tps: 967.90 qps: 19359.32 (r/w/o: 13552.21/3828.00/1979.10) lat (ms,95%): 64.47 err/s: 0.00 reconn/s: 0.00
[ 240s ] thds: 48 tps: 961.40 qps: 19231.28 (r/w/o: 13463.35/3802.92/1965.01) lat (ms,95%): 68.05 err/s: 0.00 reconn/s: 0.00
[ 250s ] thds: 48 tps: 963.59 qps: 19274.67 (r/w/o: 13491.61/3814.97/1968.09) lat (ms,95%): 66.84 err/s: 0.00 reconn/s: 0.00
[ 260s ] thds: 48 tps: 955.20 qps: 19106.47 (r/w/o: 13375.05/3778.81/1952.61) lat (ms,95%): 69.29 err/s: 0.00 reconn/s: 0.00
[ 270s ] thds: 48 tps: 967.70 qps: 19352.07 (r/w/o: 13546.98/3828.69/1976.40) lat (ms,95%): 65.65 err/s: 0.00 reconn/s: 0.00
[ 280s ] thds: 48 tps: 948.90 qps: 18975.85 (r/w/o: 13281.74/3755.51/1938.61) lat (ms,95%): 69.29 err/s: 0.00 reconn/s: 0.00
[ 290s ] thds: 48 tps: 965.60 qps: 19322.60 (r/w/o: 13525.90/3823.80/1972.90) lat (ms,95%): 65.65 err/s: 0.00 reconn/s: 0.00
[ 300s ] thds: 48 tps: 968.00 qps: 19350.74 (r/w/o: 13545.56/3825.09/1980.09) lat (ms,95%): 64.47 err/s: 0.00 reconn/s: 0.00
[ 310s ] thds: 48 tps: 956.60 qps: 19149.94 (r/w/o: 13405.53/3789.61/1954.80) lat (ms,95%): 71.83 err/s: 0.00 reconn/s: 0.00
[ 320s ] thds: 48 tps: 975.10 qps: 19478.79 (r/w/o: 13629.69/3856.60/1992.50) lat (ms,95%): 66.84 err/s: 0.00 reconn/s: 0.00
[ 330s ] thds: 48 tps: 972.30 qps: 19440.23 (r/w/o: 13610.65/3844.69/1984.89) lat (ms,95%): 65.65 err/s: 0.00 reconn/s: 0.00
[ 340s ] thds: 48 tps: 955.30 qps: 19124.06 (r/w/o: 13390.14/3780.61/1953.31) lat (ms,95%): 69.29 err/s: 0.00 reconn/s: 0.00
[ 350s ] thds: 48 tps: 969.90 qps: 19382.96 (r/w/o: 13566.37/3833.59/1983.00) lat (ms,95%): 65.65 err/s: 0.00 reconn/s: 0.00
[ 360s ] thds: 48 tps: 973.10 qps: 19471.52 (r/w/o: 13632.02/3849.70/1989.80) lat (ms,95%): 64.47 err/s: 0.00 reconn/s: 0.00
[ 370s ] thds: 48 tps: 963.10 qps: 19259.12 (r/w/o: 13481.21/3810.80/1967.10) lat (ms,95%): 68.05 err/s: 0.00 reconn/s: 0.00
[ 380s ] thds: 48 tps: 971.50 qps: 19432.71 (r/w/o: 13603.21/3846.80/1982.70) lat (ms,95%): 65.65 err/s: 0.00 reconn/s: 0.00
[ 390s ] thds: 48 tps: 963.20 qps: 19262.78 (r/w/o: 13483.68/3811.50/1967.60) lat (ms,95%): 69.29 err/s: 0.00 reconn/s: 0.00
[ 400s ] thds: 48 tps: 962.60 qps: 19263.43 (r/w/o: 13487.22/3810.81/1965.40) lat (ms,95%): 66.84 err/s: 0.00 reconn/s: 0.00
[ 410s ] thds: 48 tps: 968.00 qps: 19357.75 (r/w/o: 13545.43/3835.11/1977.20) lat (ms,95%): 66.84 err/s: 0.00 reconn/s: 0.00
[ 420s ] thds: 48 tps: 971.00 qps: 19416.81 (r/w/o: 13592.84/3836.88/1987.09) lat (ms,95%): 65.65 err/s: 0.00 reconn/s: 0.00
[ 430s ] thds: 48 tps: 958.40 qps: 19161.59 (r/w/o: 13413.40/3790.60/1957.60) lat (ms,95%): 68.05 err/s: 0.00 reconn/s: 0.00
[ 440s ] thds: 48 tps: 969.20 qps: 19374.13 (r/w/o: 13559.45/3836.69/1977.99) lat (ms,95%): 66.84 err/s: 0.00 reconn/s: 0.00
[ 450s ] thds: 48 tps: 973.51 qps: 19482.63 (r/w/o: 13640.39/3854.33/1987.91) lat (ms,95%): 66.84 err/s: 0.00 reconn/s: 0.00
[ 460s ] thds: 48 tps: 956.30 qps: 19118.93 (r/w/o: 13382.65/3783.89/1952.39) lat (ms,95%): 69.29 err/s: 0.00 reconn/s: 0.00
[ 470s ] thds: 48 tps: 965.60 qps: 19309.34 (r/w/o: 13516.63/3819.51/1973.20) lat (ms,95%): 68.05 err/s: 0.00 reconn/s: 0.00
[ 480s ] thds: 48 tps: 972.30 qps: 19438.52 (r/w/o: 13604.01/3848.80/1985.70) lat (ms,95%): 65.65 err/s: 0.00 reconn/s: 0.00
[ 490s ] thds: 48 tps: 972.20 qps: 19450.83 (r/w/o: 13618.22/3847.41/1985.20) lat (ms,95%): 65.65 err/s: 0.00 reconn/s: 0.00
[ 500s ] thds: 48 tps: 964.80 qps: 19307.63 (r/w/o: 13516.45/3820.49/1970.69) lat (ms,95%): 69.29 err/s: 0.00 reconn/s: 0.00
[ 510s ] thds: 48 tps: 974.60 qps: 19486.96 (r/w/o: 13638.77/3862.29/1985.90) lat (ms,95%): 64.47 err/s: 0.00 reconn/s: 0.00
[ 520s ] thds: 48 tps: 964.61 qps: 19285.64 (r/w/o: 13499.99/3816.33/1969.31) lat (ms,95%): 65.65 err/s: 0.00 reconn/s: 0.00
[ 530s ] thds: 48 tps: 903.70 qps: 18097.08 (r/w/o: 12671.89/3577.30/1847.90) lat (ms,95%): 78.60 err/s: 0.00 reconn/s: 0.00
[ 540s ] thds: 48 tps: 969.20 qps: 19361.06 (r/w/o: 13547.37/3836.09/1977.60) lat (ms,95%): 66.84 err/s: 0.00 reconn/s: 0.00
[ 550s ] thds: 48 tps: 969.00 qps: 19393.96 (r/w/o: 13583.27/3835.39/1975.30) lat (ms,95%): 64.47 err/s: 0.00 reconn/s: 0.00
[ 560s ] thds: 48 tps: 969.00 qps: 19372.92 (r/w/o: 13556.82/3837.30/1978.80) lat (ms,95%): 65.65 err/s: 0.00 reconn/s: 0.00
[ 570s ] thds: 48 tps: 961.10 qps: 19221.31 (r/w/o: 13455.41/3804.40/1961.50) lat (ms,95%): 70.55 err/s: 0.00 reconn/s: 0.00
[ 580s ] thds: 48 tps: 966.10 qps: 19321.62 (r/w/o: 13524.81/3825.60/1971.20) lat (ms,95%): 66.84 err/s: 0.00 reconn/s: 0.00
[ 590s ] thds: 48 tps: 963.80 qps: 19270.29 (r/w/o: 13486.79/3818.00/1965.50) lat (ms,95%): 69.29 err/s: 0.00 reconn/s: 0.00
[ 600s ] thds: 48 tps: 978.10 qps: 19573.38 (r/w/o: 13701.29/3877.10/1995.00) lat (ms,95%): 64.47 err/s: 0.00 reconn/s: 0.00
SQL statistics:
    queries performed:
        read:                            8056790
        write:                           2276784
        other:                           1176126
        total:                           11509700
    transactions:                        575485 (958.96 per sec.)
    queries:                             11509700 (19179.11 per sec.)
    ignored errors:                      0      (0.00 per sec.)
    reconnects:                          0      (0.00 per sec.)

General statistics:
    total time:                          600.1132s
    total number of events:              575485

Latency (ms):
         min:                                   18.98
         avg:                                   50.05
         max:                                  267.64
         95th percentile:                       68.05
         sum:                             28800327.50

Threads fairness:
    events (avg/stddev):           11989.2708/13.82
    execution time (avg/stddev):   600.0068/0.03

