sysbench 1.0.20 (using bundled LuaJIT 2.1.0-beta2)

Running the test with following options:
Number of threads: 32
Report intermediate results every 10 second(s)
Initializing random number generator from current time


Initializing worker threads...

Threads started!

[ 10s ] thds: 32 tps: 1340.29 qps: 21476.50 (r/w/o: 18792.92/0.00/2683.58) lat (ms,95%): 34.95 err/s: 0.00 reconn/s: 0.00
[ 20s ] thds: 32 tps: 1353.34 qps: 21642.96 (r/w/o: 18936.48/0.00/2706.48) lat (ms,95%): 34.33 err/s: 0.00 reconn/s: 0.00
[ 30s ] thds: 32 tps: 1372.50 qps: 21962.68 (r/w/o: 19217.47/0.00/2745.21) lat (ms,95%): 33.72 err/s: 0.00 reconn/s: 0.00
[ 40s ] thds: 32 tps: 1383.40 qps: 22138.14 (r/w/o: 19371.15/0.00/2766.99) lat (ms,95%): 33.12 err/s: 0.00 reconn/s: 0.00
[ 50s ] thds: 32 tps: 1360.40 qps: 21769.54 (r/w/o: 19048.73/0.00/2720.80) lat (ms,95%): 34.33 err/s: 0.00 reconn/s: 0.00
[ 60s ] thds: 32 tps: 1363.90 qps: 21821.38 (r/w/o: 19093.58/0.00/2727.80) lat (ms,95%): 33.72 err/s: 0.00 reconn/s: 0.00
[ 70s ] thds: 32 tps: 1396.00 qps: 22331.46 (r/w/o: 19539.57/0.00/2791.90) lat (ms,95%): 32.53 err/s: 0.00 reconn/s: 0.00
[ 80s ] thds: 32 tps: 1399.10 qps: 22382.67 (r/w/o: 19584.56/0.00/2798.11) lat (ms,95%): 32.53 err/s: 0.00 reconn/s: 0.00
[ 90s ] thds: 32 tps: 1506.20 qps: 24102.44 (r/w/o: 21089.84/0.00/3012.59) lat (ms,95%): 28.67 err/s: 0.00 reconn/s: 0.00
[ 100s ] thds: 32 tps: 1514.00 qps: 24218.91 (r/w/o: 21191.01/0.00/3027.90) lat (ms,95%): 28.16 err/s: 0.00 reconn/s: 0.00
[ 110s ] thds: 32 tps: 1513.69 qps: 24225.01 (r/w/o: 21197.62/0.00/3027.39) lat (ms,95%): 28.16 err/s: 0.00 reconn/s: 0.00
[ 120s ] thds: 32 tps: 1520.51 qps: 24330.65 (r/w/o: 21289.53/0.00/3041.12) lat (ms,95%): 28.67 err/s: 0.00 reconn/s: 0.00
[ 130s ] thds: 32 tps: 1520.30 qps: 24325.39 (r/w/o: 21284.99/0.00/3040.40) lat (ms,95%): 28.16 err/s: 0.00 reconn/s: 0.00
[ 140s ] thds: 32 tps: 1520.38 qps: 24325.61 (r/w/o: 21284.86/0.00/3040.75) lat (ms,95%): 28.67 err/s: 0.00 reconn/s: 0.00
[ 150s ] thds: 32 tps: 1519.02 qps: 24301.87 (r/w/o: 21263.63/0.00/3038.23) lat (ms,95%): 28.67 err/s: 0.00 reconn/s: 0.00
[ 160s ] thds: 32 tps: 1524.75 qps: 24386.05 (r/w/o: 21336.54/0.00/3049.51) lat (ms,95%): 28.67 err/s: 0.00 reconn/s: 0.00
[ 170s ] thds: 32 tps: 1523.95 qps: 24392.06 (r/w/o: 21344.15/0.00/3047.91) lat (ms,95%): 28.67 err/s: 0.00 reconn/s: 0.00
[ 180s ] thds: 32 tps: 1521.69 qps: 24347.71 (r/w/o: 21304.42/0.00/3043.29) lat (ms,95%): 28.16 err/s: 0.00 reconn/s: 0.00
[ 190s ] thds: 32 tps: 1528.00 qps: 24443.47 (r/w/o: 21387.77/0.00/3055.71) lat (ms,95%): 28.16 err/s: 0.00 reconn/s: 0.00
[ 200s ] thds: 32 tps: 1520.99 qps: 24337.96 (r/w/o: 21296.09/0.00/3041.87) lat (ms,95%): 27.66 err/s: 0.00 reconn/s: 0.00
[ 210s ] thds: 32 tps: 1528.82 qps: 24467.25 (r/w/o: 21409.22/0.00/3058.03) lat (ms,95%): 28.16 err/s: 0.00 reconn/s: 0.00
[ 220s ] thds: 32 tps: 1524.90 qps: 24397.27 (r/w/o: 21347.36/0.00/3049.91) lat (ms,95%): 28.67 err/s: 0.00 reconn/s: 0.00
[ 230s ] thds: 32 tps: 1527.40 qps: 24434.83 (r/w/o: 21380.14/0.00/3054.69) lat (ms,95%): 27.66 err/s: 0.00 reconn/s: 0.00
[ 240s ] thds: 32 tps: 1526.28 qps: 24419.34 (r/w/o: 21366.67/0.00/3052.67) lat (ms,95%): 27.66 err/s: 0.00 reconn/s: 0.00
[ 250s ] thds: 32 tps: 1529.62 qps: 24479.35 (r/w/o: 21420.12/0.00/3059.23) lat (ms,95%): 28.16 err/s: 0.00 reconn/s: 0.00
[ 260s ] thds: 32 tps: 1518.00 qps: 24285.60 (r/w/o: 21250.00/0.00/3035.60) lat (ms,95%): 28.67 err/s: 0.00 reconn/s: 0.00
[ 270s ] thds: 32 tps: 1527.46 qps: 24432.92 (r/w/o: 21377.80/0.00/3055.11) lat (ms,95%): 27.66 err/s: 0.00 reconn/s: 0.00
[ 280s ] thds: 32 tps: 1529.64 qps: 24485.19 (r/w/o: 21425.81/0.00/3059.39) lat (ms,95%): 27.66 err/s: 0.00 reconn/s: 0.00
[ 290s ] thds: 32 tps: 1519.70 qps: 24310.95 (r/w/o: 21271.45/0.00/3039.51) lat (ms,95%): 28.16 err/s: 0.00 reconn/s: 0.00
[ 300s ] thds: 32 tps: 1530.20 qps: 24485.99 (r/w/o: 21425.69/0.00/3060.30) lat (ms,95%): 27.66 err/s: 0.00 reconn/s: 0.00
[ 310s ] thds: 32 tps: 1534.89 qps: 24551.80 (r/w/o: 21482.13/0.00/3069.68) lat (ms,95%): 27.66 err/s: 0.00 reconn/s: 0.00
[ 320s ] thds: 32 tps: 1518.41 qps: 24297.19 (r/w/o: 21260.46/0.00/3036.72) lat (ms,95%): 28.16 err/s: 0.00 reconn/s: 0.00
[ 330s ] thds: 32 tps: 1529.69 qps: 24474.51 (r/w/o: 21414.92/0.00/3059.59) lat (ms,95%): 27.66 err/s: 0.00 reconn/s: 0.00
[ 340s ] thds: 32 tps: 1522.81 qps: 24363.56 (r/w/o: 21317.84/0.00/3045.72) lat (ms,95%): 29.19 err/s: 0.00 reconn/s: 0.00
[ 350s ] thds: 32 tps: 1526.49 qps: 24425.83 (r/w/o: 21372.95/0.00/3052.88) lat (ms,95%): 28.16 err/s: 0.00 reconn/s: 0.00
[ 360s ] thds: 32 tps: 1530.95 qps: 24494.62 (r/w/o: 21432.72/0.00/3061.90) lat (ms,95%): 27.66 err/s: 0.00 reconn/s: 0.00
[ 370s ] thds: 32 tps: 1527.34 qps: 24437.49 (r/w/o: 21383.02/0.00/3054.47) lat (ms,95%): 28.16 err/s: 0.00 reconn/s: 0.00
[ 380s ] thds: 32 tps: 1515.12 qps: 24241.49 (r/w/o: 21211.05/0.00/3030.44) lat (ms,95%): 28.67 err/s: 0.00 reconn/s: 0.00
[ 390s ] thds: 32 tps: 1528.30 qps: 24455.43 (r/w/o: 21398.74/0.00/3056.69) lat (ms,95%): 27.66 err/s: 0.00 reconn/s: 0.00
[ 400s ] thds: 32 tps: 1529.40 qps: 24470.83 (r/w/o: 21412.13/0.00/3058.70) lat (ms,95%): 28.16 err/s: 0.00 reconn/s: 0.00
[ 410s ] thds: 32 tps: 1525.19 qps: 24400.50 (r/w/o: 21350.31/0.00/3050.19) lat (ms,95%): 28.16 err/s: 0.00 reconn/s: 0.00
[ 420s ] thds: 32 tps: 1525.50 qps: 24412.50 (r/w/o: 21361.20/0.00/3051.30) lat (ms,95%): 28.67 err/s: 0.00 reconn/s: 0.00
[ 430s ] thds: 32 tps: 1523.38 qps: 24370.45 (r/w/o: 21323.88/0.00/3046.57) lat (ms,95%): 28.67 err/s: 0.00 reconn/s: 0.00
[ 440s ] thds: 32 tps: 1529.82 qps: 24474.85 (r/w/o: 21415.20/0.00/3059.64) lat (ms,95%): 27.66 err/s: 0.00 reconn/s: 0.00
[ 450s ] thds: 32 tps: 1531.56 qps: 24506.44 (r/w/o: 21443.22/0.00/3063.22) lat (ms,95%): 28.16 err/s: 0.00 reconn/s: 0.00
[ 460s ] thds: 32 tps: 1522.24 qps: 24355.42 (r/w/o: 21310.93/0.00/3044.49) lat (ms,95%): 28.67 err/s: 0.00 reconn/s: 0.00
[ 470s ] thds: 32 tps: 1524.00 qps: 24386.67 (r/w/o: 21338.58/0.00/3048.10) lat (ms,95%): 27.66 err/s: 0.00 reconn/s: 0.00
[ 480s ] thds: 32 tps: 1527.10 qps: 24426.74 (r/w/o: 21372.74/0.00/3053.99) lat (ms,95%): 27.66 err/s: 0.00 reconn/s: 0.00
[ 490s ] thds: 32 tps: 1529.20 qps: 24476.30 (r/w/o: 21417.80/0.00/3058.50) lat (ms,95%): 28.67 err/s: 0.00 reconn/s: 0.00
[ 500s ] thds: 32 tps: 1500.56 qps: 24005.77 (r/w/o: 21004.65/0.00/3001.12) lat (ms,95%): 29.72 err/s: 0.00 reconn/s: 0.00
[ 510s ] thds: 32 tps: 1527.24 qps: 24436.31 (r/w/o: 21381.82/0.00/3054.49) lat (ms,95%): 28.16 err/s: 0.00 reconn/s: 0.00
[ 520s ] thds: 32 tps: 1528.50 qps: 24456.36 (r/w/o: 21399.35/0.00/3057.01) lat (ms,95%): 28.16 err/s: 0.00 reconn/s: 0.00
[ 530s ] thds: 32 tps: 1520.50 qps: 24329.13 (r/w/o: 21288.04/0.00/3041.09) lat (ms,95%): 28.16 err/s: 0.00 reconn/s: 0.00
[ 540s ] thds: 32 tps: 1527.60 qps: 24440.34 (r/w/o: 21385.14/0.00/3055.21) lat (ms,95%): 28.16 err/s: 0.00 reconn/s: 0.00
[ 550s ] thds: 32 tps: 1527.53 qps: 24433.49 (r/w/o: 21378.53/0.00/3054.96) lat (ms,95%): 28.16 err/s: 0.00 reconn/s: 0.00
[ 560s ] thds: 32 tps: 1520.08 qps: 24332.10 (r/w/o: 21291.94/0.00/3040.16) lat (ms,95%): 28.67 err/s: 0.00 reconn/s: 0.00
[ 570s ] thds: 32 tps: 1531.48 qps: 24497.79 (r/w/o: 21434.73/0.00/3063.06) lat (ms,95%): 27.66 err/s: 0.00 reconn/s: 0.00
[ 580s ] thds: 32 tps: 1527.80 qps: 24448.36 (r/w/o: 21392.76/0.00/3055.61) lat (ms,95%): 28.16 err/s: 0.00 reconn/s: 0.00
[ 590s ] thds: 32 tps: 1522.60 qps: 24357.98 (r/w/o: 21312.78/0.00/3045.20) lat (ms,95%): 28.67 err/s: 0.00 reconn/s: 0.00
[ 600s ] thds: 32 tps: 1524.08 qps: 24387.18 (r/w/o: 21339.12/0.00/3048.06) lat (ms,95%): 28.67 err/s: 0.00 reconn/s: 0.00
SQL statistics:
    queries performed:
        read:                            12631808
        write:                           0
        other:                           1804544
        total:                           14436352
    transactions:                        902272 (1503.67 per sec.)
    queries:                             14436352 (24058.65 per sec.)
    ignored errors:                      0      (0.00 per sec.)
    reconnects:                          0      (0.00 per sec.)

General statistics:
    total time:                          600.0464s
    total number of events:              902272

Latency (ms):
         min:                                    8.40
         avg:                                   21.28
         max:                                   89.20
         95th percentile:                       29.19
         sum:                             19198290.95

Threads fairness:
    events (avg/stddev):           28196.0000/27.58
    execution time (avg/stddev):   599.9466/0.01

