sysbench 1.0.20 (using bundled LuaJIT 2.1.0-beta2)

Running the test with following options:
Number of threads: 32
Report intermediate results every 10 second(s)
Initializing random number generator from current time


Initializing worker threads...

Threads started!

[ 10s ] thds: 32 tps: 1333.04 qps: 21358.59 (r/w/o: 18689.52/0.00/2669.07) lat (ms,95%): 34.95 err/s: 0.00 reconn/s: 0.00
[ 20s ] thds: 32 tps: 1359.58 qps: 21750.03 (r/w/o: 19030.76/0.00/2719.27) lat (ms,95%): 34.33 err/s: 0.00 reconn/s: 0.00
[ 30s ] thds: 32 tps: 1376.11 qps: 22020.49 (r/w/o: 19268.17/0.00/2752.32) lat (ms,95%): 33.12 err/s: 0.00 reconn/s: 0.00
[ 40s ] thds: 32 tps: 1367.40 qps: 21874.23 (r/w/o: 19139.43/0.00/2734.80) lat (ms,95%): 33.72 err/s: 0.00 reconn/s: 0.00
[ 50s ] thds: 32 tps: 1432.30 qps: 22915.04 (r/w/o: 20050.53/0.00/2864.50) lat (ms,95%): 30.81 err/s: 0.00 reconn/s: 0.00
[ 60s ] thds: 32 tps: 1502.45 qps: 24042.28 (r/w/o: 21037.28/0.00/3005.00) lat (ms,95%): 28.67 err/s: 0.00 reconn/s: 0.00
[ 70s ] thds: 32 tps: 1505.03 qps: 24083.45 (r/w/o: 21073.49/0.00/3009.96) lat (ms,95%): 29.19 err/s: 0.00 reconn/s: 0.00
[ 80s ] thds: 32 tps: 1514.42 qps: 24224.32 (r/w/o: 21195.88/0.00/3028.44) lat (ms,95%): 28.16 err/s: 0.00 reconn/s: 0.00
[ 90s ] thds: 32 tps: 1514.05 qps: 24226.29 (r/w/o: 21197.79/0.00/3028.50) lat (ms,95%): 28.16 err/s: 0.00 reconn/s: 0.00
[ 100s ] thds: 32 tps: 1518.38 qps: 24294.35 (r/w/o: 21257.48/0.00/3036.87) lat (ms,95%): 28.16 err/s: 0.00 reconn/s: 0.00
[ 110s ] thds: 32 tps: 1513.87 qps: 24221.11 (r/w/o: 21193.57/0.00/3027.54) lat (ms,95%): 28.67 err/s: 0.00 reconn/s: 0.00
[ 120s ] thds: 32 tps: 1516.70 qps: 24268.53 (r/w/o: 21235.14/0.00/3033.39) lat (ms,95%): 28.16 err/s: 0.00 reconn/s: 0.00
[ 130s ] thds: 32 tps: 1518.99 qps: 24308.54 (r/w/o: 21270.36/0.00/3038.18) lat (ms,95%): 28.67 err/s: 0.00 reconn/s: 0.00
[ 140s ] thds: 32 tps: 1521.21 qps: 24344.34 (r/w/o: 21301.91/0.00/3042.43) lat (ms,95%): 27.66 err/s: 0.00 reconn/s: 0.00
[ 150s ] thds: 32 tps: 1522.30 qps: 24351.74 (r/w/o: 21307.15/0.00/3044.59) lat (ms,95%): 27.66 err/s: 0.00 reconn/s: 0.00
[ 160s ] thds: 32 tps: 1520.66 qps: 24325.92 (r/w/o: 21284.91/0.00/3041.02) lat (ms,95%): 28.67 err/s: 0.00 reconn/s: 0.00
[ 170s ] thds: 32 tps: 1516.51 qps: 24263.92 (r/w/o: 21230.80/0.00/3033.11) lat (ms,95%): 28.67 err/s: 0.00 reconn/s: 0.00
[ 180s ] thds: 32 tps: 1519.59 qps: 24307.82 (r/w/o: 21268.53/0.00/3039.29) lat (ms,95%): 28.67 err/s: 0.00 reconn/s: 0.00
[ 190s ] thds: 32 tps: 1526.25 qps: 24422.04 (r/w/o: 21370.65/0.00/3051.39) lat (ms,95%): 28.16 err/s: 0.00 reconn/s: 0.00
[ 200s ] thds: 32 tps: 1521.70 qps: 24350.34 (r/w/o: 21306.53/0.00/3043.80) lat (ms,95%): 28.67 err/s: 0.00 reconn/s: 0.00
[ 210s ] thds: 32 tps: 1517.19 qps: 24276.34 (r/w/o: 21241.66/0.00/3034.68) lat (ms,95%): 28.16 err/s: 0.00 reconn/s: 0.00
[ 220s ] thds: 32 tps: 1525.99 qps: 24414.41 (r/w/o: 21362.12/0.00/3052.29) lat (ms,95%): 28.16 err/s: 0.00 reconn/s: 0.00
[ 230s ] thds: 32 tps: 1525.08 qps: 24401.33 (r/w/o: 21350.97/0.00/3050.35) lat (ms,95%): 28.16 err/s: 0.00 reconn/s: 0.00
[ 240s ] thds: 32 tps: 1526.23 qps: 24421.21 (r/w/o: 21368.85/0.00/3052.36) lat (ms,95%): 27.66 err/s: 0.00 reconn/s: 0.00
[ 250s ] thds: 32 tps: 1527.40 qps: 24440.91 (r/w/o: 21386.01/0.00/3054.90) lat (ms,95%): 28.16 err/s: 0.00 reconn/s: 0.00
[ 260s ] thds: 32 tps: 1519.80 qps: 24316.23 (r/w/o: 21276.84/0.00/3039.39) lat (ms,95%): 28.16 err/s: 0.00 reconn/s: 0.00
[ 270s ] thds: 32 tps: 1526.70 qps: 24424.96 (r/w/o: 21371.57/0.00/3053.40) lat (ms,95%): 27.66 err/s: 0.00 reconn/s: 0.00
[ 280s ] thds: 32 tps: 1524.39 qps: 24393.62 (r/w/o: 21345.05/0.00/3048.58) lat (ms,95%): 28.16 err/s: 0.00 reconn/s: 0.00
[ 290s ] thds: 32 tps: 1522.11 qps: 24348.35 (r/w/o: 21303.73/0.00/3044.62) lat (ms,95%): 28.67 err/s: 0.00 reconn/s: 0.00
[ 300s ] thds: 32 tps: 1526.21 qps: 24424.66 (r/w/o: 21372.44/0.00/3052.22) lat (ms,95%): 28.16 err/s: 0.00 reconn/s: 0.00
[ 310s ] thds: 32 tps: 1529.39 qps: 24470.72 (r/w/o: 21411.73/0.00/3058.99) lat (ms,95%): 28.67 err/s: 0.00 reconn/s: 0.00
[ 320s ] thds: 32 tps: 1525.21 qps: 24398.13 (r/w/o: 21347.71/0.00/3050.42) lat (ms,95%): 28.67 err/s: 0.00 reconn/s: 0.00
[ 330s ] thds: 32 tps: 1526.19 qps: 24419.31 (r/w/o: 21367.02/0.00/3052.29) lat (ms,95%): 28.16 err/s: 0.00 reconn/s: 0.00
[ 340s ] thds: 32 tps: 1526.18 qps: 24420.15 (r/w/o: 21367.68/0.00/3052.47) lat (ms,95%): 28.67 err/s: 0.00 reconn/s: 0.00
[ 350s ] thds: 32 tps: 1526.22 qps: 24417.45 (r/w/o: 21365.02/0.00/3052.43) lat (ms,95%): 28.67 err/s: 0.00 reconn/s: 0.00
[ 360s ] thds: 32 tps: 1529.37 qps: 24469.09 (r/w/o: 21410.44/0.00/3058.65) lat (ms,95%): 28.16 err/s: 0.00 reconn/s: 0.00
[ 370s ] thds: 32 tps: 1529.72 qps: 24476.72 (r/w/o: 21417.18/0.00/3059.54) lat (ms,95%): 28.16 err/s: 0.00 reconn/s: 0.00
[ 380s ] thds: 32 tps: 1527.01 qps: 24431.00 (r/w/o: 21377.19/0.00/3053.81) lat (ms,95%): 28.16 err/s: 0.00 reconn/s: 0.00
[ 390s ] thds: 32 tps: 1520.80 qps: 24335.73 (r/w/o: 21293.94/0.00/3041.79) lat (ms,95%): 29.19 err/s: 0.00 reconn/s: 0.00
[ 400s ] thds: 32 tps: 1529.40 qps: 24472.29 (r/w/o: 21413.69/0.00/3058.60) lat (ms,95%): 27.66 err/s: 0.00 reconn/s: 0.00
[ 410s ] thds: 32 tps: 1506.70 qps: 24109.41 (r/w/o: 21095.81/0.00/3013.60) lat (ms,95%): 28.67 err/s: 0.00 reconn/s: 0.00
[ 420s ] thds: 32 tps: 1524.00 qps: 24380.07 (r/w/o: 21332.27/0.00/3047.80) lat (ms,95%): 28.67 err/s: 0.00 reconn/s: 0.00
[ 430s ] thds: 32 tps: 1530.07 qps: 24486.14 (r/w/o: 21425.80/0.00/3060.34) lat (ms,95%): 28.16 err/s: 0.00 reconn/s: 0.00
[ 440s ] thds: 32 tps: 1524.24 qps: 24382.29 (r/w/o: 21333.91/0.00/3048.37) lat (ms,95%): 28.16 err/s: 0.00 reconn/s: 0.00
[ 450s ] thds: 32 tps: 1523.81 qps: 24385.20 (r/w/o: 21337.59/0.00/3047.61) lat (ms,95%): 28.16 err/s: 0.00 reconn/s: 0.00
[ 460s ] thds: 32 tps: 1529.59 qps: 24472.58 (r/w/o: 21413.29/0.00/3059.28) lat (ms,95%): 27.66 err/s: 0.00 reconn/s: 0.00
[ 470s ] thds: 32 tps: 1525.60 qps: 24406.67 (r/w/o: 21355.76/0.00/3050.91) lat (ms,95%): 28.16 err/s: 0.00 reconn/s: 0.00
[ 480s ] thds: 32 tps: 1530.49 qps: 24487.27 (r/w/o: 21426.59/0.00/3060.68) lat (ms,95%): 28.16 err/s: 0.00 reconn/s: 0.00
[ 490s ] thds: 32 tps: 1532.31 qps: 24513.15 (r/w/o: 21447.93/0.00/3065.22) lat (ms,95%): 28.16 err/s: 0.00 reconn/s: 0.00
[ 500s ] thds: 32 tps: 1520.99 qps: 24340.41 (r/w/o: 21298.42/0.00/3041.99) lat (ms,95%): 28.16 err/s: 0.00 reconn/s: 0.00
[ 510s ] thds: 32 tps: 1526.21 qps: 24422.52 (r/w/o: 21370.21/0.00/3052.32) lat (ms,95%): 28.16 err/s: 0.00 reconn/s: 0.00
[ 520s ] thds: 32 tps: 1533.65 qps: 24536.42 (r/w/o: 21469.22/0.00/3067.20) lat (ms,95%): 28.16 err/s: 0.00 reconn/s: 0.00
[ 530s ] thds: 32 tps: 1519.84 qps: 24313.54 (r/w/o: 21273.86/0.00/3039.68) lat (ms,95%): 28.16 err/s: 0.00 reconn/s: 0.00
[ 540s ] thds: 32 tps: 1527.70 qps: 24444.73 (r/w/o: 21389.13/0.00/3055.60) lat (ms,95%): 28.16 err/s: 0.00 reconn/s: 0.00
[ 550s ] thds: 32 tps: 1525.90 qps: 24417.45 (r/w/o: 21365.86/0.00/3051.59) lat (ms,95%): 28.16 err/s: 0.00 reconn/s: 0.00
[ 560s ] thds: 32 tps: 1521.58 qps: 24348.57 (r/w/o: 21305.21/0.00/3043.36) lat (ms,95%): 28.67 err/s: 0.00 reconn/s: 0.00
[ 570s ] thds: 32 tps: 1532.59 qps: 24517.47 (r/w/o: 21452.28/0.00/3065.18) lat (ms,95%): 27.66 err/s: 0.00 reconn/s: 0.00
[ 580s ] thds: 32 tps: 1527.44 qps: 24441.49 (r/w/o: 21386.61/0.00/3054.87) lat (ms,95%): 28.67 err/s: 0.00 reconn/s: 0.00
[ 590s ] thds: 32 tps: 1528.39 qps: 24455.51 (r/w/o: 21398.82/0.00/3056.69) lat (ms,95%): 28.16 err/s: 0.00 reconn/s: 0.00
[ 600s ] thds: 32 tps: 1523.10 qps: 24365.02 (r/w/o: 21318.72/0.00/3046.30) lat (ms,95%): 28.16 err/s: 0.00 reconn/s: 0.00
SQL statistics:
    queries performed:
        read:                            12690832
        write:                           0
        other:                           1812976
        total:                           14503808
    transactions:                        906488 (1510.68 per sec.)
    queries:                             14503808 (24170.88 per sec.)
    ignored errors:                      0      (0.00 per sec.)
    reconnects:                          0      (0.00 per sec.)

General statistics:
    total time:                          600.0510s
    total number of events:              906488

Latency (ms):
         min:                                    8.71
         avg:                                   21.18
         max:                                   85.38
         95th percentile:                       29.19
         sum:                             19198465.32

Threads fairness:
    events (avg/stddev):           28327.7500/21.27
    execution time (avg/stddev):   599.9520/0.01

