sysbench 1.0.20 (using bundled LuaJIT 2.1.0-beta2)

Running the test with following options:
Number of threads: 32
Report intermediate results every 10 second(s)
Initializing random number generator from current time


Initializing worker threads...

Threads started!

[ 10s ] thds: 32 tps: 1344.59 qps: 21536.90 (r/w/o: 18844.63/0.00/2692.28) lat (ms,95%): 33.72 err/s: 0.00 reconn/s: 0.00
[ 20s ] thds: 32 tps: 1358.35 qps: 21736.58 (r/w/o: 19019.79/0.00/2716.80) lat (ms,95%): 33.72 err/s: 0.00 reconn/s: 0.00
[ 30s ] thds: 32 tps: 1340.80 qps: 21453.34 (r/w/o: 18771.74/0.00/2681.59) lat (ms,95%): 35.59 err/s: 0.00 reconn/s: 0.00
[ 40s ] thds: 32 tps: 1391.67 qps: 22266.47 (r/w/o: 19483.12/0.00/2783.35) lat (ms,95%): 31.94 err/s: 0.00 reconn/s: 0.00
[ 50s ] thds: 32 tps: 1375.98 qps: 22021.05 (r/w/o: 19269.19/0.00/2751.86) lat (ms,95%): 33.12 err/s: 0.00 reconn/s: 0.00
[ 60s ] thds: 32 tps: 1375.85 qps: 22008.03 (r/w/o: 19256.22/0.00/2751.80) lat (ms,95%): 33.72 err/s: 0.00 reconn/s: 0.00
[ 70s ] thds: 32 tps: 1375.79 qps: 22007.77 (r/w/o: 19256.60/0.00/2751.17) lat (ms,95%): 33.72 err/s: 0.00 reconn/s: 0.00
[ 80s ] thds: 32 tps: 1380.51 qps: 22091.91 (r/w/o: 19330.58/0.00/2761.33) lat (ms,95%): 33.12 err/s: 0.00 reconn/s: 0.00
[ 90s ] thds: 32 tps: 1398.50 qps: 22380.08 (r/w/o: 19583.08/0.00/2797.00) lat (ms,95%): 32.53 err/s: 0.00 reconn/s: 0.00
[ 100s ] thds: 32 tps: 1400.37 qps: 22402.67 (r/w/o: 19601.82/0.00/2800.85) lat (ms,95%): 33.12 err/s: 0.00 reconn/s: 0.00
[ 110s ] thds: 32 tps: 1387.63 qps: 22204.05 (r/w/o: 19428.79/0.00/2775.26) lat (ms,95%): 33.12 err/s: 0.00 reconn/s: 0.00
[ 120s ] thds: 32 tps: 1390.89 qps: 22251.50 (r/w/o: 19470.01/0.00/2781.49) lat (ms,95%): 33.72 err/s: 0.00 reconn/s: 0.00
[ 130s ] thds: 32 tps: 1409.50 qps: 22548.83 (r/w/o: 19729.73/0.00/2819.10) lat (ms,95%): 31.94 err/s: 0.00 reconn/s: 0.00
[ 140s ] thds: 32 tps: 1382.10 qps: 22122.09 (r/w/o: 19357.89/0.00/2764.20) lat (ms,95%): 33.72 err/s: 0.00 reconn/s: 0.00
[ 150s ] thds: 32 tps: 1403.30 qps: 22447.52 (r/w/o: 19640.72/0.00/2806.80) lat (ms,95%): 33.12 err/s: 0.00 reconn/s: 0.00
[ 160s ] thds: 32 tps: 1402.10 qps: 22435.56 (r/w/o: 19631.46/0.00/2804.09) lat (ms,95%): 32.53 err/s: 0.00 reconn/s: 0.00
[ 170s ] thds: 32 tps: 1401.81 qps: 22427.72 (r/w/o: 19624.00/0.00/2803.71) lat (ms,95%): 32.53 err/s: 0.00 reconn/s: 0.00
[ 180s ] thds: 32 tps: 1434.69 qps: 22953.54 (r/w/o: 20084.16/0.00/2869.38) lat (ms,95%): 31.37 err/s: 0.00 reconn/s: 0.00
[ 190s ] thds: 32 tps: 1518.71 qps: 24303.99 (r/w/o: 21266.68/0.00/3037.31) lat (ms,95%): 28.16 err/s: 0.00 reconn/s: 0.00
[ 200s ] thds: 32 tps: 1530.10 qps: 24479.85 (r/w/o: 21419.64/0.00/3060.21) lat (ms,95%): 28.16 err/s: 0.00 reconn/s: 0.00
[ 210s ] thds: 32 tps: 1530.58 qps: 24485.64 (r/w/o: 21424.48/0.00/3061.15) lat (ms,95%): 28.16 err/s: 0.00 reconn/s: 0.00
[ 220s ] thds: 32 tps: 1525.12 qps: 24408.01 (r/w/o: 21357.77/0.00/3050.24) lat (ms,95%): 28.16 err/s: 0.00 reconn/s: 0.00
[ 230s ] thds: 32 tps: 1526.96 qps: 24427.70 (r/w/o: 21373.69/0.00/3054.01) lat (ms,95%): 27.66 err/s: 0.00 reconn/s: 0.00
[ 240s ] thds: 32 tps: 1526.64 qps: 24420.89 (r/w/o: 21367.92/0.00/3052.97) lat (ms,95%): 28.16 err/s: 0.00 reconn/s: 0.00
[ 250s ] thds: 32 tps: 1525.11 qps: 24399.19 (r/w/o: 21348.87/0.00/3050.31) lat (ms,95%): 28.16 err/s: 0.00 reconn/s: 0.00
[ 260s ] thds: 32 tps: 1531.50 qps: 24511.13 (r/w/o: 21448.23/0.00/3062.90) lat (ms,95%): 27.66 err/s: 0.00 reconn/s: 0.00
[ 270s ] thds: 32 tps: 1522.96 qps: 24372.03 (r/w/o: 21326.00/0.00/3046.03) lat (ms,95%): 28.16 err/s: 0.00 reconn/s: 0.00
[ 280s ] thds: 32 tps: 1521.73 qps: 24341.16 (r/w/o: 21297.69/0.00/3043.47) lat (ms,95%): 28.67 err/s: 0.00 reconn/s: 0.00
[ 290s ] thds: 32 tps: 1533.50 qps: 24542.19 (r/w/o: 21474.99/0.00/3067.20) lat (ms,95%): 28.16 err/s: 0.00 reconn/s: 0.00
[ 300s ] thds: 32 tps: 1528.87 qps: 24456.88 (r/w/o: 21399.24/0.00/3057.63) lat (ms,95%): 28.16 err/s: 0.00 reconn/s: 0.00
[ 310s ] thds: 32 tps: 1525.83 qps: 24416.12 (r/w/o: 21364.56/0.00/3051.57) lat (ms,95%): 29.19 err/s: 0.00 reconn/s: 0.00
[ 320s ] thds: 32 tps: 1532.59 qps: 24519.02 (r/w/o: 21453.63/0.00/3065.39) lat (ms,95%): 27.66 err/s: 0.00 reconn/s: 0.00
[ 330s ] thds: 32 tps: 1528.90 qps: 24457.12 (r/w/o: 21399.62/0.00/3057.50) lat (ms,95%): 28.67 err/s: 0.00 reconn/s: 0.00
[ 340s ] thds: 32 tps: 1520.80 qps: 24342.13 (r/w/o: 21300.33/0.00/3041.80) lat (ms,95%): 29.19 err/s: 0.00 reconn/s: 0.00
[ 350s ] thds: 32 tps: 1534.30 qps: 24546.25 (r/w/o: 21477.56/0.00/3068.69) lat (ms,95%): 27.66 err/s: 0.00 reconn/s: 0.00
[ 360s ] thds: 32 tps: 1525.82 qps: 24411.68 (r/w/o: 21360.25/0.00/3051.44) lat (ms,95%): 28.67 err/s: 0.00 reconn/s: 0.00
[ 370s ] thds: 32 tps: 1526.97 qps: 24433.95 (r/w/o: 21379.92/0.00/3054.03) lat (ms,95%): 28.67 err/s: 0.00 reconn/s: 0.00
[ 380s ] thds: 32 tps: 1532.82 qps: 24524.23 (r/w/o: 21458.79/0.00/3065.44) lat (ms,95%): 28.16 err/s: 0.00 reconn/s: 0.00
[ 390s ] thds: 32 tps: 1530.70 qps: 24490.93 (r/w/o: 21429.22/0.00/3061.70) lat (ms,95%): 28.16 err/s: 0.00 reconn/s: 0.00
[ 400s ] thds: 32 tps: 1522.01 qps: 24352.10 (r/w/o: 21308.19/0.00/3043.91) lat (ms,95%): 28.67 err/s: 0.00 reconn/s: 0.00
[ 410s ] thds: 32 tps: 1532.50 qps: 24526.23 (r/w/o: 21461.14/0.00/3065.09) lat (ms,95%): 28.16 err/s: 0.00 reconn/s: 0.00
[ 420s ] thds: 32 tps: 1530.00 qps: 24474.09 (r/w/o: 21414.19/0.00/3059.90) lat (ms,95%): 27.66 err/s: 0.00 reconn/s: 0.00
[ 430s ] thds: 32 tps: 1519.97 qps: 24317.38 (r/w/o: 21277.34/0.00/3040.05) lat (ms,95%): 28.67 err/s: 0.00 reconn/s: 0.00
[ 440s ] thds: 32 tps: 1531.01 qps: 24494.27 (r/w/o: 21432.45/0.00/3061.82) lat (ms,95%): 28.67 err/s: 0.00 reconn/s: 0.00
[ 450s ] thds: 32 tps: 1531.01 qps: 24502.83 (r/w/o: 21440.70/0.00/3062.13) lat (ms,95%): 28.16 err/s: 0.00 reconn/s: 0.00
[ 460s ] thds: 32 tps: 1525.80 qps: 24406.22 (r/w/o: 21354.62/0.00/3051.60) lat (ms,95%): 29.19 err/s: 0.00 reconn/s: 0.00
[ 470s ] thds: 32 tps: 1531.50 qps: 24508.09 (r/w/o: 21444.99/0.00/3063.10) lat (ms,95%): 28.16 err/s: 0.00 reconn/s: 0.00
[ 480s ] thds: 32 tps: 1531.10 qps: 24495.93 (r/w/o: 21434.23/0.00/3061.70) lat (ms,95%): 28.16 err/s: 0.00 reconn/s: 0.00
[ 490s ] thds: 32 tps: 1525.14 qps: 24403.80 (r/w/o: 21353.13/0.00/3050.68) lat (ms,95%): 28.16 err/s: 0.00 reconn/s: 0.00
[ 500s ] thds: 32 tps: 1528.45 qps: 24453.45 (r/w/o: 21396.54/0.00/3056.91) lat (ms,95%): 28.16 err/s: 0.00 reconn/s: 0.00
[ 510s ] thds: 32 tps: 1528.98 qps: 24469.57 (r/w/o: 21411.61/0.00/3057.96) lat (ms,95%): 28.67 err/s: 0.00 reconn/s: 0.00
[ 520s ] thds: 32 tps: 1532.52 qps: 24509.67 (r/w/o: 21444.64/0.00/3065.03) lat (ms,95%): 28.16 err/s: 0.00 reconn/s: 0.00
[ 530s ] thds: 32 tps: 1536.15 qps: 24585.97 (r/w/o: 21513.56/0.00/3072.41) lat (ms,95%): 27.66 err/s: 0.00 reconn/s: 0.00
[ 540s ] thds: 32 tps: 1525.75 qps: 24409.14 (r/w/o: 21357.74/0.00/3051.39) lat (ms,95%): 28.16 err/s: 0.00 reconn/s: 0.00
[ 550s ] thds: 32 tps: 1525.50 qps: 24412.14 (r/w/o: 21361.14/0.00/3051.01) lat (ms,95%): 28.67 err/s: 0.00 reconn/s: 0.00
[ 560s ] thds: 32 tps: 1535.91 qps: 24567.96 (r/w/o: 21496.44/0.00/3071.52) lat (ms,95%): 27.66 err/s: 0.00 reconn/s: 0.00
[ 570s ] thds: 32 tps: 1525.00 qps: 24398.86 (r/w/o: 21348.67/0.00/3050.20) lat (ms,95%): 28.67 err/s: 0.00 reconn/s: 0.00
[ 580s ] thds: 32 tps: 1526.32 qps: 24425.28 (r/w/o: 21372.63/0.00/3052.65) lat (ms,95%): 28.67 err/s: 0.00 reconn/s: 0.00
[ 590s ] thds: 32 tps: 1534.18 qps: 24542.70 (r/w/o: 21474.25/0.00/3068.45) lat (ms,95%): 28.16 err/s: 0.00 reconn/s: 0.00
[ 600s ] thds: 32 tps: 1530.20 qps: 24485.05 (r/w/o: 21424.65/0.00/3060.41) lat (ms,95%): 28.16 err/s: 0.00 reconn/s: 0.00
SQL statistics:
    queries performed:
        read:                            12480636
        write:                           0
        other:                           1782948
        total:                           14263584
    transactions:                        891474 (1485.66 per sec.)
    queries:                             14263584 (23770.54 per sec.)
    ignored errors:                      0      (0.00 per sec.)
    reconnects:                          0      (0.00 per sec.)

General statistics:
    total time:                          600.0509s
    total number of events:              891474

Latency (ms):
         min:                                    8.04
         avg:                                   21.54
         max:                                   80.83
         95th percentile:                       30.26
         sum:                             19198521.36

Threads fairness:
    events (avg/stddev):           27858.5625/28.66
    execution time (avg/stddev):   599.9538/0.01

