sysbench 1.0.20 (using bundled LuaJIT 2.1.0-beta2)

Running the test with following options:
Number of threads: 32
Report intermediate results every 10 second(s)
Initializing random number generator from current time


Initializing worker threads...

Threads started!

[ 10s ] thds: 32 tps: 1356.39 qps: 21726.59 (r/w/o: 19010.62/0.00/2715.97) lat (ms,95%): 33.12 err/s: 0.00 reconn/s: 0.00
[ 20s ] thds: 32 tps: 1334.44 qps: 21348.89 (r/w/o: 18680.01/0.00/2668.89) lat (ms,95%): 34.95 err/s: 0.00 reconn/s: 0.00
[ 30s ] thds: 32 tps: 1350.89 qps: 21617.00 (r/w/o: 18915.42/0.00/2701.59) lat (ms,95%): 33.72 err/s: 0.00 reconn/s: 0.00
[ 40s ] thds: 32 tps: 1370.21 qps: 21925.85 (r/w/o: 19185.43/0.00/2740.42) lat (ms,95%): 33.72 err/s: 0.00 reconn/s: 0.00
[ 50s ] thds: 32 tps: 1372.60 qps: 21961.48 (r/w/o: 19216.08/0.00/2745.40) lat (ms,95%): 33.12 err/s: 0.00 reconn/s: 0.00
[ 60s ] thds: 32 tps: 1348.90 qps: 21585.66 (r/w/o: 18887.86/0.00/2697.79) lat (ms,95%): 34.95 err/s: 0.00 reconn/s: 0.00
[ 70s ] thds: 32 tps: 1393.50 qps: 22287.99 (r/w/o: 19500.99/0.00/2787.00) lat (ms,95%): 32.53 err/s: 0.00 reconn/s: 0.00
[ 80s ] thds: 32 tps: 1360.51 qps: 21776.48 (r/w/o: 19055.47/0.00/2721.01) lat (ms,95%): 34.95 err/s: 0.00 reconn/s: 0.00
[ 90s ] thds: 32 tps: 1365.25 qps: 21835.83 (r/w/o: 19105.34/0.00/2730.49) lat (ms,95%): 33.72 err/s: 0.00 reconn/s: 0.00
[ 100s ] thds: 32 tps: 1393.66 qps: 22296.93 (r/w/o: 19509.72/0.00/2787.22) lat (ms,95%): 32.53 err/s: 0.00 reconn/s: 0.00
[ 110s ] thds: 32 tps: 1373.09 qps: 21964.41 (r/w/o: 19219.34/0.00/2745.08) lat (ms,95%): 33.72 err/s: 0.00 reconn/s: 0.00
[ 120s ] thds: 32 tps: 1360.61 qps: 21781.79 (r/w/o: 19059.67/0.00/2722.12) lat (ms,95%): 34.33 err/s: 0.00 reconn/s: 0.00
[ 130s ] thds: 32 tps: 1395.30 qps: 22323.27 (r/w/o: 19532.57/0.00/2790.70) lat (ms,95%): 33.12 err/s: 0.00 reconn/s: 0.00
[ 140s ] thds: 32 tps: 1383.30 qps: 22133.22 (r/w/o: 19366.52/0.00/2766.70) lat (ms,95%): 33.12 err/s: 0.00 reconn/s: 0.00
[ 150s ] thds: 32 tps: 1386.50 qps: 22188.60 (r/w/o: 19415.60/0.00/2773.00) lat (ms,95%): 33.72 err/s: 0.00 reconn/s: 0.00
[ 160s ] thds: 32 tps: 1406.50 qps: 22498.42 (r/w/o: 19685.72/0.00/2812.70) lat (ms,95%): 31.94 err/s: 0.00 reconn/s: 0.00
[ 170s ] thds: 32 tps: 1415.30 qps: 22647.27 (r/w/o: 19816.57/0.00/2830.70) lat (ms,95%): 32.53 err/s: 0.00 reconn/s: 0.00
[ 180s ] thds: 32 tps: 1513.26 qps: 24210.10 (r/w/o: 21183.58/0.00/3026.53) lat (ms,95%): 28.67 err/s: 0.00 reconn/s: 0.00
[ 190s ] thds: 32 tps: 1515.34 qps: 24247.72 (r/w/o: 21216.75/0.00/3030.98) lat (ms,95%): 28.67 err/s: 0.00 reconn/s: 0.00
[ 200s ] thds: 32 tps: 1515.97 qps: 24255.52 (r/w/o: 21223.58/0.00/3031.94) lat (ms,95%): 28.67 err/s: 0.00 reconn/s: 0.00
[ 210s ] thds: 32 tps: 1519.32 qps: 24302.96 (r/w/o: 21264.52/0.00/3038.45) lat (ms,95%): 28.16 err/s: 0.00 reconn/s: 0.00
[ 220s ] thds: 32 tps: 1520.28 qps: 24324.77 (r/w/o: 21284.22/0.00/3040.56) lat (ms,95%): 28.67 err/s: 0.00 reconn/s: 0.00
[ 230s ] thds: 32 tps: 1519.69 qps: 24319.30 (r/w/o: 21279.71/0.00/3039.59) lat (ms,95%): 28.16 err/s: 0.00 reconn/s: 0.00
[ 240s ] thds: 32 tps: 1522.14 qps: 24354.17 (r/w/o: 21309.90/0.00/3044.27) lat (ms,95%): 28.67 err/s: 0.00 reconn/s: 0.00
[ 250s ] thds: 32 tps: 1529.90 qps: 24477.55 (r/w/o: 21417.84/0.00/3059.71) lat (ms,95%): 28.16 err/s: 0.00 reconn/s: 0.00
[ 260s ] thds: 32 tps: 1519.35 qps: 24312.09 (r/w/o: 21273.29/0.00/3038.80) lat (ms,95%): 28.16 err/s: 0.00 reconn/s: 0.00
[ 270s ] thds: 32 tps: 1525.54 qps: 24401.90 (r/w/o: 21350.91/0.00/3050.99) lat (ms,95%): 28.67 err/s: 0.00 reconn/s: 0.00
[ 280s ] thds: 32 tps: 1528.30 qps: 24464.92 (r/w/o: 21408.22/0.00/3056.70) lat (ms,95%): 28.16 err/s: 0.00 reconn/s: 0.00
[ 290s ] thds: 32 tps: 1516.50 qps: 24262.77 (r/w/o: 21229.78/0.00/3033.00) lat (ms,95%): 28.16 err/s: 0.00 reconn/s: 0.00
[ 300s ] thds: 32 tps: 1526.60 qps: 24423.36 (r/w/o: 21370.15/0.00/3053.21) lat (ms,95%): 28.16 err/s: 0.00 reconn/s: 0.00
[ 310s ] thds: 32 tps: 1524.20 qps: 24385.20 (r/w/o: 21336.90/0.00/3048.30) lat (ms,95%): 28.16 err/s: 0.00 reconn/s: 0.00
[ 320s ] thds: 32 tps: 1526.40 qps: 24423.11 (r/w/o: 21370.21/0.00/3052.90) lat (ms,95%): 28.16 err/s: 0.00 reconn/s: 0.00
[ 330s ] thds: 32 tps: 1526.30 qps: 24417.49 (r/w/o: 21365.09/0.00/3052.40) lat (ms,95%): 28.16 err/s: 0.00 reconn/s: 0.00
[ 340s ] thds: 32 tps: 1529.91 qps: 24481.12 (r/w/o: 21421.19/0.00/3059.93) lat (ms,95%): 28.16 err/s: 0.00 reconn/s: 0.00
[ 350s ] thds: 32 tps: 1523.79 qps: 24378.00 (r/w/o: 21330.73/0.00/3047.28) lat (ms,95%): 28.16 err/s: 0.00 reconn/s: 0.00
[ 360s ] thds: 32 tps: 1529.99 qps: 24479.03 (r/w/o: 21419.16/0.00/3059.88) lat (ms,95%): 28.16 err/s: 0.00 reconn/s: 0.00
[ 370s ] thds: 32 tps: 1533.31 qps: 24536.47 (r/w/o: 21469.35/0.00/3067.12) lat (ms,95%): 28.16 err/s: 0.00 reconn/s: 0.00
[ 380s ] thds: 32 tps: 1521.09 qps: 24331.32 (r/w/o: 21289.44/0.00/3041.88) lat (ms,95%): 28.16 err/s: 0.00 reconn/s: 0.00
[ 390s ] thds: 32 tps: 1532.31 qps: 24519.40 (r/w/o: 21454.49/0.00/3064.91) lat (ms,95%): 28.16 err/s: 0.00 reconn/s: 0.00
[ 400s ] thds: 32 tps: 1527.01 qps: 24438.10 (r/w/o: 21384.09/0.00/3054.01) lat (ms,95%): 28.67 err/s: 0.00 reconn/s: 0.00
[ 410s ] thds: 32 tps: 1522.70 qps: 24358.25 (r/w/o: 21312.96/0.00/3045.29) lat (ms,95%): 28.67 err/s: 0.00 reconn/s: 0.00
[ 420s ] thds: 32 tps: 1526.40 qps: 24419.42 (r/w/o: 21366.53/0.00/3052.89) lat (ms,95%): 28.16 err/s: 0.00 reconn/s: 0.00
[ 430s ] thds: 32 tps: 1529.11 qps: 24467.61 (r/w/o: 21409.60/0.00/3058.01) lat (ms,95%): 28.16 err/s: 0.00 reconn/s: 0.00
[ 440s ] thds: 32 tps: 1523.50 qps: 24375.68 (r/w/o: 21328.48/0.00/3047.20) lat (ms,95%): 28.16 err/s: 0.00 reconn/s: 0.00
[ 450s ] thds: 32 tps: 1526.10 qps: 24418.09 (r/w/o: 21366.09/0.00/3052.00) lat (ms,95%): 28.16 err/s: 0.00 reconn/s: 0.00
[ 460s ] thds: 32 tps: 1528.40 qps: 24457.81 (r/w/o: 21400.91/0.00/3056.90) lat (ms,95%): 27.66 err/s: 0.00 reconn/s: 0.00
[ 470s ] thds: 32 tps: 1522.87 qps: 24361.93 (r/w/o: 21316.39/0.00/3045.54) lat (ms,95%): 28.16 err/s: 0.00 reconn/s: 0.00
[ 480s ] thds: 32 tps: 1531.43 qps: 24501.70 (r/w/o: 21438.55/0.00/3063.15) lat (ms,95%): 28.16 err/s: 0.00 reconn/s: 0.00
[ 490s ] thds: 32 tps: 1534.10 qps: 24547.88 (r/w/o: 21479.97/0.00/3067.91) lat (ms,95%): 28.16 err/s: 0.00 reconn/s: 0.00
[ 500s ] thds: 32 tps: 1525.02 qps: 24399.93 (r/w/o: 21349.69/0.00/3050.24) lat (ms,95%): 28.16 err/s: 0.00 reconn/s: 0.00
[ 510s ] thds: 32 tps: 1533.48 qps: 24542.61 (r/w/o: 21475.54/0.00/3067.06) lat (ms,95%): 27.66 err/s: 0.00 reconn/s: 0.00
[ 520s ] thds: 32 tps: 1528.70 qps: 24454.71 (r/w/o: 21397.31/0.00/3057.40) lat (ms,95%): 28.16 err/s: 0.00 reconn/s: 0.00
[ 530s ] thds: 32 tps: 1517.69 qps: 24284.32 (r/w/o: 21249.03/0.00/3035.29) lat (ms,95%): 28.67 err/s: 0.00 reconn/s: 0.00
[ 540s ] thds: 32 tps: 1529.90 qps: 24474.18 (r/w/o: 21414.37/0.00/3059.81) lat (ms,95%): 27.66 err/s: 0.00 reconn/s: 0.00
[ 550s ] thds: 32 tps: 1530.49 qps: 24482.81 (r/w/o: 21422.62/0.00/3060.19) lat (ms,95%): 28.16 err/s: 0.00 reconn/s: 0.00
[ 560s ] thds: 32 tps: 1521.27 qps: 24347.65 (r/w/o: 21304.61/0.00/3043.04) lat (ms,95%): 29.19 err/s: 0.00 reconn/s: 0.00
[ 570s ] thds: 32 tps: 1527.47 qps: 24439.20 (r/w/o: 21383.86/0.00/3055.34) lat (ms,95%): 28.16 err/s: 0.00 reconn/s: 0.00
[ 580s ] thds: 32 tps: 1526.96 qps: 24433.28 (r/w/o: 21379.46/0.00/3053.82) lat (ms,95%): 28.16 err/s: 0.00 reconn/s: 0.00
[ 590s ] thds: 32 tps: 1509.10 qps: 24140.97 (r/w/o: 21122.66/0.00/3018.31) lat (ms,95%): 28.67 err/s: 0.00 reconn/s: 0.00
[ 600s ] thds: 32 tps: 1529.20 qps: 24474.16 (r/w/o: 21415.77/0.00/3058.40) lat (ms,95%): 28.16 err/s: 0.00 reconn/s: 0.00
SQL statistics:
    queries performed:
        read:                            12451712
        write:                           0
        other:                           1778816
        total:                           14230528
    transactions:                        889408 (1482.23 per sec.)
    queries:                             14230528 (23715.67 per sec.)
    ignored errors:                      0      (0.00 per sec.)
    reconnects:                          0      (0.00 per sec.)

General statistics:
    total time:                          600.0456s
    total number of events:              889408

Latency (ms):
         min:                                    8.31
         avg:                                   21.59
         max:                                   81.33
         95th percentile:                       30.26
         sum:                             19198358.02

Threads fairness:
    events (avg/stddev):           27794.0000/21.21
    execution time (avg/stddev):   599.9487/0.01

