sysbench 1.0.20 (using bundled LuaJIT 2.1.0-beta2)

Running the test with following options:
Number of threads: 32
Report intermediate results every 10 second(s)
Initializing random number generator from current time


Initializing worker threads...

Threads started!

[ 10s ] thds: 32 tps: 1345.80 qps: 21558.73 (r/w/o: 18864.02/0.00/2694.70) lat (ms,95%): 33.72 err/s: 0.00 reconn/s: 0.00
[ 20s ] thds: 32 tps: 1372.22 qps: 21947.67 (r/w/o: 19203.12/0.00/2744.55) lat (ms,95%): 33.12 err/s: 0.00 reconn/s: 0.00
[ 30s ] thds: 32 tps: 1369.40 qps: 21922.63 (r/w/o: 19183.83/0.00/2738.80) lat (ms,95%): 33.12 err/s: 0.00 reconn/s: 0.00
[ 40s ] thds: 32 tps: 1371.10 qps: 21927.80 (r/w/o: 19185.60/0.00/2742.20) lat (ms,95%): 33.12 err/s: 0.00 reconn/s: 0.00
[ 50s ] thds: 32 tps: 1370.71 qps: 21935.68 (r/w/o: 19194.26/0.00/2741.42) lat (ms,95%): 33.72 err/s: 0.00 reconn/s: 0.00
[ 60s ] thds: 32 tps: 1361.29 qps: 21778.45 (r/w/o: 19056.07/0.00/2722.38) lat (ms,95%): 34.33 err/s: 0.00 reconn/s: 0.00
[ 70s ] thds: 32 tps: 1377.80 qps: 22046.47 (r/w/o: 19290.66/0.00/2755.81) lat (ms,95%): 33.12 err/s: 0.00 reconn/s: 0.00
[ 80s ] thds: 32 tps: 1482.80 qps: 23726.25 (r/w/o: 20760.76/0.00/2965.49) lat (ms,95%): 29.19 err/s: 0.00 reconn/s: 0.00
[ 90s ] thds: 32 tps: 1498.00 qps: 23967.46 (r/w/o: 20971.57/0.00/2995.90) lat (ms,95%): 29.19 err/s: 0.00 reconn/s: 0.00
[ 100s ] thds: 32 tps: 1514.74 qps: 24235.60 (r/w/o: 21206.02/0.00/3029.57) lat (ms,95%): 28.16 err/s: 0.00 reconn/s: 0.00
[ 110s ] thds: 32 tps: 1505.75 qps: 24089.43 (r/w/o: 21078.14/0.00/3011.29) lat (ms,95%): 28.67 err/s: 0.00 reconn/s: 0.00
[ 120s ] thds: 32 tps: 1508.62 qps: 24143.09 (r/w/o: 21125.66/0.00/3017.44) lat (ms,95%): 28.16 err/s: 0.00 reconn/s: 0.00
[ 130s ] thds: 32 tps: 1506.62 qps: 24102.81 (r/w/o: 21089.47/0.00/3013.34) lat (ms,95%): 28.67 err/s: 0.00 reconn/s: 0.00
[ 140s ] thds: 32 tps: 1515.88 qps: 24260.02 (r/w/o: 21228.45/0.00/3031.56) lat (ms,95%): 28.16 err/s: 0.00 reconn/s: 0.00
[ 150s ] thds: 32 tps: 1513.00 qps: 24204.01 (r/w/o: 21177.80/0.00/3026.20) lat (ms,95%): 28.16 err/s: 0.00 reconn/s: 0.00
[ 160s ] thds: 32 tps: 1508.20 qps: 24127.99 (r/w/o: 21111.59/0.00/3016.40) lat (ms,95%): 28.16 err/s: 0.00 reconn/s: 0.00
[ 170s ] thds: 32 tps: 1515.28 qps: 24245.82 (r/w/o: 21215.36/0.00/3030.47) lat (ms,95%): 28.16 err/s: 0.00 reconn/s: 0.00
[ 180s ] thds: 32 tps: 1514.72 qps: 24231.76 (r/w/o: 21202.53/0.00/3029.23) lat (ms,95%): 28.16 err/s: 0.00 reconn/s: 0.00
[ 190s ] thds: 32 tps: 1516.20 qps: 24264.06 (r/w/o: 21231.46/0.00/3032.61) lat (ms,95%): 28.67 err/s: 0.00 reconn/s: 0.00
[ 200s ] thds: 32 tps: 1524.88 qps: 24397.44 (r/w/o: 21347.69/0.00/3049.76) lat (ms,95%): 28.16 err/s: 0.00 reconn/s: 0.00
[ 210s ] thds: 32 tps: 1512.92 qps: 24212.71 (r/w/o: 21186.77/0.00/3025.94) lat (ms,95%): 28.16 err/s: 0.00 reconn/s: 0.00
[ 220s ] thds: 32 tps: 1515.91 qps: 24247.50 (r/w/o: 21215.79/0.00/3031.71) lat (ms,95%): 28.16 err/s: 0.00 reconn/s: 0.00
[ 230s ] thds: 32 tps: 1521.90 qps: 24353.54 (r/w/o: 21309.65/0.00/3043.89) lat (ms,95%): 28.16 err/s: 0.00 reconn/s: 0.00
[ 240s ] thds: 32 tps: 1518.30 qps: 24289.36 (r/w/o: 21253.17/0.00/3036.20) lat (ms,95%): 28.16 err/s: 0.00 reconn/s: 0.00
[ 250s ] thds: 32 tps: 1517.80 qps: 24283.85 (r/w/o: 21248.45/0.00/3035.41) lat (ms,95%): 28.16 err/s: 0.00 reconn/s: 0.00
[ 260s ] thds: 32 tps: 1518.19 qps: 24293.13 (r/w/o: 21256.55/0.00/3036.58) lat (ms,95%): 28.16 err/s: 0.00 reconn/s: 0.00
[ 270s ] thds: 32 tps: 1520.61 qps: 24322.98 (r/w/o: 21281.46/0.00/3041.52) lat (ms,95%): 28.16 err/s: 0.00 reconn/s: 0.00
[ 280s ] thds: 32 tps: 1517.70 qps: 24287.14 (r/w/o: 21251.74/0.00/3035.39) lat (ms,95%): 27.66 err/s: 0.00 reconn/s: 0.00
[ 290s ] thds: 32 tps: 1521.29 qps: 24347.18 (r/w/o: 21304.60/0.00/3042.59) lat (ms,95%): 28.16 err/s: 0.00 reconn/s: 0.00
[ 300s ] thds: 32 tps: 1521.91 qps: 24346.17 (r/w/o: 21302.55/0.00/3043.62) lat (ms,95%): 28.16 err/s: 0.00 reconn/s: 0.00
[ 310s ] thds: 32 tps: 1524.91 qps: 24401.41 (r/w/o: 21351.29/0.00/3050.11) lat (ms,95%): 28.16 err/s: 0.00 reconn/s: 0.00
[ 320s ] thds: 32 tps: 1525.97 qps: 24419.64 (r/w/o: 21367.79/0.00/3051.84) lat (ms,95%): 28.16 err/s: 0.00 reconn/s: 0.00
[ 330s ] thds: 32 tps: 1514.92 qps: 24232.60 (r/w/o: 21202.76/0.00/3029.84) lat (ms,95%): 28.67 err/s: 0.00 reconn/s: 0.00
[ 340s ] thds: 32 tps: 1512.65 qps: 24202.55 (r/w/o: 21177.44/0.00/3025.11) lat (ms,95%): 28.16 err/s: 0.00 reconn/s: 0.00
[ 350s ] thds: 32 tps: 1529.75 qps: 24472.43 (r/w/o: 21413.12/0.00/3059.30) lat (ms,95%): 28.16 err/s: 0.00 reconn/s: 0.00
[ 360s ] thds: 32 tps: 1519.89 qps: 24324.33 (r/w/o: 21284.05/0.00/3040.28) lat (ms,95%): 28.16 err/s: 0.00 reconn/s: 0.00
[ 370s ] thds: 32 tps: 1521.11 qps: 24335.88 (r/w/o: 21293.77/0.00/3042.11) lat (ms,95%): 28.67 err/s: 0.00 reconn/s: 0.00
[ 380s ] thds: 32 tps: 1522.70 qps: 24361.18 (r/w/o: 21315.78/0.00/3045.40) lat (ms,95%): 28.16 err/s: 0.00 reconn/s: 0.00
[ 390s ] thds: 32 tps: 1521.73 qps: 24354.16 (r/w/o: 21310.80/0.00/3043.36) lat (ms,95%): 28.67 err/s: 0.00 reconn/s: 0.00
[ 400s ] thds: 32 tps: 1515.79 qps: 24249.54 (r/w/o: 21217.76/0.00/3031.78) lat (ms,95%): 28.67 err/s: 0.00 reconn/s: 0.00
[ 410s ] thds: 32 tps: 1525.57 qps: 24409.37 (r/w/o: 21358.42/0.00/3050.95) lat (ms,95%): 27.66 err/s: 0.00 reconn/s: 0.00
[ 420s ] thds: 32 tps: 1520.90 qps: 24331.34 (r/w/o: 21289.45/0.00/3041.89) lat (ms,95%): 28.16 err/s: 0.00 reconn/s: 0.00
[ 430s ] thds: 32 tps: 1515.61 qps: 24249.41 (r/w/o: 21218.29/0.00/3031.13) lat (ms,95%): 28.16 err/s: 0.00 reconn/s: 0.00
[ 440s ] thds: 32 tps: 1525.70 qps: 24417.39 (r/w/o: 21365.79/0.00/3051.60) lat (ms,95%): 28.16 err/s: 0.00 reconn/s: 0.00
[ 450s ] thds: 32 tps: 1521.90 qps: 24349.44 (r/w/o: 21305.75/0.00/3043.69) lat (ms,95%): 28.67 err/s: 0.00 reconn/s: 0.00
[ 460s ] thds: 32 tps: 1523.31 qps: 24371.01 (r/w/o: 21324.50/0.00/3046.51) lat (ms,95%): 27.66 err/s: 0.00 reconn/s: 0.00
[ 470s ] thds: 32 tps: 1521.36 qps: 24341.80 (r/w/o: 21298.88/0.00/3042.91) lat (ms,95%): 28.16 err/s: 0.00 reconn/s: 0.00
[ 480s ] thds: 32 tps: 1519.84 qps: 24313.78 (r/w/o: 21274.30/0.00/3039.49) lat (ms,95%): 29.19 err/s: 0.00 reconn/s: 0.00
[ 490s ] thds: 32 tps: 1520.30 qps: 24332.05 (r/w/o: 21291.35/0.00/3040.71) lat (ms,95%): 28.16 err/s: 0.00 reconn/s: 0.00
[ 500s ] thds: 32 tps: 1525.78 qps: 24403.81 (r/w/o: 21352.25/0.00/3051.56) lat (ms,95%): 28.16 err/s: 0.00 reconn/s: 0.00
[ 510s ] thds: 32 tps: 1515.61 qps: 24252.62 (r/w/o: 21221.39/0.00/3031.23) lat (ms,95%): 28.67 err/s: 0.00 reconn/s: 0.00
[ 520s ] thds: 32 tps: 1511.80 qps: 24187.71 (r/w/o: 21164.31/0.00/3023.40) lat (ms,95%): 29.19 err/s: 0.00 reconn/s: 0.00
[ 530s ] thds: 32 tps: 1518.10 qps: 24292.51 (r/w/o: 21256.00/0.00/3036.50) lat (ms,95%): 28.67 err/s: 0.00 reconn/s: 0.00
[ 540s ] thds: 32 tps: 1521.60 qps: 24348.19 (r/w/o: 21304.99/0.00/3043.20) lat (ms,95%): 28.16 err/s: 0.00 reconn/s: 0.00
[ 550s ] thds: 32 tps: 1518.70 qps: 24303.33 (r/w/o: 21266.03/0.00/3037.30) lat (ms,95%): 28.16 err/s: 0.00 reconn/s: 0.00
[ 560s ] thds: 32 tps: 1525.22 qps: 24400.09 (r/w/o: 21349.64/0.00/3050.45) lat (ms,95%): 28.16 err/s: 0.00 reconn/s: 0.00
[ 570s ] thds: 32 tps: 1512.98 qps: 24207.64 (r/w/o: 21181.89/0.00/3025.76) lat (ms,95%): 29.19 err/s: 0.00 reconn/s: 0.00
[ 580s ] thds: 32 tps: 1513.82 qps: 24213.90 (r/w/o: 21186.65/0.00/3027.25) lat (ms,95%): 28.16 err/s: 0.00 reconn/s: 0.00
[ 590s ] thds: 32 tps: 1528.77 qps: 24464.74 (r/w/o: 21406.70/0.00/3058.04) lat (ms,95%): 28.16 err/s: 0.00 reconn/s: 0.00
[ 600s ] thds: 32 tps: 1520.70 qps: 24329.75 (r/w/o: 21288.16/0.00/3041.59) lat (ms,95%): 28.16 err/s: 0.00 reconn/s: 0.00
SQL statistics:
    queries performed:
        read:                            12600000
        write:                           0
        other:                           1800000
        total:                           14400000
    transactions:                        900000 (1499.83 per sec.)
    queries:                             14400000 (23997.21 per sec.)
    ignored errors:                      0      (0.00 per sec.)
    reconnects:                          0      (0.00 per sec.)

General statistics:
    total time:                          600.0680s
    total number of events:              900000

Latency (ms):
         min:                                    7.89
         avg:                                   21.33
         max:                                   75.87
         95th percentile:                       29.19
         sum:                             19198812.73

Threads fairness:
    events (avg/stddev):           28125.0000/28.12
    execution time (avg/stddev):   599.9629/0.02

