sysbench 1.0.20 (using bundled LuaJIT 2.1.0-beta2)

Running the test with following options:
Number of threads: 32
Report intermediate results every 10 second(s)
Initializing random number generator from current time


Initializing worker threads...

Threads started!

[ 10s ] thds: 32 tps: 1363.88 qps: 21848.13 (r/w/o: 19117.36/0.00/2730.77) lat (ms,95%): 33.72 err/s: 0.00 reconn/s: 0.00
[ 20s ] thds: 32 tps: 1374.04 qps: 21986.05 (r/w/o: 19237.97/0.00/2748.08) lat (ms,95%): 33.72 err/s: 0.00 reconn/s: 0.00
[ 30s ] thds: 32 tps: 1369.20 qps: 21901.42 (r/w/o: 19162.83/0.00/2738.59) lat (ms,95%): 33.72 err/s: 0.00 reconn/s: 0.00
[ 40s ] thds: 32 tps: 1387.29 qps: 22206.01 (r/w/o: 19431.44/0.00/2774.58) lat (ms,95%): 33.12 err/s: 0.00 reconn/s: 0.00
[ 50s ] thds: 32 tps: 1380.90 qps: 22082.31 (r/w/o: 19320.61/0.00/2761.70) lat (ms,95%): 33.72 err/s: 0.00 reconn/s: 0.00
[ 60s ] thds: 32 tps: 1375.11 qps: 22008.51 (r/w/o: 19258.18/0.00/2750.33) lat (ms,95%): 33.72 err/s: 0.00 reconn/s: 0.00
[ 70s ] thds: 32 tps: 1380.59 qps: 22093.84 (r/w/o: 19332.66/0.00/2761.18) lat (ms,95%): 33.72 err/s: 0.00 reconn/s: 0.00
[ 80s ] thds: 32 tps: 1399.92 qps: 22397.25 (r/w/o: 19597.51/0.00/2799.74) lat (ms,95%): 32.53 err/s: 0.00 reconn/s: 0.00
[ 90s ] thds: 32 tps: 1391.00 qps: 22254.51 (r/w/o: 19472.41/0.00/2782.10) lat (ms,95%): 32.53 err/s: 0.00 reconn/s: 0.00
[ 100s ] thds: 32 tps: 1379.89 qps: 22075.94 (r/w/o: 19316.16/0.00/2759.78) lat (ms,95%): 33.12 err/s: 0.00 reconn/s: 0.00
[ 110s ] thds: 32 tps: 1394.49 qps: 22308.61 (r/w/o: 19521.03/0.00/2787.58) lat (ms,95%): 32.53 err/s: 0.00 reconn/s: 0.00
[ 120s ] thds: 32 tps: 1497.92 qps: 23966.57 (r/w/o: 20969.42/0.00/2997.15) lat (ms,95%): 28.67 err/s: 0.00 reconn/s: 0.00
[ 130s ] thds: 32 tps: 1513.22 qps: 24219.91 (r/w/o: 21193.37/0.00/3026.54) lat (ms,95%): 28.16 err/s: 0.00 reconn/s: 0.00
[ 140s ] thds: 32 tps: 1517.17 qps: 24272.96 (r/w/o: 21238.73/0.00/3034.23) lat (ms,95%): 28.16 err/s: 0.00 reconn/s: 0.00
[ 150s ] thds: 32 tps: 1514.23 qps: 24226.10 (r/w/o: 21197.94/0.00/3028.16) lat (ms,95%): 28.16 err/s: 0.00 reconn/s: 0.00
[ 160s ] thds: 32 tps: 1522.10 qps: 24350.77 (r/w/o: 21306.26/0.00/3044.51) lat (ms,95%): 28.16 err/s: 0.00 reconn/s: 0.00
[ 170s ] thds: 32 tps: 1518.00 qps: 24289.32 (r/w/o: 21253.22/0.00/3036.10) lat (ms,95%): 28.16 err/s: 0.00 reconn/s: 0.00
[ 180s ] thds: 32 tps: 1520.56 qps: 24327.83 (r/w/o: 21286.81/0.00/3041.02) lat (ms,95%): 27.66 err/s: 0.00 reconn/s: 0.00
[ 190s ] thds: 32 tps: 1527.82 qps: 24453.28 (r/w/o: 21397.53/0.00/3055.75) lat (ms,95%): 27.66 err/s: 0.00 reconn/s: 0.00
[ 200s ] thds: 32 tps: 1515.42 qps: 24240.28 (r/w/o: 21209.75/0.00/3030.54) lat (ms,95%): 29.19 err/s: 0.00 reconn/s: 0.00
[ 210s ] thds: 32 tps: 1522.20 qps: 24355.22 (r/w/o: 21310.62/0.00/3044.60) lat (ms,95%): 28.16 err/s: 0.00 reconn/s: 0.00
[ 220s ] thds: 32 tps: 1522.40 qps: 24358.88 (r/w/o: 21314.08/0.00/3044.80) lat (ms,95%): 28.16 err/s: 0.00 reconn/s: 0.00
[ 230s ] thds: 32 tps: 1521.78 qps: 24348.91 (r/w/o: 21305.36/0.00/3043.55) lat (ms,95%): 27.66 err/s: 0.00 reconn/s: 0.00
[ 240s ] thds: 32 tps: 1527.12 qps: 24434.16 (r/w/o: 21379.82/0.00/3054.35) lat (ms,95%): 27.66 err/s: 0.00 reconn/s: 0.00
[ 250s ] thds: 32 tps: 1525.39 qps: 24406.51 (r/w/o: 21356.02/0.00/3050.49) lat (ms,95%): 28.16 err/s: 0.00 reconn/s: 0.00
[ 260s ] thds: 32 tps: 1514.91 qps: 24238.12 (r/w/o: 21208.20/0.00/3029.91) lat (ms,95%): 28.67 err/s: 0.00 reconn/s: 0.00
[ 270s ] thds: 32 tps: 1523.80 qps: 24379.92 (r/w/o: 21332.13/0.00/3047.79) lat (ms,95%): 27.66 err/s: 0.00 reconn/s: 0.00
[ 280s ] thds: 32 tps: 1525.30 qps: 24406.98 (r/w/o: 21356.57/0.00/3050.41) lat (ms,95%): 28.16 err/s: 0.00 reconn/s: 0.00
[ 290s ] thds: 32 tps: 1516.70 qps: 24265.26 (r/w/o: 21231.75/0.00/3033.51) lat (ms,95%): 28.67 err/s: 0.00 reconn/s: 0.00
[ 300s ] thds: 32 tps: 1522.95 qps: 24364.26 (r/w/o: 21318.25/0.00/3046.01) lat (ms,95%): 27.66 err/s: 0.00 reconn/s: 0.00
[ 310s ] thds: 32 tps: 1532.04 qps: 24516.25 (r/w/o: 21452.47/0.00/3063.78) lat (ms,95%): 28.16 err/s: 0.00 reconn/s: 0.00
[ 320s ] thds: 32 tps: 1513.40 qps: 24210.04 (r/w/o: 21182.94/0.00/3027.11) lat (ms,95%): 28.67 err/s: 0.00 reconn/s: 0.00
[ 330s ] thds: 32 tps: 1527.70 qps: 24447.19 (r/w/o: 21391.89/0.00/3055.30) lat (ms,95%): 27.66 err/s: 0.00 reconn/s: 0.00
[ 340s ] thds: 32 tps: 1526.80 qps: 24430.73 (r/w/o: 21377.03/0.00/3053.70) lat (ms,95%): 27.66 err/s: 0.00 reconn/s: 0.00
[ 350s ] thds: 32 tps: 1521.67 qps: 24347.26 (r/w/o: 21304.11/0.00/3043.14) lat (ms,95%): 28.16 err/s: 0.00 reconn/s: 0.00
[ 360s ] thds: 32 tps: 1528.10 qps: 24450.52 (r/w/o: 21394.13/0.00/3056.39) lat (ms,95%): 27.66 err/s: 0.00 reconn/s: 0.00
[ 370s ] thds: 32 tps: 1528.10 qps: 24445.44 (r/w/o: 21389.24/0.00/3056.21) lat (ms,95%): 28.16 err/s: 0.00 reconn/s: 0.00
[ 380s ] thds: 32 tps: 1512.58 qps: 24206.45 (r/w/o: 21181.28/0.00/3025.17) lat (ms,95%): 28.67 err/s: 0.00 reconn/s: 0.00
[ 390s ] thds: 32 tps: 1524.15 qps: 24379.63 (r/w/o: 21331.34/0.00/3048.29) lat (ms,95%): 28.16 err/s: 0.00 reconn/s: 0.00
[ 400s ] thds: 32 tps: 1523.57 qps: 24380.85 (r/w/o: 21334.02/0.00/3046.83) lat (ms,95%): 28.16 err/s: 0.00 reconn/s: 0.00
[ 410s ] thds: 32 tps: 1526.24 qps: 24420.00 (r/w/o: 21367.32/0.00/3052.67) lat (ms,95%): 27.66 err/s: 0.00 reconn/s: 0.00
[ 420s ] thds: 32 tps: 1524.60 qps: 24393.89 (r/w/o: 21344.79/0.00/3049.10) lat (ms,95%): 28.67 err/s: 0.00 reconn/s: 0.00
[ 430s ] thds: 32 tps: 1524.20 qps: 24383.33 (r/w/o: 21335.24/0.00/3048.09) lat (ms,95%): 28.67 err/s: 0.00 reconn/s: 0.00
[ 440s ] thds: 32 tps: 1519.11 qps: 24306.11 (r/w/o: 21267.49/0.00/3038.61) lat (ms,95%): 28.67 err/s: 0.00 reconn/s: 0.00
[ 450s ] thds: 32 tps: 1525.90 qps: 24415.12 (r/w/o: 21363.23/0.00/3051.89) lat (ms,95%): 28.67 err/s: 0.00 reconn/s: 0.00
[ 460s ] thds: 32 tps: 1530.10 qps: 24476.95 (r/w/o: 21416.85/0.00/3060.09) lat (ms,95%): 27.66 err/s: 0.00 reconn/s: 0.00
[ 470s ] thds: 32 tps: 1512.90 qps: 24208.96 (r/w/o: 21183.36/0.00/3025.61) lat (ms,95%): 28.16 err/s: 0.00 reconn/s: 0.00
[ 480s ] thds: 32 tps: 1527.90 qps: 24443.75 (r/w/o: 21388.14/0.00/3055.61) lat (ms,95%): 27.66 err/s: 0.00 reconn/s: 0.00
[ 490s ] thds: 32 tps: 1528.19 qps: 24457.07 (r/w/o: 21400.29/0.00/3056.78) lat (ms,95%): 28.16 err/s: 0.00 reconn/s: 0.00
[ 500s ] thds: 32 tps: 1520.86 qps: 24331.10 (r/w/o: 21289.38/0.00/3041.73) lat (ms,95%): 28.67 err/s: 0.00 reconn/s: 0.00
[ 510s ] thds: 32 tps: 1522.71 qps: 24371.93 (r/w/o: 21326.40/0.00/3045.53) lat (ms,95%): 28.16 err/s: 0.00 reconn/s: 0.00
[ 520s ] thds: 32 tps: 1516.97 qps: 24265.15 (r/w/o: 21231.41/0.00/3033.74) lat (ms,95%): 28.67 err/s: 0.00 reconn/s: 0.00
[ 530s ] thds: 32 tps: 1517.63 qps: 24285.13 (r/w/o: 21249.67/0.00/3035.45) lat (ms,95%): 29.19 err/s: 0.00 reconn/s: 0.00
[ 540s ] thds: 32 tps: 1524.20 qps: 24385.81 (r/w/o: 21337.41/0.00/3048.40) lat (ms,95%): 28.16 err/s: 0.00 reconn/s: 0.00
[ 550s ] thds: 32 tps: 1526.60 qps: 24426.50 (r/w/o: 21373.30/0.00/3053.20) lat (ms,95%): 28.16 err/s: 0.00 reconn/s: 0.00
[ 560s ] thds: 32 tps: 1511.08 qps: 24171.40 (r/w/o: 21149.25/0.00/3022.15) lat (ms,95%): 28.67 err/s: 0.00 reconn/s: 0.00
[ 570s ] thds: 32 tps: 1523.32 qps: 24376.76 (r/w/o: 21330.21/0.00/3046.54) lat (ms,95%): 28.16 err/s: 0.00 reconn/s: 0.00
[ 580s ] thds: 32 tps: 1529.14 qps: 24460.39 (r/w/o: 21402.31/0.00/3058.07) lat (ms,95%): 28.16 err/s: 0.00 reconn/s: 0.00
[ 590s ] thds: 32 tps: 1515.26 qps: 24252.41 (r/w/o: 21221.58/0.00/3030.83) lat (ms,95%): 28.67 err/s: 0.00 reconn/s: 0.00
[ 600s ] thds: 32 tps: 1529.00 qps: 24462.23 (r/w/o: 21404.24/0.00/3057.99) lat (ms,95%): 27.66 err/s: 0.00 reconn/s: 0.00
SQL statistics:
    queries performed:
        read:                            12566792
        write:                           0
        other:                           1795256
        total:                           14362048
    transactions:                        897628 (1495.89 per sec.)
    queries:                             14362048 (23934.29 per sec.)
    ignored errors:                      0      (0.00 per sec.)
    reconnects:                          0      (0.00 per sec.)

General statistics:
    total time:                          600.0596s
    total number of events:              897628

Latency (ms):
         min:                                    7.98
         avg:                                   21.39
         max:                                   78.45
         95th percentile:                       29.72
         sum:                             19198380.68

Threads fairness:
    events (avg/stddev):           28050.8750/34.18
    execution time (avg/stddev):   599.9494/0.01

