sysbench 1.0.20 (using bundled LuaJIT 2.1.0-beta2)

Running the test with following options:
Number of threads: 32
Report intermediate results every 10 second(s)
Initializing random number generator from current time


Initializing worker threads...

Threads started!

[ 10s ] thds: 32 tps: 1345.08 qps: 21548.07 (r/w/o: 18854.91/0.00/2693.16) lat (ms,95%): 34.33 err/s: 0.00 reconn/s: 0.00
[ 20s ] thds: 32 tps: 1368.45 qps: 21905.85 (r/w/o: 19168.74/0.00/2737.11) lat (ms,95%): 34.33 err/s: 0.00 reconn/s: 0.00
[ 30s ] thds: 32 tps: 1388.43 qps: 22207.29 (r/w/o: 19430.43/0.00/2776.86) lat (ms,95%): 32.53 err/s: 0.00 reconn/s: 0.00
[ 40s ] thds: 32 tps: 1359.16 qps: 21740.22 (r/w/o: 19022.19/0.00/2718.03) lat (ms,95%): 33.72 err/s: 0.00 reconn/s: 0.00
[ 50s ] thds: 32 tps: 1370.70 qps: 21933.64 (r/w/o: 19192.13/0.00/2741.50) lat (ms,95%): 34.33 err/s: 0.00 reconn/s: 0.00
[ 60s ] thds: 32 tps: 1395.30 qps: 22326.13 (r/w/o: 19535.52/0.00/2790.60) lat (ms,95%): 32.53 err/s: 0.00 reconn/s: 0.00
[ 70s ] thds: 32 tps: 1371.10 qps: 21936.40 (r/w/o: 19194.10/0.00/2742.30) lat (ms,95%): 33.12 err/s: 0.00 reconn/s: 0.00
[ 80s ] thds: 32 tps: 1369.80 qps: 21918.10 (r/w/o: 19178.50/0.00/2739.60) lat (ms,95%): 34.95 err/s: 0.00 reconn/s: 0.00
[ 90s ] thds: 32 tps: 1407.80 qps: 22526.20 (r/w/o: 19710.60/0.00/2815.60) lat (ms,95%): 31.94 err/s: 0.00 reconn/s: 0.00
[ 100s ] thds: 32 tps: 1372.76 qps: 21961.71 (r/w/o: 19216.08/0.00/2745.63) lat (ms,95%): 33.12 err/s: 0.00 reconn/s: 0.00
[ 110s ] thds: 32 tps: 1387.03 qps: 22195.35 (r/w/o: 19421.38/0.00/2773.97) lat (ms,95%): 33.12 err/s: 0.00 reconn/s: 0.00
[ 120s ] thds: 32 tps: 1396.40 qps: 22341.22 (r/w/o: 19548.51/0.00/2792.70) lat (ms,95%): 32.53 err/s: 0.00 reconn/s: 0.00
[ 130s ] thds: 32 tps: 1364.60 qps: 21831.24 (r/w/o: 19101.85/0.00/2729.39) lat (ms,95%): 33.12 err/s: 0.00 reconn/s: 0.00
[ 140s ] thds: 32 tps: 1394.00 qps: 22308.84 (r/w/o: 19520.93/0.00/2787.90) lat (ms,95%): 33.72 err/s: 0.00 reconn/s: 0.00
[ 150s ] thds: 32 tps: 1391.70 qps: 22264.21 (r/w/o: 19481.01/0.00/2783.20) lat (ms,95%): 31.94 err/s: 0.00 reconn/s: 0.00
[ 160s ] thds: 32 tps: 1373.10 qps: 21971.11 (r/w/o: 19224.61/0.00/2746.50) lat (ms,95%): 33.72 err/s: 0.00 reconn/s: 0.00
[ 170s ] thds: 32 tps: 1391.30 qps: 22258.65 (r/w/o: 19476.74/0.00/2781.91) lat (ms,95%): 32.53 err/s: 0.00 reconn/s: 0.00
[ 180s ] thds: 32 tps: 1391.26 qps: 22259.48 (r/w/o: 19476.46/0.00/2783.02) lat (ms,95%): 33.12 err/s: 0.00 reconn/s: 0.00
[ 190s ] thds: 32 tps: 1385.83 qps: 22173.75 (r/w/o: 19402.19/0.00/2771.56) lat (ms,95%): 32.53 err/s: 0.00 reconn/s: 0.00
[ 200s ] thds: 32 tps: 1392.50 qps: 22279.30 (r/w/o: 19494.00/0.00/2785.30) lat (ms,95%): 33.12 err/s: 0.00 reconn/s: 0.00
[ 210s ] thds: 32 tps: 1392.01 qps: 22280.14 (r/w/o: 19496.12/0.00/2784.02) lat (ms,95%): 33.12 err/s: 0.00 reconn/s: 0.00
[ 220s ] thds: 32 tps: 1373.50 qps: 21971.80 (r/w/o: 19224.80/0.00/2747.00) lat (ms,95%): 33.72 err/s: 0.00 reconn/s: 0.00
[ 230s ] thds: 32 tps: 1452.90 qps: 23243.58 (r/w/o: 20337.78/0.00/2905.80) lat (ms,95%): 30.26 err/s: 0.00 reconn/s: 0.00
[ 240s ] thds: 32 tps: 1520.00 qps: 24316.71 (r/w/o: 21276.81/0.00/3039.90) lat (ms,95%): 28.67 err/s: 0.00 reconn/s: 0.00
[ 250s ] thds: 32 tps: 1516.73 qps: 24265.63 (r/w/o: 21232.17/0.00/3033.45) lat (ms,95%): 28.67 err/s: 0.00 reconn/s: 0.00
[ 260s ] thds: 32 tps: 1521.34 qps: 24351.49 (r/w/o: 21308.70/0.00/3042.79) lat (ms,95%): 28.67 err/s: 0.00 reconn/s: 0.00
[ 270s ] thds: 32 tps: 1521.71 qps: 24339.58 (r/w/o: 21296.17/0.00/3043.41) lat (ms,95%): 27.66 err/s: 0.00 reconn/s: 0.00
[ 280s ] thds: 32 tps: 1515.53 qps: 24252.51 (r/w/o: 21221.56/0.00/3030.95) lat (ms,95%): 28.16 err/s: 0.00 reconn/s: 0.00
[ 290s ] thds: 32 tps: 1519.51 qps: 24307.42 (r/w/o: 21268.59/0.00/3038.83) lat (ms,95%): 28.67 err/s: 0.00 reconn/s: 0.00
[ 300s ] thds: 32 tps: 1526.36 qps: 24427.81 (r/w/o: 21374.78/0.00/3053.03) lat (ms,95%): 28.16 err/s: 0.00 reconn/s: 0.00
[ 310s ] thds: 32 tps: 1513.59 qps: 24221.13 (r/w/o: 21193.95/0.00/3027.18) lat (ms,95%): 28.16 err/s: 0.00 reconn/s: 0.00
[ 320s ] thds: 32 tps: 1524.04 qps: 24377.97 (r/w/o: 21330.00/0.00/3047.97) lat (ms,95%): 28.16 err/s: 0.00 reconn/s: 0.00
[ 330s ] thds: 32 tps: 1525.90 qps: 24416.66 (r/w/o: 21364.86/0.00/3051.79) lat (ms,95%): 27.17 err/s: 0.00 reconn/s: 0.00
[ 340s ] thds: 32 tps: 1514.70 qps: 24231.01 (r/w/o: 21201.61/0.00/3029.40) lat (ms,95%): 28.67 err/s: 0.00 reconn/s: 0.00
[ 350s ] thds: 32 tps: 1520.90 qps: 24331.35 (r/w/o: 21289.54/0.00/3041.81) lat (ms,95%): 28.67 err/s: 0.00 reconn/s: 0.00
[ 360s ] thds: 32 tps: 1525.90 qps: 24422.47 (r/w/o: 21370.68/0.00/3051.80) lat (ms,95%): 27.66 err/s: 0.00 reconn/s: 0.00
[ 370s ] thds: 32 tps: 1511.80 qps: 24181.94 (r/w/o: 21158.43/0.00/3023.50) lat (ms,95%): 28.67 err/s: 0.00 reconn/s: 0.00
[ 380s ] thds: 32 tps: 1523.00 qps: 24371.04 (r/w/o: 21324.94/0.00/3046.09) lat (ms,95%): 28.16 err/s: 0.00 reconn/s: 0.00
[ 390s ] thds: 32 tps: 1524.21 qps: 24391.49 (r/w/o: 21342.98/0.00/3048.51) lat (ms,95%): 28.67 err/s: 0.00 reconn/s: 0.00
[ 400s ] thds: 32 tps: 1514.80 qps: 24227.44 (r/w/o: 21198.85/0.00/3028.59) lat (ms,95%): 28.67 err/s: 0.00 reconn/s: 0.00
[ 410s ] thds: 32 tps: 1521.05 qps: 24343.45 (r/w/o: 21300.36/0.00/3043.09) lat (ms,95%): 28.67 err/s: 0.00 reconn/s: 0.00
[ 420s ] thds: 32 tps: 1517.26 qps: 24277.13 (r/w/o: 21242.82/0.00/3034.32) lat (ms,95%): 28.67 err/s: 0.00 reconn/s: 0.00
[ 430s ] thds: 32 tps: 1508.89 qps: 24138.71 (r/w/o: 21120.82/0.00/3017.89) lat (ms,95%): 29.19 err/s: 0.00 reconn/s: 0.00
[ 440s ] thds: 32 tps: 1517.79 qps: 24283.40 (r/w/o: 21247.92/0.00/3035.49) lat (ms,95%): 28.67 err/s: 0.00 reconn/s: 0.00
[ 450s ] thds: 32 tps: 1524.21 qps: 24390.20 (r/w/o: 21341.59/0.00/3048.61) lat (ms,95%): 27.66 err/s: 0.00 reconn/s: 0.00
[ 460s ] thds: 32 tps: 1520.10 qps: 24318.45 (r/w/o: 21278.36/0.00/3040.09) lat (ms,95%): 28.67 err/s: 0.00 reconn/s: 0.00
[ 470s ] thds: 32 tps: 1521.28 qps: 24349.60 (r/w/o: 21306.94/0.00/3042.66) lat (ms,95%): 28.16 err/s: 0.00 reconn/s: 0.00
[ 480s ] thds: 32 tps: 1520.70 qps: 24326.09 (r/w/o: 21284.79/0.00/3041.30) lat (ms,95%): 28.67 err/s: 0.00 reconn/s: 0.00
[ 490s ] thds: 32 tps: 1510.61 qps: 24165.90 (r/w/o: 21144.69/0.00/3021.21) lat (ms,95%): 28.67 err/s: 0.00 reconn/s: 0.00
[ 500s ] thds: 32 tps: 1520.22 qps: 24329.06 (r/w/o: 21288.53/0.00/3040.53) lat (ms,95%): 28.67 err/s: 0.00 reconn/s: 0.00
[ 510s ] thds: 32 tps: 1526.29 qps: 24419.09 (r/w/o: 21366.51/0.00/3052.59) lat (ms,95%): 27.66 err/s: 0.00 reconn/s: 0.00
[ 520s ] thds: 32 tps: 1516.20 qps: 24265.21 (r/w/o: 21232.81/0.00/3032.40) lat (ms,95%): 28.16 err/s: 0.00 reconn/s: 0.00
[ 530s ] thds: 32 tps: 1521.13 qps: 24334.51 (r/w/o: 21292.34/0.00/3042.16) lat (ms,95%): 28.16 err/s: 0.00 reconn/s: 0.00
[ 540s ] thds: 32 tps: 1515.77 qps: 24248.95 (r/w/o: 21217.50/0.00/3031.44) lat (ms,95%): 28.67 err/s: 0.00 reconn/s: 0.00
[ 550s ] thds: 32 tps: 1516.00 qps: 24259.28 (r/w/o: 21227.19/0.00/3032.10) lat (ms,95%): 28.16 err/s: 0.00 reconn/s: 0.00
[ 560s ] thds: 32 tps: 1522.80 qps: 24365.36 (r/w/o: 21319.75/0.00/3045.61) lat (ms,95%): 28.16 err/s: 0.00 reconn/s: 0.00
[ 570s ] thds: 32 tps: 1525.31 qps: 24400.91 (r/w/o: 21350.48/0.00/3050.43) lat (ms,95%): 27.66 err/s: 0.00 reconn/s: 0.00
[ 580s ] thds: 32 tps: 1516.98 qps: 24268.93 (r/w/o: 21235.16/0.00/3033.77) lat (ms,95%): 28.16 err/s: 0.00 reconn/s: 0.00
[ 590s ] thds: 32 tps: 1516.40 qps: 24267.88 (r/w/o: 21234.78/0.00/3033.10) lat (ms,95%): 28.67 err/s: 0.00 reconn/s: 0.00
[ 600s ] thds: 32 tps: 1525.51 qps: 24406.53 (r/w/o: 21355.51/0.00/3051.02) lat (ms,95%): 28.16 err/s: 0.00 reconn/s: 0.00
SQL statistics:
    queries performed:
        read:                            12328764
        write:                           0
        other:                           1761252
        total:                           14090016
    transactions:                        880626 (1467.58 per sec.)
    queries:                             14090016 (23481.32 per sec.)
    ignored errors:                      0      (0.00 per sec.)
    reconnects:                          0      (0.00 per sec.)

General statistics:
    total time:                          600.0494s
    total number of events:              880626

Latency (ms):
         min:                                    8.37
         avg:                                   21.80
         max:                                   87.20
         95th percentile:                       30.81
         sum:                             19198345.10

Threads fairness:
    events (avg/stddev):           27519.5625/30.39
    execution time (avg/stddev):   599.9483/0.01

