sysbench 1.0.20 (using bundled LuaJIT 2.1.0-beta2)

Running the test with following options:
Number of threads: 32
Report intermediate results every 10 second(s)
Initializing random number generator from current time


Initializing worker threads...

Threads started!

[ 10s ] thds: 32 tps: 1346.59 qps: 21573.42 (r/w/o: 18877.34/0.00/2696.08) lat (ms,95%): 34.95 err/s: 0.00 reconn/s: 0.00
[ 20s ] thds: 32 tps: 1371.74 qps: 21944.27 (r/w/o: 19200.70/0.00/2743.57) lat (ms,95%): 32.53 err/s: 0.00 reconn/s: 0.00
[ 30s ] thds: 32 tps: 1381.29 qps: 22098.90 (r/w/o: 19336.33/0.00/2762.58) lat (ms,95%): 32.53 err/s: 0.00 reconn/s: 0.00
[ 40s ] thds: 32 tps: 1360.11 qps: 21764.79 (r/w/o: 19044.36/0.00/2720.42) lat (ms,95%): 34.33 err/s: 0.00 reconn/s: 0.00
[ 50s ] thds: 32 tps: 1380.02 qps: 22085.40 (r/w/o: 19325.37/0.00/2760.04) lat (ms,95%): 33.72 err/s: 0.00 reconn/s: 0.00
[ 60s ] thds: 32 tps: 1391.19 qps: 22251.08 (r/w/o: 19469.00/0.00/2782.07) lat (ms,95%): 33.72 err/s: 0.00 reconn/s: 0.00
[ 70s ] thds: 32 tps: 1381.51 qps: 22108.29 (r/w/o: 19344.98/0.00/2763.31) lat (ms,95%): 33.12 err/s: 0.00 reconn/s: 0.00
[ 80s ] thds: 32 tps: 1387.25 qps: 22197.35 (r/w/o: 19422.84/0.00/2774.51) lat (ms,95%): 33.12 err/s: 0.00 reconn/s: 0.00
[ 90s ] thds: 32 tps: 1486.75 qps: 23786.92 (r/w/o: 20813.42/0.00/2973.50) lat (ms,95%): 29.19 err/s: 0.00 reconn/s: 0.00
[ 100s ] thds: 32 tps: 1520.49 qps: 24328.13 (r/w/o: 21287.45/0.00/3040.68) lat (ms,95%): 28.67 err/s: 0.00 reconn/s: 0.00
[ 110s ] thds: 32 tps: 1527.61 qps: 24441.03 (r/w/o: 21385.52/0.00/3055.52) lat (ms,95%): 28.16 err/s: 0.00 reconn/s: 0.00
[ 120s ] thds: 32 tps: 1522.56 qps: 24362.13 (r/w/o: 21317.20/0.00/3044.93) lat (ms,95%): 28.16 err/s: 0.00 reconn/s: 0.00
[ 130s ] thds: 32 tps: 1526.84 qps: 24426.24 (r/w/o: 21372.36/0.00/3053.88) lat (ms,95%): 27.66 err/s: 0.00 reconn/s: 0.00
[ 140s ] thds: 32 tps: 1526.40 qps: 24424.45 (r/w/o: 21371.75/0.00/3052.69) lat (ms,95%): 28.16 err/s: 0.00 reconn/s: 0.00
[ 150s ] thds: 32 tps: 1526.30 qps: 24423.61 (r/w/o: 21371.11/0.00/3052.50) lat (ms,95%): 28.16 err/s: 0.00 reconn/s: 0.00
[ 160s ] thds: 32 tps: 1528.40 qps: 24455.48 (r/w/o: 21398.49/0.00/3057.00) lat (ms,95%): 28.16 err/s: 0.00 reconn/s: 0.00
[ 170s ] thds: 32 tps: 1531.13 qps: 24492.26 (r/w/o: 21430.20/0.00/3062.06) lat (ms,95%): 27.17 err/s: 0.00 reconn/s: 0.00
[ 180s ] thds: 32 tps: 1525.06 qps: 24398.19 (r/w/o: 21348.58/0.00/3049.61) lat (ms,95%): 28.16 err/s: 0.00 reconn/s: 0.00
[ 190s ] thds: 32 tps: 1520.62 qps: 24337.20 (r/w/o: 21295.46/0.00/3041.74) lat (ms,95%): 28.16 err/s: 0.00 reconn/s: 0.00
[ 200s ] thds: 32 tps: 1527.40 qps: 24435.80 (r/w/o: 21380.90/0.00/3054.90) lat (ms,95%): 27.66 err/s: 0.00 reconn/s: 0.00
[ 210s ] thds: 32 tps: 1529.00 qps: 24462.39 (r/w/o: 21404.50/0.00/3057.90) lat (ms,95%): 27.66 err/s: 0.00 reconn/s: 0.00
[ 220s ] thds: 32 tps: 1523.58 qps: 24377.64 (r/w/o: 21330.37/0.00/3047.27) lat (ms,95%): 28.16 err/s: 0.00 reconn/s: 0.00
[ 230s ] thds: 32 tps: 1522.80 qps: 24359.84 (r/w/o: 21314.34/0.00/3045.51) lat (ms,95%): 28.67 err/s: 0.00 reconn/s: 0.00
[ 240s ] thds: 32 tps: 1520.81 qps: 24343.34 (r/w/o: 21301.72/0.00/3041.62) lat (ms,95%): 28.16 err/s: 0.00 reconn/s: 0.00
[ 250s ] thds: 32 tps: 1532.03 qps: 24507.41 (r/w/o: 21443.26/0.00/3064.15) lat (ms,95%): 28.16 err/s: 0.00 reconn/s: 0.00
[ 260s ] thds: 32 tps: 1530.08 qps: 24481.65 (r/w/o: 21421.69/0.00/3059.96) lat (ms,95%): 28.16 err/s: 0.00 reconn/s: 0.00
[ 270s ] thds: 32 tps: 1528.80 qps: 24460.99 (r/w/o: 21403.09/0.00/3057.90) lat (ms,95%): 28.16 err/s: 0.00 reconn/s: 0.00
[ 280s ] thds: 32 tps: 1520.69 qps: 24332.29 (r/w/o: 21291.01/0.00/3041.27) lat (ms,95%): 28.16 err/s: 0.00 reconn/s: 0.00
[ 290s ] thds: 32 tps: 1523.36 qps: 24372.99 (r/w/o: 21326.28/0.00/3046.71) lat (ms,95%): 28.67 err/s: 0.00 reconn/s: 0.00
[ 300s ] thds: 32 tps: 1523.86 qps: 24381.63 (r/w/o: 21333.91/0.00/3047.72) lat (ms,95%): 28.16 err/s: 0.00 reconn/s: 0.00
[ 310s ] thds: 32 tps: 1527.46 qps: 24439.42 (r/w/o: 21384.39/0.00/3055.03) lat (ms,95%): 28.67 err/s: 0.00 reconn/s: 0.00
[ 320s ] thds: 32 tps: 1529.74 qps: 24475.48 (r/w/o: 21416.31/0.00/3059.17) lat (ms,95%): 28.16 err/s: 0.00 reconn/s: 0.00
[ 330s ] thds: 32 tps: 1518.10 qps: 24289.00 (r/w/o: 21252.60/0.00/3036.40) lat (ms,95%): 28.67 err/s: 0.00 reconn/s: 0.00
[ 340s ] thds: 32 tps: 1529.49 qps: 24472.25 (r/w/o: 21413.27/0.00/3058.98) lat (ms,95%): 28.16 err/s: 0.00 reconn/s: 0.00
[ 350s ] thds: 32 tps: 1528.36 qps: 24451.69 (r/w/o: 21394.87/0.00/3056.82) lat (ms,95%): 28.16 err/s: 0.00 reconn/s: 0.00
[ 360s ] thds: 32 tps: 1526.65 qps: 24433.06 (r/w/o: 21379.77/0.00/3053.30) lat (ms,95%): 27.66 err/s: 0.00 reconn/s: 0.00
[ 370s ] thds: 32 tps: 1527.09 qps: 24426.83 (r/w/o: 21372.55/0.00/3054.28) lat (ms,95%): 28.67 err/s: 0.00 reconn/s: 0.00
[ 380s ] thds: 32 tps: 1534.50 qps: 24553.04 (r/w/o: 21484.24/0.00/3068.81) lat (ms,95%): 28.16 err/s: 0.00 reconn/s: 0.00
[ 390s ] thds: 32 tps: 1527.40 qps: 24439.02 (r/w/o: 21384.63/0.00/3054.39) lat (ms,95%): 28.16 err/s: 0.00 reconn/s: 0.00
[ 400s ] thds: 32 tps: 1531.07 qps: 24496.13 (r/w/o: 21433.69/0.00/3062.44) lat (ms,95%): 27.66 err/s: 0.00 reconn/s: 0.00
[ 410s ] thds: 32 tps: 1522.32 qps: 24358.18 (r/w/o: 21313.45/0.00/3044.74) lat (ms,95%): 28.16 err/s: 0.00 reconn/s: 0.00
[ 420s ] thds: 32 tps: 1523.18 qps: 24374.58 (r/w/o: 21328.22/0.00/3046.36) lat (ms,95%): 28.16 err/s: 0.00 reconn/s: 0.00
[ 430s ] thds: 32 tps: 1532.13 qps: 24510.11 (r/w/o: 21445.75/0.00/3064.36) lat (ms,95%): 28.16 err/s: 0.00 reconn/s: 0.00
[ 440s ] thds: 32 tps: 1533.01 qps: 24525.72 (r/w/o: 21459.89/0.00/3065.83) lat (ms,95%): 27.66 err/s: 0.00 reconn/s: 0.00
[ 450s ] thds: 32 tps: 1516.48 qps: 24264.28 (r/w/o: 21231.32/0.00/3032.96) lat (ms,95%): 28.16 err/s: 0.00 reconn/s: 0.00
[ 460s ] thds: 32 tps: 1526.18 qps: 24421.23 (r/w/o: 21368.78/0.00/3052.45) lat (ms,95%): 28.16 err/s: 0.00 reconn/s: 0.00
[ 470s ] thds: 32 tps: 1524.59 qps: 24394.28 (r/w/o: 21345.10/0.00/3049.19) lat (ms,95%): 28.16 err/s: 0.00 reconn/s: 0.00
[ 480s ] thds: 32 tps: 1525.33 qps: 24400.73 (r/w/o: 21350.58/0.00/3050.15) lat (ms,95%): 28.67 err/s: 0.00 reconn/s: 0.00
[ 490s ] thds: 32 tps: 1526.32 qps: 24424.47 (r/w/o: 21371.23/0.00/3053.23) lat (ms,95%): 28.16 err/s: 0.00 reconn/s: 0.00
[ 500s ] thds: 32 tps: 1531.80 qps: 24506.57 (r/w/o: 21443.06/0.00/3063.51) lat (ms,95%): 28.16 err/s: 0.00 reconn/s: 0.00
[ 510s ] thds: 32 tps: 1526.90 qps: 24431.99 (r/w/o: 21378.09/0.00/3053.90) lat (ms,95%): 28.16 err/s: 0.00 reconn/s: 0.00
[ 520s ] thds: 32 tps: 1530.00 qps: 24480.76 (r/w/o: 21420.95/0.00/3059.81) lat (ms,95%): 28.67 err/s: 0.00 reconn/s: 0.00
[ 530s ] thds: 32 tps: 1529.50 qps: 24472.99 (r/w/o: 21413.79/0.00/3059.20) lat (ms,95%): 28.67 err/s: 0.00 reconn/s: 0.00
[ 540s ] thds: 32 tps: 1509.40 qps: 24149.70 (r/w/o: 21130.90/0.00/3018.80) lat (ms,95%): 28.67 err/s: 0.00 reconn/s: 0.00
[ 550s ] thds: 32 tps: 1523.48 qps: 24374.70 (r/w/o: 21327.94/0.00/3046.76) lat (ms,95%): 28.67 err/s: 0.00 reconn/s: 0.00
[ 560s ] thds: 32 tps: 1526.92 qps: 24430.90 (r/w/o: 21376.86/0.00/3054.04) lat (ms,95%): 28.16 err/s: 0.00 reconn/s: 0.00
[ 570s ] thds: 32 tps: 1524.74 qps: 24400.45 (r/w/o: 21350.97/0.00/3049.48) lat (ms,95%): 28.16 err/s: 0.00 reconn/s: 0.00
[ 580s ] thds: 32 tps: 1525.51 qps: 24409.78 (r/w/o: 21358.76/0.00/3051.02) lat (ms,95%): 28.16 err/s: 0.00 reconn/s: 0.00
[ 590s ] thds: 32 tps: 1525.25 qps: 24399.10 (r/w/o: 21348.80/0.00/3050.30) lat (ms,95%): 28.16 err/s: 0.00 reconn/s: 0.00
[ 600s ] thds: 32 tps: 1521.49 qps: 24342.17 (r/w/o: 21299.20/0.00/3042.97) lat (ms,95%): 28.16 err/s: 0.00 reconn/s: 0.00
SQL statistics:
    queries performed:
        read:                            12643694
        write:                           0
        other:                           1806242
        total:                           14449936
    transactions:                        903121 (1505.07 per sec.)
    queries:                             14449936 (24081.15 per sec.)
    ignored errors:                      0      (0.00 per sec.)
    reconnects:                          0      (0.00 per sec.)

General statistics:
    total time:                          600.0500s
    total number of events:              903121

Latency (ms):
         min:                                    8.35
         avg:                                   21.26
         max:                                   99.41
         95th percentile:                       29.19
         sum:                             19198374.49

Threads fairness:
    events (avg/stddev):           28222.5312/22.19
    execution time (avg/stddev):   599.9492/0.01

