sysbench 1.0.20 (using bundled LuaJIT 2.1.0-beta2)

Running the test with following options:
Number of threads: 32
Report intermediate results every 10 second(s)
Initializing random number generator from current time


Initializing worker threads...

Threads started!

[ 10s ] thds: 32 tps: 1361.15 qps: 21805.45 (r/w/o: 19079.95/0.00/2725.51) lat (ms,95%): 33.72 err/s: 0.00 reconn/s: 0.00
[ 20s ] thds: 32 tps: 1361.77 qps: 21784.87 (r/w/o: 19061.62/0.00/2723.25) lat (ms,95%): 34.33 err/s: 0.00 reconn/s: 0.00
[ 30s ] thds: 32 tps: 1354.48 qps: 21671.94 (r/w/o: 18962.67/0.00/2709.27) lat (ms,95%): 33.72 err/s: 0.00 reconn/s: 0.00
[ 40s ] thds: 32 tps: 1384.98 qps: 22159.32 (r/w/o: 19389.57/0.00/2769.75) lat (ms,95%): 32.53 err/s: 0.00 reconn/s: 0.00
[ 50s ] thds: 32 tps: 1378.43 qps: 22057.43 (r/w/o: 19300.68/0.00/2756.75) lat (ms,95%): 33.12 err/s: 0.00 reconn/s: 0.00
[ 60s ] thds: 32 tps: 1359.51 qps: 21753.43 (r/w/o: 19034.20/0.00/2719.23) lat (ms,95%): 33.12 err/s: 0.00 reconn/s: 0.00
[ 70s ] thds: 32 tps: 1375.59 qps: 22009.88 (r/w/o: 19258.90/0.00/2750.97) lat (ms,95%): 33.12 err/s: 0.00 reconn/s: 0.00
[ 80s ] thds: 32 tps: 1382.77 qps: 22126.75 (r/w/o: 19361.02/0.00/2765.73) lat (ms,95%): 32.53 err/s: 0.00 reconn/s: 0.00
[ 90s ] thds: 32 tps: 1368.15 qps: 21884.43 (r/w/o: 19148.04/0.00/2736.39) lat (ms,95%): 34.33 err/s: 0.00 reconn/s: 0.00
[ 100s ] thds: 32 tps: 1377.21 qps: 22038.51 (r/w/o: 19284.08/0.00/2754.43) lat (ms,95%): 33.72 err/s: 0.00 reconn/s: 0.00
[ 110s ] thds: 32 tps: 1396.59 qps: 22337.77 (r/w/o: 19544.80/0.00/2792.97) lat (ms,95%): 31.94 err/s: 0.00 reconn/s: 0.00
[ 120s ] thds: 32 tps: 1354.18 qps: 21670.48 (r/w/o: 18961.92/0.00/2708.56) lat (ms,95%): 34.33 err/s: 0.00 reconn/s: 0.00
[ 130s ] thds: 32 tps: 1375.13 qps: 22003.81 (r/w/o: 19253.55/0.00/2750.25) lat (ms,95%): 33.72 err/s: 0.00 reconn/s: 0.00
[ 140s ] thds: 32 tps: 1391.46 qps: 22262.73 (r/w/o: 19479.90/0.00/2782.83) lat (ms,95%): 33.12 err/s: 0.00 reconn/s: 0.00
[ 150s ] thds: 32 tps: 1379.53 qps: 22070.58 (r/w/o: 19311.52/0.00/2759.06) lat (ms,95%): 33.12 err/s: 0.00 reconn/s: 0.00
[ 160s ] thds: 32 tps: 1374.50 qps: 21996.02 (r/w/o: 19246.92/0.00/2749.10) lat (ms,95%): 33.12 err/s: 0.00 reconn/s: 0.00
[ 170s ] thds: 32 tps: 1391.80 qps: 22269.93 (r/w/o: 19486.33/0.00/2783.60) lat (ms,95%): 33.12 err/s: 0.00 reconn/s: 0.00
[ 180s ] thds: 32 tps: 1379.30 qps: 22071.36 (r/w/o: 19312.87/0.00/2758.50) lat (ms,95%): 33.12 err/s: 0.00 reconn/s: 0.00
[ 190s ] thds: 32 tps: 1369.00 qps: 21904.66 (r/w/o: 19166.56/0.00/2738.09) lat (ms,95%): 34.33 err/s: 0.00 reconn/s: 0.00
[ 200s ] thds: 32 tps: 1395.85 qps: 22329.38 (r/w/o: 19537.99/0.00/2791.40) lat (ms,95%): 32.53 err/s: 0.00 reconn/s: 0.00
[ 210s ] thds: 32 tps: 1374.87 qps: 21998.15 (r/w/o: 19248.31/0.00/2749.84) lat (ms,95%): 33.12 err/s: 0.00 reconn/s: 0.00
[ 220s ] thds: 32 tps: 1369.17 qps: 21909.19 (r/w/o: 19170.64/0.00/2738.55) lat (ms,95%): 34.33 err/s: 0.00 reconn/s: 0.00
[ 230s ] thds: 32 tps: 1391.44 qps: 22264.69 (r/w/o: 19481.82/0.00/2782.87) lat (ms,95%): 33.12 err/s: 0.00 reconn/s: 0.00
[ 240s ] thds: 32 tps: 1385.77 qps: 22165.46 (r/w/o: 19394.02/0.00/2771.45) lat (ms,95%): 33.12 err/s: 0.00 reconn/s: 0.00
[ 250s ] thds: 32 tps: 1369.16 qps: 21909.98 (r/w/o: 19171.56/0.00/2738.42) lat (ms,95%): 33.12 err/s: 0.00 reconn/s: 0.00
[ 260s ] thds: 32 tps: 1399.33 qps: 22387.74 (r/w/o: 19589.59/0.00/2798.16) lat (ms,95%): 32.53 err/s: 0.00 reconn/s: 0.00
[ 270s ] thds: 32 tps: 1367.90 qps: 21879.59 (r/w/o: 19143.29/0.00/2736.30) lat (ms,95%): 34.33 err/s: 0.00 reconn/s: 0.00
[ 280s ] thds: 32 tps: 1388.51 qps: 22222.79 (r/w/o: 19445.97/0.00/2776.82) lat (ms,95%): 33.12 err/s: 0.00 reconn/s: 0.00
[ 290s ] thds: 32 tps: 1396.00 qps: 22333.10 (r/w/o: 19541.10/0.00/2792.00) lat (ms,95%): 32.53 err/s: 0.00 reconn/s: 0.00
[ 300s ] thds: 32 tps: 1369.89 qps: 21923.69 (r/w/o: 19183.81/0.00/2739.89) lat (ms,95%): 33.12 err/s: 0.00 reconn/s: 0.00
[ 310s ] thds: 32 tps: 1378.90 qps: 22061.16 (r/w/o: 19303.46/0.00/2757.71) lat (ms,95%): 33.72 err/s: 0.00 reconn/s: 0.00
[ 320s ] thds: 32 tps: 1462.70 qps: 23398.18 (r/w/o: 20472.69/0.00/2925.50) lat (ms,95%): 29.19 err/s: 0.00 reconn/s: 0.00
[ 330s ] thds: 32 tps: 1501.30 qps: 24025.44 (r/w/o: 21022.85/0.00/3002.59) lat (ms,95%): 28.67 err/s: 0.00 reconn/s: 0.00
[ 340s ] thds: 32 tps: 1504.55 qps: 24069.51 (r/w/o: 21060.41/0.00/3009.10) lat (ms,95%): 28.16 err/s: 0.00 reconn/s: 0.00
[ 350s ] thds: 32 tps: 1508.25 qps: 24136.67 (r/w/o: 21120.17/0.00/3016.51) lat (ms,95%): 28.67 err/s: 0.00 reconn/s: 0.00
[ 360s ] thds: 32 tps: 1502.10 qps: 24032.41 (r/w/o: 21028.11/0.00/3004.30) lat (ms,95%): 28.67 err/s: 0.00 reconn/s: 0.00
[ 370s ] thds: 32 tps: 1509.40 qps: 24147.44 (r/w/o: 21128.85/0.00/3018.59) lat (ms,95%): 28.16 err/s: 0.00 reconn/s: 0.00
[ 380s ] thds: 32 tps: 1505.60 qps: 24091.61 (r/w/o: 21080.21/0.00/3011.40) lat (ms,95%): 28.67 err/s: 0.00 reconn/s: 0.00
[ 390s ] thds: 32 tps: 1500.30 qps: 24002.16 (r/w/o: 21001.65/0.00/3000.51) lat (ms,95%): 28.67 err/s: 0.00 reconn/s: 0.00
[ 400s ] thds: 32 tps: 1510.50 qps: 24164.98 (r/w/o: 21143.88/0.00/3021.10) lat (ms,95%): 28.16 err/s: 0.00 reconn/s: 0.00
[ 410s ] thds: 32 tps: 1511.40 qps: 24189.28 (r/w/o: 21166.68/0.00/3022.60) lat (ms,95%): 28.16 err/s: 0.00 reconn/s: 0.00
[ 420s ] thds: 32 tps: 1493.51 qps: 23897.09 (r/w/o: 20909.98/0.00/2987.11) lat (ms,95%): 29.19 err/s: 0.00 reconn/s: 0.00
[ 430s ] thds: 32 tps: 1502.50 qps: 24040.46 (r/w/o: 21035.57/0.00/3004.90) lat (ms,95%): 28.67 err/s: 0.00 reconn/s: 0.00
[ 440s ] thds: 32 tps: 1510.59 qps: 24165.71 (r/w/o: 21144.32/0.00/3021.39) lat (ms,95%): 28.16 err/s: 0.00 reconn/s: 0.00
[ 450s ] thds: 32 tps: 1500.91 qps: 24010.79 (r/w/o: 21008.97/0.00/3001.82) lat (ms,95%): 29.19 err/s: 0.00 reconn/s: 0.00
[ 460s ] thds: 32 tps: 1506.47 qps: 24112.85 (r/w/o: 21100.01/0.00/3012.83) lat (ms,95%): 28.67 err/s: 0.00 reconn/s: 0.00
[ 470s ] thds: 32 tps: 1509.23 qps: 24150.64 (r/w/o: 21132.18/0.00/3018.45) lat (ms,95%): 29.19 err/s: 0.00 reconn/s: 0.00
[ 480s ] thds: 32 tps: 1506.00 qps: 24089.37 (r/w/o: 21077.37/0.00/3012.00) lat (ms,95%): 28.67 err/s: 0.00 reconn/s: 0.00
[ 490s ] thds: 32 tps: 1505.90 qps: 24093.72 (r/w/o: 21081.81/0.00/3011.90) lat (ms,95%): 28.16 err/s: 0.00 reconn/s: 0.00
[ 500s ] thds: 32 tps: 1510.90 qps: 24173.08 (r/w/o: 21151.58/0.00/3021.50) lat (ms,95%): 28.67 err/s: 0.00 reconn/s: 0.00
[ 510s ] thds: 32 tps: 1503.87 qps: 24061.67 (r/w/o: 21053.83/0.00/3007.85) lat (ms,95%): 28.67 err/s: 0.00 reconn/s: 0.00
[ 520s ] thds: 32 tps: 1505.52 qps: 24088.88 (r/w/o: 21077.84/0.00/3011.03) lat (ms,95%): 28.16 err/s: 0.00 reconn/s: 0.00
[ 530s ] thds: 32 tps: 1509.81 qps: 24161.68 (r/w/o: 21141.85/0.00/3019.82) lat (ms,95%): 29.19 err/s: 0.00 reconn/s: 0.00
[ 540s ] thds: 32 tps: 1511.49 qps: 24181.00 (r/w/o: 21158.01/0.00/3022.99) lat (ms,95%): 28.67 err/s: 0.00 reconn/s: 0.00
[ 550s ] thds: 32 tps: 1506.40 qps: 24104.02 (r/w/o: 21091.22/0.00/3012.80) lat (ms,95%): 28.67 err/s: 0.00 reconn/s: 0.00
[ 560s ] thds: 32 tps: 1508.07 qps: 24128.21 (r/w/o: 21112.07/0.00/3016.14) lat (ms,95%): 28.67 err/s: 0.00 reconn/s: 0.00
[ 570s ] thds: 32 tps: 1502.69 qps: 24039.74 (r/w/o: 21034.76/0.00/3004.98) lat (ms,95%): 28.67 err/s: 0.00 reconn/s: 0.00
[ 580s ] thds: 32 tps: 1507.55 qps: 24125.12 (r/w/o: 21109.62/0.00/3015.50) lat (ms,95%): 28.67 err/s: 0.00 reconn/s: 0.00
[ 590s ] thds: 32 tps: 1509.19 qps: 24151.11 (r/w/o: 21132.72/0.00/3018.39) lat (ms,95%): 28.67 err/s: 0.00 reconn/s: 0.00
[ 600s ] thds: 32 tps: 1505.20 qps: 24081.54 (r/w/o: 21071.14/0.00/3010.39) lat (ms,95%): 28.16 err/s: 0.00 reconn/s: 0.00
SQL statistics:
    queries performed:
        read:                            12087278
        write:                           0
        other:                           1726754
        total:                           13814032
    transactions:                        863377 (1438.84 per sec.)
    queries:                             13814032 (23021.46 per sec.)
    ignored errors:                      0      (0.00 per sec.)
    reconnects:                          0      (0.00 per sec.)

General statistics:
    total time:                          600.0475s
    total number of events:              863377

Latency (ms):
         min:                                    7.80
         avg:                                   22.24
         max:                                   87.39
         95th percentile:                       31.37
         sum:                             19198413.75

Threads fairness:
    events (avg/stddev):           26980.5312/31.14
    execution time (avg/stddev):   599.9504/0.01

