sysbench 1.0.20 (using bundled LuaJIT 2.1.0-beta2)

Running the test with following options:
Number of threads: 32
Report intermediate results every 10 second(s)
Initializing random number generator from current time


Initializing worker threads...

Threads started!

[ 10s ] thds: 32 tps: 1346.27 qps: 21568.68 (r/w/o: 18872.93/0.00/2695.75) lat (ms,95%): 34.33 err/s: 0.00 reconn/s: 0.00
[ 20s ] thds: 32 tps: 1366.16 qps: 21858.46 (r/w/o: 19126.34/0.00/2732.12) lat (ms,95%): 34.33 err/s: 0.00 reconn/s: 0.00
[ 30s ] thds: 32 tps: 1394.08 qps: 22306.75 (r/w/o: 19518.58/0.00/2788.17) lat (ms,95%): 32.53 err/s: 0.00 reconn/s: 0.00
[ 40s ] thds: 32 tps: 1369.81 qps: 21916.56 (r/w/o: 19176.74/0.00/2739.82) lat (ms,95%): 33.72 err/s: 0.00 reconn/s: 0.00
[ 50s ] thds: 32 tps: 1365.69 qps: 21850.31 (r/w/o: 19119.04/0.00/2731.28) lat (ms,95%): 33.72 err/s: 0.00 reconn/s: 0.00
[ 60s ] thds: 32 tps: 1405.51 qps: 22483.52 (r/w/o: 19672.39/0.00/2811.13) lat (ms,95%): 32.53 err/s: 0.00 reconn/s: 0.00
[ 70s ] thds: 32 tps: 1384.00 qps: 22150.13 (r/w/o: 19382.13/0.00/2768.00) lat (ms,95%): 33.12 err/s: 0.00 reconn/s: 0.00
[ 80s ] thds: 32 tps: 1373.47 qps: 21975.36 (r/w/o: 19228.42/0.00/2746.95) lat (ms,95%): 33.72 err/s: 0.00 reconn/s: 0.00
[ 90s ] thds: 32 tps: 1387.43 qps: 22196.90 (r/w/o: 19422.05/0.00/2774.85) lat (ms,95%): 33.72 err/s: 0.00 reconn/s: 0.00
[ 100s ] thds: 32 tps: 1388.40 qps: 22214.24 (r/w/o: 19437.44/0.00/2776.81) lat (ms,95%): 33.12 err/s: 0.00 reconn/s: 0.00
[ 110s ] thds: 32 tps: 1384.39 qps: 22149.41 (r/w/o: 19380.72/0.00/2768.69) lat (ms,95%): 33.72 err/s: 0.00 reconn/s: 0.00
[ 120s ] thds: 32 tps: 1394.31 qps: 22304.34 (r/w/o: 19515.83/0.00/2788.52) lat (ms,95%): 32.53 err/s: 0.00 reconn/s: 0.00
[ 130s ] thds: 32 tps: 1402.69 qps: 22439.38 (r/w/o: 19634.09/0.00/2805.28) lat (ms,95%): 31.94 err/s: 0.00 reconn/s: 0.00
[ 140s ] thds: 32 tps: 1415.80 qps: 22660.84 (r/w/o: 19828.94/0.00/2831.91) lat (ms,95%): 31.94 err/s: 0.00 reconn/s: 0.00
[ 150s ] thds: 32 tps: 1524.06 qps: 24384.42 (r/w/o: 21336.30/0.00/3048.11) lat (ms,95%): 28.16 err/s: 0.00 reconn/s: 0.00
[ 160s ] thds: 32 tps: 1511.70 qps: 24194.65 (r/w/o: 21171.26/0.00/3023.39) lat (ms,95%): 28.16 err/s: 0.00 reconn/s: 0.00
[ 170s ] thds: 32 tps: 1518.66 qps: 24286.11 (r/w/o: 21249.59/0.00/3036.51) lat (ms,95%): 28.67 err/s: 0.00 reconn/s: 0.00
[ 180s ] thds: 32 tps: 1517.89 qps: 24292.96 (r/w/o: 21256.48/0.00/3036.48) lat (ms,95%): 28.67 err/s: 0.00 reconn/s: 0.00
[ 190s ] thds: 32 tps: 1515.68 qps: 24246.07 (r/w/o: 21214.71/0.00/3031.36) lat (ms,95%): 28.16 err/s: 0.00 reconn/s: 0.00
[ 200s ] thds: 32 tps: 1522.72 qps: 24369.60 (r/w/o: 21324.16/0.00/3045.44) lat (ms,95%): 28.16 err/s: 0.00 reconn/s: 0.00
[ 210s ] thds: 32 tps: 1520.89 qps: 24333.59 (r/w/o: 21291.70/0.00/3041.89) lat (ms,95%): 28.16 err/s: 0.00 reconn/s: 0.00
[ 220s ] thds: 32 tps: 1518.39 qps: 24296.52 (r/w/o: 21259.94/0.00/3036.58) lat (ms,95%): 28.16 err/s: 0.00 reconn/s: 0.00
[ 230s ] thds: 32 tps: 1524.21 qps: 24378.60 (r/w/o: 21329.97/0.00/3048.62) lat (ms,95%): 27.66 err/s: 0.00 reconn/s: 0.00
[ 240s ] thds: 32 tps: 1520.11 qps: 24324.45 (r/w/o: 21284.23/0.00/3040.22) lat (ms,95%): 29.19 err/s: 0.00 reconn/s: 0.00
[ 250s ] thds: 32 tps: 1516.07 qps: 24261.88 (r/w/o: 21229.73/0.00/3032.15) lat (ms,95%): 28.16 err/s: 0.00 reconn/s: 0.00
[ 260s ] thds: 32 tps: 1523.63 qps: 24378.83 (r/w/o: 21331.68/0.00/3047.15) lat (ms,95%): 28.16 err/s: 0.00 reconn/s: 0.00
[ 270s ] thds: 32 tps: 1521.39 qps: 24338.88 (r/w/o: 21295.99/0.00/3042.88) lat (ms,95%): 27.66 err/s: 0.00 reconn/s: 0.00
[ 280s ] thds: 32 tps: 1520.59 qps: 24333.81 (r/w/o: 21292.64/0.00/3041.18) lat (ms,95%): 28.67 err/s: 0.00 reconn/s: 0.00
[ 290s ] thds: 32 tps: 1523.32 qps: 24372.54 (r/w/o: 21325.90/0.00/3046.64) lat (ms,95%): 27.66 err/s: 0.00 reconn/s: 0.00
[ 300s ] thds: 32 tps: 1525.99 qps: 24410.24 (r/w/o: 21358.36/0.00/3051.88) lat (ms,95%): 28.16 err/s: 0.00 reconn/s: 0.00
[ 310s ] thds: 32 tps: 1521.11 qps: 24335.48 (r/w/o: 21293.67/0.00/3041.81) lat (ms,95%): 28.67 err/s: 0.00 reconn/s: 0.00
[ 320s ] thds: 32 tps: 1523.36 qps: 24382.30 (r/w/o: 21335.17/0.00/3047.12) lat (ms,95%): 28.16 err/s: 0.00 reconn/s: 0.00
[ 330s ] thds: 32 tps: 1515.34 qps: 24239.28 (r/w/o: 21208.51/0.00/3030.77) lat (ms,95%): 28.16 err/s: 0.00 reconn/s: 0.00
[ 340s ] thds: 32 tps: 1515.39 qps: 24247.15 (r/w/o: 21216.77/0.00/3030.38) lat (ms,95%): 28.67 err/s: 0.00 reconn/s: 0.00
[ 350s ] thds: 32 tps: 1523.11 qps: 24373.06 (r/w/o: 21326.44/0.00/3046.62) lat (ms,95%): 27.66 err/s: 0.00 reconn/s: 0.00
[ 360s ] thds: 32 tps: 1519.10 qps: 24303.96 (r/w/o: 21265.75/0.00/3038.21) lat (ms,95%): 28.67 err/s: 0.00 reconn/s: 0.00
[ 370s ] thds: 32 tps: 1510.84 qps: 24167.27 (r/w/o: 21145.89/0.00/3021.38) lat (ms,95%): 29.19 err/s: 0.00 reconn/s: 0.00
[ 380s ] thds: 32 tps: 1518.56 qps: 24303.91 (r/w/o: 21266.68/0.00/3037.23) lat (ms,95%): 28.67 err/s: 0.00 reconn/s: 0.00
[ 390s ] thds: 32 tps: 1525.30 qps: 24412.05 (r/w/o: 21361.26/0.00/3050.79) lat (ms,95%): 27.66 err/s: 0.00 reconn/s: 0.00
[ 400s ] thds: 32 tps: 1508.97 qps: 24133.26 (r/w/o: 21115.73/0.00/3017.53) lat (ms,95%): 29.19 err/s: 0.00 reconn/s: 0.00
[ 410s ] thds: 32 tps: 1521.43 qps: 24339.77 (r/w/o: 21296.71/0.00/3043.06) lat (ms,95%): 28.67 err/s: 0.00 reconn/s: 0.00
[ 420s ] thds: 32 tps: 1522.88 qps: 24367.48 (r/w/o: 21321.62/0.00/3045.86) lat (ms,95%): 28.16 err/s: 0.00 reconn/s: 0.00
[ 430s ] thds: 32 tps: 1520.42 qps: 24328.60 (r/w/o: 21287.76/0.00/3040.84) lat (ms,95%): 28.16 err/s: 0.00 reconn/s: 0.00
[ 440s ] thds: 32 tps: 1521.00 qps: 24343.03 (r/w/o: 21301.03/0.00/3042.00) lat (ms,95%): 28.67 err/s: 0.00 reconn/s: 0.00
[ 450s ] thds: 32 tps: 1519.36 qps: 24309.44 (r/w/o: 21270.62/0.00/3038.82) lat (ms,95%): 28.16 err/s: 0.00 reconn/s: 0.00
[ 460s ] thds: 32 tps: 1514.24 qps: 24224.87 (r/w/o: 21196.38/0.00/3028.48) lat (ms,95%): 29.19 err/s: 0.00 reconn/s: 0.00
[ 470s ] thds: 32 tps: 1524.80 qps: 24392.87 (r/w/o: 21343.38/0.00/3049.50) lat (ms,95%): 28.16 err/s: 0.00 reconn/s: 0.00
[ 480s ] thds: 32 tps: 1525.70 qps: 24416.20 (r/w/o: 21364.90/0.00/3051.30) lat (ms,95%): 27.66 err/s: 0.00 reconn/s: 0.00
[ 490s ] thds: 32 tps: 1518.08 qps: 24287.72 (r/w/o: 21251.46/0.00/3036.27) lat (ms,95%): 28.67 err/s: 0.00 reconn/s: 0.00
[ 500s ] thds: 32 tps: 1517.12 qps: 24274.18 (r/w/o: 21239.84/0.00/3034.33) lat (ms,95%): 28.67 err/s: 0.00 reconn/s: 0.00
[ 510s ] thds: 32 tps: 1521.80 qps: 24347.71 (r/w/o: 21304.21/0.00/3043.50) lat (ms,95%): 28.67 err/s: 0.00 reconn/s: 0.00
[ 520s ] thds: 32 tps: 1512.20 qps: 24192.65 (r/w/o: 21168.35/0.00/3024.31) lat (ms,95%): 29.19 err/s: 0.00 reconn/s: 0.00
[ 530s ] thds: 32 tps: 1522.04 qps: 24353.31 (r/w/o: 21309.12/0.00/3044.19) lat (ms,95%): 27.66 err/s: 0.00 reconn/s: 0.00
[ 540s ] thds: 32 tps: 1525.84 qps: 24417.91 (r/w/o: 21366.13/0.00/3051.78) lat (ms,95%): 28.16 err/s: 0.00 reconn/s: 0.00
[ 550s ] thds: 32 tps: 1519.31 qps: 24300.40 (r/w/o: 21261.98/0.00/3038.43) lat (ms,95%): 28.16 err/s: 0.00 reconn/s: 0.00
[ 560s ] thds: 32 tps: 1517.70 qps: 24285.46 (r/w/o: 21249.85/0.00/3035.61) lat (ms,95%): 28.16 err/s: 0.00 reconn/s: 0.00
[ 570s ] thds: 32 tps: 1527.00 qps: 24436.01 (r/w/o: 21382.21/0.00/3053.80) lat (ms,95%): 28.16 err/s: 0.00 reconn/s: 0.00
[ 580s ] thds: 32 tps: 1504.60 qps: 24074.87 (r/w/o: 21065.57/0.00/3009.30) lat (ms,95%): 29.72 err/s: 0.00 reconn/s: 0.00
[ 590s ] thds: 32 tps: 1519.69 qps: 24310.82 (r/w/o: 21271.74/0.00/3039.08) lat (ms,95%): 29.19 err/s: 0.00 reconn/s: 0.00
[ 600s ] thds: 32 tps: 1524.41 qps: 24394.65 (r/w/o: 21345.43/0.00/3049.22) lat (ms,95%): 27.66 err/s: 0.00 reconn/s: 0.00
SQL statistics:
    queries performed:
        read:                            12500250
        write:                           0
        other:                           1785750
        total:                           14286000
    transactions:                        892875 (1487.99 per sec.)
    queries:                             14286000 (23807.86 per sec.)
    ignored errors:                      0      (0.00 per sec.)
    reconnects:                          0      (0.00 per sec.)

General statistics:
    total time:                          600.0515s
    total number of events:              892875

Latency (ms):
         min:                                    8.25
         avg:                                   21.50
         max:                                   95.15
         95th percentile:                       29.72
         sum:                             19198287.54

Threads fairness:
    events (avg/stddev):           27902.3438/22.29
    execution time (avg/stddev):   599.9465/0.01

