sysbench 1.0.20 (using bundled LuaJIT 2.1.0-beta2)

Running the test with following options:
Number of threads: 32
Report intermediate results every 10 second(s)
Initializing random number generator from current time


Initializing worker threads...

Threads started!

[ 10s ] thds: 32 tps: 1347.58 qps: 21585.92 (r/w/o: 18887.67/0.00/2698.25) lat (ms,95%): 34.95 err/s: 0.00 reconn/s: 0.00
[ 20s ] thds: 32 tps: 1401.05 qps: 22416.04 (r/w/o: 19614.03/0.00/2802.00) lat (ms,95%): 32.53 err/s: 0.00 reconn/s: 0.00
[ 30s ] thds: 32 tps: 1367.79 qps: 21882.07 (r/w/o: 19146.39/0.00/2735.68) lat (ms,95%): 33.72 err/s: 0.00 reconn/s: 0.00
[ 40s ] thds: 32 tps: 1371.80 qps: 21954.66 (r/w/o: 19211.06/0.00/2743.61) lat (ms,95%): 33.72 err/s: 0.00 reconn/s: 0.00
[ 50s ] thds: 32 tps: 1397.80 qps: 22368.16 (r/w/o: 19572.45/0.00/2795.71) lat (ms,95%): 33.12 err/s: 0.00 reconn/s: 0.00
[ 60s ] thds: 32 tps: 1393.31 qps: 22293.00 (r/w/o: 19506.39/0.00/2786.61) lat (ms,95%): 32.53 err/s: 0.00 reconn/s: 0.00
[ 70s ] thds: 32 tps: 1385.24 qps: 22158.75 (r/w/o: 19388.27/0.00/2770.48) lat (ms,95%): 32.53 err/s: 0.00 reconn/s: 0.00
[ 80s ] thds: 32 tps: 1395.05 qps: 22324.35 (r/w/o: 19534.45/0.00/2789.91) lat (ms,95%): 33.12 err/s: 0.00 reconn/s: 0.00
[ 90s ] thds: 32 tps: 1473.65 qps: 23573.38 (r/w/o: 20625.98/0.00/2947.40) lat (ms,95%): 29.72 err/s: 0.00 reconn/s: 0.00
[ 100s ] thds: 32 tps: 1521.25 qps: 24337.55 (r/w/o: 21294.96/0.00/3042.59) lat (ms,95%): 28.67 err/s: 0.00 reconn/s: 0.00
[ 110s ] thds: 32 tps: 1525.37 qps: 24409.83 (r/w/o: 21359.09/0.00/3050.74) lat (ms,95%): 27.66 err/s: 0.00 reconn/s: 0.00
[ 120s ] thds: 32 tps: 1517.83 qps: 24281.54 (r/w/o: 21246.07/0.00/3035.47) lat (ms,95%): 28.16 err/s: 0.00 reconn/s: 0.00
[ 130s ] thds: 32 tps: 1525.70 qps: 24420.40 (r/w/o: 21368.80/0.00/3051.60) lat (ms,95%): 27.66 err/s: 0.00 reconn/s: 0.00
[ 140s ] thds: 32 tps: 1527.70 qps: 24439.12 (r/w/o: 21383.72/0.00/3055.40) lat (ms,95%): 27.66 err/s: 0.00 reconn/s: 0.00
[ 150s ] thds: 32 tps: 1517.99 qps: 24289.21 (r/w/o: 21253.32/0.00/3035.89) lat (ms,95%): 28.67 err/s: 0.00 reconn/s: 0.00
[ 160s ] thds: 32 tps: 1521.40 qps: 24342.01 (r/w/o: 21299.31/0.00/3042.70) lat (ms,95%): 27.66 err/s: 0.00 reconn/s: 0.00
[ 170s ] thds: 32 tps: 1524.20 qps: 24390.55 (r/w/o: 21342.05/0.00/3048.51) lat (ms,95%): 28.16 err/s: 0.00 reconn/s: 0.00
[ 180s ] thds: 32 tps: 1519.57 qps: 24304.07 (r/w/o: 21265.04/0.00/3039.03) lat (ms,95%): 28.16 err/s: 0.00 reconn/s: 0.00
[ 190s ] thds: 32 tps: 1523.00 qps: 24368.43 (r/w/o: 21322.22/0.00/3046.20) lat (ms,95%): 28.67 err/s: 0.00 reconn/s: 0.00
[ 200s ] thds: 32 tps: 1528.13 qps: 24450.60 (r/w/o: 21394.34/0.00/3056.26) lat (ms,95%): 27.66 err/s: 0.00 reconn/s: 0.00
[ 210s ] thds: 32 tps: 1519.85 qps: 24318.96 (r/w/o: 21279.26/0.00/3039.69) lat (ms,95%): 28.67 err/s: 0.00 reconn/s: 0.00
[ 220s ] thds: 32 tps: 1525.05 qps: 24401.55 (r/w/o: 21351.64/0.00/3049.91) lat (ms,95%): 28.16 err/s: 0.00 reconn/s: 0.00
[ 230s ] thds: 32 tps: 1528.00 qps: 24452.58 (r/w/o: 21396.38/0.00/3056.20) lat (ms,95%): 27.66 err/s: 0.00 reconn/s: 0.00
[ 240s ] thds: 32 tps: 1522.80 qps: 24363.04 (r/w/o: 21317.45/0.00/3045.59) lat (ms,95%): 28.16 err/s: 0.00 reconn/s: 0.00
[ 250s ] thds: 32 tps: 1528.01 qps: 24447.68 (r/w/o: 21391.76/0.00/3055.92) lat (ms,95%): 28.67 err/s: 0.00 reconn/s: 0.00
[ 260s ] thds: 32 tps: 1528.70 qps: 24460.73 (r/w/o: 21403.24/0.00/3057.49) lat (ms,95%): 28.16 err/s: 0.00 reconn/s: 0.00
[ 270s ] thds: 32 tps: 1520.10 qps: 24318.00 (r/w/o: 21278.00/0.00/3040.00) lat (ms,95%): 28.16 err/s: 0.00 reconn/s: 0.00
[ 280s ] thds: 32 tps: 1532.56 qps: 24524.75 (r/w/o: 21459.43/0.00/3065.32) lat (ms,95%): 27.66 err/s: 0.00 reconn/s: 0.00
[ 290s ] thds: 32 tps: 1523.63 qps: 24374.01 (r/w/o: 21327.75/0.00/3046.26) lat (ms,95%): 28.67 err/s: 0.00 reconn/s: 0.00
[ 300s ] thds: 32 tps: 1523.51 qps: 24378.47 (r/w/o: 21330.95/0.00/3047.52) lat (ms,95%): 28.67 err/s: 0.00 reconn/s: 0.00
[ 310s ] thds: 32 tps: 1528.09 qps: 24451.06 (r/w/o: 21394.37/0.00/3056.68) lat (ms,95%): 27.66 err/s: 0.00 reconn/s: 0.00
[ 320s ] thds: 32 tps: 1532.60 qps: 24521.07 (r/w/o: 21455.86/0.00/3065.21) lat (ms,95%): 28.16 err/s: 0.00 reconn/s: 0.00
[ 330s ] thds: 32 tps: 1525.80 qps: 24409.70 (r/w/o: 21358.20/0.00/3051.50) lat (ms,95%): 28.16 err/s: 0.00 reconn/s: 0.00
[ 340s ] thds: 32 tps: 1522.60 qps: 24365.52 (r/w/o: 21320.31/0.00/3045.20) lat (ms,95%): 28.16 err/s: 0.00 reconn/s: 0.00
[ 350s ] thds: 32 tps: 1527.10 qps: 24426.26 (r/w/o: 21372.06/0.00/3054.19) lat (ms,95%): 28.16 err/s: 0.00 reconn/s: 0.00
[ 360s ] thds: 32 tps: 1517.47 qps: 24280.07 (r/w/o: 21245.03/0.00/3035.03) lat (ms,95%): 29.19 err/s: 0.00 reconn/s: 0.00
[ 370s ] thds: 32 tps: 1525.40 qps: 24410.45 (r/w/o: 21359.84/0.00/3050.61) lat (ms,95%): 28.16 err/s: 0.00 reconn/s: 0.00
[ 380s ] thds: 32 tps: 1525.34 qps: 24405.46 (r/w/o: 21355.09/0.00/3050.37) lat (ms,95%): 28.16 err/s: 0.00 reconn/s: 0.00
[ 390s ] thds: 32 tps: 1524.55 qps: 24391.51 (r/w/o: 21342.41/0.00/3049.10) lat (ms,95%): 28.16 err/s: 0.00 reconn/s: 0.00
[ 400s ] thds: 32 tps: 1532.55 qps: 24526.62 (r/w/o: 21461.02/0.00/3065.60) lat (ms,95%): 27.66 err/s: 0.00 reconn/s: 0.00
[ 410s ] thds: 32 tps: 1528.30 qps: 24444.99 (r/w/o: 21388.59/0.00/3056.40) lat (ms,95%): 28.16 err/s: 0.00 reconn/s: 0.00
[ 420s ] thds: 32 tps: 1520.30 qps: 24326.27 (r/w/o: 21285.47/0.00/3040.80) lat (ms,95%): 28.16 err/s: 0.00 reconn/s: 0.00
[ 430s ] thds: 32 tps: 1529.49 qps: 24476.89 (r/w/o: 21418.00/0.00/3058.89) lat (ms,95%): 28.16 err/s: 0.00 reconn/s: 0.00
[ 440s ] thds: 32 tps: 1533.71 qps: 24539.34 (r/w/o: 21471.82/0.00/3067.52) lat (ms,95%): 28.16 err/s: 0.00 reconn/s: 0.00
[ 450s ] thds: 32 tps: 1522.50 qps: 24353.06 (r/w/o: 21308.37/0.00/3044.70) lat (ms,95%): 28.16 err/s: 0.00 reconn/s: 0.00
[ 460s ] thds: 32 tps: 1527.00 qps: 24436.54 (r/w/o: 21382.34/0.00/3054.21) lat (ms,95%): 28.67 err/s: 0.00 reconn/s: 0.00
[ 470s ] thds: 32 tps: 1529.60 qps: 24472.94 (r/w/o: 21413.65/0.00/3059.29) lat (ms,95%): 28.16 err/s: 0.00 reconn/s: 0.00
[ 480s ] thds: 32 tps: 1523.81 qps: 24385.72 (r/w/o: 21338.20/0.00/3047.51) lat (ms,95%): 28.16 err/s: 0.00 reconn/s: 0.00
[ 490s ] thds: 32 tps: 1525.94 qps: 24405.66 (r/w/o: 21353.87/0.00/3051.78) lat (ms,95%): 28.67 err/s: 0.00 reconn/s: 0.00
[ 500s ] thds: 32 tps: 1526.43 qps: 24434.03 (r/w/o: 21381.06/0.00/3052.97) lat (ms,95%): 28.16 err/s: 0.00 reconn/s: 0.00
[ 510s ] thds: 32 tps: 1524.02 qps: 24375.66 (r/w/o: 21327.71/0.00/3047.95) lat (ms,95%): 28.16 err/s: 0.00 reconn/s: 0.00
[ 520s ] thds: 32 tps: 1525.70 qps: 24408.12 (r/w/o: 21357.52/0.00/3050.60) lat (ms,95%): 28.67 err/s: 0.00 reconn/s: 0.00
[ 530s ] thds: 32 tps: 1531.23 qps: 24503.93 (r/w/o: 21440.66/0.00/3063.27) lat (ms,95%): 28.16 err/s: 0.00 reconn/s: 0.00
[ 540s ] thds: 32 tps: 1519.06 qps: 24303.89 (r/w/o: 21265.57/0.00/3038.32) lat (ms,95%): 28.67 err/s: 0.00 reconn/s: 0.00
[ 550s ] thds: 32 tps: 1522.70 qps: 24366.24 (r/w/o: 21320.84/0.00/3045.41) lat (ms,95%): 28.67 err/s: 0.00 reconn/s: 0.00
[ 560s ] thds: 32 tps: 1534.15 qps: 24546.58 (r/w/o: 21478.57/0.00/3068.01) lat (ms,95%): 27.66 err/s: 0.00 reconn/s: 0.00
[ 570s ] thds: 32 tps: 1523.07 qps: 24365.11 (r/w/o: 21318.77/0.00/3046.34) lat (ms,95%): 28.16 err/s: 0.00 reconn/s: 0.00
[ 580s ] thds: 32 tps: 1524.77 qps: 24399.27 (r/w/o: 21349.63/0.00/3049.65) lat (ms,95%): 28.16 err/s: 0.00 reconn/s: 0.00
[ 590s ] thds: 32 tps: 1527.17 qps: 24436.16 (r/w/o: 21381.82/0.00/3054.33) lat (ms,95%): 28.16 err/s: 0.00 reconn/s: 0.00
[ 600s ] thds: 32 tps: 1521.44 qps: 24337.29 (r/w/o: 21294.61/0.00/3042.67) lat (ms,95%): 28.67 err/s: 0.00 reconn/s: 0.00
SQL statistics:
    queries performed:
        read:                            12645220
        write:                           0
        other:                           1806460
        total:                           14451680
    transactions:                        903230 (1505.26 per sec.)
    queries:                             14451680 (24084.22 per sec.)
    ignored errors:                      0      (0.00 per sec.)
    reconnects:                          0      (0.00 per sec.)

General statistics:
    total time:                          600.0457s
    total number of events:              903230

Latency (ms):
         min:                                    8.13
         avg:                                   21.26
         max:                                   81.85
         95th percentile:                       29.19
         sum:                             19198369.47

Threads fairness:
    events (avg/stddev):           28225.9375/27.33
    execution time (avg/stddev):   599.9490/0.01

