sysbench 1.0.20 (using bundled LuaJIT 2.1.0-beta2)

Running the test with following options:
Number of threads: 32
Report intermediate results every 10 second(s)
Initializing random number generator from current time


Initializing worker threads...

Threads started!

[ 10s ] thds: 32 tps: 1354.78 qps: 21706.81 (r/w/o: 18994.04/0.00/2712.76) lat (ms,95%): 33.72 err/s: 0.00 reconn/s: 0.00
[ 20s ] thds: 32 tps: 1358.53 qps: 21731.11 (r/w/o: 19014.06/0.00/2717.05) lat (ms,95%): 34.33 err/s: 0.00 reconn/s: 0.00
[ 30s ] thds: 32 tps: 1372.52 qps: 21961.08 (r/w/o: 19216.04/0.00/2745.03) lat (ms,95%): 34.33 err/s: 0.00 reconn/s: 0.00
[ 40s ] thds: 32 tps: 1377.92 qps: 22047.62 (r/w/o: 19291.88/0.00/2755.74) lat (ms,95%): 33.72 err/s: 0.00 reconn/s: 0.00
[ 50s ] thds: 32 tps: 1384.88 qps: 22155.94 (r/w/o: 19386.17/0.00/2769.77) lat (ms,95%): 32.53 err/s: 0.00 reconn/s: 0.00
[ 60s ] thds: 32 tps: 1388.60 qps: 22220.45 (r/w/o: 19443.24/0.00/2777.21) lat (ms,95%): 32.53 err/s: 0.00 reconn/s: 0.00
[ 70s ] thds: 32 tps: 1370.87 qps: 21923.19 (r/w/o: 19181.34/0.00/2741.85) lat (ms,95%): 33.72 err/s: 0.00 reconn/s: 0.00
[ 80s ] thds: 32 tps: 1406.32 qps: 22508.36 (r/w/o: 19696.13/0.00/2812.23) lat (ms,95%): 31.94 err/s: 0.00 reconn/s: 0.00
[ 90s ] thds: 32 tps: 1397.01 qps: 22353.10 (r/w/o: 19558.67/0.00/2794.42) lat (ms,95%): 32.53 err/s: 0.00 reconn/s: 0.00
[ 100s ] thds: 32 tps: 1373.27 qps: 21972.45 (r/w/o: 19226.02/0.00/2746.43) lat (ms,95%): 34.33 err/s: 0.00 reconn/s: 0.00
[ 110s ] thds: 32 tps: 1404.42 qps: 22471.21 (r/w/o: 19662.47/0.00/2808.74) lat (ms,95%): 33.12 err/s: 0.00 reconn/s: 0.00
[ 120s ] thds: 32 tps: 1392.72 qps: 22285.33 (r/w/o: 19499.69/0.00/2785.64) lat (ms,95%): 32.53 err/s: 0.00 reconn/s: 0.00
[ 130s ] thds: 32 tps: 1386.60 qps: 22180.85 (r/w/o: 19407.65/0.00/2773.21) lat (ms,95%): 33.12 err/s: 0.00 reconn/s: 0.00
[ 140s ] thds: 32 tps: 1408.29 qps: 22538.53 (r/w/o: 19721.95/0.00/2816.58) lat (ms,95%): 33.12 err/s: 0.00 reconn/s: 0.00
[ 150s ] thds: 32 tps: 1391.20 qps: 22262.31 (r/w/o: 19479.91/0.00/2782.40) lat (ms,95%): 33.12 err/s: 0.00 reconn/s: 0.00
[ 160s ] thds: 32 tps: 1389.12 qps: 22215.89 (r/w/o: 19437.65/0.00/2778.24) lat (ms,95%): 33.12 err/s: 0.00 reconn/s: 0.00
[ 170s ] thds: 32 tps: 1407.99 qps: 22537.80 (r/w/o: 19721.81/0.00/2815.99) lat (ms,95%): 33.12 err/s: 0.00 reconn/s: 0.00
[ 180s ] thds: 32 tps: 1398.39 qps: 22368.42 (r/w/o: 19571.75/0.00/2796.68) lat (ms,95%): 32.53 err/s: 0.00 reconn/s: 0.00
[ 190s ] thds: 32 tps: 1395.11 qps: 22320.98 (r/w/o: 19530.85/0.00/2790.12) lat (ms,95%): 33.12 err/s: 0.00 reconn/s: 0.00
[ 200s ] thds: 32 tps: 1407.10 qps: 22516.97 (r/w/o: 19702.77/0.00/2814.20) lat (ms,95%): 32.53 err/s: 0.00 reconn/s: 0.00
[ 210s ] thds: 32 tps: 1384.70 qps: 22149.26 (r/w/o: 19379.67/0.00/2769.60) lat (ms,95%): 33.12 err/s: 0.00 reconn/s: 0.00
[ 220s ] thds: 32 tps: 1407.20 qps: 22518.17 (r/w/o: 19704.36/0.00/2813.81) lat (ms,95%): 33.12 err/s: 0.00 reconn/s: 0.00
[ 230s ] thds: 32 tps: 1509.08 qps: 24144.99 (r/w/o: 21126.23/0.00/3018.76) lat (ms,95%): 27.66 err/s: 0.00 reconn/s: 0.00
[ 240s ] thds: 32 tps: 1517.42 qps: 24277.39 (r/w/o: 21242.55/0.00/3034.84) lat (ms,95%): 28.67 err/s: 0.00 reconn/s: 0.00
[ 250s ] thds: 32 tps: 1530.95 qps: 24494.35 (r/w/o: 21432.66/0.00/3061.69) lat (ms,95%): 28.16 err/s: 0.00 reconn/s: 0.00
[ 260s ] thds: 32 tps: 1528.75 qps: 24463.36 (r/w/o: 21405.77/0.00/3057.60) lat (ms,95%): 28.16 err/s: 0.00 reconn/s: 0.00
[ 270s ] thds: 32 tps: 1522.21 qps: 24354.24 (r/w/o: 21309.72/0.00/3044.52) lat (ms,95%): 28.16 err/s: 0.00 reconn/s: 0.00
[ 280s ] thds: 32 tps: 1529.84 qps: 24472.06 (r/w/o: 21412.48/0.00/3059.58) lat (ms,95%): 28.16 err/s: 0.00 reconn/s: 0.00
[ 290s ] thds: 32 tps: 1531.45 qps: 24507.87 (r/w/o: 21444.96/0.00/3062.91) lat (ms,95%): 28.16 err/s: 0.00 reconn/s: 0.00
[ 300s ] thds: 32 tps: 1526.10 qps: 24421.14 (r/w/o: 21368.93/0.00/3052.20) lat (ms,95%): 28.67 err/s: 0.00 reconn/s: 0.00
[ 310s ] thds: 32 tps: 1523.70 qps: 24379.79 (r/w/o: 21332.29/0.00/3047.50) lat (ms,95%): 28.16 err/s: 0.00 reconn/s: 0.00
[ 320s ] thds: 32 tps: 1536.10 qps: 24572.59 (r/w/o: 21500.39/0.00/3072.20) lat (ms,95%): 28.16 err/s: 0.00 reconn/s: 0.00
[ 330s ] thds: 32 tps: 1524.80 qps: 24400.41 (r/w/o: 21350.91/0.00/3049.50) lat (ms,95%): 28.16 err/s: 0.00 reconn/s: 0.00
[ 340s ] thds: 32 tps: 1527.65 qps: 24439.72 (r/w/o: 21384.83/0.00/3054.89) lat (ms,95%): 28.16 err/s: 0.00 reconn/s: 0.00
[ 350s ] thds: 32 tps: 1532.33 qps: 24517.53 (r/w/o: 21452.58/0.00/3064.95) lat (ms,95%): 28.16 err/s: 0.00 reconn/s: 0.00
[ 360s ] thds: 32 tps: 1528.92 qps: 24462.65 (r/w/o: 21404.60/0.00/3058.04) lat (ms,95%): 28.16 err/s: 0.00 reconn/s: 0.00
[ 370s ] thds: 32 tps: 1527.51 qps: 24436.78 (r/w/o: 21381.96/0.00/3054.82) lat (ms,95%): 28.67 err/s: 0.00 reconn/s: 0.00
[ 380s ] thds: 32 tps: 1535.50 qps: 24567.02 (r/w/o: 21495.93/0.00/3071.09) lat (ms,95%): 27.66 err/s: 0.00 reconn/s: 0.00
[ 390s ] thds: 32 tps: 1525.90 qps: 24424.17 (r/w/o: 21372.28/0.00/3051.90) lat (ms,95%): 28.16 err/s: 0.00 reconn/s: 0.00
[ 400s ] thds: 32 tps: 1530.44 qps: 24484.07 (r/w/o: 21423.20/0.00/3060.87) lat (ms,95%): 28.16 err/s: 0.00 reconn/s: 0.00
[ 410s ] thds: 32 tps: 1531.26 qps: 24500.89 (r/w/o: 21438.38/0.00/3062.51) lat (ms,95%): 28.16 err/s: 0.00 reconn/s: 0.00
[ 420s ] thds: 32 tps: 1519.77 qps: 24312.79 (r/w/o: 21273.35/0.00/3039.44) lat (ms,95%): 28.67 err/s: 0.00 reconn/s: 0.00
[ 430s ] thds: 32 tps: 1532.04 qps: 24513.02 (r/w/o: 21448.93/0.00/3064.09) lat (ms,95%): 28.16 err/s: 0.00 reconn/s: 0.00
[ 440s ] thds: 32 tps: 1536.10 qps: 24574.23 (r/w/o: 21502.42/0.00/3071.80) lat (ms,95%): 27.66 err/s: 0.00 reconn/s: 0.00
[ 450s ] thds: 32 tps: 1524.90 qps: 24401.86 (r/w/o: 21351.76/0.00/3050.09) lat (ms,95%): 28.67 err/s: 0.00 reconn/s: 0.00
[ 460s ] thds: 32 tps: 1526.89 qps: 24428.07 (r/w/o: 21374.29/0.00/3053.78) lat (ms,95%): 27.66 err/s: 0.00 reconn/s: 0.00
[ 470s ] thds: 32 tps: 1534.90 qps: 24551.23 (r/w/o: 21481.44/0.00/3069.79) lat (ms,95%): 28.16 err/s: 0.00 reconn/s: 0.00
[ 480s ] thds: 32 tps: 1527.42 qps: 24449.65 (r/w/o: 21394.82/0.00/3054.83) lat (ms,95%): 28.16 err/s: 0.00 reconn/s: 0.00
[ 490s ] thds: 32 tps: 1528.41 qps: 24454.46 (r/w/o: 21397.44/0.00/3057.02) lat (ms,95%): 28.16 err/s: 0.00 reconn/s: 0.00
[ 500s ] thds: 32 tps: 1531.40 qps: 24510.94 (r/w/o: 21448.15/0.00/3062.79) lat (ms,95%): 28.16 err/s: 0.00 reconn/s: 0.00
[ 510s ] thds: 32 tps: 1524.39 qps: 24382.80 (r/w/o: 21334.01/0.00/3048.79) lat (ms,95%): 28.67 err/s: 0.00 reconn/s: 0.00
[ 520s ] thds: 32 tps: 1535.49 qps: 24568.31 (r/w/o: 21497.34/0.00/3070.98) lat (ms,95%): 27.66 err/s: 0.00 reconn/s: 0.00
[ 530s ] thds: 32 tps: 1533.80 qps: 24540.24 (r/w/o: 21472.73/0.00/3067.50) lat (ms,95%): 28.67 err/s: 0.00 reconn/s: 0.00
[ 540s ] thds: 32 tps: 1521.81 qps: 24350.22 (r/w/o: 21306.60/0.00/3043.61) lat (ms,95%): 28.67 err/s: 0.00 reconn/s: 0.00
[ 550s ] thds: 32 tps: 1527.00 qps: 24432.16 (r/w/o: 21378.05/0.00/3054.11) lat (ms,95%): 27.66 err/s: 0.00 reconn/s: 0.00
[ 560s ] thds: 32 tps: 1531.50 qps: 24501.85 (r/w/o: 21439.06/0.00/3062.79) lat (ms,95%): 27.66 err/s: 0.00 reconn/s: 0.00
[ 570s ] thds: 32 tps: 1525.18 qps: 24404.43 (r/w/o: 21353.97/0.00/3050.47) lat (ms,95%): 28.67 err/s: 0.00 reconn/s: 0.00
[ 580s ] thds: 32 tps: 1535.42 qps: 24568.07 (r/w/o: 21497.14/0.00/3070.93) lat (ms,95%): 28.16 err/s: 0.00 reconn/s: 0.00
[ 590s ] thds: 32 tps: 1536.20 qps: 24573.96 (r/w/o: 21501.66/0.00/3072.29) lat (ms,95%): 27.66 err/s: 0.00 reconn/s: 0.00
[ 600s ] thds: 32 tps: 1505.89 qps: 24095.96 (r/w/o: 21084.58/0.00/3011.38) lat (ms,95%): 29.19 err/s: 0.00 reconn/s: 0.00
SQL statistics:
    queries performed:
        read:                            12406716
        write:                           0
        other:                           1772388
        total:                           14179104
    transactions:                        886194 (1476.86 per sec.)
    queries:                             14179104 (23629.73 per sec.)
    ignored errors:                      0      (0.00 per sec.)
    reconnects:                          0      (0.00 per sec.)

General statistics:
    total time:                          600.0507s
    total number of events:              886194

Latency (ms):
         min:                                    7.91
         avg:                                   21.66
         max:                                   87.92
         95th percentile:                       30.81
         sum:                             19198372.95

Threads fairness:
    events (avg/stddev):           27693.5625/25.89
    execution time (avg/stddev):   599.9492/0.01

